[2.126s] Invoking command in '/home/jared/ros2_ws/build/examples_rclpy_minimal_action_server': PYTHONPATH=/home/jared/ros2_ws/build/examples_rclpy_minimal_action_server/prefix_override:/home/jared/ros2_ws/install/examples_rclpy_minimal_action_server/lib/python3.10/site-packages:${PYTHONPATH} /usr/bin/python3 -W ignore:setup.py install is deprecated setup.py develop --editable --build-directory /home/jared/ros2_ws/build/examples_rclpy_minimal_action_server/build --no-deps symlink_data --force
[2.336s] running develop
[2.336s] /usr/lib/python3/dist-packages/setuptools/command/easy_install.py:158: EasyInstallDeprecationWarning: easy_install command is deprecated. Use build and pip and other standards-based tools.
[2.336s]   warnings.warn(
[2.463s] running egg_info
[2.463s] writing examples_rclpy_minimal_action_server.egg-info/PKG-INFO
[2.463s] writing dependency_links to examples_rclpy_minimal_action_server.egg-info/dependency_links.txt
[2.464s] writing entry points to examples_rclpy_minimal_action_server.egg-info/entry_points.txt
[2.464s] writing requirements to examples_rclpy_minimal_action_server.egg-info/requires.txt
[2.464s] writing top-level names to examples_rclpy_minimal_action_server.egg-info/top_level.txt
[2.465s] reading manifest file 'examples_rclpy_minimal_action_server.egg-info/SOURCES.txt'
[2.466s] writing manifest file 'examples_rclpy_minimal_action_server.egg-info/SOURCES.txt'
[2.467s] running build_ext
[2.467s] Creating /home/jared/ros2_ws/install/examples_rclpy_minimal_action_server/lib/python3.10/site-packages/examples-rclpy-minimal-action-server.egg-link (link to .)
[2.468s] Installing server script to /home/jared/ros2_ws/install/examples_rclpy_minimal_action_server/lib/examples_rclpy_minimal_action_server
[2.468s] Installing server_defer script to /home/jared/ros2_ws/install/examples_rclpy_minimal_action_server/lib/examples_rclpy_minimal_action_server
[2.468s] Installing server_not_composable script to /home/jared/ros2_ws/install/examples_rclpy_minimal_action_server/lib/examples_rclpy_minimal_action_server
[2.468s] Installing server_queue_goals script to /home/jared/ros2_ws/install/examples_rclpy_minimal_action_server/lib/examples_rclpy_minimal_action_server
[2.468s] Installing server_single_goal script to /home/jared/ros2_ws/install/examples_rclpy_minimal_action_server/lib/examples_rclpy_minimal_action_server
[2.468s] 
[2.468s] Installed /home/jared/ros2_ws/build/examples_rclpy_minimal_action_server
[2.468s] running symlink_data
[2.468s] symbolically linking /home/jared/ros2_ws/build/examples_rclpy_minimal_action_server/resource/examples_rclpy_minimal_action_server -> /home/jared/ros2_ws/install/examples_rclpy_minimal_action_server/share/ament_index/resource_index/packages
[2.469s] symbolically linking /home/jared/ros2_ws/build/examples_rclpy_minimal_action_server/package.xml -> /home/jared/ros2_ws/install/examples_rclpy_minimal_action_server/share/examples_rclpy_minimal_action_server
[2.751s] Invoked command in '/home/jared/ros2_ws/build/examples_rclpy_minimal_action_server' returned '0': PYTHONPATH=/home/jared/ros2_ws/build/examples_rclpy_minimal_action_server/prefix_override:/home/jared/ros2_ws/install/examples_rclpy_minimal_action_server/lib/python3.10/site-packages:${PYTHONPATH} /usr/bin/python3 -W ignore:setup.py install is deprecated setup.py develop --editable --build-directory /home/jared/ros2_ws/build/examples_rclpy_minimal_action_server/build --no-deps symlink_data --force
