[0.037s] Invoking command in '/home/jared/ros2_ws/build/examples_rclcpp_minimal_timer': CMAKE_PREFIX_PATH=/opt/ros/humble /usr/bin/cmake /home/jared/ros2_ws/src/examples/rclcpp/timers/minimal_timer -DCMAKE_INSTALL_PREFIX=/home/jared/ros2_ws/install/examples_rclcpp_minimal_timer
[0.999s] -- Found ament_cmake: 1.3.9 (/opt/ros/humble/share/ament_cmake/cmake)
[0.999s] -- Override CMake install command with custom implementation using symlinks instead of copying resources
[1.000s] -- Found rclcpp: 16.0.9 (/opt/ros/humble/share/rclcpp/cmake)
[1.001s] -- Found rosidl_generator_c: 3.1.5 (/opt/ros/humble/share/rosidl_generator_c/cmake)
[1.001s] -- Found rosidl_adapter: 3.1.5 (/opt/ros/humble/share/rosidl_adapter/cmake)
[1.001s] -- Found rosidl_generator_cpp: 3.1.5 (/opt/ros/humble/share/rosidl_generator_cpp/cmake)
[1.001s] -- Using all available rosidl_typesupport_c: rosidl_typesupport_fastrtps_c;rosidl_typesupport_introspection_c
[1.002s] -- Using all available rosidl_typesupport_cpp: rosidl_typesupport_fastrtps_cpp;rosidl_typesupport_introspection_cpp
[1.003s] -- Found rmw_implementation_cmake: 6.1.2 (/opt/ros/humble/share/rmw_implementation_cmake/cmake)
[1.003s] -- Found rmw_fastrtps_cpp: 6.2.6 (/opt/ros/humble/share/rmw_fastrtps_cpp/cmake)
[1.003s] -- Using RMW implementation 'rmw_fastrtps_cpp' as default
[1.004s] -- Found ament_lint_auto: 0.12.11 (/opt/ros/humble/share/ament_lint_auto/cmake)
[1.004s] -- Added test 'copyright' to check source files copyright and LICENSE
[1.004s] -- Added test 'cppcheck' to perform static code analysis on C / C++ code
[1.004s] -- Configured cppcheck include dirs: 
[1.004s] -- Configured cppcheck exclude dirs and/or files: 
[1.004s] -- Added test 'cpplint' to check C / C++ code against the Google style
[1.004s] -- Configured cpplint exclude dirs and/or files: 
[1.004s] -- Added test 'lint_cmake' to check CMake code style
[1.005s] -- Added test 'uncrustify' to check C / C++ code style
[1.005s] -- Configured uncrustify additional arguments: 
[1.005s] -- Added test 'xmllint' to check XML markup files
[1.005s] -- Configuring done
[1.005s] -- Generating done
[1.005s] -- Build files have been written to: /home/jared/ros2_ws/build/examples_rclcpp_minimal_timer
[1.013s] Invoked command in '/home/jared/ros2_ws/build/examples_rclcpp_minimal_timer' returned '0': CMAKE_PREFIX_PATH=/opt/ros/humble /usr/bin/cmake /home/jared/ros2_ws/src/examples/rclcpp/timers/minimal_timer -DCMAKE_INSTALL_PREFIX=/home/jared/ros2_ws/install/examples_rclcpp_minimal_timer
[1.013s] Invoking command in '/home/jared/ros2_ws/build/examples_rclcpp_minimal_timer': CMAKE_PREFIX_PATH=/opt/ros/humble /usr/bin/cmake --build /home/jared/ros2_ws/build/examples_rclcpp_minimal_timer -- -j16 -l16
[1.030s] [35m[1mConsolidate compiler generated dependencies of target timer_lambda[0m
[1.037s] [35m[1mConsolidate compiler generated dependencies of target timer_member_function[0m
[1.061s] [ 50%] Built target timer_member_function
[1.063s] [100%] Built target timer_lambda
[1.101s] Invoked command in '/home/jared/ros2_ws/build/examples_rclcpp_minimal_timer' returned '0': CMAKE_PREFIX_PATH=/opt/ros/humble /usr/bin/cmake --build /home/jared/ros2_ws/build/examples_rclcpp_minimal_timer -- -j16 -l16
[1.197s] Invoking command in '/home/jared/ros2_ws/build/examples_rclcpp_minimal_timer': CMAKE_PREFIX_PATH=/opt/ros/humble /usr/bin/cmake --install /home/jared/ros2_ws/build/examples_rclcpp_minimal_timer
[1.208s] -- Install configuration: ""
[1.209s] -- Execute custom install script
[1.209s] -- Up-to-date symlink: /home/jared/ros2_ws/install/examples_rclcpp_minimal_timer/lib/examples_rclcpp_minimal_timer/timer_lambda
[1.209s] -- Up-to-date symlink: /home/jared/ros2_ws/install/examples_rclcpp_minimal_timer/lib/examples_rclcpp_minimal_timer/timer_member_function
[1.209s] -- Up-to-date symlink: /home/jared/ros2_ws/install/examples_rclcpp_minimal_timer/share/ament_index/resource_index/package_run_dependencies/examples_rclcpp_minimal_timer
[1.209s] -- Up-to-date symlink: /home/jared/ros2_ws/install/examples_rclcpp_minimal_timer/share/ament_index/resource_index/parent_prefix_path/examples_rclcpp_minimal_timer
[1.210s] -- Up-to-date symlink: /home/jared/ros2_ws/install/examples_rclcpp_minimal_timer/share/examples_rclcpp_minimal_timer/environment/ament_prefix_path.sh
[1.210s] -- Up-to-date symlink: /home/jared/ros2_ws/install/examples_rclcpp_minimal_timer/share/examples_rclcpp_minimal_timer/environment/ament_prefix_path.dsv
[1.210s] -- Up-to-date symlink: /home/jared/ros2_ws/install/examples_rclcpp_minimal_timer/share/examples_rclcpp_minimal_timer/environment/path.sh
[1.210s] -- Up-to-date symlink: /home/jared/ros2_ws/install/examples_rclcpp_minimal_timer/share/examples_rclcpp_minimal_timer/environment/path.dsv
[1.210s] -- Up-to-date symlink: /home/jared/ros2_ws/install/examples_rclcpp_minimal_timer/share/examples_rclcpp_minimal_timer/local_setup.bash
[1.210s] -- Up-to-date symlink: /home/jared/ros2_ws/install/examples_rclcpp_minimal_timer/share/examples_rclcpp_minimal_timer/local_setup.sh
[1.210s] -- Up-to-date symlink: /home/jared/ros2_ws/install/examples_rclcpp_minimal_timer/share/examples_rclcpp_minimal_timer/local_setup.zsh
[1.211s] -- Up-to-date symlink: /home/jared/ros2_ws/install/examples_rclcpp_minimal_timer/share/examples_rclcpp_minimal_timer/local_setup.dsv
[1.211s] -- Symlinking: /home/jared/ros2_ws/install/examples_rclcpp_minimal_timer/share/examples_rclcpp_minimal_timer/package.dsv
[1.218s] -- Up-to-date symlink: /home/jared/ros2_ws/install/examples_rclcpp_minimal_timer/share/ament_index/resource_index/packages/examples_rclcpp_minimal_timer
[1.220s] -- Up-to-date symlink: /home/jared/ros2_ws/install/examples_rclcpp_minimal_timer/share/examples_rclcpp_minimal_timer/cmake/examples_rclcpp_minimal_timerConfig.cmake
[1.221s] -- Up-to-date symlink: /home/jared/ros2_ws/install/examples_rclcpp_minimal_timer/share/examples_rclcpp_minimal_timer/cmake/examples_rclcpp_minimal_timerConfig-version.cmake
[1.222s] -- Up-to-date symlink: /home/jared/ros2_ws/install/examples_rclcpp_minimal_timer/share/examples_rclcpp_minimal_timer/package.xml
[1.250s] Invoked command in '/home/jared/ros2_ws/build/examples_rclcpp_minimal_timer' returned '0': CMAKE_PREFIX_PATH=/opt/ros/humble /usr/bin/cmake --install /home/jared/ros2_ws/build/examples_rclcpp_minimal_timer
