[2.112s] Invoking command in '/home/jared/ros2_ws/build/ros_tcp_endpoint': PYTHONPATH=/home/jared/ros2_ws/build/ros_tcp_endpoint/prefix_override:/home/jared/ros2_ws/install/ros_tcp_endpoint/lib/python3.10/site-packages:${PYTHONPATH} /usr/bin/python3 -W ignore:setup.py install is deprecated setup.py develop --uninstall --editable --build-directory /home/jared/ros2_ws/build/ros_tcp_endpoint/build
[2.404s] /usr/lib/python3/dist-packages/setuptools/dist.py:723: UserWarning: Usage of dash-separated 'script-dir' will not be supported in future versions. Please use the underscore name 'script_dir' instead
[2.404s]   warnings.warn(
[2.443s] running develop
[2.444s] /usr/lib/python3/dist-packages/setuptools/command/easy_install.py:158: EasyInstallDeprecationWarning: easy_install command is deprecated. Use build and pip and other standards-based tools.
[2.444s]   warnings.warn(
[2.685s] Removing /home/jared/ros2_ws/install/ros_tcp_endpoint/lib/python3.10/site-packages/ros-tcp-endpoint.egg-link (link to .)
[2.795s] Invoked command in '/home/jared/ros2_ws/build/ros_tcp_endpoint' returned '0': PYTHONPATH=/home/jared/ros2_ws/build/ros_tcp_endpoint/prefix_override:/home/jared/ros2_ws/install/ros_tcp_endpoint/lib/python3.10/site-packages:${PYTHONPATH} /usr/bin/python3 -W ignore:setup.py install is deprecated setup.py develop --uninstall --editable --build-directory /home/jared/ros2_ws/build/ros_tcp_endpoint/build
[2.796s] Invoking command in '/home/jared/ros2_ws/src/ROS-TCP-Endpoint': PYTHONPATH=/home/jared/ros2_ws/build/ros_tcp_endpoint/prefix_override:/home/jared/ros2_ws/install/ros_tcp_endpoint/lib/python3.10/site-packages:${PYTHONPATH} /usr/bin/python3 -W ignore:setup.py install is deprecated setup.py egg_info --egg-base ../../build/ros_tcp_endpoint build --build-base /home/jared/ros2_ws/build/ros_tcp_endpoint/build install --record /home/jared/ros2_ws/build/ros_tcp_endpoint/install.log --install-scripts $base/lib/ros_tcp_endpoint --single-version-externally-managed install_data --force
[3.033s] /usr/lib/python3/dist-packages/setuptools/dist.py:723: UserWarning: Usage of dash-separated 'script-dir' will not be supported in future versions. Please use the underscore name 'script_dir' instead
[3.034s]   warnings.warn(
[3.040s] running egg_info
[3.041s] writing ../../build/ros_tcp_endpoint/ros_tcp_endpoint.egg-info/PKG-INFO
[3.041s] writing dependency_links to ../../build/ros_tcp_endpoint/ros_tcp_endpoint.egg-info/dependency_links.txt
[3.041s] writing entry points to ../../build/ros_tcp_endpoint/ros_tcp_endpoint.egg-info/entry_points.txt
[3.041s] writing requirements to ../../build/ros_tcp_endpoint/ros_tcp_endpoint.egg-info/requires.txt
[3.041s] writing top-level names to ../../build/ros_tcp_endpoint/ros_tcp_endpoint.egg-info/top_level.txt
[3.044s] reading manifest file '../../build/ros_tcp_endpoint/ros_tcp_endpoint.egg-info/SOURCES.txt'
[3.044s] adding license file 'LICENSE'
[3.045s] writing manifest file '../../build/ros_tcp_endpoint/ros_tcp_endpoint.egg-info/SOURCES.txt'
[3.045s] running build
[3.045s] running build_py
[3.046s] running install
[3.047s] running install_lib
[3.048s] creating /home/jared/ros2_ws/install/ros_tcp_endpoint/lib/python3.10/site-packages/ros_tcp_endpoint
[3.048s] copying /home/jared/ros2_ws/build/ros_tcp_endpoint/build/lib/ros_tcp_endpoint/tcp_sender.py -> /home/jared/ros2_ws/install/ros_tcp_endpoint/lib/python3.10/site-packages/ros_tcp_endpoint
[3.048s] copying /home/jared/ros2_ws/build/ros_tcp_endpoint/build/lib/ros_tcp_endpoint/client.py -> /home/jared/ros2_ws/install/ros_tcp_endpoint/lib/python3.10/site-packages/ros_tcp_endpoint
[3.048s] copying /home/jared/ros2_ws/build/ros_tcp_endpoint/build/lib/ros_tcp_endpoint/__init__.py -> /home/jared/ros2_ws/install/ros_tcp_endpoint/lib/python3.10/site-packages/ros_tcp_endpoint
[3.049s] copying /home/jared/ros2_ws/build/ros_tcp_endpoint/build/lib/ros_tcp_endpoint/communication.py -> /home/jared/ros2_ws/install/ros_tcp_endpoint/lib/python3.10/site-packages/ros_tcp_endpoint
[3.049s] copying /home/jared/ros2_ws/build/ros_tcp_endpoint/build/lib/ros_tcp_endpoint/unity_service.py -> /home/jared/ros2_ws/install/ros_tcp_endpoint/lib/python3.10/site-packages/ros_tcp_endpoint
[3.049s] copying /home/jared/ros2_ws/build/ros_tcp_endpoint/build/lib/ros_tcp_endpoint/service.py -> /home/jared/ros2_ws/install/ros_tcp_endpoint/lib/python3.10/site-packages/ros_tcp_endpoint
[3.049s] copying /home/jared/ros2_ws/build/ros_tcp_endpoint/build/lib/ros_tcp_endpoint/thread_pauser.py -> /home/jared/ros2_ws/install/ros_tcp_endpoint/lib/python3.10/site-packages/ros_tcp_endpoint
[3.050s] copying /home/jared/ros2_ws/build/ros_tcp_endpoint/build/lib/ros_tcp_endpoint/default_server_endpoint.py -> /home/jared/ros2_ws/install/ros_tcp_endpoint/lib/python3.10/site-packages/ros_tcp_endpoint
[3.050s] copying /home/jared/ros2_ws/build/ros_tcp_endpoint/build/lib/ros_tcp_endpoint/exceptions.py -> /home/jared/ros2_ws/install/ros_tcp_endpoint/lib/python3.10/site-packages/ros_tcp_endpoint
[3.050s] copying /home/jared/ros2_ws/build/ros_tcp_endpoint/build/lib/ros_tcp_endpoint/server.py -> /home/jared/ros2_ws/install/ros_tcp_endpoint/lib/python3.10/site-packages/ros_tcp_endpoint
[3.050s] copying /home/jared/ros2_ws/build/ros_tcp_endpoint/build/lib/ros_tcp_endpoint/publisher.py -> /home/jared/ros2_ws/install/ros_tcp_endpoint/lib/python3.10/site-packages/ros_tcp_endpoint
[3.051s] copying /home/jared/ros2_ws/build/ros_tcp_endpoint/build/lib/ros_tcp_endpoint/subscriber.py -> /home/jared/ros2_ws/install/ros_tcp_endpoint/lib/python3.10/site-packages/ros_tcp_endpoint
[3.051s] byte-compiling /home/jared/ros2_ws/install/ros_tcp_endpoint/lib/python3.10/site-packages/ros_tcp_endpoint/tcp_sender.py to tcp_sender.cpython-310.pyc
[3.053s] byte-compiling /home/jared/ros2_ws/install/ros_tcp_endpoint/lib/python3.10/site-packages/ros_tcp_endpoint/client.py to client.cpython-310.pyc
[3.054s] byte-compiling /home/jared/ros2_ws/install/ros_tcp_endpoint/lib/python3.10/site-packages/ros_tcp_endpoint/__init__.py to __init__.cpython-310.pyc
[3.054s] byte-compiling /home/jared/ros2_ws/install/ros_tcp_endpoint/lib/python3.10/site-packages/ros_tcp_endpoint/communication.py to communication.cpython-310.pyc
[3.054s] byte-compiling /home/jared/ros2_ws/install/ros_tcp_endpoint/lib/python3.10/site-packages/ros_tcp_endpoint/unity_service.py to unity_service.cpython-310.pyc
[3.055s] byte-compiling /home/jared/ros2_ws/install/ros_tcp_endpoint/lib/python3.10/site-packages/ros_tcp_endpoint/service.py to service.cpython-310.pyc
[3.056s] byte-compiling /home/jared/ros2_ws/install/ros_tcp_endpoint/lib/python3.10/site-packages/ros_tcp_endpoint/thread_pauser.py to thread_pauser.cpython-310.pyc
[3.056s] byte-compiling /home/jared/ros2_ws/install/ros_tcp_endpoint/lib/python3.10/site-packages/ros_tcp_endpoint/default_server_endpoint.py to default_server_endpoint.cpython-310.pyc
[3.056s] byte-compiling /home/jared/ros2_ws/install/ros_tcp_endpoint/lib/python3.10/site-packages/ros_tcp_endpoint/exceptions.py to exceptions.cpython-310.pyc
[3.056s] byte-compiling /home/jared/ros2_ws/install/ros_tcp_endpoint/lib/python3.10/site-packages/ros_tcp_endpoint/server.py to server.cpython-310.pyc
[3.058s] byte-compiling /home/jared/ros2_ws/install/ros_tcp_endpoint/lib/python3.10/site-packages/ros_tcp_endpoint/publisher.py to publisher.cpython-310.pyc
[3.058s] byte-compiling /home/jared/ros2_ws/install/ros_tcp_endpoint/lib/python3.10/site-packages/ros_tcp_endpoint/subscriber.py to subscriber.cpython-310.pyc
[3.058s] running install_data
[3.059s] copying resource/ros_tcp_endpoint -> /home/jared/ros2_ws/install/ros_tcp_endpoint/share/ament_index/resource_index/packages
[3.059s] copying package.xml -> /home/jared/ros2_ws/install/ros_tcp_endpoint/share/ros_tcp_endpoint
[3.059s] copying launch/endpoint.py -> /home/jared/ros2_ws/install/ros_tcp_endpoint/share/ros_tcp_endpoint/launch
[3.059s] running install_egg_info
[3.062s] Copying ../../build/ros_tcp_endpoint/ros_tcp_endpoint.egg-info to /home/jared/ros2_ws/install/ros_tcp_endpoint/lib/python3.10/site-packages/ros_tcp_endpoint-0.0.1-py3.10.egg-info
[3.064s] running install_scripts
[3.089s] Installing default_server_endpoint script to /home/jared/ros2_ws/install/ros_tcp_endpoint/lib/ros_tcp_endpoint
[3.089s] writing list of installed files to '/home/jared/ros2_ws/build/ros_tcp_endpoint/install.log'
[3.125s] Invoked command in '/home/jared/ros2_ws/src/ROS-TCP-Endpoint' returned '0': PYTHONPATH=/home/jared/ros2_ws/build/ros_tcp_endpoint/prefix_override:/home/jared/ros2_ws/install/ros_tcp_endpoint/lib/python3.10/site-packages:${PYTHONPATH} /usr/bin/python3 -W ignore:setup.py install is deprecated setup.py egg_info --egg-base ../../build/ros_tcp_endpoint build --build-base /home/jared/ros2_ws/build/ros_tcp_endpoint/build install --record /home/jared/ros2_ws/build/ros_tcp_endpoint/install.log --install-scripts $base/lib/ros_tcp_endpoint --single-version-externally-managed install_data --force
