[2.386s] Invoking command in '/home/jared/ros2_ws/src/examples/rclpy/services/minimal_service': PYTHONPATH=/home/jared/ros2_ws/build/examples_rclpy_minimal_service/prefix_override:/home/jared/ros2_ws/install/examples_rclpy_minimal_service/lib/python3.10/site-packages:${PYTHONPATH} /usr/bin/python3 -W ignore:setup.py install is deprecated setup.py egg_info --egg-base ../../../../../build/examples_rclpy_minimal_service build --build-base /home/jared/ros2_ws/build/examples_rclpy_minimal_service/build install --record /home/jared/ros2_ws/build/examples_rclpy_minimal_service/install.log --single-version-externally-managed install_data
[2.598s] running egg_info
[2.599s] writing ../../../../../build/examples_rclpy_minimal_service/examples_rclpy_minimal_service.egg-info/PKG-INFO
[2.599s] writing dependency_links to ../../../../../build/examples_rclpy_minimal_service/examples_rclpy_minimal_service.egg-info/dependency_links.txt
[2.599s] writing entry points to ../../../../../build/examples_rclpy_minimal_service/examples_rclpy_minimal_service.egg-info/entry_points.txt
[2.599s] writing requirements to ../../../../../build/examples_rclpy_minimal_service/examples_rclpy_minimal_service.egg-info/requires.txt
[2.599s] writing top-level names to ../../../../../build/examples_rclpy_minimal_service/examples_rclpy_minimal_service.egg-info/top_level.txt
[2.601s] reading manifest file '../../../../../build/examples_rclpy_minimal_service/examples_rclpy_minimal_service.egg-info/SOURCES.txt'
[2.602s] writing manifest file '../../../../../build/examples_rclpy_minimal_service/examples_rclpy_minimal_service.egg-info/SOURCES.txt'
[2.602s] running build
[2.602s] running build_py
[2.602s] running install
[2.602s] running install_lib
[2.603s] running install_data
[2.603s] running install_egg_info
[2.604s] removing '/home/jared/ros2_ws/install/examples_rclpy_minimal_service/lib/python3.10/site-packages/examples_rclpy_minimal_service-0.15.1-py3.10.egg-info' (and everything under it)
[2.604s] Copying ../../../../../build/examples_rclpy_minimal_service/examples_rclpy_minimal_service.egg-info to /home/jared/ros2_ws/install/examples_rclpy_minimal_service/lib/python3.10/site-packages/examples_rclpy_minimal_service-0.15.1-py3.10.egg-info
[2.605s] running install_scripts
[2.623s] Installing service script to /home/jared/ros2_ws/install/examples_rclpy_minimal_service/lib/examples_rclpy_minimal_service
[2.623s] Installing service_member_function script to /home/jared/ros2_ws/install/examples_rclpy_minimal_service/lib/examples_rclpy_minimal_service
[2.623s] writing list of installed files to '/home/jared/ros2_ws/build/examples_rclpy_minimal_service/install.log'
[2.643s] Invoked command in '/home/jared/ros2_ws/src/examples/rclpy/services/minimal_service' returned '0': PYTHONPATH=/home/jared/ros2_ws/build/examples_rclpy_minimal_service/prefix_override:/home/jared/ros2_ws/install/examples_rclpy_minimal_service/lib/python3.10/site-packages:${PYTHONPATH} /usr/bin/python3 -W ignore:setup.py install is deprecated setup.py egg_info --egg-base ../../../../../build/examples_rclpy_minimal_service build --build-base /home/jared/ros2_ws/build/examples_rclpy_minimal_service/build install --record /home/jared/ros2_ws/build/examples_rclpy_minimal_service/install.log --single-version-externally-managed install_data
