[2.082s] Invoking command in '/home/jared/ros2_ws/build/examples_rclpy_minimal_service': PYTHONPATH=/home/jared/ros2_ws/build/examples_rclpy_minimal_service/prefix_override:/home/jared/ros2_ws/install/examples_rclpy_minimal_service/lib/python3.10/site-packages:${PYTHONPATH} /usr/bin/python3 -W ignore:setup.py install is deprecated setup.py develop --editable --build-directory /home/jared/ros2_ws/build/examples_rclpy_minimal_service/build --no-deps symlink_data --force
[2.418s] running develop
[2.418s] /usr/lib/python3/dist-packages/setuptools/command/easy_install.py:158: EasyInstallDeprecationWarning: easy_install command is deprecated. Use build and pip and other standards-based tools.
[2.418s]   warnings.warn(
[2.574s] running egg_info
[2.574s] writing examples_rclpy_minimal_service.egg-info/PKG-INFO
[2.574s] writing dependency_links to examples_rclpy_minimal_service.egg-info/dependency_links.txt
[2.574s] writing entry points to examples_rclpy_minimal_service.egg-info/entry_points.txt
[2.574s] writing requirements to examples_rclpy_minimal_service.egg-info/requires.txt
[2.575s] writing top-level names to examples_rclpy_minimal_service.egg-info/top_level.txt
[2.576s] reading manifest file 'examples_rclpy_minimal_service.egg-info/SOURCES.txt'
[2.577s] writing manifest file 'examples_rclpy_minimal_service.egg-info/SOURCES.txt'
[2.578s] running build_ext
[2.578s] Creating /home/jared/ros2_ws/install/examples_rclpy_minimal_service/lib/python3.10/site-packages/examples-rclpy-minimal-service.egg-link (link to .)
[2.579s] Installing service script to /home/jared/ros2_ws/install/examples_rclpy_minimal_service/lib/examples_rclpy_minimal_service
[2.579s] Installing service_member_function script to /home/jared/ros2_ws/install/examples_rclpy_minimal_service/lib/examples_rclpy_minimal_service
[2.579s] 
[2.579s] Installed /home/jared/ros2_ws/build/examples_rclpy_minimal_service
[2.579s] running symlink_data
[2.580s] symbolically linking /home/jared/ros2_ws/build/examples_rclpy_minimal_service/resource/examples_rclpy_minimal_service -> /home/jared/ros2_ws/install/examples_rclpy_minimal_service/share/ament_index/resource_index/packages
[2.580s] symbolically linking /home/jared/ros2_ws/build/examples_rclpy_minimal_service/package.xml -> /home/jared/ros2_ws/install/examples_rclpy_minimal_service/share/examples_rclpy_minimal_service
[2.603s] Invoked command in '/home/jared/ros2_ws/build/examples_rclpy_minimal_service' returned '0': PYTHONPATH=/home/jared/ros2_ws/build/examples_rclpy_minimal_service/prefix_override:/home/jared/ros2_ws/install/examples_rclpy_minimal_service/lib/python3.10/site-packages:${PYTHONPATH} /usr/bin/python3 -W ignore:setup.py install is deprecated setup.py develop --editable --build-directory /home/jared/ros2_ws/build/examples_rclpy_minimal_service/build --no-deps symlink_data --force
