[0.406s] Invoking command in '/home/jared/ros2_ws/build/unity': PYTHONPATH=/home/jared/ros2_ws/build/unity/prefix_override:/home/jared/ros2_ws/install/unity/lib/python3.10/site-packages:${PYTHONPATH} /usr/bin/python3 -W ignore:setup.py install is deprecated setup.py develop --editable --build-directory /home/jared/ros2_ws/build/unity/build --no-deps symlink_data
[0.598s] running develop
[0.599s] /usr/lib/python3/dist-packages/setuptools/command/easy_install.py:158: EasyInstallDeprecationWarning: easy_install command is deprecated. Use build and pip and other standards-based tools.
[0.599s]   warnings.warn(
[0.720s] running egg_info
[0.720s] writing unity.egg-info/PKG-INFO
[0.720s] writing dependency_links to unity.egg-info/dependency_links.txt
[0.721s] writing entry points to unity.egg-info/entry_points.txt
[0.721s] writing requirements to unity.egg-info/requires.txt
[0.721s] writing top-level names to unity.egg-info/top_level.txt
[0.722s] reading manifest file 'unity.egg-info/SOURCES.txt'
[0.723s] writing manifest file 'unity.egg-info/SOURCES.txt'
[0.724s] running build_ext
[0.724s] Creating /home/jared/ros2_ws/install/unity/lib/python3.10/site-packages/unity.egg-link (link to .)
[0.725s] Installing camera_to_laser script to /home/jared/ros2_ws/install/unity/lib/unity
[0.725s] Installing differential_odom script to /home/jared/ros2_ws/install/unity/lib/unity
[0.725s] Installing drive_publisher script to /home/jared/ros2_ws/install/unity/lib/unity
[0.725s] Installing image_subscriber script to /home/jared/ros2_ws/install/unity/lib/unity
[0.725s] Installing imu_odometry script to /home/jared/ros2_ws/install/unity/lib/unity
[0.725s] Installing mask_subscriber script to /home/jared/ros2_ws/install/unity/lib/unity
[0.726s] Installing move_publisher script to /home/jared/ros2_ws/install/unity/lib/unity
[0.726s] Installing pointcloud_to_laser script to /home/jared/ros2_ws/install/unity/lib/unity
[0.726s] 
[0.726s] Installed /home/jared/ros2_ws/build/unity
[0.726s] running symlink_data
[0.744s] Invoked command in '/home/jared/ros2_ws/build/unity' returned '0': PYTHONPATH=/home/jared/ros2_ws/build/unity/prefix_override:/home/jared/ros2_ws/install/unity/lib/python3.10/site-packages:${PYTHONPATH} /usr/bin/python3 -W ignore:setup.py install is deprecated setup.py develop --editable --build-directory /home/jared/ros2_ws/build/unity/build --no-deps symlink_data
