[2.745s] Invoking command in '/home/jared/ros2_ws/build/examples_rclpy_minimal_client': PYTHONPATH=/home/jared/ros2_ws/build/examples_rclpy_minimal_client/prefix_override:/home/jared/ros2_ws/install/examples_rclpy_minimal_client/lib/python3.10/site-packages:${PYTHONPATH} /usr/bin/python3 -W ignore:setup.py install is deprecated setup.py develop --editable --build-directory /home/jared/ros2_ws/build/examples_rclpy_minimal_client/build --no-deps symlink_data
[3.201s] running develop
[3.201s] /usr/lib/python3/dist-packages/setuptools/command/easy_install.py:158: EasyInstallDeprecationWarning: easy_install command is deprecated. Use build and pip and other standards-based tools.
[3.201s]   warnings.warn(
[3.368s] running egg_info
[3.368s] writing examples_rclpy_minimal_client.egg-info/PKG-INFO
[3.368s] writing dependency_links to examples_rclpy_minimal_client.egg-info/dependency_links.txt
[3.369s] writing entry points to examples_rclpy_minimal_client.egg-info/entry_points.txt
[3.369s] writing requirements to examples_rclpy_minimal_client.egg-info/requires.txt
[3.369s] writing top-level names to examples_rclpy_minimal_client.egg-info/top_level.txt
[3.372s] reading manifest file 'examples_rclpy_minimal_client.egg-info/SOURCES.txt'
[3.372s] writing manifest file 'examples_rclpy_minimal_client.egg-info/SOURCES.txt'
[3.374s] running build_ext
[3.374s] Creating /home/jared/ros2_ws/install/examples_rclpy_minimal_client/lib/python3.10/site-packages/examples-rclpy-minimal-client.egg-link (link to .)
[3.375s] Installing client script to /home/jared/ros2_ws/install/examples_rclpy_minimal_client/lib/examples_rclpy_minimal_client
[3.375s] Installing client_async script to /home/jared/ros2_ws/install/examples_rclpy_minimal_client/lib/examples_rclpy_minimal_client
[3.375s] Installing client_async_callback script to /home/jared/ros2_ws/install/examples_rclpy_minimal_client/lib/examples_rclpy_minimal_client
[3.375s] Installing client_async_member_function script to /home/jared/ros2_ws/install/examples_rclpy_minimal_client/lib/examples_rclpy_minimal_client
[3.375s] 
[3.375s] Installed /home/jared/ros2_ws/build/examples_rclpy_minimal_client
[3.375s] running symlink_data
