[0.071s] Invoking command in '/home/jared/ros2_ws/build/examples_rclcpp_wait_set': CMAKE_PREFIX_PATH=/opt/ros/humble /usr/bin/cmake /home/jared/ros2_ws/src/examples/rclcpp/wait_set -DCMAKE_INSTALL_PREFIX=/home/jared/ros2_ws/install/examples_rclcpp_wait_set
[1.562s] -- Found ament_cmake: 1.3.9 (/opt/ros/humble/share/ament_cmake/cmake)
[1.563s] -- Override CMake install command with custom implementation using symlinks instead of copying resources
[1.563s] -- Found example_interfaces: 0.9.3 (/opt/ros/humble/share/example_interfaces/cmake)
[1.563s] -- Found rosidl_generator_c: 3.1.5 (/opt/ros/humble/share/rosidl_generator_c/cmake)
[1.563s] -- Found rosidl_adapter: 3.1.5 (/opt/ros/humble/share/rosidl_adapter/cmake)
[1.563s] -- Found rosidl_generator_cpp: 3.1.5 (/opt/ros/humble/share/rosidl_generator_cpp/cmake)
[1.563s] -- Using all available rosidl_typesupport_c: rosidl_typesupport_fastrtps_c;rosidl_typesupport_introspection_c
[1.563s] -- Using all available rosidl_typesupport_cpp: rosidl_typesupport_fastrtps_cpp;rosidl_typesupport_introspection_cpp
[1.563s] -- Found rclcpp: 16.0.9 (/opt/ros/humble/share/rclcpp/cmake)
[1.563s] -- Found rmw_implementation_cmake: 6.1.2 (/opt/ros/humble/share/rmw_implementation_cmake/cmake)
[1.563s] -- Found rmw_cyclonedds_cpp: 1.3.4 (/opt/ros/humble/share/rmw_cyclonedds_cpp/cmake)
[1.563s] -- Using RMW implementation 'rmw_cyclonedds_cpp' as default
[1.563s] -- Found rclcpp_components: 16.0.9 (/opt/ros/humble/share/rclcpp_components/cmake)
[1.564s] -- Found ament_lint_auto: 0.12.11 (/opt/ros/humble/share/ament_lint_auto/cmake)
[1.564s] -- Added test 'copyright' to check source files copyright and LICENSE
[1.564s] -- Added test 'cppcheck' to perform static code analysis on C / C++ code
[1.564s] -- Configured cppcheck include dirs: /home/jared/ros2_ws/src/examples/rclcpp/wait_set/include
[1.564s] -- Configured cppcheck exclude dirs and/or files: 
[1.564s] -- Added test 'cpplint' to check C / C++ code against the Google style
[1.564s] -- Configured cpplint exclude dirs and/or files: 
[1.564s] -- Added test 'lint_cmake' to check CMake code style
[1.564s] -- Added test 'uncrustify' to check C / C++ code style
[1.564s] -- Configured uncrustify additional arguments: 
[1.564s] -- Added test 'xmllint' to check XML markup files
[1.564s] -- Configuring done
[1.565s] -- Generating done
[1.565s] -- Build files have been written to: /home/jared/ros2_ws/build/examples_rclcpp_wait_set
[1.577s] Invoked command in '/home/jared/ros2_ws/build/examples_rclcpp_wait_set' returned '0': CMAKE_PREFIX_PATH=/opt/ros/humble /usr/bin/cmake /home/jared/ros2_ws/src/examples/rclcpp/wait_set -DCMAKE_INSTALL_PREFIX=/home/jared/ros2_ws/install/examples_rclcpp_wait_set
[1.578s] Invoking command in '/home/jared/ros2_ws/build/examples_rclcpp_wait_set': CMAKE_PREFIX_PATH=/opt/ros/humble /usr/bin/cmake --build /home/jared/ros2_ws/build/examples_rclcpp_wait_set -- -j16 -l16
[1.776s] [35m[1mConsolidate compiler generated dependencies of target talker[0m
[1.798s] [35m[1mConsolidate compiler generated dependencies of target wait_set_talker[0m
[1.798s] [35m[1mConsolidate compiler generated dependencies of target listener[0m
[1.798s] [35m[1mConsolidate compiler generated dependencies of target wait_set[0m
[1.798s] [35m[1mConsolidate compiler generated dependencies of target wait_set_random_order[0m
[1.799s] [35m[1mConsolidate compiler generated dependencies of target static_wait_set[0m
[1.799s] [35m[1mConsolidate compiler generated dependencies of target wait_set_listener[0m
[1.799s] [35m[1mConsolidate compiler generated dependencies of target wait_set_topics_and_timer[0m
[1.799s] [35m[1mConsolidate compiler generated dependencies of target executor_random_order[0m
[1.799s] [35m[1mConsolidate compiler generated dependencies of target thread_safe_wait_set[0m
[1.800s] [35m[1mConsolidate compiler generated dependencies of target wait_set_topics_with_different_rates[0m
[1.830s] [  8%] Built target talker
[1.849s] [ 16%] Built target listener
[1.857s] [ 25%] Built target wait_set_random_order
[1.857s] [ 33%] Built target wait_set_talker
[1.857s] [ 41%] Built target wait_set_listener
[1.865s] [ 50%] Built target static_wait_set
[1.866s] [ 58%] Built target wait_set_topics_and_timer
[1.867s] [ 66%] Built target thread_safe_wait_set
[1.882s] [ 75%] Built target wait_set
[1.885s] [ 83%] Built target executor_random_order
[1.902s] [35m[1mConsolidate compiler generated dependencies of target wait_set_composed[0m
[1.915s] [ 91%] Built target wait_set_topics_with_different_rates
[1.949s] [100%] Built target wait_set_composed
[2.007s] Invoked command in '/home/jared/ros2_ws/build/examples_rclcpp_wait_set' returned '0': CMAKE_PREFIX_PATH=/opt/ros/humble /usr/bin/cmake --build /home/jared/ros2_ws/build/examples_rclcpp_wait_set -- -j16 -l16
[2.241s] Invoking command in '/home/jared/ros2_ws/build/examples_rclcpp_wait_set': CMAKE_PREFIX_PATH=/opt/ros/humble /usr/bin/cmake --install /home/jared/ros2_ws/build/examples_rclcpp_wait_set
[2.765s] -- Install configuration: ""
[2.765s] -- Execute custom install script
[2.765s] -- Up-to-date symlink: /home/jared/ros2_ws/install/examples_rclcpp_wait_set/lib/examples_rclcpp_wait_set/wait_set_talker
[2.766s] -- Up-to-date symlink: /home/jared/ros2_ws/install/examples_rclcpp_wait_set/lib/examples_rclcpp_wait_set/wait_set_listener
[2.766s] -- Up-to-date symlink: /home/jared/ros2_ws/install/examples_rclcpp_wait_set/lib/libtalker.so
[2.766s] -- Up-to-date symlink: /home/jared/ros2_ws/install/examples_rclcpp_wait_set/lib/liblistener.so
[2.766s] -- Up-to-date symlink: /home/jared/ros2_ws/install/examples_rclcpp_wait_set/lib/examples_rclcpp_wait_set/wait_set
[2.766s] -- Up-to-date symlink: /home/jared/ros2_ws/install/examples_rclcpp_wait_set/lib/examples_rclcpp_wait_set/static_wait_set
[2.766s] -- Up-to-date symlink: /home/jared/ros2_ws/install/examples_rclcpp_wait_set/lib/examples_rclcpp_wait_set/thread_safe_wait_set
[2.766s] -- Up-to-date symlink: /home/jared/ros2_ws/install/examples_rclcpp_wait_set/lib/examples_rclcpp_wait_set/wait_set_topics_and_timer
[2.766s] -- Up-to-date symlink: /home/jared/ros2_ws/install/examples_rclcpp_wait_set/lib/examples_rclcpp_wait_set/wait_set_random_order
[2.767s] -- Up-to-date symlink: /home/jared/ros2_ws/install/examples_rclcpp_wait_set/lib/examples_rclcpp_wait_set/executor_random_order
[2.767s] -- Up-to-date symlink: /home/jared/ros2_ws/install/examples_rclcpp_wait_set/lib/examples_rclcpp_wait_set/wait_set_topics_with_different_rates
[2.767s] -- Up-to-date symlink: /home/jared/ros2_ws/install/examples_rclcpp_wait_set/lib/examples_rclcpp_wait_set/wait_set_composed
[2.767s] -- Up-to-date symlink: /home/jared/ros2_ws/install/examples_rclcpp_wait_set/share/ament_index/resource_index/package_run_dependencies/examples_rclcpp_wait_set
[2.767s] -- Up-to-date symlink: /home/jared/ros2_ws/install/examples_rclcpp_wait_set/share/ament_index/resource_index/parent_prefix_path/examples_rclcpp_wait_set
[2.767s] -- Up-to-date symlink: /home/jared/ros2_ws/install/examples_rclcpp_wait_set/share/examples_rclcpp_wait_set/environment/ament_prefix_path.sh
[2.767s] -- Up-to-date symlink: /home/jared/ros2_ws/install/examples_rclcpp_wait_set/share/examples_rclcpp_wait_set/environment/ament_prefix_path.dsv
[2.768s] -- Up-to-date symlink: /home/jared/ros2_ws/install/examples_rclcpp_wait_set/share/examples_rclcpp_wait_set/environment/path.sh
[2.768s] -- Up-to-date symlink: /home/jared/ros2_ws/install/examples_rclcpp_wait_set/share/examples_rclcpp_wait_set/environment/path.dsv
[2.768s] -- Up-to-date symlink: /home/jared/ros2_ws/install/examples_rclcpp_wait_set/share/examples_rclcpp_wait_set/local_setup.bash
[2.768s] -- Up-to-date symlink: /home/jared/ros2_ws/install/examples_rclcpp_wait_set/share/examples_rclcpp_wait_set/local_setup.sh
[2.768s] -- Up-to-date symlink: /home/jared/ros2_ws/install/examples_rclcpp_wait_set/share/examples_rclcpp_wait_set/local_setup.zsh
[2.768s] -- Up-to-date symlink: /home/jared/ros2_ws/install/examples_rclcpp_wait_set/share/examples_rclcpp_wait_set/local_setup.dsv
[2.768s] -- Symlinking: /home/jared/ros2_ws/install/examples_rclcpp_wait_set/share/examples_rclcpp_wait_set/package.dsv
[2.768s] -- Up-to-date symlink: /home/jared/ros2_ws/install/examples_rclcpp_wait_set/share/ament_index/resource_index/packages/examples_rclcpp_wait_set
[2.768s] -- Up-to-date symlink: /home/jared/ros2_ws/install/examples_rclcpp_wait_set/share/ament_index/resource_index/rclcpp_components/examples_rclcpp_wait_set
[2.768s] -- Up-to-date symlink: /home/jared/ros2_ws/install/examples_rclcpp_wait_set/share/examples_rclcpp_wait_set/cmake/examples_rclcpp_wait_setConfig.cmake
[2.768s] -- Up-to-date symlink: /home/jared/ros2_ws/install/examples_rclcpp_wait_set/share/examples_rclcpp_wait_set/cmake/examples_rclcpp_wait_setConfig-version.cmake
[2.769s] -- Up-to-date symlink: /home/jared/ros2_ws/install/examples_rclcpp_wait_set/share/examples_rclcpp_wait_set/package.xml
[3.069s] Invoked command in '/home/jared/ros2_ws/build/examples_rclcpp_wait_set' returned '0': CMAKE_PREFIX_PATH=/opt/ros/humble /usr/bin/cmake --install /home/jared/ros2_ws/build/examples_rclcpp_wait_set
