[2.507s] Invoking command in '/home/jared/ros2_ws/build/examples_rclpy_minimal_publisher': PYTHONPATH=/home/jared/ros2_ws/build/examples_rclpy_minimal_publisher/prefix_override:/home/jared/ros2_ws/install/examples_rclpy_minimal_publisher/lib/python3.10/site-packages:${PYTHONPATH} /usr/bin/python3 -W ignore:setup.py install is deprecated setup.py develop --editable --build-directory /home/jared/ros2_ws/build/examples_rclpy_minimal_publisher/build --no-deps symlink_data
[2.857s] running develop
[2.857s] /usr/lib/python3/dist-packages/setuptools/command/easy_install.py:158: EasyInstallDeprecationWarning: easy_install command is deprecated. Use build and pip and other standards-based tools.
[2.857s]   warnings.warn(
[3.066s] running egg_info
[3.067s] writing examples_rclpy_minimal_publisher.egg-info/PKG-INFO
[3.067s] writing dependency_links to examples_rclpy_minimal_publisher.egg-info/dependency_links.txt
[3.067s] writing entry points to examples_rclpy_minimal_publisher.egg-info/entry_points.txt
[3.067s] writing requirements to examples_rclpy_minimal_publisher.egg-info/requires.txt
[3.068s] writing top-level names to examples_rclpy_minimal_publisher.egg-info/top_level.txt
[3.070s] reading manifest file 'examples_rclpy_minimal_publisher.egg-info/SOURCES.txt'
[3.071s] writing manifest file 'examples_rclpy_minimal_publisher.egg-info/SOURCES.txt'
[3.073s] running build_ext
[3.073s] Creating /home/jared/ros2_ws/install/examples_rclpy_minimal_publisher/lib/python3.10/site-packages/examples-rclpy-minimal-publisher.egg-link (link to .)
[3.074s] Installing publisher_local_function script to /home/jared/ros2_ws/install/examples_rclpy_minimal_publisher/lib/examples_rclpy_minimal_publisher
[3.074s] Installing publisher_member_function script to /home/jared/ros2_ws/install/examples_rclpy_minimal_publisher/lib/examples_rclpy_minimal_publisher
[3.074s] Installing publisher_old_school script to /home/jared/ros2_ws/install/examples_rclpy_minimal_publisher/lib/examples_rclpy_minimal_publisher
[3.075s] 
[3.075s] Installed /home/jared/ros2_ws/build/examples_rclpy_minimal_publisher
[3.075s] running symlink_data
