[2.228s] Invoking command in '/home/jared/ros2_ws/build/ros_tcp_endpoint': PYTHONPATH=/home/jared/ros2_ws/build/ros_tcp_endpoint/prefix_override:/home/jared/ros2_ws/install/ros_tcp_endpoint/lib/python3.10/site-packages:${PYTHONPATH} /usr/bin/python3 -W ignore:setup.py install is deprecated setup.py develop --editable --build-directory /home/jared/ros2_ws/build/ros_tcp_endpoint/build --no-deps symlink_data --force
[2.538s] /usr/lib/python3/dist-packages/setuptools/dist.py:723: UserWarning: Usage of dash-separated 'script-dir' will not be supported in future versions. Please use the underscore name 'script_dir' instead
[2.538s]   warnings.warn(
[2.607s] running develop
[2.607s] /usr/lib/python3/dist-packages/setuptools/command/easy_install.py:158: EasyInstallDeprecationWarning: easy_install command is deprecated. Use build and pip and other standards-based tools.
[2.607s]   warnings.warn(
[2.853s] running egg_info
[2.853s] writing ros_tcp_endpoint.egg-info/PKG-INFO
[2.853s] writing dependency_links to ros_tcp_endpoint.egg-info/dependency_links.txt
[2.853s] writing entry points to ros_tcp_endpoint.egg-info/entry_points.txt
[2.854s] writing requirements to ros_tcp_endpoint.egg-info/requires.txt
[2.854s] writing top-level names to ros_tcp_endpoint.egg-info/top_level.txt
[2.856s] reading manifest file 'ros_tcp_endpoint.egg-info/SOURCES.txt'
[2.858s] writing manifest file 'ros_tcp_endpoint.egg-info/SOURCES.txt'
[2.860s] running build_ext
[2.860s] Creating /home/jared/ros2_ws/install/ros_tcp_endpoint/lib/python3.10/site-packages/ros-tcp-endpoint.egg-link (link to .)
[2.861s] Installing default_server_endpoint script to /home/jared/ros2_ws/install/ros_tcp_endpoint/lib/ros_tcp_endpoint
[2.861s] 
[2.861s] Installed /home/jared/ros2_ws/build/ros_tcp_endpoint
[2.863s] running symlink_data
[2.863s] symbolically linking /home/jared/ros2_ws/build/ros_tcp_endpoint/resource/ros_tcp_endpoint -> /home/jared/ros2_ws/install/ros_tcp_endpoint/share/ament_index/resource_index/packages
[2.869s] symbolically linking /home/jared/ros2_ws/build/ros_tcp_endpoint/package.xml -> /home/jared/ros2_ws/install/ros_tcp_endpoint/share/ros_tcp_endpoint
[2.869s] symbolically linking /home/jared/ros2_ws/build/ros_tcp_endpoint/launch/endpoint.py -> /home/jared/ros2_ws/install/ros_tcp_endpoint/share/ros_tcp_endpoint/launch
[2.905s] Invoked command in '/home/jared/ros2_ws/build/ros_tcp_endpoint' returned '0': PYTHONPATH=/home/jared/ros2_ws/build/ros_tcp_endpoint/prefix_override:/home/jared/ros2_ws/install/ros_tcp_endpoint/lib/python3.10/site-packages:${PYTHONPATH} /usr/bin/python3 -W ignore:setup.py install is deprecated setup.py develop --editable --build-directory /home/jared/ros2_ws/build/ros_tcp_endpoint/build --no-deps symlink_data --force
