[2.400s] Invoking command in '/home/jared/ros2_ws/build/examples_rclpy_minimal_publisher': PYTHONPATH=/home/jared/ros2_ws/build/examples_rclpy_minimal_publisher/prefix_override:/home/jared/ros2_ws/install/examples_rclpy_minimal_publisher/lib/python3.10/site-packages:${PYTHONPATH} /usr/bin/python3 -W ignore:setup.py install is deprecated setup.py develop --editable --build-directory /home/jared/ros2_ws/build/examples_rclpy_minimal_publisher/build --no-deps symlink_data
[2.802s] running develop
[2.803s] /usr/lib/python3/dist-packages/setuptools/command/easy_install.py:158: EasyInstallDeprecationWarning: easy_install command is deprecated. Use build and pip and other standards-based tools.
[2.803s]   warnings.warn(
[2.977s] running egg_info
[2.977s] writing examples_rclpy_minimal_publisher.egg-info/PKG-INFO
[2.978s] writing dependency_links to examples_rclpy_minimal_publisher.egg-info/dependency_links.txt
[2.978s] writing entry points to examples_rclpy_minimal_publisher.egg-info/entry_points.txt
[2.978s] writing requirements to examples_rclpy_minimal_publisher.egg-info/requires.txt
[2.978s] writing top-level names to examples_rclpy_minimal_publisher.egg-info/top_level.txt
[2.980s] reading manifest file 'examples_rclpy_minimal_publisher.egg-info/SOURCES.txt'
[2.980s] writing manifest file 'examples_rclpy_minimal_publisher.egg-info/SOURCES.txt'
[2.982s] running build_ext
[2.982s] Creating /home/jared/ros2_ws/install/examples_rclpy_minimal_publisher/lib/python3.10/site-packages/examples-rclpy-minimal-publisher.egg-link (link to .)
[2.982s] Installing publisher_local_function script to /home/jared/ros2_ws/install/examples_rclpy_minimal_publisher/lib/examples_rclpy_minimal_publisher
[2.983s] Installing publisher_member_function script to /home/jared/ros2_ws/install/examples_rclpy_minimal_publisher/lib/examples_rclpy_minimal_publisher
[2.983s] Installing publisher_old_school script to /home/jared/ros2_ws/install/examples_rclpy_minimal_publisher/lib/examples_rclpy_minimal_publisher
[2.983s] 
[2.983s] Installed /home/jared/ros2_ws/build/examples_rclpy_minimal_publisher
[2.983s] running symlink_data
