[0.488s] Invoking command in '/home/jared/ros2_ws/build/unity': PYTHONPATH=/home/jared/ros2_ws/build/unity/prefix_override:/home/jared/ros2_ws/install/unity/lib/python3.10/site-packages:${PYTHONPATH} /usr/bin/python3 -W ignore:setup.py install is deprecated setup.py develop --editable --build-directory /home/jared/ros2_ws/build/unity/build --no-deps symlink_data
[0.720s] running develop
[0.720s] /usr/lib/python3/dist-packages/setuptools/command/easy_install.py:158: EasyInstallDeprecationWarning: easy_install command is deprecated. Use build and pip and other standards-based tools.
[0.720s]   warnings.warn(
[0.863s] running egg_info
[0.863s] writing unity.egg-info/PKG-INFO
[0.863s] writing dependency_links to unity.egg-info/dependency_links.txt
[0.864s] writing entry points to unity.egg-info/entry_points.txt
[0.864s] writing requirements to unity.egg-info/requires.txt
[0.864s] writing top-level names to unity.egg-info/top_level.txt
[0.865s] reading manifest file 'unity.egg-info/SOURCES.txt'
[0.866s] writing manifest file 'unity.egg-info/SOURCES.txt'
[0.867s] running build_ext
[0.867s] Creating /home/jared/ros2_ws/install/unity/lib/python3.10/site-packages/unity.egg-link (link to .)
[0.868s] Installing camera_to_laser script to /home/jared/ros2_ws/install/unity/lib/unity
[0.868s] Installing differential_odom script to /home/jared/ros2_ws/install/unity/lib/unity
[0.868s] Installing drive_publisher script to /home/jared/ros2_ws/install/unity/lib/unity
[0.868s] Installing image_subscriber script to /home/jared/ros2_ws/install/unity/lib/unity
[0.868s] Installing imu_odometry script to /home/jared/ros2_ws/install/unity/lib/unity
[0.868s] Installing mask_subscriber script to /home/jared/ros2_ws/install/unity/lib/unity
[0.869s] Installing move_publisher script to /home/jared/ros2_ws/install/unity/lib/unity
[0.869s] Installing pointcloud_to_laser script to /home/jared/ros2_ws/install/unity/lib/unity
[0.869s] 
[0.869s] Installed /home/jared/ros2_ws/build/unity
[0.869s] running symlink_data
[0.891s] Invoked command in '/home/jared/ros2_ws/build/unity' returned '0': PYTHONPATH=/home/jared/ros2_ws/build/unity/prefix_override:/home/jared/ros2_ws/install/unity/lib/python3.10/site-packages:${PYTHONPATH} /usr/bin/python3 -W ignore:setup.py install is deprecated setup.py develop --editable --build-directory /home/jared/ros2_ws/build/unity/build --no-deps symlink_data
