[2.126s] Invoking command in '/home/jared/ros2_ws/build/examples_rclpy_guard_conditions': PYTHONPATH=/home/jared/ros2_ws/build/examples_rclpy_guard_conditions/prefix_override:/home/jared/ros2_ws/install/examples_rclpy_guard_conditions/lib/python3.10/site-packages:${PYTHONPATH} /usr/bin/python3 -W ignore:setup.py install is deprecated setup.py develop --editable --build-directory /home/jared/ros2_ws/build/examples_rclpy_guard_conditions/build --no-deps symlink_data --force
[2.344s] running develop
[2.344s] /usr/lib/python3/dist-packages/setuptools/command/easy_install.py:158: EasyInstallDeprecationWarning: easy_install command is deprecated. Use build and pip and other standards-based tools.
[2.345s]   warnings.warn(
[2.473s] running egg_info
[2.473s] writing examples_rclpy_guard_conditions.egg-info/PKG-INFO
[2.474s] writing dependency_links to examples_rclpy_guard_conditions.egg-info/dependency_links.txt
[2.474s] writing entry points to examples_rclpy_guard_conditions.egg-info/entry_points.txt
[2.474s] writing requirements to examples_rclpy_guard_conditions.egg-info/requires.txt
[2.474s] writing top-level names to examples_rclpy_guard_conditions.egg-info/top_level.txt
[2.475s] reading manifest file 'examples_rclpy_guard_conditions.egg-info/SOURCES.txt'
[2.476s] writing manifest file 'examples_rclpy_guard_conditions.egg-info/SOURCES.txt'
[2.477s] running build_ext
[2.477s] Creating /home/jared/ros2_ws/install/examples_rclpy_guard_conditions/lib/python3.10/site-packages/examples-rclpy-guard-conditions.egg-link (link to .)
[2.478s] Installing trigger_guard_condition script to /home/jared/ros2_ws/install/examples_rclpy_guard_conditions/lib/examples_rclpy_guard_conditions
[2.478s] 
[2.478s] Installed /home/jared/ros2_ws/build/examples_rclpy_guard_conditions
[2.478s] running symlink_data
[2.478s] symbolically linking /home/jared/ros2_ws/build/examples_rclpy_guard_conditions/resource/examples_rclpy_guard_conditions -> /home/jared/ros2_ws/install/examples_rclpy_guard_conditions/share/ament_index/resource_index/packages
[2.478s] symbolically linking /home/jared/ros2_ws/build/examples_rclpy_guard_conditions/package.xml -> /home/jared/ros2_ws/install/examples_rclpy_guard_conditions/share/examples_rclpy_guard_conditions
[2.765s] Invoked command in '/home/jared/ros2_ws/build/examples_rclpy_guard_conditions' returned '0': PYTHONPATH=/home/jared/ros2_ws/build/examples_rclpy_guard_conditions/prefix_override:/home/jared/ros2_ws/install/examples_rclpy_guard_conditions/lib/python3.10/site-packages:${PYTHONPATH} /usr/bin/python3 -W ignore:setup.py install is deprecated setup.py develop --editable --build-directory /home/jared/ros2_ws/build/examples_rclpy_guard_conditions/build --no-deps symlink_data --force
