[0.070s] Invoking command in '/home/jared/ros2_ws/build/examples_rclcpp_cbg_executor': CMAKE_PREFIX_PATH=${CMAKE_PREFIX_PATH}:/home/jared/ros2_ws/install/unity_robotics_demo:/home/jared/ros2_ws/install/unity:/home/jared/ros2_ws/install/ros_tcp_endpoint:/home/jared/ros2_ws/install/my_package:/home/jared/ros2_ws/install/launch_testing_examples:/home/jared/ros2_ws/install/examples_rclpy_pointcloud_publisher:/home/jared/ros2_ws/install/examples_rclpy_minimal_subscriber:/home/jared/ros2_ws/install/examples_rclpy_minimal_service:/home/jared/ros2_ws/install/examples_rclpy_minimal_publisher:/home/jared/ros2_ws/install/examples_rclpy_minimal_client:/home/jared/ros2_ws/install/examples_rclpy_minimal_action_server:/home/jared/ros2_ws/install/examples_rclpy_minimal_action_client:/home/jared/ros2_ws/install/examples_rclpy_guard_conditions:/home/jared/ros2_ws/install/examples_rclpy_executors:/opt/ros/humble /usr/bin/cmake /home/jared/ros2_ws/src/examples/rclcpp/executors/cbg_executor -DCMAKE_INSTALL_PREFIX=/home/jared/ros2_ws/install/examples_rclcpp_cbg_executor
[1.380s] -- Found ament_cmake: 1.3.9 (/opt/ros/humble/share/ament_cmake/cmake)
[1.381s] -- Override CMake install command with custom implementation using symlinks instead of copying resources
[1.382s] -- Found rclcpp: 16.0.9 (/opt/ros/humble/share/rclcpp/cmake)
[1.382s] -- Found rosidl_generator_c: 3.1.5 (/opt/ros/humble/share/rosidl_generator_c/cmake)
[1.382s] -- Found rosidl_adapter: 3.1.5 (/opt/ros/humble/share/rosidl_adapter/cmake)
[1.383s] -- Found rosidl_generator_cpp: 3.1.5 (/opt/ros/humble/share/rosidl_generator_cpp/cmake)
[1.383s] -- Using all available rosidl_typesupport_c: rosidl_typesupport_fastrtps_c;rosidl_typesupport_introspection_c
[1.383s] -- Using all available rosidl_typesupport_cpp: rosidl_typesupport_fastrtps_cpp;rosidl_typesupport_introspection_cpp
[1.383s] -- Found rmw_implementation_cmake: 6.1.2 (/opt/ros/humble/share/rmw_implementation_cmake/cmake)
[1.384s] -- Found rmw_fastrtps_cpp: 6.2.6 (/opt/ros/humble/share/rmw_fastrtps_cpp/cmake)
[1.385s] -- Using RMW implementation 'rmw_fastrtps_cpp' as default
[1.385s] -- Found ament_lint_auto: 0.12.11 (/opt/ros/humble/share/ament_lint_auto/cmake)
[1.385s] -- Added test 'copyright' to check source files copyright and LICENSE
[1.385s] -- Added test 'cppcheck' to perform static code analysis on C / C++ code
[1.386s] -- Configured cppcheck include dirs: /home/jared/ros2_ws/src/examples/rclcpp/executors/cbg_executor/include
[1.386s] -- Configured cppcheck exclude dirs and/or files: 
[1.386s] -- Added test 'cpplint' to check C / C++ code against the Google style
[1.387s] -- Configured cpplint exclude dirs and/or files: 
[1.387s] -- Added test 'lint_cmake' to check CMake code style
[1.388s] -- Added test 'uncrustify' to check C / C++ code style
[1.388s] -- Configured uncrustify additional arguments: 
[1.388s] -- Added test 'xmllint' to check XML markup files
[1.388s] -- Configuring done
[1.389s] -- Generating done
[1.389s] -- Build files have been written to: /home/jared/ros2_ws/build/examples_rclcpp_cbg_executor
[1.431s] Invoked command in '/home/jared/ros2_ws/build/examples_rclcpp_cbg_executor' returned '0': CMAKE_PREFIX_PATH=${CMAKE_PREFIX_PATH}:/home/jared/ros2_ws/install/unity_robotics_demo:/home/jared/ros2_ws/install/unity:/home/jared/ros2_ws/install/ros_tcp_endpoint:/home/jared/ros2_ws/install/my_package:/home/jared/ros2_ws/install/launch_testing_examples:/home/jared/ros2_ws/install/examples_rclpy_pointcloud_publisher:/home/jared/ros2_ws/install/examples_rclpy_minimal_subscriber:/home/jared/ros2_ws/install/examples_rclpy_minimal_service:/home/jared/ros2_ws/install/examples_rclpy_minimal_publisher:/home/jared/ros2_ws/install/examples_rclpy_minimal_client:/home/jared/ros2_ws/install/examples_rclpy_minimal_action_server:/home/jared/ros2_ws/install/examples_rclpy_minimal_action_client:/home/jared/ros2_ws/install/examples_rclpy_guard_conditions:/home/jared/ros2_ws/install/examples_rclpy_executors:/opt/ros/humble /usr/bin/cmake /home/jared/ros2_ws/src/examples/rclcpp/executors/cbg_executor -DCMAKE_INSTALL_PREFIX=/home/jared/ros2_ws/install/examples_rclcpp_cbg_executor
[1.432s] Invoking command in '/home/jared/ros2_ws/build/examples_rclcpp_cbg_executor': CMAKE_PREFIX_PATH=${CMAKE_PREFIX_PATH}:/home/jared/ros2_ws/install/unity_robotics_demo:/home/jared/ros2_ws/install/unity:/home/jared/ros2_ws/install/ros_tcp_endpoint:/home/jared/ros2_ws/install/my_package:/home/jared/ros2_ws/install/launch_testing_examples:/home/jared/ros2_ws/install/examples_rclpy_pointcloud_publisher:/home/jared/ros2_ws/install/examples_rclpy_minimal_subscriber:/home/jared/ros2_ws/install/examples_rclpy_minimal_service:/home/jared/ros2_ws/install/examples_rclpy_minimal_publisher:/home/jared/ros2_ws/install/examples_rclpy_minimal_client:/home/jared/ros2_ws/install/examples_rclpy_minimal_action_server:/home/jared/ros2_ws/install/examples_rclpy_minimal_action_client:/home/jared/ros2_ws/install/examples_rclpy_guard_conditions:/home/jared/ros2_ws/install/examples_rclpy_executors:/opt/ros/humble /usr/bin/cmake --build /home/jared/ros2_ws/build/examples_rclcpp_cbg_executor -- -j16 -l16
[1.438s] [35m[1mConsolidate compiler generated dependencies of target ping[0m
[1.459s] [35m[1mConsolidate compiler generated dependencies of target pong[0m
[1.460s] [35m[1mConsolidate compiler generated dependencies of target ping_pong[0m
[1.531s] [ 30%] Built target pong
[1.537s] [ 70%] Built target ping_pong
[1.551s] [100%] Built target ping
[1.652s] Invoked command in '/home/jared/ros2_ws/build/examples_rclcpp_cbg_executor' returned '0': CMAKE_PREFIX_PATH=${CMAKE_PREFIX_PATH}:/home/jared/ros2_ws/install/unity_robotics_demo:/home/jared/ros2_ws/install/unity:/home/jared/ros2_ws/install/ros_tcp_endpoint:/home/jared/ros2_ws/install/my_package:/home/jared/ros2_ws/install/launch_testing_examples:/home/jared/ros2_ws/install/examples_rclpy_pointcloud_publisher:/home/jared/ros2_ws/install/examples_rclpy_minimal_subscriber:/home/jared/ros2_ws/install/examples_rclpy_minimal_service:/home/jared/ros2_ws/install/examples_rclpy_minimal_publisher:/home/jared/ros2_ws/install/examples_rclpy_minimal_client:/home/jared/ros2_ws/install/examples_rclpy_minimal_action_server:/home/jared/ros2_ws/install/examples_rclpy_minimal_action_client:/home/jared/ros2_ws/install/examples_rclpy_guard_conditions:/home/jared/ros2_ws/install/examples_rclpy_executors:/opt/ros/humble /usr/bin/cmake --build /home/jared/ros2_ws/build/examples_rclcpp_cbg_executor -- -j16 -l16
[1.803s] Invoking command in '/home/jared/ros2_ws/build/examples_rclcpp_cbg_executor': CMAKE_PREFIX_PATH=${CMAKE_PREFIX_PATH}:/home/jared/ros2_ws/install/unity_robotics_demo:/home/jared/ros2_ws/install/unity:/home/jared/ros2_ws/install/ros_tcp_endpoint:/home/jared/ros2_ws/install/my_package:/home/jared/ros2_ws/install/launch_testing_examples:/home/jared/ros2_ws/install/examples_rclpy_pointcloud_publisher:/home/jared/ros2_ws/install/examples_rclpy_minimal_subscriber:/home/jared/ros2_ws/install/examples_rclpy_minimal_service:/home/jared/ros2_ws/install/examples_rclpy_minimal_publisher:/home/jared/ros2_ws/install/examples_rclpy_minimal_client:/home/jared/ros2_ws/install/examples_rclpy_minimal_action_server:/home/jared/ros2_ws/install/examples_rclpy_minimal_action_client:/home/jared/ros2_ws/install/examples_rclpy_guard_conditions:/home/jared/ros2_ws/install/examples_rclpy_executors:/opt/ros/humble /usr/bin/cmake --install /home/jared/ros2_ws/build/examples_rclcpp_cbg_executor
[1.828s] -- Install configuration: ""
[1.828s] -- Execute custom install script
[1.828s] -- Up-to-date symlink: /home/jared/ros2_ws/install/examples_rclcpp_cbg_executor/lib/examples_rclcpp_cbg_executor/ping
[1.828s] -- Up-to-date symlink: /home/jared/ros2_ws/install/examples_rclcpp_cbg_executor/lib/examples_rclcpp_cbg_executor/pong
[1.828s] -- Up-to-date symlink: /home/jared/ros2_ws/install/examples_rclcpp_cbg_executor/lib/examples_rclcpp_cbg_executor/ping_pong
[1.829s] -- Up-to-date symlink: /home/jared/ros2_ws/install/examples_rclcpp_cbg_executor/include/examples_rclcpp_cbg_executor/ping_node.hpp
[1.829s] -- Up-to-date symlink: /home/jared/ros2_ws/install/examples_rclcpp_cbg_executor/include/examples_rclcpp_cbg_executor/pong_node.hpp
[1.829s] -- Up-to-date symlink: /home/jared/ros2_ws/install/examples_rclcpp_cbg_executor/share/ament_index/resource_index/package_run_dependencies/examples_rclcpp_cbg_executor
[1.829s] -- Up-to-date symlink: /home/jared/ros2_ws/install/examples_rclcpp_cbg_executor/share/ament_index/resource_index/parent_prefix_path/examples_rclcpp_cbg_executor
[1.832s] -- Up-to-date symlink: /home/jared/ros2_ws/install/examples_rclcpp_cbg_executor/share/examples_rclcpp_cbg_executor/environment/ament_prefix_path.sh
[1.832s] -- Up-to-date symlink: /home/jared/ros2_ws/install/examples_rclcpp_cbg_executor/share/examples_rclcpp_cbg_executor/environment/ament_prefix_path.dsv
[1.832s] -- Up-to-date symlink: /home/jared/ros2_ws/install/examples_rclcpp_cbg_executor/share/examples_rclcpp_cbg_executor/environment/path.sh
[1.832s] -- Up-to-date symlink: /home/jared/ros2_ws/install/examples_rclcpp_cbg_executor/share/examples_rclcpp_cbg_executor/environment/path.dsv
[1.833s] -- Up-to-date symlink: /home/jared/ros2_ws/install/examples_rclcpp_cbg_executor/share/examples_rclcpp_cbg_executor/local_setup.bash
[1.833s] -- Up-to-date symlink: /home/jared/ros2_ws/install/examples_rclcpp_cbg_executor/share/examples_rclcpp_cbg_executor/local_setup.sh
[1.833s] -- Up-to-date symlink: /home/jared/ros2_ws/install/examples_rclcpp_cbg_executor/share/examples_rclcpp_cbg_executor/local_setup.zsh
[1.833s] -- Up-to-date symlink: /home/jared/ros2_ws/install/examples_rclcpp_cbg_executor/share/examples_rclcpp_cbg_executor/local_setup.dsv
[1.833s] -- Symlinking: /home/jared/ros2_ws/install/examples_rclcpp_cbg_executor/share/examples_rclcpp_cbg_executor/package.dsv
[1.837s] -- Up-to-date symlink: /home/jared/ros2_ws/install/examples_rclcpp_cbg_executor/share/ament_index/resource_index/packages/examples_rclcpp_cbg_executor
[1.838s] -- Up-to-date symlink: /home/jared/ros2_ws/install/examples_rclcpp_cbg_executor/share/examples_rclcpp_cbg_executor/cmake/ament_cmake_export_dependencies-extras.cmake
[1.839s] -- Up-to-date symlink: /home/jared/ros2_ws/install/examples_rclcpp_cbg_executor/share/examples_rclcpp_cbg_executor/cmake/examples_rclcpp_cbg_executorConfig.cmake
[1.839s] -- Up-to-date symlink: /home/jared/ros2_ws/install/examples_rclcpp_cbg_executor/share/examples_rclcpp_cbg_executor/cmake/examples_rclcpp_cbg_executorConfig-version.cmake
[1.839s] -- Up-to-date symlink: /home/jared/ros2_ws/install/examples_rclcpp_cbg_executor/share/examples_rclcpp_cbg_executor/package.xml
[1.883s] Invoked command in '/home/jared/ros2_ws/build/examples_rclcpp_cbg_executor' returned '0': CMAKE_PREFIX_PATH=${CMAKE_PREFIX_PATH}:/home/jared/ros2_ws/install/unity_robotics_demo:/home/jared/ros2_ws/install/unity:/home/jared/ros2_ws/install/ros_tcp_endpoint:/home/jared/ros2_ws/install/my_package:/home/jared/ros2_ws/install/launch_testing_examples:/home/jared/ros2_ws/install/examples_rclpy_pointcloud_publisher:/home/jared/ros2_ws/install/examples_rclpy_minimal_subscriber:/home/jared/ros2_ws/install/examples_rclpy_minimal_service:/home/jared/ros2_ws/install/examples_rclpy_minimal_publisher:/home/jared/ros2_ws/install/examples_rclpy_minimal_client:/home/jared/ros2_ws/install/examples_rclpy_minimal_action_server:/home/jared/ros2_ws/install/examples_rclpy_minimal_action_client:/home/jared/ros2_ws/install/examples_rclpy_guard_conditions:/home/jared/ros2_ws/install/examples_rclpy_executors:/opt/ros/humble /usr/bin/cmake --install /home/jared/ros2_ws/build/examples_rclcpp_cbg_executor
