[1.577s] Invoking command in '/home/jared/ros2_ws/build/examples_rclpy_minimal_client': PYTHONPATH=/home/jared/ros2_ws/build/examples_rclpy_minimal_client/prefix_override:/home/jared/ros2_ws/install/examples_rclpy_minimal_client/lib/python3.10/site-packages:${PYTHONPATH} /usr/bin/python3 -W ignore:setup.py install is deprecated setup.py develop --uninstall --editable --build-directory /home/jared/ros2_ws/build/examples_rclpy_minimal_client/build
[1.782s] running develop
[1.783s] /usr/lib/python3/dist-packages/setuptools/command/easy_install.py:158: EasyInstallDeprecationWarning: easy_install command is deprecated. Use build and pip and other standards-based tools.
[1.783s]   warnings.warn(
[1.921s] Removing /home/jared/ros2_ws/install/examples_rclpy_minimal_client/lib/python3.10/site-packages/examples-rclpy-minimal-client.egg-link (link to .)
[1.954s] Invoked command in '/home/jared/ros2_ws/build/examples_rclpy_minimal_client' returned '0': PYTHONPATH=/home/jared/ros2_ws/build/examples_rclpy_minimal_client/prefix_override:/home/jared/ros2_ws/install/examples_rclpy_minimal_client/lib/python3.10/site-packages:${PYTHONPATH} /usr/bin/python3 -W ignore:setup.py install is deprecated setup.py develop --uninstall --editable --build-directory /home/jared/ros2_ws/build/examples_rclpy_minimal_client/build
[1.955s] Invoking command in '/home/jared/ros2_ws/src/examples/rclpy/services/minimal_client': PYTHONPATH=/home/jared/ros2_ws/build/examples_rclpy_minimal_client/prefix_override:/home/jared/ros2_ws/install/examples_rclpy_minimal_client/lib/python3.10/site-packages:${PYTHONPATH} /usr/bin/python3 -W ignore:setup.py install is deprecated setup.py egg_info --egg-base ../../../../../build/examples_rclpy_minimal_client build --build-base /home/jared/ros2_ws/build/examples_rclpy_minimal_client/build install --record /home/jared/ros2_ws/build/examples_rclpy_minimal_client/install.log --single-version-externally-managed install_data --force
[2.132s] running egg_info
[2.133s] writing ../../../../../build/examples_rclpy_minimal_client/examples_rclpy_minimal_client.egg-info/PKG-INFO
[2.133s] writing dependency_links to ../../../../../build/examples_rclpy_minimal_client/examples_rclpy_minimal_client.egg-info/dependency_links.txt
[2.133s] writing entry points to ../../../../../build/examples_rclpy_minimal_client/examples_rclpy_minimal_client.egg-info/entry_points.txt
[2.133s] writing requirements to ../../../../../build/examples_rclpy_minimal_client/examples_rclpy_minimal_client.egg-info/requires.txt
[2.134s] writing top-level names to ../../../../../build/examples_rclpy_minimal_client/examples_rclpy_minimal_client.egg-info/top_level.txt
[2.135s] reading manifest file '../../../../../build/examples_rclpy_minimal_client/examples_rclpy_minimal_client.egg-info/SOURCES.txt'
[2.136s] writing manifest file '../../../../../build/examples_rclpy_minimal_client/examples_rclpy_minimal_client.egg-info/SOURCES.txt'
[2.137s] running build
[2.138s] running build_py
[2.138s] creating /home/jared/ros2_ws/build/examples_rclpy_minimal_client/build
[2.138s] creating /home/jared/ros2_ws/build/examples_rclpy_minimal_client/build/lib
[2.138s] creating /home/jared/ros2_ws/build/examples_rclpy_minimal_client/build/lib/examples_rclpy_minimal_client
[2.138s] copying examples_rclpy_minimal_client/client.py -> /home/jared/ros2_ws/build/examples_rclpy_minimal_client/build/lib/examples_rclpy_minimal_client
[2.138s] copying examples_rclpy_minimal_client/__init__.py -> /home/jared/ros2_ws/build/examples_rclpy_minimal_client/build/lib/examples_rclpy_minimal_client
[2.138s] copying examples_rclpy_minimal_client/client_async_member_function.py -> /home/jared/ros2_ws/build/examples_rclpy_minimal_client/build/lib/examples_rclpy_minimal_client
[2.138s] copying examples_rclpy_minimal_client/client_async_callback.py -> /home/jared/ros2_ws/build/examples_rclpy_minimal_client/build/lib/examples_rclpy_minimal_client
[2.139s] copying examples_rclpy_minimal_client/client_async.py -> /home/jared/ros2_ws/build/examples_rclpy_minimal_client/build/lib/examples_rclpy_minimal_client
[2.139s] running install
[2.139s] running install_lib
[2.139s] creating /home/jared/ros2_ws/install/examples_rclpy_minimal_client/lib/python3.10/site-packages/examples_rclpy_minimal_client
[2.139s] copying /home/jared/ros2_ws/build/examples_rclpy_minimal_client/build/lib/examples_rclpy_minimal_client/client.py -> /home/jared/ros2_ws/install/examples_rclpy_minimal_client/lib/python3.10/site-packages/examples_rclpy_minimal_client
[2.139s] copying /home/jared/ros2_ws/build/examples_rclpy_minimal_client/build/lib/examples_rclpy_minimal_client/__init__.py -> /home/jared/ros2_ws/install/examples_rclpy_minimal_client/lib/python3.10/site-packages/examples_rclpy_minimal_client
[2.139s] copying /home/jared/ros2_ws/build/examples_rclpy_minimal_client/build/lib/examples_rclpy_minimal_client/client_async_member_function.py -> /home/jared/ros2_ws/install/examples_rclpy_minimal_client/lib/python3.10/site-packages/examples_rclpy_minimal_client
[2.140s] copying /home/jared/ros2_ws/build/examples_rclpy_minimal_client/build/lib/examples_rclpy_minimal_client/client_async_callback.py -> /home/jared/ros2_ws/install/examples_rclpy_minimal_client/lib/python3.10/site-packages/examples_rclpy_minimal_client
[2.140s] copying /home/jared/ros2_ws/build/examples_rclpy_minimal_client/build/lib/examples_rclpy_minimal_client/client_async.py -> /home/jared/ros2_ws/install/examples_rclpy_minimal_client/lib/python3.10/site-packages/examples_rclpy_minimal_client
[2.140s] byte-compiling /home/jared/ros2_ws/install/examples_rclpy_minimal_client/lib/python3.10/site-packages/examples_rclpy_minimal_client/client.py to client.cpython-310.pyc
[2.140s] byte-compiling /home/jared/ros2_ws/install/examples_rclpy_minimal_client/lib/python3.10/site-packages/examples_rclpy_minimal_client/__init__.py to __init__.cpython-310.pyc
[2.140s] byte-compiling /home/jared/ros2_ws/install/examples_rclpy_minimal_client/lib/python3.10/site-packages/examples_rclpy_minimal_client/client_async_member_function.py to client_async_member_function.cpython-310.pyc
[2.140s] byte-compiling /home/jared/ros2_ws/install/examples_rclpy_minimal_client/lib/python3.10/site-packages/examples_rclpy_minimal_client/client_async_callback.py to client_async_callback.cpython-310.pyc
[2.140s] byte-compiling /home/jared/ros2_ws/install/examples_rclpy_minimal_client/lib/python3.10/site-packages/examples_rclpy_minimal_client/client_async.py to client_async.cpython-310.pyc
[2.140s] running install_data
[2.140s] copying resource/examples_rclpy_minimal_client -> /home/jared/ros2_ws/install/examples_rclpy_minimal_client/share/ament_index/resource_index/packages
[2.140s] copying package.xml -> /home/jared/ros2_ws/install/examples_rclpy_minimal_client/share/examples_rclpy_minimal_client
[2.140s] running install_egg_info
[2.142s] Copying ../../../../../build/examples_rclpy_minimal_client/examples_rclpy_minimal_client.egg-info to /home/jared/ros2_ws/install/examples_rclpy_minimal_client/lib/python3.10/site-packages/examples_rclpy_minimal_client-0.15.1-py3.10.egg-info
[2.142s] running install_scripts
[2.160s] Installing client script to /home/jared/ros2_ws/install/examples_rclpy_minimal_client/lib/examples_rclpy_minimal_client
[2.160s] Installing client_async script to /home/jared/ros2_ws/install/examples_rclpy_minimal_client/lib/examples_rclpy_minimal_client
[2.160s] Installing client_async_callback script to /home/jared/ros2_ws/install/examples_rclpy_minimal_client/lib/examples_rclpy_minimal_client
[2.160s] Installing client_async_member_function script to /home/jared/ros2_ws/install/examples_rclpy_minimal_client/lib/examples_rclpy_minimal_client
[2.161s] writing list of installed files to '/home/jared/ros2_ws/build/examples_rclpy_minimal_client/install.log'
[2.188s] Invoked command in '/home/jared/ros2_ws/src/examples/rclpy/services/minimal_client' returned '0': PYTHONPATH=/home/jared/ros2_ws/build/examples_rclpy_minimal_client/prefix_override:/home/jared/ros2_ws/install/examples_rclpy_minimal_client/lib/python3.10/site-packages:${PYTHONPATH} /usr/bin/python3 -W ignore:setup.py install is deprecated setup.py egg_info --egg-base ../../../../../build/examples_rclpy_minimal_client build --build-base /home/jared/ros2_ws/build/examples_rclpy_minimal_client/build install --record /home/jared/ros2_ws/build/examples_rclpy_minimal_client/install.log --single-version-externally-managed install_data --force
