[0.440s] Invoking command in '/home/jared/ros2_ws/build/unity': PYTHONPATH=/home/jared/ros2_ws/build/unity/prefix_override:/home/jared/ros2_ws/install/unity/lib/python3.10/site-packages:${PYTHONPATH} /usr/bin/python3 -W ignore:setup.py install is deprecated setup.py develop --editable --build-directory /home/jared/ros2_ws/build/unity/build --no-deps symlink_data
[0.633s] running develop
[0.634s] /usr/lib/python3/dist-packages/setuptools/command/easy_install.py:158: EasyInstallDeprecationWarning: easy_install command is deprecated. Use build and pip and other standards-based tools.
[0.634s]   warnings.warn(
[0.753s] running egg_info
[0.753s] writing unity.egg-info/PKG-INFO
[0.753s] writing dependency_links to unity.egg-info/dependency_links.txt
[0.753s] writing entry points to unity.egg-info/entry_points.txt
[0.753s] writing requirements to unity.egg-info/requires.txt
[0.753s] writing top-level names to unity.egg-info/top_level.txt
[0.755s] reading manifest file 'unity.egg-info/SOURCES.txt'
[0.755s] writing manifest file 'unity.egg-info/SOURCES.txt'
[0.783s] running build_ext
[0.783s] Creating /home/jared/ros2_ws/install/unity/lib/python3.10/site-packages/unity.egg-link (link to .)
[0.784s] Installing camera_to_laser script to /home/jared/ros2_ws/install/unity/lib/unity
[0.784s] Installing differential_odom script to /home/jared/ros2_ws/install/unity/lib/unity
[0.784s] Installing drive_publisher script to /home/jared/ros2_ws/install/unity/lib/unity
[0.784s] Installing image_subscriber script to /home/jared/ros2_ws/install/unity/lib/unity
[0.784s] Installing imu_odometry script to /home/jared/ros2_ws/install/unity/lib/unity
[0.784s] Installing mask_subscriber script to /home/jared/ros2_ws/install/unity/lib/unity
[0.785s] Installing move_publisher script to /home/jared/ros2_ws/install/unity/lib/unity
[0.785s] Installing pointcloud_to_laser script to /home/jared/ros2_ws/install/unity/lib/unity
[0.785s] 
[0.785s] Installed /home/jared/ros2_ws/build/unity
[0.785s] running symlink_data
[0.804s] Invoked command in '/home/jared/ros2_ws/build/unity' returned '0': PYTHONPATH=/home/jared/ros2_ws/build/unity/prefix_override:/home/jared/ros2_ws/install/unity/lib/python3.10/site-packages:${PYTHONPATH} /usr/bin/python3 -W ignore:setup.py install is deprecated setup.py develop --editable --build-directory /home/jared/ros2_ws/build/unity/build --no-deps symlink_data
