[1.994s] Invoking command in '/home/jared/ros2_ws/build/examples_rclpy_minimal_publisher': PYTHONPATH=/home/jared/ros2_ws/build/examples_rclpy_minimal_publisher/prefix_override:/home/jared/ros2_ws/install/examples_rclpy_minimal_publisher/lib/python3.10/site-packages:${PYTHONPATH} /usr/bin/python3 -W ignore:setup.py install is deprecated setup.py develop --editable --build-directory /home/jared/ros2_ws/build/examples_rclpy_minimal_publisher/build --no-deps symlink_data --force
[2.312s] running develop
[2.312s] /usr/lib/python3/dist-packages/setuptools/command/easy_install.py:158: EasyInstallDeprecationWarning: easy_install command is deprecated. Use build and pip and other standards-based tools.
[2.312s]   warnings.warn(
[2.509s] running egg_info
[2.509s] writing examples_rclpy_minimal_publisher.egg-info/PKG-INFO
[2.509s] writing dependency_links to examples_rclpy_minimal_publisher.egg-info/dependency_links.txt
[2.509s] writing entry points to examples_rclpy_minimal_publisher.egg-info/entry_points.txt
[2.510s] writing requirements to examples_rclpy_minimal_publisher.egg-info/requires.txt
[2.510s] writing top-level names to examples_rclpy_minimal_publisher.egg-info/top_level.txt
[2.512s] reading manifest file 'examples_rclpy_minimal_publisher.egg-info/SOURCES.txt'
[2.513s] writing manifest file 'examples_rclpy_minimal_publisher.egg-info/SOURCES.txt'
[2.514s] running build_ext
[2.514s] Creating /home/jared/ros2_ws/install/examples_rclpy_minimal_publisher/lib/python3.10/site-packages/examples-rclpy-minimal-publisher.egg-link (link to .)
[2.515s] Installing publisher_local_function script to /home/jared/ros2_ws/install/examples_rclpy_minimal_publisher/lib/examples_rclpy_minimal_publisher
[2.516s] Installing publisher_member_function script to /home/jared/ros2_ws/install/examples_rclpy_minimal_publisher/lib/examples_rclpy_minimal_publisher
[2.516s] Installing publisher_old_school script to /home/jared/ros2_ws/install/examples_rclpy_minimal_publisher/lib/examples_rclpy_minimal_publisher
[2.516s] 
[2.516s] Installed /home/jared/ros2_ws/build/examples_rclpy_minimal_publisher
[2.516s] running symlink_data
[2.516s] symbolically linking /home/jared/ros2_ws/build/examples_rclpy_minimal_publisher/resource/examples_rclpy_minimal_publisher -> /home/jared/ros2_ws/install/examples_rclpy_minimal_publisher/share/ament_index/resource_index/packages
[2.516s] symbolically linking /home/jared/ros2_ws/build/examples_rclpy_minimal_publisher/package.xml -> /home/jared/ros2_ws/install/examples_rclpy_minimal_publisher/share/examples_rclpy_minimal_publisher
[2.555s] Invoked command in '/home/jared/ros2_ws/build/examples_rclpy_minimal_publisher' returned '0': PYTHONPATH=/home/jared/ros2_ws/build/examples_rclpy_minimal_publisher/prefix_override:/home/jared/ros2_ws/install/examples_rclpy_minimal_publisher/lib/python3.10/site-packages:${PYTHONPATH} /usr/bin/python3 -W ignore:setup.py install is deprecated setup.py develop --editable --build-directory /home/jared/ros2_ws/build/examples_rclpy_minimal_publisher/build --no-deps symlink_data --force
