[6.666s] Invoking command in '/home/jared/ros2_ws/build/examples_rclpy_minimal_publisher': PYTHONPATH=/home/jared/ros2_ws/build/examples_rclpy_minimal_publisher/prefix_override:/home/jared/ros2_ws/install/examples_rclpy_minimal_publisher/lib/python3.10/site-packages:${PYTHONPATH} /usr/bin/python3 -W ignore:setup.py install is deprecated setup.py develop --editable --build-directory /home/jared/ros2_ws/build/examples_rclpy_minimal_publisher/build --no-deps symlink_data
[14.011s] running develop
[14.011s] running egg_info
[14.011s] creating examples_rclpy_minimal_publisher.egg-info
[14.011s] writing examples_rclpy_minimal_publisher.egg-info/PKG-INFO
[14.011s] writing dependency_links to examples_rclpy_minimal_publisher.egg-info/dependency_links.txt
[14.012s] writing entry points to examples_rclpy_minimal_publisher.egg-info/entry_points.txt
[14.012s] writing requirements to examples_rclpy_minimal_publisher.egg-info/requires.txt
[14.012s] writing top-level names to examples_rclpy_minimal_publisher.egg-info/top_level.txt
[14.012s] writing manifest file 'examples_rclpy_minimal_publisher.egg-info/SOURCES.txt'
[14.012s] reading manifest file 'examples_rclpy_minimal_publisher.egg-info/SOURCES.txt'
[14.012s] writing manifest file 'examples_rclpy_minimal_publisher.egg-info/SOURCES.txt'
[14.012s] running build_ext
[14.012s] Creating /home/jared/ros2_ws/install/examples_rclpy_minimal_publisher/lib/python3.10/site-packages/examples-rclpy-minimal-publisher.egg-link (link to .)
[14.012s] Installing publisher_local_function script to /home/jared/ros2_ws/install/examples_rclpy_minimal_publisher/lib/examples_rclpy_minimal_publisher
[14.012s] Installing publisher_member_function script to /home/jared/ros2_ws/install/examples_rclpy_minimal_publisher/lib/examples_rclpy_minimal_publisher
[14.012s] Installing publisher_old_school script to /home/jared/ros2_ws/install/examples_rclpy_minimal_publisher/lib/examples_rclpy_minimal_publisher
[14.013s] 
[14.013s] Installed /home/jared/ros2_ws/build/examples_rclpy_minimal_publisher
[14.013s] running symlink_data
[14.013s] creating /home/jared/ros2_ws/install/examples_rclpy_minimal_publisher/share/ament_index
[14.013s] creating /home/jared/ros2_ws/install/examples_rclpy_minimal_publisher/share/ament_index/resource_index
[14.013s] creating /home/jared/ros2_ws/install/examples_rclpy_minimal_publisher/share/ament_index/resource_index/packages
[14.013s] symbolically linking /home/jared/ros2_ws/build/examples_rclpy_minimal_publisher/resource/examples_rclpy_minimal_publisher -> /home/jared/ros2_ws/install/examples_rclpy_minimal_publisher/share/ament_index/resource_index/packages
[14.013s] symbolically linking /home/jared/ros2_ws/build/examples_rclpy_minimal_publisher/package.xml -> /home/jared/ros2_ws/install/examples_rclpy_minimal_publisher/share/examples_rclpy_minimal_publisher
[14.013s] /usr/lib/python3/dist-packages/setuptools/command/easy_install.py:158: EasyInstallDeprecationWarning: easy_install command is deprecated. Use build and pip and other standards-based tools.
[14.013s]   warnings.warn(
[14.044s] Invoked command in '/home/jared/ros2_ws/build/examples_rclpy_minimal_publisher' returned '0': PYTHONPATH=/home/jared/ros2_ws/build/examples_rclpy_minimal_publisher/prefix_override:/home/jared/ros2_ws/install/examples_rclpy_minimal_publisher/lib/python3.10/site-packages:${PYTHONPATH} /usr/bin/python3 -W ignore:setup.py install is deprecated setup.py develop --editable --build-directory /home/jared/ros2_ws/build/examples_rclpy_minimal_publisher/build --no-deps symlink_data
