[2.762s] Invoking command in '/home/jared/ros2_ws/src/examples/rclpy/topics/minimal_publisher': PYTHONPATH=/home/jared/ros2_ws/build/examples_rclpy_minimal_publisher/prefix_override:/home/jared/ros2_ws/install/examples_rclpy_minimal_publisher/lib/python3.10/site-packages:${PYTHONPATH} /usr/bin/python3 -W ignore:setup.py install is deprecated setup.py egg_info --egg-base ../../../../../build/examples_rclpy_minimal_publisher build --build-base /home/jared/ros2_ws/build/examples_rclpy_minimal_publisher/build install --record /home/jared/ros2_ws/build/examples_rclpy_minimal_publisher/install.log --single-version-externally-managed install_data
[3.074s] running egg_info
[3.075s] writing ../../../../../build/examples_rclpy_minimal_publisher/examples_rclpy_minimal_publisher.egg-info/PKG-INFO
[3.075s] writing dependency_links to ../../../../../build/examples_rclpy_minimal_publisher/examples_rclpy_minimal_publisher.egg-info/dependency_links.txt
[3.076s] writing entry points to ../../../../../build/examples_rclpy_minimal_publisher/examples_rclpy_minimal_publisher.egg-info/entry_points.txt
[3.076s] writing requirements to ../../../../../build/examples_rclpy_minimal_publisher/examples_rclpy_minimal_publisher.egg-info/requires.txt
[3.076s] writing top-level names to ../../../../../build/examples_rclpy_minimal_publisher/examples_rclpy_minimal_publisher.egg-info/top_level.txt
[3.078s] reading manifest file '../../../../../build/examples_rclpy_minimal_publisher/examples_rclpy_minimal_publisher.egg-info/SOURCES.txt'
[3.079s] writing manifest file '../../../../../build/examples_rclpy_minimal_publisher/examples_rclpy_minimal_publisher.egg-info/SOURCES.txt'
[3.079s] running build
[3.079s] running build_py
[3.080s] running install
[3.080s] running install_lib
[3.082s] running install_data
[3.082s] running install_egg_info
[3.084s] removing '/home/jared/ros2_ws/install/examples_rclpy_minimal_publisher/lib/python3.10/site-packages/examples_rclpy_minimal_publisher-0.15.1-py3.10.egg-info' (and everything under it)
[3.085s] Copying ../../../../../build/examples_rclpy_minimal_publisher/examples_rclpy_minimal_publisher.egg-info to /home/jared/ros2_ws/install/examples_rclpy_minimal_publisher/lib/python3.10/site-packages/examples_rclpy_minimal_publisher-0.15.1-py3.10.egg-info
[3.086s] running install_scripts
[3.109s] Installing publisher_local_function script to /home/jared/ros2_ws/install/examples_rclpy_minimal_publisher/lib/examples_rclpy_minimal_publisher
[3.109s] Installing publisher_member_function script to /home/jared/ros2_ws/install/examples_rclpy_minimal_publisher/lib/examples_rclpy_minimal_publisher
[3.109s] Installing publisher_old_school script to /home/jared/ros2_ws/install/examples_rclpy_minimal_publisher/lib/examples_rclpy_minimal_publisher
[3.110s] writing list of installed files to '/home/jared/ros2_ws/build/examples_rclpy_minimal_publisher/install.log'
[3.143s] Invoked command in '/home/jared/ros2_ws/src/examples/rclpy/topics/minimal_publisher' returned '0': PYTHONPATH=/home/jared/ros2_ws/build/examples_rclpy_minimal_publisher/prefix_override:/home/jared/ros2_ws/install/examples_rclpy_minimal_publisher/lib/python3.10/site-packages:${PYTHONPATH} /usr/bin/python3 -W ignore:setup.py install is deprecated setup.py egg_info --egg-base ../../../../../build/examples_rclpy_minimal_publisher build --build-base /home/jared/ros2_ws/build/examples_rclpy_minimal_publisher/build install --record /home/jared/ros2_ws/build/examples_rclpy_minimal_publisher/install.log --single-version-externally-managed install_data
