[1.620s] Invoking command in '/home/jared/ros2_ws/build/examples_rclpy_minimal_action_server': PYTHONPATH=/home/jared/ros2_ws/build/examples_rclpy_minimal_action_server/prefix_override:/home/jared/ros2_ws/install/examples_rclpy_minimal_action_server/lib/python3.10/site-packages:${PYTHONPATH} /usr/bin/python3 -W ignore:setup.py install is deprecated setup.py develop --editable --build-directory /home/jared/ros2_ws/build/examples_rclpy_minimal_action_server/build --no-deps symlink_data
[2.615s] running develop
[2.615s] /usr/lib/python3/dist-packages/setuptools/command/easy_install.py:158: EasyInstallDeprecationWarning: easy_install command is deprecated. Use build and pip and other standards-based tools.
[2.615s]   warnings.warn(
[3.617s] running egg_info
[3.617s] creating examples_rclpy_minimal_action_server.egg-info
[3.637s] writing examples_rclpy_minimal_action_server.egg-info/PKG-INFO
[3.638s] writing dependency_links to examples_rclpy_minimal_action_server.egg-info/dependency_links.txt
[3.638s] writing entry points to examples_rclpy_minimal_action_server.egg-info/entry_points.txt
[3.638s] writing requirements to examples_rclpy_minimal_action_server.egg-info/requires.txt
[3.638s] writing top-level names to examples_rclpy_minimal_action_server.egg-info/top_level.txt
[3.638s] writing manifest file 'examples_rclpy_minimal_action_server.egg-info/SOURCES.txt'
[3.649s] reading manifest file 'examples_rclpy_minimal_action_server.egg-info/SOURCES.txt'
[3.649s] writing manifest file 'examples_rclpy_minimal_action_server.egg-info/SOURCES.txt'
[3.651s] running build_ext
[3.651s] Creating /home/jared/ros2_ws/install/examples_rclpy_minimal_action_server/lib/python3.10/site-packages/examples-rclpy-minimal-action-server.egg-link (link to .)
[3.652s] Installing server script to /home/jared/ros2_ws/install/examples_rclpy_minimal_action_server/lib/examples_rclpy_minimal_action_server
[3.653s] Installing server_defer script to /home/jared/ros2_ws/install/examples_rclpy_minimal_action_server/lib/examples_rclpy_minimal_action_server
[3.674s] Installing server_not_composable script to /home/jared/ros2_ws/install/examples_rclpy_minimal_action_server/lib/examples_rclpy_minimal_action_server
[3.674s] Installing server_queue_goals script to /home/jared/ros2_ws/install/examples_rclpy_minimal_action_server/lib/examples_rclpy_minimal_action_server
[3.674s] Installing server_single_goal script to /home/jared/ros2_ws/install/examples_rclpy_minimal_action_server/lib/examples_rclpy_minimal_action_server
[3.674s] 
[3.674s] Installed /home/jared/ros2_ws/build/examples_rclpy_minimal_action_server
[3.675s] running symlink_data
[3.675s] creating /home/jared/ros2_ws/install/examples_rclpy_minimal_action_server/share/ament_index
[3.675s] creating /home/jared/ros2_ws/install/examples_rclpy_minimal_action_server/share/ament_index/resource_index
[3.675s] creating /home/jared/ros2_ws/install/examples_rclpy_minimal_action_server/share/ament_index/resource_index/packages
[3.675s] symbolically linking /home/jared/ros2_ws/build/examples_rclpy_minimal_action_server/resource/examples_rclpy_minimal_action_server -> /home/jared/ros2_ws/install/examples_rclpy_minimal_action_server/share/ament_index/resource_index/packages
[3.675s] symbolically linking /home/jared/ros2_ws/build/examples_rclpy_minimal_action_server/package.xml -> /home/jared/ros2_ws/install/examples_rclpy_minimal_action_server/share/examples_rclpy_minimal_action_server
[5.516s] Invoked command in '/home/jared/ros2_ws/build/examples_rclpy_minimal_action_server' returned '0': PYTHONPATH=/home/jared/ros2_ws/build/examples_rclpy_minimal_action_server/prefix_override:/home/jared/ros2_ws/install/examples_rclpy_minimal_action_server/lib/python3.10/site-packages:${PYTHONPATH} /usr/bin/python3 -W ignore:setup.py install is deprecated setup.py develop --editable --build-directory /home/jared/ros2_ws/build/examples_rclpy_minimal_action_server/build --no-deps symlink_data
