[0.510s] Invoking command in '/home/jared/ros2_ws/build/unity': PYTHONPATH=/home/jared/ros2_ws/build/unity/prefix_override:/home/jared/ros2_ws/install/unity/lib/python3.10/site-packages:${PYTHONPATH} /usr/bin/python3 -W ignore:setup.py install is deprecated setup.py develop --uninstall --editable --build-directory /home/jared/ros2_ws/build/unity/build
[0.737s] running develop
[0.737s] /usr/lib/python3/dist-packages/setuptools/command/easy_install.py:158: EasyInstallDeprecationWarning: easy_install command is deprecated. Use build and pip and other standards-based tools.
[0.737s]   warnings.warn(
[0.884s] Removing /home/jared/ros2_ws/install/unity/lib/python3.10/site-packages/unity.egg-link (link to .)
[0.903s] Invoked command in '/home/jared/ros2_ws/build/unity' returned '0': PYTHONPATH=/home/jared/ros2_ws/build/unity/prefix_override:/home/jared/ros2_ws/install/unity/lib/python3.10/site-packages:${PYTHONPATH} /usr/bin/python3 -W ignore:setup.py install is deprecated setup.py develop --uninstall --editable --build-directory /home/jared/ros2_ws/build/unity/build
[0.904s] Invoking command in '/home/jared/ros2_ws/src/unity': PYTHONPATH=/home/jared/ros2_ws/build/unity/prefix_override:/home/jared/ros2_ws/install/unity/lib/python3.10/site-packages:${PYTHONPATH} /usr/bin/python3 -W ignore:setup.py install is deprecated setup.py egg_info --egg-base ../../build/unity build --build-base /home/jared/ros2_ws/build/unity/build install --record /home/jared/ros2_ws/build/unity/install.log --single-version-externally-managed install_data --force
[1.122s] running egg_info
[1.122s] writing ../../build/unity/unity.egg-info/PKG-INFO
[1.122s] writing dependency_links to ../../build/unity/unity.egg-info/dependency_links.txt
[1.122s] writing entry points to ../../build/unity/unity.egg-info/entry_points.txt
[1.122s] writing requirements to ../../build/unity/unity.egg-info/requires.txt
[1.122s] writing top-level names to ../../build/unity/unity.egg-info/top_level.txt
[1.124s] reading manifest file '../../build/unity/unity.egg-info/SOURCES.txt'
[1.124s] adding license file 'LICENSE'
[1.124s] writing manifest file '../../build/unity/unity.egg-info/SOURCES.txt'
[1.124s] running build
[1.124s] running build_py
[1.125s] copying unity/calibration.py -> /home/jared/ros2_ws/build/unity/build/lib/unity
[1.125s] copying unity/mask_subscriber.py -> /home/jared/ros2_ws/build/unity/build/lib/unity
[1.125s] copying unity/image_subscriber.py -> /home/jared/ros2_ws/build/unity/build/lib/unity
[1.125s] running install
[1.125s] running install_lib
[1.126s] creating /home/jared/ros2_ws/install/unity/lib/python3.10/site-packages/unity
[1.126s] copying /home/jared/ros2_ws/build/unity/build/lib/unity/__init__.py -> /home/jared/ros2_ws/install/unity/lib/python3.10/site-packages/unity
[1.126s] copying /home/jared/ros2_ws/build/unity/build/lib/unity/drive_publisher.py -> /home/jared/ros2_ws/install/unity/lib/python3.10/site-packages/unity
[1.126s] copying /home/jared/ros2_ws/build/unity/build/lib/unity/calibration.py -> /home/jared/ros2_ws/install/unity/lib/python3.10/site-packages/unity
[1.126s] copying /home/jared/ros2_ws/build/unity/build/lib/unity/mask_subscriber.py -> /home/jared/ros2_ws/install/unity/lib/python3.10/site-packages/unity
[1.126s] copying /home/jared/ros2_ws/build/unity/build/lib/unity/move_publisher.py -> /home/jared/ros2_ws/install/unity/lib/python3.10/site-packages/unity
[1.126s] copying /home/jared/ros2_ws/build/unity/build/lib/unity/image_subscriber.py -> /home/jared/ros2_ws/install/unity/lib/python3.10/site-packages/unity
[1.127s] byte-compiling /home/jared/ros2_ws/install/unity/lib/python3.10/site-packages/unity/__init__.py to __init__.cpython-310.pyc
[1.127s] byte-compiling /home/jared/ros2_ws/install/unity/lib/python3.10/site-packages/unity/drive_publisher.py to drive_publisher.cpython-310.pyc
[1.128s] byte-compiling /home/jared/ros2_ws/install/unity/lib/python3.10/site-packages/unity/calibration.py to calibration.cpython-310.pyc
[1.128s] byte-compiling /home/jared/ros2_ws/install/unity/lib/python3.10/site-packages/unity/mask_subscriber.py to mask_subscriber.cpython-310.pyc
[1.128s] byte-compiling /home/jared/ros2_ws/install/unity/lib/python3.10/site-packages/unity/move_publisher.py to move_publisher.cpython-310.pyc
[1.129s] byte-compiling /home/jared/ros2_ws/install/unity/lib/python3.10/site-packages/unity/image_subscriber.py to image_subscriber.cpython-310.pyc
[1.130s] running install_data
[1.130s] copying resource/unity -> /home/jared/ros2_ws/install/unity/share/ament_index/resource_index/packages
[1.130s] copying package.xml -> /home/jared/ros2_ws/install/unity/share/unity
[1.130s] running install_egg_info
[1.131s] Copying ../../build/unity/unity.egg-info to /home/jared/ros2_ws/install/unity/lib/python3.10/site-packages/unity-0.0.0-py3.10.egg-info
[1.132s] running install_scripts
[1.148s] Installing drive_publisher script to /home/jared/ros2_ws/install/unity/lib/unity
[1.149s] Installing image_subscriber script to /home/jared/ros2_ws/install/unity/lib/unity
[1.149s] Installing mask_subscriber script to /home/jared/ros2_ws/install/unity/lib/unity
[1.149s] Installing move_publisher script to /home/jared/ros2_ws/install/unity/lib/unity
[1.149s] writing list of installed files to '/home/jared/ros2_ws/build/unity/install.log'
[1.164s] Invoked command in '/home/jared/ros2_ws/src/unity' returned '0': PYTHONPATH=/home/jared/ros2_ws/build/unity/prefix_override:/home/jared/ros2_ws/install/unity/lib/python3.10/site-packages:${PYTHONPATH} /usr/bin/python3 -W ignore:setup.py install is deprecated setup.py egg_info --egg-base ../../build/unity build --build-base /home/jared/ros2_ws/build/unity/build install --record /home/jared/ros2_ws/build/unity/install.log --single-version-externally-managed install_data --force
