[0.055s] Invoking command in '/home/jared/ros2_ws/build/examples_rclcpp_minimal_publisher': CMAKE_PREFIX_PATH=${CMAKE_PREFIX_PATH}:/home/jared/ros2_ws/install/unity_robotics_demo:/home/jared/ros2_ws/install/unity:/home/jared/ros2_ws/install/ros_tcp_endpoint:/home/jared/ros2_ws/install/my_package:/home/jared/ros2_ws/install/launch_testing_examples:/home/jared/ros2_ws/install/examples_rclpy_pointcloud_publisher:/home/jared/ros2_ws/install/examples_rclpy_minimal_subscriber:/home/jared/ros2_ws/install/examples_rclpy_minimal_service:/home/jared/ros2_ws/install/examples_rclpy_minimal_publisher:/home/jared/ros2_ws/install/examples_rclpy_minimal_client:/home/jared/ros2_ws/install/examples_rclpy_minimal_action_server:/home/jared/ros2_ws/install/examples_rclpy_minimal_action_client:/home/jared/ros2_ws/install/examples_rclpy_guard_conditions:/home/jared/ros2_ws/install/examples_rclpy_executors:/opt/ros/humble /usr/bin/cmake --build /home/jared/ros2_ws/build/examples_rclcpp_minimal_publisher -- -j16 -l16
[0.914s] [ 16%] Built target publisher_member_function
[0.914s] [ 33%] Built target publisher_member_function_with_type_adapter
[0.914s] [ 50%] Built target publisher_lambda
[0.915s] [ 66%] Built target publisher_wait_for_all_acked
[0.915s] [ 83%] Built target publisher_not_composable
[0.915s] [100%] Built target publisher_member_function_with_unique_network_flow_endpoints
[0.927s] Invoked command in '/home/jared/ros2_ws/build/examples_rclcpp_minimal_publisher' returned '0': CMAKE_PREFIX_PATH=${CMAKE_PREFIX_PATH}:/home/jared/ros2_ws/install/unity_robotics_demo:/home/jared/ros2_ws/install/unity:/home/jared/ros2_ws/install/ros_tcp_endpoint:/home/jared/ros2_ws/install/my_package:/home/jared/ros2_ws/install/launch_testing_examples:/home/jared/ros2_ws/install/examples_rclpy_pointcloud_publisher:/home/jared/ros2_ws/install/examples_rclpy_minimal_subscriber:/home/jared/ros2_ws/install/examples_rclpy_minimal_service:/home/jared/ros2_ws/install/examples_rclpy_minimal_publisher:/home/jared/ros2_ws/install/examples_rclpy_minimal_client:/home/jared/ros2_ws/install/examples_rclpy_minimal_action_server:/home/jared/ros2_ws/install/examples_rclpy_minimal_action_client:/home/jared/ros2_ws/install/examples_rclpy_guard_conditions:/home/jared/ros2_ws/install/examples_rclpy_executors:/opt/ros/humble /usr/bin/cmake --build /home/jared/ros2_ws/build/examples_rclcpp_minimal_publisher -- -j16 -l16
[0.984s] Invoking command in '/home/jared/ros2_ws/build/examples_rclcpp_minimal_publisher': CMAKE_PREFIX_PATH=${CMAKE_PREFIX_PATH}:/home/jared/ros2_ws/install/unity_robotics_demo:/home/jared/ros2_ws/install/unity:/home/jared/ros2_ws/install/ros_tcp_endpoint:/home/jared/ros2_ws/install/my_package:/home/jared/ros2_ws/install/launch_testing_examples:/home/jared/ros2_ws/install/examples_rclpy_pointcloud_publisher:/home/jared/ros2_ws/install/examples_rclpy_minimal_subscriber:/home/jared/ros2_ws/install/examples_rclpy_minimal_service:/home/jared/ros2_ws/install/examples_rclpy_minimal_publisher:/home/jared/ros2_ws/install/examples_rclpy_minimal_client:/home/jared/ros2_ws/install/examples_rclpy_minimal_action_server:/home/jared/ros2_ws/install/examples_rclpy_minimal_action_client:/home/jared/ros2_ws/install/examples_rclpy_guard_conditions:/home/jared/ros2_ws/install/examples_rclpy_executors:/opt/ros/humble /usr/bin/cmake --install /home/jared/ros2_ws/build/examples_rclcpp_minimal_publisher
[0.997s] -- Install configuration: ""
[0.998s] -- Execute custom install script
[0.998s] -- Up-to-date symlink: /home/jared/ros2_ws/install/examples_rclcpp_minimal_publisher/lib/examples_rclcpp_minimal_publisher/publisher_lambda
[0.998s] -- Up-to-date symlink: /home/jared/ros2_ws/install/examples_rclcpp_minimal_publisher/lib/examples_rclcpp_minimal_publisher/publisher_member_function
[0.998s] -- Up-to-date symlink: /home/jared/ros2_ws/install/examples_rclcpp_minimal_publisher/lib/examples_rclcpp_minimal_publisher/publisher_member_function_with_type_adapter
[0.998s] -- Up-to-date symlink: /home/jared/ros2_ws/install/examples_rclcpp_minimal_publisher/lib/examples_rclcpp_minimal_publisher/publisher_member_function_with_unique_network_flow_endpoints
[0.998s] -- Up-to-date symlink: /home/jared/ros2_ws/install/examples_rclcpp_minimal_publisher/lib/examples_rclcpp_minimal_publisher/publisher_wait_for_all_acked
[0.999s] -- Up-to-date symlink: /home/jared/ros2_ws/install/examples_rclcpp_minimal_publisher/lib/examples_rclcpp_minimal_publisher/publisher_not_composable
[0.999s] -- Up-to-date symlink: /home/jared/ros2_ws/install/examples_rclcpp_minimal_publisher/share/ament_index/resource_index/package_run_dependencies/examples_rclcpp_minimal_publisher
[1.000s] -- Up-to-date symlink: /home/jared/ros2_ws/install/examples_rclcpp_minimal_publisher/share/ament_index/resource_index/parent_prefix_path/examples_rclcpp_minimal_publisher
[1.000s] -- Up-to-date symlink: /home/jared/ros2_ws/install/examples_rclcpp_minimal_publisher/share/examples_rclcpp_minimal_publisher/environment/ament_prefix_path.sh
[1.001s] -- Up-to-date symlink: /home/jared/ros2_ws/install/examples_rclcpp_minimal_publisher/share/examples_rclcpp_minimal_publisher/environment/ament_prefix_path.dsv
[1.002s] -- Up-to-date symlink: /home/jared/ros2_ws/install/examples_rclcpp_minimal_publisher/share/examples_rclcpp_minimal_publisher/environment/path.sh
[1.002s] -- Up-to-date symlink: /home/jared/ros2_ws/install/examples_rclcpp_minimal_publisher/share/examples_rclcpp_minimal_publisher/environment/path.dsv
[1.004s] -- Up-to-date symlink: /home/jared/ros2_ws/install/examples_rclcpp_minimal_publisher/share/examples_rclcpp_minimal_publisher/local_setup.bash
[1.004s] -- Up-to-date symlink: /home/jared/ros2_ws/install/examples_rclcpp_minimal_publisher/share/examples_rclcpp_minimal_publisher/local_setup.sh
[1.005s] -- Up-to-date symlink: /home/jared/ros2_ws/install/examples_rclcpp_minimal_publisher/share/examples_rclcpp_minimal_publisher/local_setup.zsh
[1.005s] -- Up-to-date symlink: /home/jared/ros2_ws/install/examples_rclcpp_minimal_publisher/share/examples_rclcpp_minimal_publisher/local_setup.dsv
[1.005s] -- Symlinking: /home/jared/ros2_ws/install/examples_rclcpp_minimal_publisher/share/examples_rclcpp_minimal_publisher/package.dsv
[1.008s] -- Up-to-date symlink: /home/jared/ros2_ws/install/examples_rclcpp_minimal_publisher/share/ament_index/resource_index/packages/examples_rclcpp_minimal_publisher
[1.009s] -- Up-to-date symlink: /home/jared/ros2_ws/install/examples_rclcpp_minimal_publisher/share/examples_rclcpp_minimal_publisher/cmake/examples_rclcpp_minimal_publisherConfig.cmake
[1.010s] -- Up-to-date symlink: /home/jared/ros2_ws/install/examples_rclcpp_minimal_publisher/share/examples_rclcpp_minimal_publisher/cmake/examples_rclcpp_minimal_publisherConfig-version.cmake
[1.010s] -- Up-to-date symlink: /home/jared/ros2_ws/install/examples_rclcpp_minimal_publisher/share/examples_rclcpp_minimal_publisher/package.xml
[1.051s] Invoked command in '/home/jared/ros2_ws/build/examples_rclcpp_minimal_publisher' returned '0': CMAKE_PREFIX_PATH=${CMAKE_PREFIX_PATH}:/home/jared/ros2_ws/install/unity_robotics_demo:/home/jared/ros2_ws/install/unity:/home/jared/ros2_ws/install/ros_tcp_endpoint:/home/jared/ros2_ws/install/my_package:/home/jared/ros2_ws/install/launch_testing_examples:/home/jared/ros2_ws/install/examples_rclpy_pointcloud_publisher:/home/jared/ros2_ws/install/examples_rclpy_minimal_subscriber:/home/jared/ros2_ws/install/examples_rclpy_minimal_service:/home/jared/ros2_ws/install/examples_rclpy_minimal_publisher:/home/jared/ros2_ws/install/examples_rclpy_minimal_client:/home/jared/ros2_ws/install/examples_rclpy_minimal_action_server:/home/jared/ros2_ws/install/examples_rclpy_minimal_action_client:/home/jared/ros2_ws/install/examples_rclpy_guard_conditions:/home/jared/ros2_ws/install/examples_rclpy_executors:/opt/ros/humble /usr/bin/cmake --install /home/jared/ros2_ws/build/examples_rclcpp_minimal_publisher
