[2.549s] Invoking command in '/home/jared/ros2_ws/build/examples_rclpy_minimal_client': PYTHONPATH=/home/jared/ros2_ws/build/examples_rclpy_minimal_client/prefix_override:/home/jared/ros2_ws/install/examples_rclpy_minimal_client/lib/python3.10/site-packages:${PYTHONPATH} /usr/bin/python3 -W ignore:setup.py install is deprecated setup.py develop --editable --build-directory /home/jared/ros2_ws/build/examples_rclpy_minimal_client/build --no-deps symlink_data --force
[2.917s] running develop
[2.918s] /usr/lib/python3/dist-packages/setuptools/command/easy_install.py:158: EasyInstallDeprecationWarning: easy_install command is deprecated. Use build and pip and other standards-based tools.
[2.918s]   warnings.warn(
[3.139s] running egg_info
[3.140s] writing examples_rclpy_minimal_client.egg-info/PKG-INFO
[3.140s] writing dependency_links to examples_rclpy_minimal_client.egg-info/dependency_links.txt
[3.140s] writing entry points to examples_rclpy_minimal_client.egg-info/entry_points.txt
[3.141s] writing requirements to examples_rclpy_minimal_client.egg-info/requires.txt
[3.141s] writing top-level names to examples_rclpy_minimal_client.egg-info/top_level.txt
[3.143s] reading manifest file 'examples_rclpy_minimal_client.egg-info/SOURCES.txt'
[3.144s] writing manifest file 'examples_rclpy_minimal_client.egg-info/SOURCES.txt'
[3.147s] running build_ext
[3.147s] Creating /home/jared/ros2_ws/install/examples_rclpy_minimal_client/lib/python3.10/site-packages/examples-rclpy-minimal-client.egg-link (link to .)
[3.148s] Installing client script to /home/jared/ros2_ws/install/examples_rclpy_minimal_client/lib/examples_rclpy_minimal_client
[3.148s] Installing client_async script to /home/jared/ros2_ws/install/examples_rclpy_minimal_client/lib/examples_rclpy_minimal_client
[3.148s] Installing client_async_callback script to /home/jared/ros2_ws/install/examples_rclpy_minimal_client/lib/examples_rclpy_minimal_client
[3.148s] Installing client_async_member_function script to /home/jared/ros2_ws/install/examples_rclpy_minimal_client/lib/examples_rclpy_minimal_client
[3.149s] 
[3.149s] Installed /home/jared/ros2_ws/build/examples_rclpy_minimal_client
[3.149s] running symlink_data
[3.149s] symbolically linking /home/jared/ros2_ws/build/examples_rclpy_minimal_client/resource/examples_rclpy_minimal_client -> /home/jared/ros2_ws/install/examples_rclpy_minimal_client/share/ament_index/resource_index/packages
[3.149s] symbolically linking /home/jared/ros2_ws/build/examples_rclpy_minimal_client/package.xml -> /home/jared/ros2_ws/install/examples_rclpy_minimal_client/share/examples_rclpy_minimal_client
[3.208s] Invoked command in '/home/jared/ros2_ws/build/examples_rclpy_minimal_client' returned '0': PYTHONPATH=/home/jared/ros2_ws/build/examples_rclpy_minimal_client/prefix_override:/home/jared/ros2_ws/install/examples_rclpy_minimal_client/lib/python3.10/site-packages:${PYTHONPATH} /usr/bin/python3 -W ignore:setup.py install is deprecated setup.py develop --editable --build-directory /home/jared/ros2_ws/build/examples_rclpy_minimal_client/build --no-deps symlink_data --force
