[0.673s] Invoking command in '/home/jared/ros2_ws/build/unity': PYTHONPATH=/home/jared/ros2_ws/build/unity/prefix_override:/home/jared/ros2_ws/install/unity/lib/python3.10/site-packages:${PYTHONPATH} /usr/bin/python3 -W ignore:setup.py install is deprecated setup.py develop --editable --build-directory /home/jared/ros2_ws/build/unity/build --no-deps symlink_data --force
[0.947s] running develop
[0.947s] /usr/lib/python3/dist-packages/setuptools/command/easy_install.py:158: EasyInstallDeprecationWarning: easy_install command is deprecated. Use build and pip and other standards-based tools.
[0.947s]   warnings.warn(
[1.114s] running egg_info
[1.115s] writing unity.egg-info/PKG-INFO
[1.115s] writing dependency_links to unity.egg-info/dependency_links.txt
[1.115s] writing entry points to unity.egg-info/entry_points.txt
[1.115s] writing requirements to unity.egg-info/requires.txt
[1.115s] writing top-level names to unity.egg-info/top_level.txt
[1.118s] reading manifest file 'unity.egg-info/SOURCES.txt'
[1.119s] writing manifest file 'unity.egg-info/SOURCES.txt'
[1.120s] running build_ext
[1.120s] Creating /home/jared/ros2_ws/install/unity/lib/python3.10/site-packages/unity.egg-link (link to .)
[1.121s] Installing drive_publisher script to /home/jared/ros2_ws/install/unity/lib/unity
[1.121s] Installing image_subscriber script to /home/jared/ros2_ws/install/unity/lib/unity
[1.121s] Installing imu_odometry script to /home/jared/ros2_ws/install/unity/lib/unity
[1.121s] Installing mask_subscriber script to /home/jared/ros2_ws/install/unity/lib/unity
[1.121s] Installing move_publisher script to /home/jared/ros2_ws/install/unity/lib/unity
[1.122s] 
[1.122s] Installed /home/jared/ros2_ws/build/unity
[1.122s] running symlink_data
[1.122s] symbolically linking /home/jared/ros2_ws/build/unity/resource/unity -> /home/jared/ros2_ws/install/unity/share/ament_index/resource_index/packages
[1.122s] symbolically linking /home/jared/ros2_ws/build/unity/package.xml -> /home/jared/ros2_ws/install/unity/share/unity
[1.122s] symbolically linking /home/jared/ros2_ws/build/unity/launch/slam_toolbox_launch.py -> /home/jared/ros2_ws/install/unity/share/unity/launch
[1.122s] symbolically linking /home/jared/ros2_ws/build/unity/launch/ekf_localization_launch.py -> /home/jared/ros2_ws/install/unity/share/unity/launch
[1.122s] symbolically linking /home/jared/ros2_ws/build/unity/config/ekf.yaml -> /home/jared/ros2_ws/install/unity/share/unity/config
[1.122s] symbolically linking /home/jared/ros2_ws/build/unity/config/slam_toolbox_params.yaml -> /home/jared/ros2_ws/install/unity/share/unity/config
[1.166s] Invoked command in '/home/jared/ros2_ws/build/unity' returned '0': PYTHONPATH=/home/jared/ros2_ws/build/unity/prefix_override:/home/jared/ros2_ws/install/unity/lib/python3.10/site-packages:${PYTHONPATH} /usr/bin/python3 -W ignore:setup.py install is deprecated setup.py develop --editable --build-directory /home/jared/ros2_ws/build/unity/build --no-deps symlink_data --force
