[0.068s] Invoking command in '/home/jared/ros2_ws/build/examples_rclcpp_cbg_executor': CMAKE_PREFIX_PATH=/opt/ros/humble /usr/bin/cmake /home/jared/ros2_ws/src/examples/rclcpp/executors/cbg_executor -DCMAKE_INSTALL_PREFIX=/home/jared/ros2_ws/install/examples_rclcpp_cbg_executor
[1.549s] -- Found ament_cmake: 1.3.9 (/opt/ros/humble/share/ament_cmake/cmake)
[1.549s] -- Override CMake install command with custom implementation using symlinks instead of copying resources
[1.549s] -- Found rclcpp: 16.0.9 (/opt/ros/humble/share/rclcpp/cmake)
[1.550s] -- Found rosidl_generator_c: 3.1.5 (/opt/ros/humble/share/rosidl_generator_c/cmake)
[1.551s] -- Found rosidl_adapter: 3.1.5 (/opt/ros/humble/share/rosidl_adapter/cmake)
[1.551s] -- Found rosidl_generator_cpp: 3.1.5 (/opt/ros/humble/share/rosidl_generator_cpp/cmake)
[1.552s] -- Using all available rosidl_typesupport_c: rosidl_typesupport_fastrtps_c;rosidl_typesupport_introspection_c
[1.552s] -- Using all available rosidl_typesupport_cpp: rosidl_typesupport_fastrtps_cpp;rosidl_typesupport_introspection_cpp
[1.552s] -- Found rmw_implementation_cmake: 6.1.2 (/opt/ros/humble/share/rmw_implementation_cmake/cmake)
[1.553s] -- Found rmw_cyclonedds_cpp: 1.3.4 (/opt/ros/humble/share/rmw_cyclonedds_cpp/cmake)
[1.553s] -- Using RMW implementation 'rmw_cyclonedds_cpp' as default
[1.553s] -- Found ament_lint_auto: 0.12.11 (/opt/ros/humble/share/ament_lint_auto/cmake)
[1.553s] -- Added test 'copyright' to check source files copyright and LICENSE
[1.553s] -- Added test 'cppcheck' to perform static code analysis on C / C++ code
[1.553s] -- Configured cppcheck include dirs: /home/jared/ros2_ws/src/examples/rclcpp/executors/cbg_executor/include
[1.554s] -- Configured cppcheck exclude dirs and/or files: 
[1.555s] -- Added test 'cpplint' to check C / C++ code against the Google style
[1.555s] -- Configured cpplint exclude dirs and/or files: 
[1.555s] -- Added test 'lint_cmake' to check CMake code style
[1.555s] -- Added test 'uncrustify' to check C / C++ code style
[1.556s] -- Configured uncrustify additional arguments: 
[1.557s] -- Added test 'xmllint' to check XML markup files
[1.557s] -- Configuring done
[1.557s] -- Generating done
[1.557s] -- Build files have been written to: /home/jared/ros2_ws/build/examples_rclcpp_cbg_executor
[1.602s] Invoked command in '/home/jared/ros2_ws/build/examples_rclcpp_cbg_executor' returned '0': CMAKE_PREFIX_PATH=/opt/ros/humble /usr/bin/cmake /home/jared/ros2_ws/src/examples/rclcpp/executors/cbg_executor -DCMAKE_INSTALL_PREFIX=/home/jared/ros2_ws/install/examples_rclcpp_cbg_executor
[1.602s] Invoking command in '/home/jared/ros2_ws/build/examples_rclcpp_cbg_executor': CMAKE_PREFIX_PATH=/opt/ros/humble /usr/bin/cmake --build /home/jared/ros2_ws/build/examples_rclcpp_cbg_executor -- -j16 -l16
[1.633s] [35m[1mConsolidate compiler generated dependencies of target ping[0m
[1.638s] [35m[1mConsolidate compiler generated dependencies of target ping_pong[0m
[1.650s] [35m[1mConsolidate compiler generated dependencies of target pong[0m
[1.730s] [ 30%] Built target ping
[1.791s] [ 60%] Built target pong
[1.800s] [100%] Built target ping_pong
[1.907s] Invoked command in '/home/jared/ros2_ws/build/examples_rclcpp_cbg_executor' returned '0': CMAKE_PREFIX_PATH=/opt/ros/humble /usr/bin/cmake --build /home/jared/ros2_ws/build/examples_rclcpp_cbg_executor -- -j16 -l16
[2.082s] Invoking command in '/home/jared/ros2_ws/build/examples_rclcpp_cbg_executor': CMAKE_PREFIX_PATH=/opt/ros/humble /usr/bin/cmake --install /home/jared/ros2_ws/build/examples_rclcpp_cbg_executor
[2.115s] -- Install configuration: ""
[2.115s] -- Execute custom install script
[2.115s] -- Up-to-date symlink: /home/jared/ros2_ws/install/examples_rclcpp_cbg_executor/lib/examples_rclcpp_cbg_executor/ping
[2.115s] -- Up-to-date symlink: /home/jared/ros2_ws/install/examples_rclcpp_cbg_executor/lib/examples_rclcpp_cbg_executor/pong
[2.116s] -- Up-to-date symlink: /home/jared/ros2_ws/install/examples_rclcpp_cbg_executor/lib/examples_rclcpp_cbg_executor/ping_pong
[2.116s] -- Up-to-date symlink: /home/jared/ros2_ws/install/examples_rclcpp_cbg_executor/include/examples_rclcpp_cbg_executor/ping_node.hpp
[2.116s] -- Up-to-date symlink: /home/jared/ros2_ws/install/examples_rclcpp_cbg_executor/include/examples_rclcpp_cbg_executor/pong_node.hpp
[2.116s] -- Up-to-date symlink: /home/jared/ros2_ws/install/examples_rclcpp_cbg_executor/share/ament_index/resource_index/package_run_dependencies/examples_rclcpp_cbg_executor
[2.116s] -- Up-to-date symlink: /home/jared/ros2_ws/install/examples_rclcpp_cbg_executor/share/ament_index/resource_index/parent_prefix_path/examples_rclcpp_cbg_executor
[2.116s] -- Up-to-date symlink: /home/jared/ros2_ws/install/examples_rclcpp_cbg_executor/share/examples_rclcpp_cbg_executor/environment/ament_prefix_path.sh
[2.116s] -- Up-to-date symlink: /home/jared/ros2_ws/install/examples_rclcpp_cbg_executor/share/examples_rclcpp_cbg_executor/environment/ament_prefix_path.dsv
[2.116s] -- Up-to-date symlink: /home/jared/ros2_ws/install/examples_rclcpp_cbg_executor/share/examples_rclcpp_cbg_executor/environment/path.sh
[2.117s] -- Up-to-date symlink: /home/jared/ros2_ws/install/examples_rclcpp_cbg_executor/share/examples_rclcpp_cbg_executor/environment/path.dsv
[2.117s] -- Up-to-date symlink: /home/jared/ros2_ws/install/examples_rclcpp_cbg_executor/share/examples_rclcpp_cbg_executor/local_setup.bash
[2.117s] -- Up-to-date symlink: /home/jared/ros2_ws/install/examples_rclcpp_cbg_executor/share/examples_rclcpp_cbg_executor/local_setup.sh
[2.117s] -- Up-to-date symlink: /home/jared/ros2_ws/install/examples_rclcpp_cbg_executor/share/examples_rclcpp_cbg_executor/local_setup.zsh
[2.117s] -- Up-to-date symlink: /home/jared/ros2_ws/install/examples_rclcpp_cbg_executor/share/examples_rclcpp_cbg_executor/local_setup.dsv
[2.117s] -- Symlinking: /home/jared/ros2_ws/install/examples_rclcpp_cbg_executor/share/examples_rclcpp_cbg_executor/package.dsv
[2.120s] -- Up-to-date symlink: /home/jared/ros2_ws/install/examples_rclcpp_cbg_executor/share/ament_index/resource_index/packages/examples_rclcpp_cbg_executor
[2.120s] -- Up-to-date symlink: /home/jared/ros2_ws/install/examples_rclcpp_cbg_executor/share/examples_rclcpp_cbg_executor/cmake/ament_cmake_export_dependencies-extras.cmake
[2.121s] -- Up-to-date symlink: /home/jared/ros2_ws/install/examples_rclcpp_cbg_executor/share/examples_rclcpp_cbg_executor/cmake/examples_rclcpp_cbg_executorConfig.cmake
[2.121s] -- Up-to-date symlink: /home/jared/ros2_ws/install/examples_rclcpp_cbg_executor/share/examples_rclcpp_cbg_executor/cmake/examples_rclcpp_cbg_executorConfig-version.cmake
[2.121s] -- Up-to-date symlink: /home/jared/ros2_ws/install/examples_rclcpp_cbg_executor/share/examples_rclcpp_cbg_executor/package.xml
[2.188s] Invoked command in '/home/jared/ros2_ws/build/examples_rclcpp_cbg_executor' returned '0': CMAKE_PREFIX_PATH=/opt/ros/humble /usr/bin/cmake --install /home/jared/ros2_ws/build/examples_rclcpp_cbg_executor
