[1.408s] Invoking command in '/home/jared/ros2_ws/build/examples_rclpy_executors': PYTHONPATH=/home/jared/ros2_ws/build/examples_rclpy_executors/prefix_override:/home/jared/ros2_ws/install/examples_rclpy_executors/lib/python3.10/site-packages:${PYTHONPATH} /usr/bin/python3 -W ignore:setup.py install is deprecated setup.py develop --editable --build-directory /home/jared/ros2_ws/build/examples_rclpy_executors/build --no-deps symlink_data --force
[1.930s] running develop
[1.930s] running egg_info
[1.930s] writing examples_rclpy_executors.egg-info/PKG-INFO
[1.931s] writing dependency_links to examples_rclpy_executors.egg-info/dependency_links.txt
[1.931s] writing entry points to examples_rclpy_executors.egg-info/entry_points.txt
[1.931s] writing requirements to examples_rclpy_executors.egg-info/requires.txt
[1.931s] writing top-level names to examples_rclpy_executors.egg-info/top_level.txt
[1.931s] reading manifest file 'examples_rclpy_executors.egg-info/SOURCES.txt'
[1.931s] writing manifest file 'examples_rclpy_executors.egg-info/SOURCES.txt'
[1.931s] running build_ext
[1.931s] Creating /home/jared/ros2_ws/install/examples_rclpy_executors/lib/python3.10/site-packages/examples-rclpy-executors.egg-link (link to .)
[1.931s] Installing callback_group script to /home/jared/ros2_ws/install/examples_rclpy_executors/lib/examples_rclpy_executors
[1.931s] Installing composed script to /home/jared/ros2_ws/install/examples_rclpy_executors/lib/examples_rclpy_executors
[1.932s] Installing custom_callback_group script to /home/jared/ros2_ws/install/examples_rclpy_executors/lib/examples_rclpy_executors
[1.932s] Installing custom_executor script to /home/jared/ros2_ws/install/examples_rclpy_executors/lib/examples_rclpy_executors
[1.932s] Installing listener script to /home/jared/ros2_ws/install/examples_rclpy_executors/lib/examples_rclpy_executors
[1.932s] Installing talker script to /home/jared/ros2_ws/install/examples_rclpy_executors/lib/examples_rclpy_executors
[1.932s] 
[1.932s] Installed /home/jared/ros2_ws/build/examples_rclpy_executors
[1.932s] running symlink_data
[1.932s] symbolically linking /home/jared/ros2_ws/build/examples_rclpy_executors/resource/examples_rclpy_executors -> /home/jared/ros2_ws/install/examples_rclpy_executors/share/ament_index/resource_index/packages
[1.932s] symbolically linking /home/jared/ros2_ws/build/examples_rclpy_executors/package.xml -> /home/jared/ros2_ws/install/examples_rclpy_executors/share/examples_rclpy_executors
[1.932s] /usr/lib/python3/dist-packages/setuptools/command/easy_install.py:158: EasyInstallDeprecationWarning: easy_install command is deprecated. Use build and pip and other standards-based tools.
[1.932s]   warnings.warn(
[2.307s] Invoked command in '/home/jared/ros2_ws/build/examples_rclpy_executors' returned '0': PYTHONPATH=/home/jared/ros2_ws/build/examples_rclpy_executors/prefix_override:/home/jared/ros2_ws/install/examples_rclpy_executors/lib/python3.10/site-packages:${PYTHONPATH} /usr/bin/python3 -W ignore:setup.py install is deprecated setup.py develop --editable --build-directory /home/jared/ros2_ws/build/examples_rclpy_executors/build --no-deps symlink_data --force
