[2.728s] Invoking command in '/home/jared/ros2_ws/src/ROS-TCP-Endpoint': PYTHONPATH=/home/jared/ros2_ws/build/ros_tcp_endpoint/prefix_override:/home/jared/ros2_ws/install/ros_tcp_endpoint/lib/python3.10/site-packages:${PYTHONPATH} /usr/bin/python3 -W ignore:setup.py install is deprecated setup.py egg_info --egg-base ../../build/ros_tcp_endpoint build --build-base /home/jared/ros2_ws/build/ros_tcp_endpoint/build install --record /home/jared/ros2_ws/build/ros_tcp_endpoint/install.log --install-scripts $base/lib/ros_tcp_endpoint --single-version-externally-managed install_data
[3.030s] /usr/lib/python3/dist-packages/setuptools/dist.py:723: UserWarning: Usage of dash-separated 'script-dir' will not be supported in future versions. Please use the underscore name 'script_dir' instead
[3.030s]   warnings.warn(
[3.037s] running egg_info
[3.038s] writing ../../build/ros_tcp_endpoint/ros_tcp_endpoint.egg-info/PKG-INFO
[3.038s] writing dependency_links to ../../build/ros_tcp_endpoint/ros_tcp_endpoint.egg-info/dependency_links.txt
[3.038s] writing entry points to ../../build/ros_tcp_endpoint/ros_tcp_endpoint.egg-info/entry_points.txt
[3.039s] writing requirements to ../../build/ros_tcp_endpoint/ros_tcp_endpoint.egg-info/requires.txt
[3.039s] writing top-level names to ../../build/ros_tcp_endpoint/ros_tcp_endpoint.egg-info/top_level.txt
[3.041s] reading manifest file '../../build/ros_tcp_endpoint/ros_tcp_endpoint.egg-info/SOURCES.txt'
[3.042s] adding license file 'LICENSE'
[3.043s] writing manifest file '../../build/ros_tcp_endpoint/ros_tcp_endpoint.egg-info/SOURCES.txt'
[3.044s] running build
[3.044s] running build_py
[3.046s] running install
[3.046s] running install_lib
[3.050s] running install_data
[3.050s] running install_egg_info
[3.051s] removing '/home/jared/ros2_ws/install/ros_tcp_endpoint/lib/python3.10/site-packages/ros_tcp_endpoint-0.0.1-py3.10.egg-info' (and everything under it)
[3.051s] Copying ../../build/ros_tcp_endpoint/ros_tcp_endpoint.egg-info to /home/jared/ros2_ws/install/ros_tcp_endpoint/lib/python3.10/site-packages/ros_tcp_endpoint-0.0.1-py3.10.egg-info
[3.051s] running install_scripts
[3.074s] Installing default_server_endpoint script to /home/jared/ros2_ws/install/ros_tcp_endpoint/lib/ros_tcp_endpoint
[3.074s] writing list of installed files to '/home/jared/ros2_ws/build/ros_tcp_endpoint/install.log'
[3.121s] Invoked command in '/home/jared/ros2_ws/src/ROS-TCP-Endpoint' returned '0': PYTHONPATH=/home/jared/ros2_ws/build/ros_tcp_endpoint/prefix_override:/home/jared/ros2_ws/install/ros_tcp_endpoint/lib/python3.10/site-packages:${PYTHONPATH} /usr/bin/python3 -W ignore:setup.py install is deprecated setup.py egg_info --egg-base ../../build/ros_tcp_endpoint build --build-base /home/jared/ros2_ws/build/ros_tcp_endpoint/build install --record /home/jared/ros2_ws/build/ros_tcp_endpoint/install.log --install-scripts $base/lib/ros_tcp_endpoint --single-version-externally-managed install_data
