[3.100s] Invoking command in '/home/jared/ros2_ws/build/examples_rclpy_executors': PYTHONPATH=/home/jared/ros2_ws/build/examples_rclpy_executors/prefix_override:/home/jared/ros2_ws/install/examples_rclpy_executors/lib/python3.10/site-packages:${PYTHONPATH} /usr/bin/python3 -W ignore:setup.py install is deprecated setup.py develop --editable --build-directory /home/jared/ros2_ws/build/examples_rclpy_executors/build --no-deps symlink_data
[3.455s] running develop
[3.456s] /usr/lib/python3/dist-packages/setuptools/command/easy_install.py:158: EasyInstallDeprecationWarning: easy_install command is deprecated. Use build and pip and other standards-based tools.
[3.456s]   warnings.warn(
[3.531s] running egg_info
[3.531s] writing examples_rclpy_executors.egg-info/PKG-INFO
[3.531s] writing dependency_links to examples_rclpy_executors.egg-info/dependency_links.txt
[3.532s] writing entry points to examples_rclpy_executors.egg-info/entry_points.txt
[3.532s] writing requirements to examples_rclpy_executors.egg-info/requires.txt
[3.532s] writing top-level names to examples_rclpy_executors.egg-info/top_level.txt
[3.533s] reading manifest file 'examples_rclpy_executors.egg-info/SOURCES.txt'
[3.534s] writing manifest file 'examples_rclpy_executors.egg-info/SOURCES.txt'
[3.536s] running build_ext
[3.536s] Creating /home/jared/ros2_ws/install/examples_rclpy_executors/lib/python3.10/site-packages/examples-rclpy-executors.egg-link (link to .)
[3.537s] Installing callback_group script to /home/jared/ros2_ws/install/examples_rclpy_executors/lib/examples_rclpy_executors
[3.537s] Installing composed script to /home/jared/ros2_ws/install/examples_rclpy_executors/lib/examples_rclpy_executors
[3.537s] Installing custom_callback_group script to /home/jared/ros2_ws/install/examples_rclpy_executors/lib/examples_rclpy_executors
[3.537s] Installing custom_executor script to /home/jared/ros2_ws/install/examples_rclpy_executors/lib/examples_rclpy_executors
[3.537s] Installing listener script to /home/jared/ros2_ws/install/examples_rclpy_executors/lib/examples_rclpy_executors
[3.537s] Installing talker script to /home/jared/ros2_ws/install/examples_rclpy_executors/lib/examples_rclpy_executors
[3.538s] 
[3.538s] Installed /home/jared/ros2_ws/build/examples_rclpy_executors
[3.538s] running symlink_data
[3.707s] Invoked command in '/home/jared/ros2_ws/build/examples_rclpy_executors' returned '0': PYTHONPATH=/home/jared/ros2_ws/build/examples_rclpy_executors/prefix_override:/home/jared/ros2_ws/install/examples_rclpy_executors/lib/python3.10/site-packages:${PYTHONPATH} /usr/bin/python3 -W ignore:setup.py install is deprecated setup.py develop --editable --build-directory /home/jared/ros2_ws/build/examples_rclpy_executors/build --no-deps symlink_data
