[3.819s] Invoking command in '/home/jared/ros2_ws/build/examples_rclpy_minimal_action_server': PYTHONPATH=/home/jared/ros2_ws/build/examples_rclpy_minimal_action_server/prefix_override:/home/jared/ros2_ws/install/examples_rclpy_minimal_action_server/lib/python3.10/site-packages:${PYTHONPATH} /usr/bin/python3 -W ignore:setup.py install is deprecated setup.py develop --editable --build-directory /home/jared/ros2_ws/build/examples_rclpy_minimal_action_server/build --no-deps symlink_data
[4.244s] running develop
[4.244s] /usr/lib/python3/dist-packages/setuptools/command/easy_install.py:158: EasyInstallDeprecationWarning: easy_install command is deprecated. Use build and pip and other standards-based tools.
[4.245s]   warnings.warn(
[4.551s] running egg_info
[4.551s] writing examples_rclpy_minimal_action_server.egg-info/PKG-INFO
[4.551s] writing dependency_links to examples_rclpy_minimal_action_server.egg-info/dependency_links.txt
[4.551s] writing entry points to examples_rclpy_minimal_action_server.egg-info/entry_points.txt
[4.552s] writing requirements to examples_rclpy_minimal_action_server.egg-info/requires.txt
[4.552s] writing top-level names to examples_rclpy_minimal_action_server.egg-info/top_level.txt
[4.554s] reading manifest file 'examples_rclpy_minimal_action_server.egg-info/SOURCES.txt'
[4.556s] writing manifest file 'examples_rclpy_minimal_action_server.egg-info/SOURCES.txt'
[4.560s] running build_ext
[4.560s] Creating /home/jared/ros2_ws/install/examples_rclpy_minimal_action_server/lib/python3.10/site-packages/examples-rclpy-minimal-action-server.egg-link (link to .)
[4.560s] Installing server script to /home/jared/ros2_ws/install/examples_rclpy_minimal_action_server/lib/examples_rclpy_minimal_action_server
[4.561s] Installing server_defer script to /home/jared/ros2_ws/install/examples_rclpy_minimal_action_server/lib/examples_rclpy_minimal_action_server
[4.561s] Installing server_not_composable script to /home/jared/ros2_ws/install/examples_rclpy_minimal_action_server/lib/examples_rclpy_minimal_action_server
[4.561s] Installing server_queue_goals script to /home/jared/ros2_ws/install/examples_rclpy_minimal_action_server/lib/examples_rclpy_minimal_action_server
[4.562s] Installing server_single_goal script to /home/jared/ros2_ws/install/examples_rclpy_minimal_action_server/lib/examples_rclpy_minimal_action_server
[4.562s] 
[4.562s] Installed /home/jared/ros2_ws/build/examples_rclpy_minimal_action_server
[4.562s] running symlink_data
[4.700s] Invoked command in '/home/jared/ros2_ws/build/examples_rclpy_minimal_action_server' returned '0': PYTHONPATH=/home/jared/ros2_ws/build/examples_rclpy_minimal_action_server/prefix_override:/home/jared/ros2_ws/install/examples_rclpy_minimal_action_server/lib/python3.10/site-packages:${PYTHONPATH} /usr/bin/python3 -W ignore:setup.py install is deprecated setup.py develop --editable --build-directory /home/jared/ros2_ws/build/examples_rclpy_minimal_action_server/build --no-deps symlink_data
