[1.945s] Invoking command in '/home/jared/ros2_ws/src/examples/rclpy/topics/pointcloud_publisher': PYTHONPATH=/home/jared/ros2_ws/build/examples_rclpy_pointcloud_publisher/prefix_override:/home/jared/ros2_ws/install/examples_rclpy_pointcloud_publisher/lib/python3.10/site-packages:${PYTHONPATH} /usr/bin/python3 -W ignore:setup.py install is deprecated setup.py egg_info --egg-base ../../../../../build/examples_rclpy_pointcloud_publisher build --build-base /home/jared/ros2_ws/build/examples_rclpy_pointcloud_publisher/build install --record /home/jared/ros2_ws/build/examples_rclpy_pointcloud_publisher/install.log --single-version-externally-managed install_data
[2.137s] running egg_info
[2.138s] writing ../../../../../build/examples_rclpy_pointcloud_publisher/examples_rclpy_pointcloud_publisher.egg-info/PKG-INFO
[2.138s] writing dependency_links to ../../../../../build/examples_rclpy_pointcloud_publisher/examples_rclpy_pointcloud_publisher.egg-info/dependency_links.txt
[2.138s] writing entry points to ../../../../../build/examples_rclpy_pointcloud_publisher/examples_rclpy_pointcloud_publisher.egg-info/entry_points.txt
[2.138s] writing requirements to ../../../../../build/examples_rclpy_pointcloud_publisher/examples_rclpy_pointcloud_publisher.egg-info/requires.txt
[2.139s] writing top-level names to ../../../../../build/examples_rclpy_pointcloud_publisher/examples_rclpy_pointcloud_publisher.egg-info/top_level.txt
[2.140s] reading manifest file '../../../../../build/examples_rclpy_pointcloud_publisher/examples_rclpy_pointcloud_publisher.egg-info/SOURCES.txt'
[2.141s] writing manifest file '../../../../../build/examples_rclpy_pointcloud_publisher/examples_rclpy_pointcloud_publisher.egg-info/SOURCES.txt'
[2.141s] running build
[2.141s] running build_py
[2.141s] running install
[2.141s] running install_lib
[2.142s] running install_data
[2.142s] running install_egg_info
[2.144s] removing '/home/jared/ros2_ws/install/examples_rclpy_pointcloud_publisher/lib/python3.10/site-packages/examples_rclpy_pointcloud_publisher-0.15.1-py3.10.egg-info' (and everything under it)
[2.144s] Copying ../../../../../build/examples_rclpy_pointcloud_publisher/examples_rclpy_pointcloud_publisher.egg-info to /home/jared/ros2_ws/install/examples_rclpy_pointcloud_publisher/lib/python3.10/site-packages/examples_rclpy_pointcloud_publisher-0.15.1-py3.10.egg-info
[2.145s] running install_scripts
[2.162s] Installing pointcloud_publisher script to /home/jared/ros2_ws/install/examples_rclpy_pointcloud_publisher/lib/examples_rclpy_pointcloud_publisher
[2.162s] writing list of installed files to '/home/jared/ros2_ws/build/examples_rclpy_pointcloud_publisher/install.log'
[2.184s] Invoked command in '/home/jared/ros2_ws/src/examples/rclpy/topics/pointcloud_publisher' returned '0': PYTHONPATH=/home/jared/ros2_ws/build/examples_rclpy_pointcloud_publisher/prefix_override:/home/jared/ros2_ws/install/examples_rclpy_pointcloud_publisher/lib/python3.10/site-packages:${PYTHONPATH} /usr/bin/python3 -W ignore:setup.py install is deprecated setup.py egg_info --egg-base ../../../../../build/examples_rclpy_pointcloud_publisher build --build-base /home/jared/ros2_ws/build/examples_rclpy_pointcloud_publisher/build install --record /home/jared/ros2_ws/build/examples_rclpy_pointcloud_publisher/install.log --single-version-externally-managed install_data
