[2.102s] Invoking command in '/home/jared/ros2_ws/src/my_package': PYTHONPATH=/home/jared/ros2_ws/build/my_package/prefix_override:/home/jared/ros2_ws/install/my_package/lib/python3.10/site-packages:${PYTHONPATH} /usr/bin/python3 -W ignore:setup.py install is deprecated setup.py egg_info --egg-base ../../build/my_package build --build-base /home/jared/ros2_ws/build/my_package/build install --record /home/jared/ros2_ws/build/my_package/install.log --single-version-externally-managed install_data
[2.285s] running egg_info
[2.286s] writing ../../build/my_package/my_package.egg-info/PKG-INFO
[2.286s] writing dependency_links to ../../build/my_package/my_package.egg-info/dependency_links.txt
[2.286s] writing entry points to ../../build/my_package/my_package.egg-info/entry_points.txt
[2.286s] writing requirements to ../../build/my_package/my_package.egg-info/requires.txt
[2.286s] writing top-level names to ../../build/my_package/my_package.egg-info/top_level.txt
[2.288s] reading manifest file '../../build/my_package/my_package.egg-info/SOURCES.txt'
[2.288s] adding license file 'LICENSE'
[2.288s] writing manifest file '../../build/my_package/my_package.egg-info/SOURCES.txt'
[2.288s] running build
[2.288s] running build_py
[2.289s] running install
[2.289s] running install_lib
[2.290s] running install_data
[2.290s] running install_egg_info
[2.291s] removing '/home/jared/ros2_ws/install/my_package/lib/python3.10/site-packages/my_package-0.0.0-py3.10.egg-info' (and everything under it)
[2.291s] Copying ../../build/my_package/my_package.egg-info to /home/jared/ros2_ws/install/my_package/lib/python3.10/site-packages/my_package-0.0.0-py3.10.egg-info
[2.292s] running install_scripts
[2.310s] Installing my_node script to /home/jared/ros2_ws/install/my_package/lib/my_package
[2.310s] Installing my_node2 script to /home/jared/ros2_ws/install/my_package/lib/my_package
[2.311s] writing list of installed files to '/home/jared/ros2_ws/build/my_package/install.log'
[2.344s] Invoked command in '/home/jared/ros2_ws/src/my_package' returned '0': PYTHONPATH=/home/jared/ros2_ws/build/my_package/prefix_override:/home/jared/ros2_ws/install/my_package/lib/python3.10/site-packages:${PYTHONPATH} /usr/bin/python3 -W ignore:setup.py install is deprecated setup.py egg_info --egg-base ../../build/my_package build --build-base /home/jared/ros2_ws/build/my_package/build install --record /home/jared/ros2_ws/build/my_package/install.log --single-version-externally-managed install_data
