[2.511s] Invoking command in '/home/jared/ros2_ws/build/examples_rclpy_minimal_publisher': PYTHONPATH=/home/jared/ros2_ws/build/examples_rclpy_minimal_publisher/prefix_override:/home/jared/ros2_ws/install/examples_rclpy_minimal_publisher/lib/python3.10/site-packages:${PYTHONPATH} /usr/bin/python3 -W ignore:setup.py install is deprecated setup.py develop --editable --build-directory /home/jared/ros2_ws/build/examples_rclpy_minimal_publisher/build --no-deps symlink_data --force
[2.894s] running develop
[2.894s] /usr/lib/python3/dist-packages/setuptools/command/easy_install.py:158: EasyInstallDeprecationWarning: easy_install command is deprecated. Use build and pip and other standards-based tools.
[2.894s]   warnings.warn(
[3.135s] running egg_info
[3.135s] writing examples_rclpy_minimal_publisher.egg-info/PKG-INFO
[3.135s] writing dependency_links to examples_rclpy_minimal_publisher.egg-info/dependency_links.txt
[3.136s] writing entry points to examples_rclpy_minimal_publisher.egg-info/entry_points.txt
[3.136s] writing requirements to examples_rclpy_minimal_publisher.egg-info/requires.txt
[3.136s] writing top-level names to examples_rclpy_minimal_publisher.egg-info/top_level.txt
[3.139s] reading manifest file 'examples_rclpy_minimal_publisher.egg-info/SOURCES.txt'
[3.140s] writing manifest file 'examples_rclpy_minimal_publisher.egg-info/SOURCES.txt'
[3.142s] running build_ext
[3.142s] Creating /home/jared/ros2_ws/install/examples_rclpy_minimal_publisher/lib/python3.10/site-packages/examples-rclpy-minimal-publisher.egg-link (link to .)
[3.143s] Installing publisher_local_function script to /home/jared/ros2_ws/install/examples_rclpy_minimal_publisher/lib/examples_rclpy_minimal_publisher
[3.143s] Installing publisher_member_function script to /home/jared/ros2_ws/install/examples_rclpy_minimal_publisher/lib/examples_rclpy_minimal_publisher
[3.143s] Installing publisher_old_school script to /home/jared/ros2_ws/install/examples_rclpy_minimal_publisher/lib/examples_rclpy_minimal_publisher
[3.144s] 
[3.144s] Installed /home/jared/ros2_ws/build/examples_rclpy_minimal_publisher
[3.144s] running symlink_data
[3.144s] symbolically linking /home/jared/ros2_ws/build/examples_rclpy_minimal_publisher/resource/examples_rclpy_minimal_publisher -> /home/jared/ros2_ws/install/examples_rclpy_minimal_publisher/share/ament_index/resource_index/packages
[3.144s] symbolically linking /home/jared/ros2_ws/build/examples_rclpy_minimal_publisher/package.xml -> /home/jared/ros2_ws/install/examples_rclpy_minimal_publisher/share/examples_rclpy_minimal_publisher
[3.209s] Invoked command in '/home/jared/ros2_ws/build/examples_rclpy_minimal_publisher' returned '0': PYTHONPATH=/home/jared/ros2_ws/build/examples_rclpy_minimal_publisher/prefix_override:/home/jared/ros2_ws/install/examples_rclpy_minimal_publisher/lib/python3.10/site-packages:${PYTHONPATH} /usr/bin/python3 -W ignore:setup.py install is deprecated setup.py develop --editable --build-directory /home/jared/ros2_ws/build/examples_rclpy_minimal_publisher/build --no-deps symlink_data --force
