running develop
/usr/lib/python3/dist-packages/setuptools/command/easy_install.py:158: EasyInstallDeprecationWarning: easy_install command is deprecated. Use build and pip and other standards-based tools.
  warnings.warn(
Removing /home/jared/ros2_ws/install/my_package/lib/python3.10/site-packages/my-package.egg-link (link to .)
running egg_info
writing ../../build/my_package/my_package.egg-info/PKG-INFO
writing dependency_links to ../../build/my_package/my_package.egg-info/dependency_links.txt
writing entry points to ../../build/my_package/my_package.egg-info/entry_points.txt
writing requirements to ../../build/my_package/my_package.egg-info/requires.txt
writing top-level names to ../../build/my_package/my_package.egg-info/top_level.txt
reading manifest file '../../build/my_package/my_package.egg-info/SOURCES.txt'
adding license file 'LICENSE'
writing manifest file '../../build/my_package/my_package.egg-info/SOURCES.txt'
running build
running build_py
running install
running install_lib
creating /home/jared/ros2_ws/install/my_package/lib/python3.10/site-packages/my_package
copying /home/jared/ros2_ws/build/my_package/build/lib/my_package/__init__.py -> /home/jared/ros2_ws/install/my_package/lib/python3.10/site-packages/my_package
copying /home/jared/ros2_ws/build/my_package/build/lib/my_package/my_node_2.py -> /home/jared/ros2_ws/install/my_package/lib/python3.10/site-packages/my_package
copying /home/jared/ros2_ws/build/my_package/build/lib/my_package/my_node.py -> /home/jared/ros2_ws/install/my_package/lib/python3.10/site-packages/my_package
byte-compiling /home/jared/ros2_ws/install/my_package/lib/python3.10/site-packages/my_package/__init__.py to __init__.cpython-310.pyc
byte-compiling /home/jared/ros2_ws/install/my_package/lib/python3.10/site-packages/my_package/my_node_2.py to my_node_2.cpython-310.pyc
byte-compiling /home/jared/ros2_ws/install/my_package/lib/python3.10/site-packages/my_package/my_node.py to my_node.cpython-310.pyc
running install_data
copying resource/my_package -> /home/jared/ros2_ws/install/my_package/share/ament_index/resource_index/packages
copying package.xml -> /home/jared/ros2_ws/install/my_package/share/my_package
running install_egg_info
Copying ../../build/my_package/my_package.egg-info to /home/jared/ros2_ws/install/my_package/lib/python3.10/site-packages/my_package-0.0.0-py3.10.egg-info
running install_scripts
Installing my_node script to /home/jared/ros2_ws/install/my_package/lib/my_package
Installing my_node2 script to /home/jared/ros2_ws/install/my_package/lib/my_package
writing list of installed files to '/home/jared/ros2_ws/build/my_package/install.log'
