[1.637s] Invoking command in '/home/jared/ros2_ws/build/unity': PYTHONPATH=/home/jared/ros2_ws/build/unity/prefix_override:/home/jared/ros2_ws/install/unity/lib/python3.10/site-packages:${PYTHONPATH} /usr/bin/python3 -W ignore:setup.py install is deprecated setup.py develop --uninstall --editable --build-directory /home/jared/ros2_ws/build/unity/build
[1.948s] running develop
[1.949s] /usr/lib/python3/dist-packages/setuptools/command/easy_install.py:158: EasyInstallDeprecationWarning: easy_install command is deprecated. Use build and pip and other standards-based tools.
[1.949s]   warnings.warn(
[2.167s] Removing /home/jared/ros2_ws/install/unity/lib/python3.10/site-packages/unity.egg-link (link to .)
[2.205s] Invoked command in '/home/jared/ros2_ws/build/unity' returned '0': PYTHONPATH=/home/jared/ros2_ws/build/unity/prefix_override:/home/jared/ros2_ws/install/unity/lib/python3.10/site-packages:${PYTHONPATH} /usr/bin/python3 -W ignore:setup.py install is deprecated setup.py develop --uninstall --editable --build-directory /home/jared/ros2_ws/build/unity/build
[2.207s] Invoking command in '/home/jared/ros2_ws/src/unity': PYTHONPATH=/home/jared/ros2_ws/build/unity/prefix_override:/home/jared/ros2_ws/install/unity/lib/python3.10/site-packages:${PYTHONPATH} /usr/bin/python3 -W ignore:setup.py install is deprecated setup.py egg_info --egg-base ../../build/unity build --build-base /home/jared/ros2_ws/build/unity/build install --record /home/jared/ros2_ws/build/unity/install.log --single-version-externally-managed install_data --force
[2.447s] running egg_info
[2.448s] writing ../../build/unity/unity.egg-info/PKG-INFO
[2.448s] writing dependency_links to ../../build/unity/unity.egg-info/dependency_links.txt
[2.448s] writing entry points to ../../build/unity/unity.egg-info/entry_points.txt
[2.448s] writing requirements to ../../build/unity/unity.egg-info/requires.txt
[2.449s] writing top-level names to ../../build/unity/unity.egg-info/top_level.txt
[2.450s] reading manifest file '../../build/unity/unity.egg-info/SOURCES.txt'
[2.451s] adding license file 'LICENSE'
[2.451s] writing manifest file '../../build/unity/unity.egg-info/SOURCES.txt'
[2.451s] running build
[2.451s] running build_py
[2.451s] copying unity/drive_publisher.py -> /home/jared/ros2_ws/build/unity/build/lib/unity
[2.452s] copying unity/mask_subscriber.py -> /home/jared/ros2_ws/build/unity/build/lib/unity
[2.452s] running install
[2.452s] running install_lib
[2.453s] creating /home/jared/ros2_ws/install/unity/lib/python3.10/site-packages/unity
[2.453s] copying /home/jared/ros2_ws/build/unity/build/lib/unity/__init__.py -> /home/jared/ros2_ws/install/unity/lib/python3.10/site-packages/unity
[2.453s] copying /home/jared/ros2_ws/build/unity/build/lib/unity/drive_publisher.py -> /home/jared/ros2_ws/install/unity/lib/python3.10/site-packages/unity
[2.453s] copying /home/jared/ros2_ws/build/unity/build/lib/unity/mask_subscriber.py -> /home/jared/ros2_ws/install/unity/lib/python3.10/site-packages/unity
[2.453s] copying /home/jared/ros2_ws/build/unity/build/lib/unity/move_publisher.py -> /home/jared/ros2_ws/install/unity/lib/python3.10/site-packages/unity
[2.454s] byte-compiling /home/jared/ros2_ws/install/unity/lib/python3.10/site-packages/unity/__init__.py to __init__.cpython-310.pyc
[2.454s] byte-compiling /home/jared/ros2_ws/install/unity/lib/python3.10/site-packages/unity/drive_publisher.py to drive_publisher.cpython-310.pyc
[2.455s] byte-compiling /home/jared/ros2_ws/install/unity/lib/python3.10/site-packages/unity/mask_subscriber.py to mask_subscriber.cpython-310.pyc
[2.456s] byte-compiling /home/jared/ros2_ws/install/unity/lib/python3.10/site-packages/unity/move_publisher.py to move_publisher.cpython-310.pyc
[2.458s] running install_data
[2.458s] copying resource/unity -> /home/jared/ros2_ws/install/unity/share/ament_index/resource_index/packages
[2.458s] copying package.xml -> /home/jared/ros2_ws/install/unity/share/unity
[2.458s] running install_egg_info
[2.459s] Copying ../../build/unity/unity.egg-info to /home/jared/ros2_ws/install/unity/lib/python3.10/site-packages/unity-0.0.0-py3.10.egg-info
[2.460s] running install_scripts
[2.484s] Installing drive_publisher script to /home/jared/ros2_ws/install/unity/lib/unity
[2.484s] Installing mask_subscriber script to /home/jared/ros2_ws/install/unity/lib/unity
[2.485s] Installing move_publisher script to /home/jared/ros2_ws/install/unity/lib/unity
[2.485s] writing list of installed files to '/home/jared/ros2_ws/build/unity/install.log'
[2.511s] Invoked command in '/home/jared/ros2_ws/src/unity' returned '0': PYTHONPATH=/home/jared/ros2_ws/build/unity/prefix_override:/home/jared/ros2_ws/install/unity/lib/python3.10/site-packages:${PYTHONPATH} /usr/bin/python3 -W ignore:setup.py install is deprecated setup.py egg_info --egg-base ../../build/unity build --build-base /home/jared/ros2_ws/build/unity/build install --record /home/jared/ros2_ws/build/unity/install.log --single-version-externally-managed install_data --force
