[0.037s] Invoking command in '/home/jared/ros2_ws/build/examples_rclcpp_multithreaded_executor': CMAKE_PREFIX_PATH=/opt/ros/humble /usr/bin/cmake /home/jared/ros2_ws/src/examples/rclcpp/executors/multithreaded_executor -DCMAKE_INSTALL_PREFIX=/home/jared/ros2_ws/install/examples_rclcpp_multithreaded_executor
[1.006s] -- Found ament_cmake: 1.3.9 (/opt/ros/humble/share/ament_cmake/cmake)
[1.006s] -- Override CMake install command with custom implementation using symlinks instead of copying resources
[1.006s] -- Found rclcpp: 16.0.9 (/opt/ros/humble/share/rclcpp/cmake)
[1.006s] -- Found rosidl_generator_c: 3.1.5 (/opt/ros/humble/share/rosidl_generator_c/cmake)
[1.006s] -- Found rosidl_adapter: 3.1.5 (/opt/ros/humble/share/rosidl_adapter/cmake)
[1.006s] -- Found rosidl_generator_cpp: 3.1.5 (/opt/ros/humble/share/rosidl_generator_cpp/cmake)
[1.006s] -- Using all available rosidl_typesupport_c: rosidl_typesupport_fastrtps_c;rosidl_typesupport_introspection_c
[1.006s] -- Using all available rosidl_typesupport_cpp: rosidl_typesupport_fastrtps_cpp;rosidl_typesupport_introspection_cpp
[1.007s] -- Found rmw_implementation_cmake: 6.1.2 (/opt/ros/humble/share/rmw_implementation_cmake/cmake)
[1.007s] -- Found rmw_fastrtps_cpp: 6.2.6 (/opt/ros/humble/share/rmw_fastrtps_cpp/cmake)
[1.007s] -- Using RMW implementation 'rmw_fastrtps_cpp' as default
[1.008s] -- Found ament_lint_auto: 0.12.11 (/opt/ros/humble/share/ament_lint_auto/cmake)
[1.008s] -- Added test 'copyright' to check source files copyright and LICENSE
[1.008s] -- Added test 'cppcheck' to perform static code analysis on C / C++ code
[1.008s] -- Configured cppcheck include dirs: 
[1.008s] -- Configured cppcheck exclude dirs and/or files: 
[1.008s] -- Added test 'cpplint' to check C / C++ code against the Google style
[1.009s] -- Configured cpplint exclude dirs and/or files: 
[1.009s] -- Added test 'lint_cmake' to check CMake code style
[1.010s] -- Added test 'uncrustify' to check C / C++ code style
[1.010s] -- Configured uncrustify additional arguments: 
[1.010s] -- Added test 'xmllint' to check XML markup files
[1.010s] -- Configuring done
[1.010s] -- Generating done
[1.010s] -- Build files have been written to: /home/jared/ros2_ws/build/examples_rclcpp_multithreaded_executor
[1.014s] Invoked command in '/home/jared/ros2_ws/build/examples_rclcpp_multithreaded_executor' returned '0': CMAKE_PREFIX_PATH=/opt/ros/humble /usr/bin/cmake /home/jared/ros2_ws/src/examples/rclcpp/executors/multithreaded_executor -DCMAKE_INSTALL_PREFIX=/home/jared/ros2_ws/install/examples_rclcpp_multithreaded_executor
[1.014s] Invoking command in '/home/jared/ros2_ws/build/examples_rclcpp_multithreaded_executor': CMAKE_PREFIX_PATH=/opt/ros/humble /usr/bin/cmake --build /home/jared/ros2_ws/build/examples_rclcpp_multithreaded_executor -- -j16 -l16
[1.037s] [35m[1mConsolidate compiler generated dependencies of target multithreaded_executor[0m
[1.081s] [100%] Built target multithreaded_executor
[1.127s] Invoked command in '/home/jared/ros2_ws/build/examples_rclcpp_multithreaded_executor' returned '0': CMAKE_PREFIX_PATH=/opt/ros/humble /usr/bin/cmake --build /home/jared/ros2_ws/build/examples_rclcpp_multithreaded_executor -- -j16 -l16
[1.197s] Invoking command in '/home/jared/ros2_ws/build/examples_rclcpp_multithreaded_executor': CMAKE_PREFIX_PATH=/opt/ros/humble /usr/bin/cmake --install /home/jared/ros2_ws/build/examples_rclcpp_multithreaded_executor
[1.208s] -- Install configuration: ""
[1.210s] -- Execute custom install script
[1.210s] -- Up-to-date symlink: /home/jared/ros2_ws/install/examples_rclcpp_multithreaded_executor/lib/examples_rclcpp_multithreaded_executor/multithreaded_executor
[1.210s] -- Up-to-date symlink: /home/jared/ros2_ws/install/examples_rclcpp_multithreaded_executor/share/ament_index/resource_index/package_run_dependencies/examples_rclcpp_multithreaded_executor
[1.210s] -- Up-to-date symlink: /home/jared/ros2_ws/install/examples_rclcpp_multithreaded_executor/share/ament_index/resource_index/parent_prefix_path/examples_rclcpp_multithreaded_executor
[1.210s] -- Up-to-date symlink: /home/jared/ros2_ws/install/examples_rclcpp_multithreaded_executor/share/examples_rclcpp_multithreaded_executor/environment/ament_prefix_path.sh
[1.210s] -- Up-to-date symlink: /home/jared/ros2_ws/install/examples_rclcpp_multithreaded_executor/share/examples_rclcpp_multithreaded_executor/environment/ament_prefix_path.dsv
[1.211s] -- Up-to-date symlink: /home/jared/ros2_ws/install/examples_rclcpp_multithreaded_executor/share/examples_rclcpp_multithreaded_executor/environment/path.sh
[1.212s] -- Up-to-date symlink: /home/jared/ros2_ws/install/examples_rclcpp_multithreaded_executor/share/examples_rclcpp_multithreaded_executor/environment/path.dsv
[1.212s] -- Up-to-date symlink: /home/jared/ros2_ws/install/examples_rclcpp_multithreaded_executor/share/examples_rclcpp_multithreaded_executor/local_setup.bash
[1.213s] -- Up-to-date symlink: /home/jared/ros2_ws/install/examples_rclcpp_multithreaded_executor/share/examples_rclcpp_multithreaded_executor/local_setup.sh
[1.214s] -- Up-to-date symlink: /home/jared/ros2_ws/install/examples_rclcpp_multithreaded_executor/share/examples_rclcpp_multithreaded_executor/local_setup.zsh
[1.215s] -- Up-to-date symlink: /home/jared/ros2_ws/install/examples_rclcpp_multithreaded_executor/share/examples_rclcpp_multithreaded_executor/local_setup.dsv
[1.215s] -- Symlinking: /home/jared/ros2_ws/install/examples_rclcpp_multithreaded_executor/share/examples_rclcpp_multithreaded_executor/package.dsv
[1.222s] -- Up-to-date symlink: /home/jared/ros2_ws/install/examples_rclcpp_multithreaded_executor/share/ament_index/resource_index/packages/examples_rclcpp_multithreaded_executor
[1.222s] -- Up-to-date symlink: /home/jared/ros2_ws/install/examples_rclcpp_multithreaded_executor/share/examples_rclcpp_multithreaded_executor/cmake/examples_rclcpp_multithreaded_executorConfig.cmake
[1.222s] -- Up-to-date symlink: /home/jared/ros2_ws/install/examples_rclcpp_multithreaded_executor/share/examples_rclcpp_multithreaded_executor/cmake/examples_rclcpp_multithreaded_executorConfig-version.cmake
[1.223s] -- Up-to-date symlink: /home/jared/ros2_ws/install/examples_rclcpp_multithreaded_executor/share/examples_rclcpp_multithreaded_executor/package.xml
[1.255s] Invoked command in '/home/jared/ros2_ws/build/examples_rclcpp_multithreaded_executor' returned '0': CMAKE_PREFIX_PATH=/opt/ros/humble /usr/bin/cmake --install /home/jared/ros2_ws/build/examples_rclcpp_multithreaded_executor
