[2.119s] Invoking command in '/home/jared/ros2_ws/build/examples_rclpy_minimal_client': PYTHONPATH=/home/jared/ros2_ws/build/examples_rclpy_minimal_client/prefix_override:/home/jared/ros2_ws/install/examples_rclpy_minimal_client/lib/python3.10/site-packages:${PYTHONPATH} /usr/bin/python3 -W ignore:setup.py install is deprecated setup.py develop --editable --build-directory /home/jared/ros2_ws/build/examples_rclpy_minimal_client/build --no-deps symlink_data --force
[2.402s] running develop
[2.402s] /usr/lib/python3/dist-packages/setuptools/command/easy_install.py:158: EasyInstallDeprecationWarning: easy_install command is deprecated. Use build and pip and other standards-based tools.
[2.402s]   warnings.warn(
[2.584s] running egg_info
[2.587s] writing examples_rclpy_minimal_client.egg-info/PKG-INFO
[2.587s] writing dependency_links to examples_rclpy_minimal_client.egg-info/dependency_links.txt
[2.587s] writing entry points to examples_rclpy_minimal_client.egg-info/entry_points.txt
[2.587s] writing requirements to examples_rclpy_minimal_client.egg-info/requires.txt
[2.587s] writing top-level names to examples_rclpy_minimal_client.egg-info/top_level.txt
[2.588s] reading manifest file 'examples_rclpy_minimal_client.egg-info/SOURCES.txt'
[2.588s] writing manifest file 'examples_rclpy_minimal_client.egg-info/SOURCES.txt'
[2.589s] running build_ext
[2.589s] Creating /home/jared/ros2_ws/install/examples_rclpy_minimal_client/lib/python3.10/site-packages/examples-rclpy-minimal-client.egg-link (link to .)
[2.590s] Installing client script to /home/jared/ros2_ws/install/examples_rclpy_minimal_client/lib/examples_rclpy_minimal_client
[2.592s] Installing client_async script to /home/jared/ros2_ws/install/examples_rclpy_minimal_client/lib/examples_rclpy_minimal_client
[2.592s] Installing client_async_callback script to /home/jared/ros2_ws/install/examples_rclpy_minimal_client/lib/examples_rclpy_minimal_client
[2.592s] Installing client_async_member_function script to /home/jared/ros2_ws/install/examples_rclpy_minimal_client/lib/examples_rclpy_minimal_client
[2.592s] 
[2.592s] Installed /home/jared/ros2_ws/build/examples_rclpy_minimal_client
[2.592s] running symlink_data
[2.592s] symbolically linking /home/jared/ros2_ws/build/examples_rclpy_minimal_client/resource/examples_rclpy_minimal_client -> /home/jared/ros2_ws/install/examples_rclpy_minimal_client/share/ament_index/resource_index/packages
[2.592s] symbolically linking /home/jared/ros2_ws/build/examples_rclpy_minimal_client/package.xml -> /home/jared/ros2_ws/install/examples_rclpy_minimal_client/share/examples_rclpy_minimal_client
[2.617s] Invoked command in '/home/jared/ros2_ws/build/examples_rclpy_minimal_client' returned '0': PYTHONPATH=/home/jared/ros2_ws/build/examples_rclpy_minimal_client/prefix_override:/home/jared/ros2_ws/install/examples_rclpy_minimal_client/lib/python3.10/site-packages:${PYTHONPATH} /usr/bin/python3 -W ignore:setup.py install is deprecated setup.py develop --editable --build-directory /home/jared/ros2_ws/build/examples_rclpy_minimal_client/build --no-deps symlink_data --force
