[2.723s] Invoking command in '/home/jared/ros2_ws/build/examples_rclpy_minimal_action_server': PYTHONPATH=/home/jared/ros2_ws/build/examples_rclpy_minimal_action_server/prefix_override:/home/jared/ros2_ws/install/examples_rclpy_minimal_action_server/lib/python3.10/site-packages:${PYTHONPATH} /usr/bin/python3 -W ignore:setup.py install is deprecated setup.py develop --editable --build-directory /home/jared/ros2_ws/build/examples_rclpy_minimal_action_server/build --no-deps symlink_data
[3.157s] /usr/lib/python3/dist-packages/setuptools/command/easy_install.py:158: EasyInstallDeprecationWarning: easy_install command is deprecated. Use build and pip and other standards-based tools.
[3.157s]   warnings.warn(
[3.157s] running develop
[3.158s] running egg_info
[3.158s] writing examples_rclpy_minimal_action_server.egg-info/PKG-INFO
[3.158s] writing dependency_links to examples_rclpy_minimal_action_server.egg-info/dependency_links.txt
[3.158s] writing entry points to examples_rclpy_minimal_action_server.egg-info/entry_points.txt
[3.158s] writing requirements to examples_rclpy_minimal_action_server.egg-info/requires.txt
[3.158s] writing top-level names to examples_rclpy_minimal_action_server.egg-info/top_level.txt
[3.159s] reading manifest file 'examples_rclpy_minimal_action_server.egg-info/SOURCES.txt'
[3.159s] writing manifest file 'examples_rclpy_minimal_action_server.egg-info/SOURCES.txt'
[3.159s] running build_ext
[3.160s] Creating /home/jared/ros2_ws/install/examples_rclpy_minimal_action_server/lib/python3.10/site-packages/examples-rclpy-minimal-action-server.egg-link (link to .)
[3.160s] Installing server script to /home/jared/ros2_ws/install/examples_rclpy_minimal_action_server/lib/examples_rclpy_minimal_action_server
[3.160s] Installing server_defer script to /home/jared/ros2_ws/install/examples_rclpy_minimal_action_server/lib/examples_rclpy_minimal_action_server
[3.160s] Installing server_not_composable script to /home/jared/ros2_ws/install/examples_rclpy_minimal_action_server/lib/examples_rclpy_minimal_action_server
[3.160s] Installing server_queue_goals script to /home/jared/ros2_ws/install/examples_rclpy_minimal_action_server/lib/examples_rclpy_minimal_action_server
[3.160s] Installing server_single_goal script to /home/jared/ros2_ws/install/examples_rclpy_minimal_action_server/lib/examples_rclpy_minimal_action_server
[3.160s] 
[3.161s] Installed /home/jared/ros2_ws/build/examples_rclpy_minimal_action_server
[3.161s] running symlink_data
[3.162s] Invoked command in '/home/jared/ros2_ws/build/examples_rclpy_minimal_action_server' returned '0': PYTHONPATH=/home/jared/ros2_ws/build/examples_rclpy_minimal_action_server/prefix_override:/home/jared/ros2_ws/install/examples_rclpy_minimal_action_server/lib/python3.10/site-packages:${PYTHONPATH} /usr/bin/python3 -W ignore:setup.py install is deprecated setup.py develop --editable --build-directory /home/jared/ros2_ws/build/examples_rclpy_minimal_action_server/build --no-deps symlink_data
