[2.149s] Invoking command in '/home/jared/ros2_ws/build/examples_rclpy_guard_conditions': PYTHONPATH=/home/jared/ros2_ws/build/examples_rclpy_guard_conditions/prefix_override:/home/jared/ros2_ws/install/examples_rclpy_guard_conditions/lib/python3.10/site-packages:${PYTHONPATH} /usr/bin/python3 -W ignore:setup.py install is deprecated setup.py develop --uninstall --editable --build-directory /home/jared/ros2_ws/build/examples_rclpy_guard_conditions/build
[2.559s] running develop
[2.559s] Removing /home/jared/ros2_ws/install/examples_rclpy_guard_conditions/lib/python3.10/site-packages/examples-rclpy-guard-conditions.egg-link (link to .)
[2.559s] /usr/lib/python3/dist-packages/setuptools/command/easy_install.py:158: EasyInstallDeprecationWarning: easy_install command is deprecated. Use build and pip and other standards-based tools.
[2.559s]   warnings.warn(
[3.196s] Invoked command in '/home/jared/ros2_ws/build/examples_rclpy_guard_conditions' returned '0': PYTHONPATH=/home/jared/ros2_ws/build/examples_rclpy_guard_conditions/prefix_override:/home/jared/ros2_ws/install/examples_rclpy_guard_conditions/lib/python3.10/site-packages:${PYTHONPATH} /usr/bin/python3 -W ignore:setup.py install is deprecated setup.py develop --uninstall --editable --build-directory /home/jared/ros2_ws/build/examples_rclpy_guard_conditions/build
[3.197s] Invoking command in '/home/jared/ros2_ws/src/examples/rclpy/guard_conditions': PYTHONPATH=/home/jared/ros2_ws/build/examples_rclpy_guard_conditions/prefix_override:/home/jared/ros2_ws/install/examples_rclpy_guard_conditions/lib/python3.10/site-packages:${PYTHONPATH} /usr/bin/python3 -W ignore:setup.py install is deprecated setup.py egg_info --egg-base ../../../../build/examples_rclpy_guard_conditions build --build-base /home/jared/ros2_ws/build/examples_rclpy_guard_conditions/build install --record /home/jared/ros2_ws/build/examples_rclpy_guard_conditions/install.log --single-version-externally-managed install_data --force
[3.401s] running egg_info
[3.405s] writing ../../../../build/examples_rclpy_guard_conditions/examples_rclpy_guard_conditions.egg-info/PKG-INFO
[3.405s] writing dependency_links to ../../../../build/examples_rclpy_guard_conditions/examples_rclpy_guard_conditions.egg-info/dependency_links.txt
[3.405s] writing entry points to ../../../../build/examples_rclpy_guard_conditions/examples_rclpy_guard_conditions.egg-info/entry_points.txt
[3.405s] writing requirements to ../../../../build/examples_rclpy_guard_conditions/examples_rclpy_guard_conditions.egg-info/requires.txt
[3.405s] writing top-level names to ../../../../build/examples_rclpy_guard_conditions/examples_rclpy_guard_conditions.egg-info/top_level.txt
[3.406s] reading manifest file '../../../../build/examples_rclpy_guard_conditions/examples_rclpy_guard_conditions.egg-info/SOURCES.txt'
[3.406s] writing manifest file '../../../../build/examples_rclpy_guard_conditions/examples_rclpy_guard_conditions.egg-info/SOURCES.txt'
[3.406s] running build
[3.406s] running build_py
[3.406s] running install
[3.406s] running install_lib
[3.412s] creating /home/jared/ros2_ws/install/examples_rclpy_guard_conditions/lib/python3.10/site-packages/examples_rclpy_guard_conditions
[3.412s] copying /home/jared/ros2_ws/build/examples_rclpy_guard_conditions/build/lib/examples_rclpy_guard_conditions/__init__.py -> /home/jared/ros2_ws/install/examples_rclpy_guard_conditions/lib/python3.10/site-packages/examples_rclpy_guard_conditions
[3.412s] copying /home/jared/ros2_ws/build/examples_rclpy_guard_conditions/build/lib/examples_rclpy_guard_conditions/trigger_guard_condition.py -> /home/jared/ros2_ws/install/examples_rclpy_guard_conditions/lib/python3.10/site-packages/examples_rclpy_guard_conditions
[3.412s] byte-compiling /home/jared/ros2_ws/install/examples_rclpy_guard_conditions/lib/python3.10/site-packages/examples_rclpy_guard_conditions/__init__.py to __init__.cpython-310.pyc
[3.412s] byte-compiling /home/jared/ros2_ws/install/examples_rclpy_guard_conditions/lib/python3.10/site-packages/examples_rclpy_guard_conditions/trigger_guard_condition.py to trigger_guard_condition.cpython-310.pyc
[3.412s] running install_data
[3.412s] copying resource/examples_rclpy_guard_conditions -> /home/jared/ros2_ws/install/examples_rclpy_guard_conditions/share/ament_index/resource_index/packages
[3.412s] copying package.xml -> /home/jared/ros2_ws/install/examples_rclpy_guard_conditions/share/examples_rclpy_guard_conditions
[3.412s] running install_egg_info
[3.412s] Copying ../../../../build/examples_rclpy_guard_conditions/examples_rclpy_guard_conditions.egg-info to /home/jared/ros2_ws/install/examples_rclpy_guard_conditions/lib/python3.10/site-packages/examples_rclpy_guard_conditions-0.15.1-py3.10.egg-info
[3.412s] running install_scripts
[3.430s] Installing trigger_guard_condition script to /home/jared/ros2_ws/install/examples_rclpy_guard_conditions/lib/examples_rclpy_guard_conditions
[3.430s] writing list of installed files to '/home/jared/ros2_ws/build/examples_rclpy_guard_conditions/install.log'
[3.759s] Invoked command in '/home/jared/ros2_ws/src/examples/rclpy/guard_conditions' returned '0': PYTHONPATH=/home/jared/ros2_ws/build/examples_rclpy_guard_conditions/prefix_override:/home/jared/ros2_ws/install/examples_rclpy_guard_conditions/lib/python3.10/site-packages:${PYTHONPATH} /usr/bin/python3 -W ignore:setup.py install is deprecated setup.py egg_info --egg-base ../../../../build/examples_rclpy_guard_conditions build --build-base /home/jared/ros2_ws/build/examples_rclpy_guard_conditions/build install --record /home/jared/ros2_ws/build/examples_rclpy_guard_conditions/install.log --single-version-externally-managed install_data --force
