[0.496s] Invoking command in '/home/jared/ros2_ws/src/unity': PYTHONPATH=/home/jared/ros2_ws/build/unity/prefix_override:/home/jared/ros2_ws/install/unity/lib/python3.10/site-packages:${PYTHONPATH} /usr/bin/python3 -W ignore:setup.py install is deprecated setup.py egg_info --egg-base ../../build/unity build --build-base /home/jared/ros2_ws/build/unity/build install --record /home/jared/ros2_ws/build/unity/install.log --single-version-externally-managed install_data
[0.698s] running egg_info
[0.698s] writing ../../build/unity/unity.egg-info/PKG-INFO
[0.698s] writing dependency_links to ../../build/unity/unity.egg-info/dependency_links.txt
[0.699s] writing entry points to ../../build/unity/unity.egg-info/entry_points.txt
[0.699s] writing requirements to ../../build/unity/unity.egg-info/requires.txt
[0.699s] writing top-level names to ../../build/unity/unity.egg-info/top_level.txt
[0.700s] reading manifest file '../../build/unity/unity.egg-info/SOURCES.txt'
[0.700s] adding license file 'LICENSE'
[0.700s] writing manifest file '../../build/unity/unity.egg-info/SOURCES.txt'
[0.701s] running build
[0.701s] running build_py
[0.701s] running install
[0.701s] running install_lib
[0.702s] running install_data
[0.702s] copying package.xml -> /home/jared/ros2_ws/install/unity/share/unity
[0.702s] creating /home/jared/ros2_ws/install/unity/share/unity/launch
[0.703s] copying launch/ekf_localization_launch.py -> /home/jared/ros2_ws/install/unity/share/unity/launch
[0.703s] creating /home/jared/ros2_ws/install/unity/share/unity/config
[0.703s] copying config/ekf.yaml -> /home/jared/ros2_ws/install/unity/share/unity/config
[0.703s] running install_egg_info
[0.704s] removing '/home/jared/ros2_ws/install/unity/lib/python3.10/site-packages/unity-0.0.0-py3.10.egg-info' (and everything under it)
[0.704s] Copying ../../build/unity/unity.egg-info to /home/jared/ros2_ws/install/unity/lib/python3.10/site-packages/unity-0.0.0-py3.10.egg-info
[0.705s] running install_scripts
[0.721s] Installing drive_publisher script to /home/jared/ros2_ws/install/unity/lib/unity
[0.721s] Installing image_subscriber script to /home/jared/ros2_ws/install/unity/lib/unity
[0.721s] Installing mask_subscriber script to /home/jared/ros2_ws/install/unity/lib/unity
[0.721s] Installing move_publisher script to /home/jared/ros2_ws/install/unity/lib/unity
[0.722s] writing list of installed files to '/home/jared/ros2_ws/build/unity/install.log'
[0.738s] Invoked command in '/home/jared/ros2_ws/src/unity' returned '0': PYTHONPATH=/home/jared/ros2_ws/build/unity/prefix_override:/home/jared/ros2_ws/install/unity/lib/python3.10/site-packages:${PYTHONPATH} /usr/bin/python3 -W ignore:setup.py install is deprecated setup.py egg_info --egg-base ../../build/unity build --build-base /home/jared/ros2_ws/build/unity/build install --record /home/jared/ros2_ws/build/unity/install.log --single-version-externally-managed install_data
