[2.291s] Invoking command in '/home/jared/ros2_ws/build/examples_rclpy_pointcloud_publisher': PYTHONPATH=/home/jared/ros2_ws/build/examples_rclpy_pointcloud_publisher/prefix_override:/home/jared/ros2_ws/install/examples_rclpy_pointcloud_publisher/lib/python3.10/site-packages:${PYTHONPATH} /usr/bin/python3 -W ignore:setup.py install is deprecated setup.py develop --uninstall --editable --build-directory /home/jared/ros2_ws/build/examples_rclpy_pointcloud_publisher/build
[2.623s] running develop
[2.624s] /usr/lib/python3/dist-packages/setuptools/command/easy_install.py:158: EasyInstallDeprecationWarning: easy_install command is deprecated. Use build and pip and other standards-based tools.
[2.624s]   warnings.warn(
[2.841s] Removing /home/jared/ros2_ws/install/examples_rclpy_pointcloud_publisher/lib/python3.10/site-packages/examples-rclpy-pointcloud-publisher.egg-link (link to .)
[2.886s] Invoked command in '/home/jared/ros2_ws/build/examples_rclpy_pointcloud_publisher' returned '0': PYTHONPATH=/home/jared/ros2_ws/build/examples_rclpy_pointcloud_publisher/prefix_override:/home/jared/ros2_ws/install/examples_rclpy_pointcloud_publisher/lib/python3.10/site-packages:${PYTHONPATH} /usr/bin/python3 -W ignore:setup.py install is deprecated setup.py develop --uninstall --editable --build-directory /home/jared/ros2_ws/build/examples_rclpy_pointcloud_publisher/build
[2.886s] Invoking command in '/home/jared/ros2_ws/src/examples/rclpy/topics/pointcloud_publisher': PYTHONPATH=/home/jared/ros2_ws/build/examples_rclpy_pointcloud_publisher/prefix_override:/home/jared/ros2_ws/install/examples_rclpy_pointcloud_publisher/lib/python3.10/site-packages:${PYTHONPATH} /usr/bin/python3 -W ignore:setup.py install is deprecated setup.py egg_info --egg-base ../../../../../build/examples_rclpy_pointcloud_publisher build --build-base /home/jared/ros2_ws/build/examples_rclpy_pointcloud_publisher/build install --record /home/jared/ros2_ws/build/examples_rclpy_pointcloud_publisher/install.log --single-version-externally-managed install_data --force
[3.233s] running egg_info
[3.234s] writing ../../../../../build/examples_rclpy_pointcloud_publisher/examples_rclpy_pointcloud_publisher.egg-info/PKG-INFO
[3.234s] writing dependency_links to ../../../../../build/examples_rclpy_pointcloud_publisher/examples_rclpy_pointcloud_publisher.egg-info/dependency_links.txt
[3.235s] writing entry points to ../../../../../build/examples_rclpy_pointcloud_publisher/examples_rclpy_pointcloud_publisher.egg-info/entry_points.txt
[3.235s] writing requirements to ../../../../../build/examples_rclpy_pointcloud_publisher/examples_rclpy_pointcloud_publisher.egg-info/requires.txt
[3.235s] writing top-level names to ../../../../../build/examples_rclpy_pointcloud_publisher/examples_rclpy_pointcloud_publisher.egg-info/top_level.txt
[3.237s] reading manifest file '../../../../../build/examples_rclpy_pointcloud_publisher/examples_rclpy_pointcloud_publisher.egg-info/SOURCES.txt'
[3.238s] writing manifest file '../../../../../build/examples_rclpy_pointcloud_publisher/examples_rclpy_pointcloud_publisher.egg-info/SOURCES.txt'
[3.238s] running build
[3.238s] running build_py
[3.238s] running install
[3.238s] running install_lib
[3.239s] creating /home/jared/ros2_ws/install/examples_rclpy_pointcloud_publisher/lib/python3.10/site-packages/examples_rclpy_pointcloud_publisher
[3.239s] copying /home/jared/ros2_ws/build/examples_rclpy_pointcloud_publisher/build/lib/examples_rclpy_pointcloud_publisher/__init__.py -> /home/jared/ros2_ws/install/examples_rclpy_pointcloud_publisher/lib/python3.10/site-packages/examples_rclpy_pointcloud_publisher
[3.239s] copying /home/jared/ros2_ws/build/examples_rclpy_pointcloud_publisher/build/lib/examples_rclpy_pointcloud_publisher/pointcloud_publisher.py -> /home/jared/ros2_ws/install/examples_rclpy_pointcloud_publisher/lib/python3.10/site-packages/examples_rclpy_pointcloud_publisher
[3.240s] byte-compiling /home/jared/ros2_ws/install/examples_rclpy_pointcloud_publisher/lib/python3.10/site-packages/examples_rclpy_pointcloud_publisher/__init__.py to __init__.cpython-310.pyc
[3.240s] byte-compiling /home/jared/ros2_ws/install/examples_rclpy_pointcloud_publisher/lib/python3.10/site-packages/examples_rclpy_pointcloud_publisher/pointcloud_publisher.py to pointcloud_publisher.cpython-310.pyc
[3.240s] running install_data
[3.240s] copying resource/examples_rclpy_pointcloud_publisher -> /home/jared/ros2_ws/install/examples_rclpy_pointcloud_publisher/share/ament_index/resource_index/packages
[3.241s] copying package.xml -> /home/jared/ros2_ws/install/examples_rclpy_pointcloud_publisher/share/examples_rclpy_pointcloud_publisher
[3.241s] running install_egg_info
[3.242s] Copying ../../../../../build/examples_rclpy_pointcloud_publisher/examples_rclpy_pointcloud_publisher.egg-info to /home/jared/ros2_ws/install/examples_rclpy_pointcloud_publisher/lib/python3.10/site-packages/examples_rclpy_pointcloud_publisher-0.15.1-py3.10.egg-info
[3.243s] running install_scripts
[3.264s] Installing pointcloud_publisher script to /home/jared/ros2_ws/install/examples_rclpy_pointcloud_publisher/lib/examples_rclpy_pointcloud_publisher
[3.265s] writing list of installed files to '/home/jared/ros2_ws/build/examples_rclpy_pointcloud_publisher/install.log'
[3.303s] Invoked command in '/home/jared/ros2_ws/src/examples/rclpy/topics/pointcloud_publisher' returned '0': PYTHONPATH=/home/jared/ros2_ws/build/examples_rclpy_pointcloud_publisher/prefix_override:/home/jared/ros2_ws/install/examples_rclpy_pointcloud_publisher/lib/python3.10/site-packages:${PYTHONPATH} /usr/bin/python3 -W ignore:setup.py install is deprecated setup.py egg_info --egg-base ../../../../../build/examples_rclpy_pointcloud_publisher build --build-base /home/jared/ros2_ws/build/examples_rclpy_pointcloud_publisher/build install --record /home/jared/ros2_ws/build/examples_rclpy_pointcloud_publisher/install.log --single-version-externally-managed install_data --force
