[2.193s] Invoking command in '/home/jared/ros2_ws/src/unity': PYTHONPATH=/home/jared/ros2_ws/build/unity/prefix_override:/home/jared/ros2_ws/install/unity/lib/python3.10/site-packages:${PYTHONPATH} /usr/bin/python3 -W ignore:setup.py install is deprecated setup.py egg_info --egg-base ../../build/unity build --build-base /home/jared/ros2_ws/build/unity/build install --record /home/jared/ros2_ws/build/unity/install.log --single-version-externally-managed install_data
[2.464s] running egg_info
[2.465s] writing ../../build/unity/unity.egg-info/PKG-INFO
[2.465s] writing dependency_links to ../../build/unity/unity.egg-info/dependency_links.txt
[2.465s] writing entry points to ../../build/unity/unity.egg-info/entry_points.txt
[2.466s] writing requirements to ../../build/unity/unity.egg-info/requires.txt
[2.466s] writing top-level names to ../../build/unity/unity.egg-info/top_level.txt
[2.466s] reading manifest file '../../build/unity/unity.egg-info/SOURCES.txt'
[2.467s] adding license file 'LICENSE'
[2.467s] writing manifest file '../../build/unity/unity.egg-info/SOURCES.txt'
[2.467s] running build
[2.467s] running build_py
[2.468s] copying unity/move_publisher.py -> /home/jared/ros2_ws/build/unity/build/lib/unity
[2.468s] running install
[2.468s] running install_lib
[2.470s] copying /home/jared/ros2_ws/build/unity/build/lib/unity/move_publisher.py -> /home/jared/ros2_ws/install/unity/lib/python3.10/site-packages/unity
[2.471s] byte-compiling /home/jared/ros2_ws/install/unity/lib/python3.10/site-packages/unity/move_publisher.py to move_publisher.cpython-310.pyc
[2.471s] running install_data
[2.471s] running install_egg_info
[2.471s] removing '/home/jared/ros2_ws/install/unity/lib/python3.10/site-packages/unity-0.0.0-py3.10.egg-info' (and everything under it)
[2.471s] Copying ../../build/unity/unity.egg-info to /home/jared/ros2_ws/install/unity/lib/python3.10/site-packages/unity-0.0.0-py3.10.egg-info
[2.473s] running install_scripts
[2.492s] writing list of installed files to '/home/jared/ros2_ws/build/unity/install.log'
[2.514s] Invoked command in '/home/jared/ros2_ws/src/unity' returned '0': PYTHONPATH=/home/jared/ros2_ws/build/unity/prefix_override:/home/jared/ros2_ws/install/unity/lib/python3.10/site-packages:${PYTHONPATH} /usr/bin/python3 -W ignore:setup.py install is deprecated setup.py egg_info --egg-base ../../build/unity build --build-base /home/jared/ros2_ws/build/unity/build install --record /home/jared/ros2_ws/build/unity/install.log --single-version-externally-managed install_data
