[2.765s] Invoking command in '/home/jared/ros2_ws/src/my_package': PYTHONPATH=/home/jared/ros2_ws/build/my_package/prefix_override:/home/jared/ros2_ws/install/my_package/lib/python3.10/site-packages:${PYTHONPATH} /usr/bin/python3 -W ignore:setup.py install is deprecated setup.py egg_info --egg-base ../../build/my_package build --build-base /home/jared/ros2_ws/build/my_package/build install --record /home/jared/ros2_ws/build/my_package/install.log --single-version-externally-managed install_data
[3.046s] running egg_info
[3.047s] writing ../../build/my_package/my_package.egg-info/PKG-INFO
[3.047s] writing dependency_links to ../../build/my_package/my_package.egg-info/dependency_links.txt
[3.048s] writing entry points to ../../build/my_package/my_package.egg-info/entry_points.txt
[3.048s] writing requirements to ../../build/my_package/my_package.egg-info/requires.txt
[3.048s] writing top-level names to ../../build/my_package/my_package.egg-info/top_level.txt
[3.051s] reading manifest file '../../build/my_package/my_package.egg-info/SOURCES.txt'
[3.051s] adding license file 'LICENSE'
[3.052s] writing manifest file '../../build/my_package/my_package.egg-info/SOURCES.txt'
[3.052s] running build
[3.052s] running build_py
[3.053s] running install
[3.053s] running install_lib
[3.057s] running install_data
[3.057s] running install_egg_info
[3.057s] removing '/home/jared/ros2_ws/install/my_package/lib/python3.10/site-packages/my_package-0.0.0-py3.10.egg-info' (and everything under it)
[3.058s] Copying ../../build/my_package/my_package.egg-info to /home/jared/ros2_ws/install/my_package/lib/python3.10/site-packages/my_package-0.0.0-py3.10.egg-info
[3.058s] running install_scripts
[3.076s] Installing my_node script to /home/jared/ros2_ws/install/my_package/lib/my_package
[3.076s] Installing my_node2 script to /home/jared/ros2_ws/install/my_package/lib/my_package
[3.076s] writing list of installed files to '/home/jared/ros2_ws/build/my_package/install.log'
[3.111s] Invoked command in '/home/jared/ros2_ws/src/my_package' returned '0': PYTHONPATH=/home/jared/ros2_ws/build/my_package/prefix_override:/home/jared/ros2_ws/install/my_package/lib/python3.10/site-packages:${PYTHONPATH} /usr/bin/python3 -W ignore:setup.py install is deprecated setup.py egg_info --egg-base ../../build/my_package build --build-base /home/jared/ros2_ws/build/my_package/build install --record /home/jared/ros2_ws/build/my_package/install.log --single-version-externally-managed install_data
