[2.732s] Invoking command in '/home/jared/ros2_ws/build/examples_rclpy_executors': PYTHONPATH=/home/jared/ros2_ws/build/examples_rclpy_executors/prefix_override:/home/jared/ros2_ws/install/examples_rclpy_executors/lib/python3.10/site-packages:${PYTHONPATH} /usr/bin/python3 -W ignore:setup.py install is deprecated setup.py develop --editable --build-directory /home/jared/ros2_ws/build/examples_rclpy_executors/build --no-deps symlink_data
[3.155s] /usr/lib/python3/dist-packages/setuptools/command/easy_install.py:158: EasyInstallDeprecationWarning: easy_install command is deprecated. Use build and pip and other standards-based tools.
[3.156s]   warnings.warn(
[3.157s] running develop
[3.157s] running egg_info
[3.157s] writing examples_rclpy_executors.egg-info/PKG-INFO
[3.157s] writing dependency_links to examples_rclpy_executors.egg-info/dependency_links.txt
[3.157s] writing entry points to examples_rclpy_executors.egg-info/entry_points.txt
[3.158s] writing requirements to examples_rclpy_executors.egg-info/requires.txt
[3.158s] writing top-level names to examples_rclpy_executors.egg-info/top_level.txt
[3.158s] reading manifest file 'examples_rclpy_executors.egg-info/SOURCES.txt'
[3.159s] writing manifest file 'examples_rclpy_executors.egg-info/SOURCES.txt'
[3.159s] running build_ext
[3.159s] Creating /home/jared/ros2_ws/install/examples_rclpy_executors/lib/python3.10/site-packages/examples-rclpy-executors.egg-link (link to .)
[3.159s] Installing callback_group script to /home/jared/ros2_ws/install/examples_rclpy_executors/lib/examples_rclpy_executors
[3.160s] Installing composed script to /home/jared/ros2_ws/install/examples_rclpy_executors/lib/examples_rclpy_executors
[3.161s] Installing custom_callback_group script to /home/jared/ros2_ws/install/examples_rclpy_executors/lib/examples_rclpy_executors
[3.161s] Installing custom_executor script to /home/jared/ros2_ws/install/examples_rclpy_executors/lib/examples_rclpy_executors
[3.161s] Installing listener script to /home/jared/ros2_ws/install/examples_rclpy_executors/lib/examples_rclpy_executors
[3.162s] Installing talker script to /home/jared/ros2_ws/install/examples_rclpy_executors/lib/examples_rclpy_executors
[3.162s] 
[3.162s] Installed /home/jared/ros2_ws/build/examples_rclpy_executors
[3.162s] running symlink_data
[3.188s] Invoked command in '/home/jared/ros2_ws/build/examples_rclpy_executors' returned '0': PYTHONPATH=/home/jared/ros2_ws/build/examples_rclpy_executors/prefix_override:/home/jared/ros2_ws/install/examples_rclpy_executors/lib/python3.10/site-packages:${PYTHONPATH} /usr/bin/python3 -W ignore:setup.py install is deprecated setup.py develop --editable --build-directory /home/jared/ros2_ws/build/examples_rclpy_executors/build --no-deps symlink_data
