[0.038s] Invoking command in '/home/jared/ros2_ws/build/examples_rclcpp_minimal_service': CMAKE_PREFIX_PATH=/opt/ros/humble /usr/bin/cmake /home/jared/ros2_ws/src/examples/rclcpp/services/minimal_service -DAMENT_CMAKE_SYMLINK_INSTALL=1 -DCMAKE_INSTALL_PREFIX=/home/jared/ros2_ws/install/examples_rclcpp_minimal_service
[1.184s] -- The C compiler identification is GNU 11.4.0
[1.185s] -- The CXX compiler identification is GNU 11.4.0
[1.185s] -- Detecting C compiler ABI info
[1.185s] -- Detecting C compiler ABI info - done
[1.185s] -- Check for working C compiler: /usr/bin/cc - skipped
[1.186s] -- Detecting C compile features
[1.186s] -- Detecting C compile features - done
[1.186s] -- Detecting CXX compiler ABI info
[1.186s] -- Detecting CXX compiler ABI info - done
[1.186s] -- Check for working CXX compiler: /usr/bin/c++ - skipped
[1.187s] -- Detecting CXX compile features
[1.187s] -- Detecting CXX compile features - done
[1.188s] -- Found ament_cmake: 1.3.9 (/opt/ros/humble/share/ament_cmake/cmake)
[1.188s] -- Found Python3: /usr/bin/python3 (found version "3.10.12") found components: Interpreter 
[1.188s] -- Override CMake install command with custom implementation using symlinks instead of copying resources
[1.188s] -- Found example_interfaces: 0.9.3 (/opt/ros/humble/share/example_interfaces/cmake)
[1.188s] -- Found rosidl_generator_c: 3.1.5 (/opt/ros/humble/share/rosidl_generator_c/cmake)
[1.188s] -- Found rosidl_adapter: 3.1.5 (/opt/ros/humble/share/rosidl_adapter/cmake)
[1.188s] -- Found rosidl_generator_cpp: 3.1.5 (/opt/ros/humble/share/rosidl_generator_cpp/cmake)
[1.188s] -- Using all available rosidl_typesupport_c: rosidl_typesupport_fastrtps_c;rosidl_typesupport_introspection_c
[1.189s] -- Using all available rosidl_typesupport_cpp: rosidl_typesupport_fastrtps_cpp;rosidl_typesupport_introspection_cpp
[1.189s] -- Found rclcpp: 16.0.9 (/opt/ros/humble/share/rclcpp/cmake)
[1.189s] -- Found rmw_implementation_cmake: 6.1.2 (/opt/ros/humble/share/rmw_implementation_cmake/cmake)
[1.189s] -- Found rmw_fastrtps_cpp: 6.2.6 (/opt/ros/humble/share/rmw_fastrtps_cpp/cmake)
[1.190s] -- Found OpenSSL: /usr/lib/x86_64-linux-gnu/libcrypto.so (found version "3.0.2")  
[1.190s] -- Found FastRTPS: /opt/ros/humble/include  
[1.190s] -- Using RMW implementation 'rmw_fastrtps_cpp' as default
[1.190s] -- Looking for pthread.h
[1.231s] -- Looking for pthread.h - found
[1.232s] -- Performing Test CMAKE_HAVE_LIBC_PTHREAD
[1.321s] -- Performing Test CMAKE_HAVE_LIBC_PTHREAD - Success
[1.322s] -- Found Threads: TRUE  
[1.517s] -- Found ament_lint_auto: 0.12.11 (/opt/ros/humble/share/ament_lint_auto/cmake)
[1.644s] -- Added test 'copyright' to check source files copyright and LICENSE
[1.645s] -- Added test 'cppcheck' to perform static code analysis on C / C++ code
[1.645s] -- Configured cppcheck include dirs: 
[1.645s] -- Configured cppcheck exclude dirs and/or files: 
[1.646s] -- Added test 'cpplint' to check C / C++ code against the Google style
[1.646s] -- Configured cpplint exclude dirs and/or files: 
[1.646s] -- Added test 'lint_cmake' to check CMake code style
[1.647s] -- Added test 'uncrustify' to check C / C++ code style
[1.647s] -- Configured uncrustify additional arguments: 
[1.647s] -- Added test 'xmllint' to check XML markup files
[1.649s] -- Configuring done
[1.665s] -- Generating done
[1.665s] -- Build files have been written to: /home/jared/ros2_ws/build/examples_rclcpp_minimal_service
[1.726s] Invoked command in '/home/jared/ros2_ws/build/examples_rclcpp_minimal_service' returned '0': CMAKE_PREFIX_PATH=/opt/ros/humble /usr/bin/cmake /home/jared/ros2_ws/src/examples/rclcpp/services/minimal_service -DAMENT_CMAKE_SYMLINK_INSTALL=1 -DCMAKE_INSTALL_PREFIX=/home/jared/ros2_ws/install/examples_rclcpp_minimal_service
[1.727s] Invoking command in '/home/jared/ros2_ws/build/examples_rclcpp_minimal_service': CMAKE_PREFIX_PATH=/opt/ros/humble /usr/bin/cmake --build /home/jared/ros2_ws/build/examples_rclcpp_minimal_service -- -j16 -l16
[3.491s] [ 50%] [32mBuilding CXX object CMakeFiles/service_main.dir/main.cpp.o[0m
[12.899s] [100%] [32m[1mLinking CXX executable service_main[0m
[13.433s] [100%] Built target service_main
[13.493s] Invoked command in '/home/jared/ros2_ws/build/examples_rclcpp_minimal_service' returned '0': CMAKE_PREFIX_PATH=/opt/ros/humble /usr/bin/cmake --build /home/jared/ros2_ws/build/examples_rclcpp_minimal_service -- -j16 -l16
[14.108s] Invoking command in '/home/jared/ros2_ws/build/examples_rclcpp_minimal_service': CMAKE_PREFIX_PATH=/opt/ros/humble /usr/bin/cmake --install /home/jared/ros2_ws/build/examples_rclcpp_minimal_service
[19.602s] -- Install configuration: ""
[19.602s] -- Execute custom install script
[19.602s] -- Symlinking: /home/jared/ros2_ws/install/examples_rclcpp_minimal_service/lib/examples_rclcpp_minimal_service/service_main
[19.602s] -- Symlinking: /home/jared/ros2_ws/install/examples_rclcpp_minimal_service/share/ament_index/resource_index/package_run_dependencies/examples_rclcpp_minimal_service
[19.602s] -- Symlinking: /home/jared/ros2_ws/install/examples_rclcpp_minimal_service/share/ament_index/resource_index/parent_prefix_path/examples_rclcpp_minimal_service
[19.602s] -- Symlinking: /home/jared/ros2_ws/install/examples_rclcpp_minimal_service/share/examples_rclcpp_minimal_service/environment/ament_prefix_path.sh
[19.602s] -- Symlinking: /home/jared/ros2_ws/install/examples_rclcpp_minimal_service/share/examples_rclcpp_minimal_service/environment/ament_prefix_path.dsv
[19.602s] -- Symlinking: /home/jared/ros2_ws/install/examples_rclcpp_minimal_service/share/examples_rclcpp_minimal_service/environment/path.sh
[19.602s] -- Symlinking: /home/jared/ros2_ws/install/examples_rclcpp_minimal_service/share/examples_rclcpp_minimal_service/environment/path.dsv
[19.602s] -- Symlinking: /home/jared/ros2_ws/install/examples_rclcpp_minimal_service/share/examples_rclcpp_minimal_service/local_setup.bash
[19.602s] -- Symlinking: /home/jared/ros2_ws/install/examples_rclcpp_minimal_service/share/examples_rclcpp_minimal_service/local_setup.sh
[19.603s] -- Symlinking: /home/jared/ros2_ws/install/examples_rclcpp_minimal_service/share/examples_rclcpp_minimal_service/local_setup.zsh
[19.603s] -- Symlinking: /home/jared/ros2_ws/install/examples_rclcpp_minimal_service/share/examples_rclcpp_minimal_service/local_setup.dsv
[19.603s] -- Symlinking: /home/jared/ros2_ws/install/examples_rclcpp_minimal_service/share/examples_rclcpp_minimal_service/package.dsv
[19.603s] -- Symlinking: /home/jared/ros2_ws/install/examples_rclcpp_minimal_service/share/ament_index/resource_index/packages/examples_rclcpp_minimal_service
[19.603s] -- Symlinking: /home/jared/ros2_ws/install/examples_rclcpp_minimal_service/share/examples_rclcpp_minimal_service/cmake/examples_rclcpp_minimal_serviceConfig.cmake
[19.603s] -- Symlinking: /home/jared/ros2_ws/install/examples_rclcpp_minimal_service/share/examples_rclcpp_minimal_service/cmake/examples_rclcpp_minimal_serviceConfig-version.cmake
[19.603s] -- Symlinking: /home/jared/ros2_ws/install/examples_rclcpp_minimal_service/share/examples_rclcpp_minimal_service/package.xml
[19.693s] Invoked command in '/home/jared/ros2_ws/build/examples_rclcpp_minimal_service' returned '0': CMAKE_PREFIX_PATH=/opt/ros/humble /usr/bin/cmake --install /home/jared/ros2_ws/build/examples_rclcpp_minimal_service
