[0.066s] Invoking command in '/home/jared/ros2_ws/build/examples_rclcpp_minimal_composition': CMAKE_PREFIX_PATH=/opt/ros/humble /usr/bin/cmake /home/jared/ros2_ws/src/examples/rclcpp/composition/minimal_composition -DCMAKE_INSTALL_PREFIX=/home/jared/ros2_ws/install/examples_rclcpp_minimal_composition
[1.562s] -- Found ament_cmake: 1.3.9 (/opt/ros/humble/share/ament_cmake/cmake)
[1.563s] -- Override CMake install command with custom implementation using symlinks instead of copying resources
[1.563s] -- Found rclcpp: 16.0.9 (/opt/ros/humble/share/rclcpp/cmake)
[1.563s] -- Found rosidl_generator_c: 3.1.5 (/opt/ros/humble/share/rosidl_generator_c/cmake)
[1.564s] -- Found rosidl_adapter: 3.1.5 (/opt/ros/humble/share/rosidl_adapter/cmake)
[1.564s] -- Found rosidl_generator_cpp: 3.1.5 (/opt/ros/humble/share/rosidl_generator_cpp/cmake)
[1.564s] -- Using all available rosidl_typesupport_c: rosidl_typesupport_fastrtps_c;rosidl_typesupport_introspection_c
[1.564s] -- Using all available rosidl_typesupport_cpp: rosidl_typesupport_fastrtps_cpp;rosidl_typesupport_introspection_cpp
[1.564s] -- Found rmw_implementation_cmake: 6.1.2 (/opt/ros/humble/share/rmw_implementation_cmake/cmake)
[1.564s] -- Found rmw_cyclonedds_cpp: 1.3.4 (/opt/ros/humble/share/rmw_cyclonedds_cpp/cmake)
[1.564s] -- Using RMW implementation 'rmw_cyclonedds_cpp' as default
[1.564s] -- Found rclcpp_components: 16.0.9 (/opt/ros/humble/share/rclcpp_components/cmake)
[1.564s] -- Found ament_lint_auto: 0.12.11 (/opt/ros/humble/share/ament_lint_auto/cmake)
[1.564s] -- Added test 'copyright' to check source files copyright and LICENSE
[1.564s] -- Added test 'cppcheck' to perform static code analysis on C / C++ code
[1.564s] -- Configured cppcheck include dirs: /home/jared/ros2_ws/src/examples/rclcpp/composition/minimal_composition/include
[1.564s] -- Configured cppcheck exclude dirs and/or files: 
[1.564s] -- Added test 'cpplint' to check C / C++ code against the Google style
[1.564s] -- Configured cpplint exclude dirs and/or files: 
[1.565s] -- Added test 'lint_cmake' to check CMake code style
[1.565s] -- Added test 'uncrustify' to check C / C++ code style
[1.565s] -- Configured uncrustify additional arguments: 
[1.565s] -- Added test 'xmllint' to check XML markup files
[1.565s] -- Configuring done
[1.565s] -- Generating done
[1.565s] -- Build files have been written to: /home/jared/ros2_ws/build/examples_rclcpp_minimal_composition
[1.590s] Invoked command in '/home/jared/ros2_ws/build/examples_rclcpp_minimal_composition' returned '0': CMAKE_PREFIX_PATH=/opt/ros/humble /usr/bin/cmake /home/jared/ros2_ws/src/examples/rclcpp/composition/minimal_composition -DCMAKE_INSTALL_PREFIX=/home/jared/ros2_ws/install/examples_rclcpp_minimal_composition
[1.591s] Invoking command in '/home/jared/ros2_ws/build/examples_rclcpp_minimal_composition': CMAKE_PREFIX_PATH=/opt/ros/humble /usr/bin/cmake --build /home/jared/ros2_ws/build/examples_rclcpp_minimal_composition -- -j16 -l16
[1.703s] [35m[1mConsolidate compiler generated dependencies of target composition_nodes[0m
[1.820s] [ 33%] Built target composition_nodes
[1.848s] [35m[1mConsolidate compiler generated dependencies of target composition_subscriber[0m
[1.851s] [35m[1mConsolidate compiler generated dependencies of target composition_composed[0m
[1.858s] [35m[1mConsolidate compiler generated dependencies of target composition_publisher[0m
[1.901s] [ 55%] Built target composition_subscriber
[1.901s] [ 77%] Built target composition_publisher
[1.911s] [100%] Built target composition_composed
[1.968s] Invoked command in '/home/jared/ros2_ws/build/examples_rclcpp_minimal_composition' returned '0': CMAKE_PREFIX_PATH=/opt/ros/humble /usr/bin/cmake --build /home/jared/ros2_ws/build/examples_rclcpp_minimal_composition -- -j16 -l16
[2.092s] Invoking command in '/home/jared/ros2_ws/build/examples_rclcpp_minimal_composition': CMAKE_PREFIX_PATH=/opt/ros/humble /usr/bin/cmake --install /home/jared/ros2_ws/build/examples_rclcpp_minimal_composition
[2.104s] -- Install configuration: ""
[2.106s] -- Execute custom install script
[2.106s] -- Up-to-date symlink: /home/jared/ros2_ws/install/examples_rclcpp_minimal_composition/share/examples_rclcpp_minimal_composition/environment/library_path.sh
[2.106s] -- Up-to-date symlink: /home/jared/ros2_ws/install/examples_rclcpp_minimal_composition/share/examples_rclcpp_minimal_composition/environment/library_path.dsv
[2.106s] -- Up-to-date symlink: /home/jared/ros2_ws/install/examples_rclcpp_minimal_composition/lib/libcomposition_nodes.so
[2.106s] -- Up-to-date symlink: /home/jared/ros2_ws/install/examples_rclcpp_minimal_composition/lib/examples_rclcpp_minimal_composition/composition_publisher
[2.106s] -- Up-to-date symlink: /home/jared/ros2_ws/install/examples_rclcpp_minimal_composition/lib/examples_rclcpp_minimal_composition/composition_subscriber
[2.106s] -- Up-to-date symlink: /home/jared/ros2_ws/install/examples_rclcpp_minimal_composition/lib/examples_rclcpp_minimal_composition/composition_composed
[2.107s] -- Up-to-date symlink: /home/jared/ros2_ws/install/examples_rclcpp_minimal_composition/share/ament_index/resource_index/package_run_dependencies/examples_rclcpp_minimal_composition
[2.107s] -- Up-to-date symlink: /home/jared/ros2_ws/install/examples_rclcpp_minimal_composition/share/ament_index/resource_index/parent_prefix_path/examples_rclcpp_minimal_composition
[2.107s] -- Up-to-date symlink: /home/jared/ros2_ws/install/examples_rclcpp_minimal_composition/share/examples_rclcpp_minimal_composition/environment/ament_prefix_path.sh
[2.107s] -- Up-to-date symlink: /home/jared/ros2_ws/install/examples_rclcpp_minimal_composition/share/examples_rclcpp_minimal_composition/environment/ament_prefix_path.dsv
[2.107s] -- Up-to-date symlink: /home/jared/ros2_ws/install/examples_rclcpp_minimal_composition/share/examples_rclcpp_minimal_composition/environment/path.sh
[2.107s] -- Up-to-date symlink: /home/jared/ros2_ws/install/examples_rclcpp_minimal_composition/share/examples_rclcpp_minimal_composition/environment/path.dsv
[2.107s] -- Up-to-date symlink: /home/jared/ros2_ws/install/examples_rclcpp_minimal_composition/share/examples_rclcpp_minimal_composition/local_setup.bash
[2.107s] -- Up-to-date symlink: /home/jared/ros2_ws/install/examples_rclcpp_minimal_composition/share/examples_rclcpp_minimal_composition/local_setup.sh
[2.108s] -- Up-to-date symlink: /home/jared/ros2_ws/install/examples_rclcpp_minimal_composition/share/examples_rclcpp_minimal_composition/local_setup.zsh
[2.108s] -- Up-to-date symlink: /home/jared/ros2_ws/install/examples_rclcpp_minimal_composition/share/examples_rclcpp_minimal_composition/local_setup.dsv
[2.109s] -- Symlinking: /home/jared/ros2_ws/install/examples_rclcpp_minimal_composition/share/examples_rclcpp_minimal_composition/package.dsv
[2.126s] -- Up-to-date symlink: /home/jared/ros2_ws/install/examples_rclcpp_minimal_composition/share/ament_index/resource_index/packages/examples_rclcpp_minimal_composition
[2.126s] -- Up-to-date symlink: /home/jared/ros2_ws/install/examples_rclcpp_minimal_composition/share/examples_rclcpp_minimal_composition/cmake/examples_rclcpp_minimal_compositionConfig.cmake
[2.126s] -- Up-to-date symlink: /home/jared/ros2_ws/install/examples_rclcpp_minimal_composition/share/examples_rclcpp_minimal_composition/cmake/examples_rclcpp_minimal_compositionConfig-version.cmake
[2.126s] -- Up-to-date symlink: /home/jared/ros2_ws/install/examples_rclcpp_minimal_composition/share/examples_rclcpp_minimal_composition/package.xml
[2.229s] Invoked command in '/home/jared/ros2_ws/build/examples_rclcpp_minimal_composition' returned '0': CMAKE_PREFIX_PATH=/opt/ros/humble /usr/bin/cmake --install /home/jared/ros2_ws/build/examples_rclcpp_minimal_composition
