[0.066s] Invoking command in '/home/jared/ros2_ws/build/examples_rclcpp_minimal_publisher': CMAKE_PREFIX_PATH=${CMAKE_PREFIX_PATH}:/home/jared/ros2_ws/install/unity:/home/jared/ros2_ws/install/my_package:/home/jared/ros2_ws/install/launch_testing_examples:/home/jared/ros2_ws/install/examples_rclpy_pointcloud_publisher:/home/jared/ros2_ws/install/examples_rclpy_minimal_subscriber:/home/jared/ros2_ws/install/examples_rclpy_minimal_service:/home/jared/ros2_ws/install/examples_rclpy_minimal_publisher:/home/jared/ros2_ws/install/examples_rclpy_minimal_client:/home/jared/ros2_ws/install/examples_rclpy_minimal_action_server:/home/jared/ros2_ws/install/examples_rclpy_minimal_action_client:/home/jared/ros2_ws/install/examples_rclpy_guard_conditions:/home/jared/ros2_ws/install/examples_rclpy_executors:/opt/ros/humble /usr/bin/cmake --build /home/jared/ros2_ws/build/examples_rclcpp_minimal_publisher -- -j16 -l16
[0.963s] [ 16%] Built target publisher_lambda
[0.963s] [ 33%] Built target publisher_member_function
[0.963s] [ 50%] Built target publisher_member_function_with_type_adapter
[0.963s] [ 66%] Built target publisher_member_function_with_unique_network_flow_endpoints
[0.964s] [ 83%] Built target publisher_wait_for_all_acked
[0.964s] [100%] Built target publisher_not_composable
[0.979s] Invoked command in '/home/jared/ros2_ws/build/examples_rclcpp_minimal_publisher' returned '0': CMAKE_PREFIX_PATH=${CMAKE_PREFIX_PATH}:/home/jared/ros2_ws/install/unity:/home/jared/ros2_ws/install/my_package:/home/jared/ros2_ws/install/launch_testing_examples:/home/jared/ros2_ws/install/examples_rclpy_pointcloud_publisher:/home/jared/ros2_ws/install/examples_rclpy_minimal_subscriber:/home/jared/ros2_ws/install/examples_rclpy_minimal_service:/home/jared/ros2_ws/install/examples_rclpy_minimal_publisher:/home/jared/ros2_ws/install/examples_rclpy_minimal_client:/home/jared/ros2_ws/install/examples_rclpy_minimal_action_server:/home/jared/ros2_ws/install/examples_rclpy_minimal_action_client:/home/jared/ros2_ws/install/examples_rclpy_guard_conditions:/home/jared/ros2_ws/install/examples_rclpy_executors:/opt/ros/humble /usr/bin/cmake --build /home/jared/ros2_ws/build/examples_rclcpp_minimal_publisher -- -j16 -l16
[1.026s] Invoking command in '/home/jared/ros2_ws/build/examples_rclcpp_minimal_publisher': CMAKE_PREFIX_PATH=${CMAKE_PREFIX_PATH}:/home/jared/ros2_ws/install/unity:/home/jared/ros2_ws/install/my_package:/home/jared/ros2_ws/install/launch_testing_examples:/home/jared/ros2_ws/install/examples_rclpy_pointcloud_publisher:/home/jared/ros2_ws/install/examples_rclpy_minimal_subscriber:/home/jared/ros2_ws/install/examples_rclpy_minimal_service:/home/jared/ros2_ws/install/examples_rclpy_minimal_publisher:/home/jared/ros2_ws/install/examples_rclpy_minimal_client:/home/jared/ros2_ws/install/examples_rclpy_minimal_action_server:/home/jared/ros2_ws/install/examples_rclpy_minimal_action_client:/home/jared/ros2_ws/install/examples_rclpy_guard_conditions:/home/jared/ros2_ws/install/examples_rclpy_executors:/opt/ros/humble /usr/bin/cmake --install /home/jared/ros2_ws/build/examples_rclcpp_minimal_publisher
[1.046s] -- Install configuration: ""
[1.046s] -- Execute custom install script
[1.046s] -- Up-to-date symlink: /home/jared/ros2_ws/install/examples_rclcpp_minimal_publisher/lib/examples_rclcpp_minimal_publisher/publisher_lambda
[1.046s] -- Up-to-date symlink: /home/jared/ros2_ws/install/examples_rclcpp_minimal_publisher/lib/examples_rclcpp_minimal_publisher/publisher_member_function
[1.046s] -- Up-to-date symlink: /home/jared/ros2_ws/install/examples_rclcpp_minimal_publisher/lib/examples_rclcpp_minimal_publisher/publisher_member_function_with_type_adapter
[1.049s] -- Up-to-date symlink: /home/jared/ros2_ws/install/examples_rclcpp_minimal_publisher/lib/examples_rclcpp_minimal_publisher/publisher_member_function_with_unique_network_flow_endpoints
[1.050s] -- Up-to-date symlink: /home/jared/ros2_ws/install/examples_rclcpp_minimal_publisher/lib/examples_rclcpp_minimal_publisher/publisher_wait_for_all_acked
[1.051s] -- Up-to-date symlink: /home/jared/ros2_ws/install/examples_rclcpp_minimal_publisher/lib/examples_rclcpp_minimal_publisher/publisher_not_composable
[1.051s] -- Up-to-date symlink: /home/jared/ros2_ws/install/examples_rclcpp_minimal_publisher/share/ament_index/resource_index/package_run_dependencies/examples_rclcpp_minimal_publisher
[1.051s] -- Up-to-date symlink: /home/jared/ros2_ws/install/examples_rclcpp_minimal_publisher/share/ament_index/resource_index/parent_prefix_path/examples_rclcpp_minimal_publisher
[1.051s] -- Up-to-date symlink: /home/jared/ros2_ws/install/examples_rclcpp_minimal_publisher/share/examples_rclcpp_minimal_publisher/environment/ament_prefix_path.sh
[1.051s] -- Up-to-date symlink: /home/jared/ros2_ws/install/examples_rclcpp_minimal_publisher/share/examples_rclcpp_minimal_publisher/environment/ament_prefix_path.dsv
[1.051s] -- Up-to-date symlink: /home/jared/ros2_ws/install/examples_rclcpp_minimal_publisher/share/examples_rclcpp_minimal_publisher/environment/path.sh
[1.051s] -- Up-to-date symlink: /home/jared/ros2_ws/install/examples_rclcpp_minimal_publisher/share/examples_rclcpp_minimal_publisher/environment/path.dsv
[1.052s] -- Up-to-date symlink: /home/jared/ros2_ws/install/examples_rclcpp_minimal_publisher/share/examples_rclcpp_minimal_publisher/local_setup.bash
[1.052s] -- Up-to-date symlink: /home/jared/ros2_ws/install/examples_rclcpp_minimal_publisher/share/examples_rclcpp_minimal_publisher/local_setup.sh
[1.052s] -- Up-to-date symlink: /home/jared/ros2_ws/install/examples_rclcpp_minimal_publisher/share/examples_rclcpp_minimal_publisher/local_setup.zsh
[1.052s] -- Up-to-date symlink: /home/jared/ros2_ws/install/examples_rclcpp_minimal_publisher/share/examples_rclcpp_minimal_publisher/local_setup.dsv
[1.052s] -- Symlinking: /home/jared/ros2_ws/install/examples_rclcpp_minimal_publisher/share/examples_rclcpp_minimal_publisher/package.dsv
[1.060s] -- Up-to-date symlink: /home/jared/ros2_ws/install/examples_rclcpp_minimal_publisher/share/ament_index/resource_index/packages/examples_rclcpp_minimal_publisher
[1.061s] -- Up-to-date symlink: /home/jared/ros2_ws/install/examples_rclcpp_minimal_publisher/share/examples_rclcpp_minimal_publisher/cmake/examples_rclcpp_minimal_publisherConfig.cmake
[1.061s] -- Up-to-date symlink: /home/jared/ros2_ws/install/examples_rclcpp_minimal_publisher/share/examples_rclcpp_minimal_publisher/cmake/examples_rclcpp_minimal_publisherConfig-version.cmake
[1.061s] -- Up-to-date symlink: /home/jared/ros2_ws/install/examples_rclcpp_minimal_publisher/share/examples_rclcpp_minimal_publisher/package.xml
[1.114s] Invoked command in '/home/jared/ros2_ws/build/examples_rclcpp_minimal_publisher' returned '0': CMAKE_PREFIX_PATH=${CMAKE_PREFIX_PATH}:/home/jared/ros2_ws/install/unity:/home/jared/ros2_ws/install/my_package:/home/jared/ros2_ws/install/launch_testing_examples:/home/jared/ros2_ws/install/examples_rclpy_pointcloud_publisher:/home/jared/ros2_ws/install/examples_rclpy_minimal_subscriber:/home/jared/ros2_ws/install/examples_rclpy_minimal_service:/home/jared/ros2_ws/install/examples_rclpy_minimal_publisher:/home/jared/ros2_ws/install/examples_rclpy_minimal_client:/home/jared/ros2_ws/install/examples_rclpy_minimal_action_server:/home/jared/ros2_ws/install/examples_rclpy_minimal_action_client:/home/jared/ros2_ws/install/examples_rclpy_guard_conditions:/home/jared/ros2_ws/install/examples_rclpy_executors:/opt/ros/humble /usr/bin/cmake --install /home/jared/ros2_ws/build/examples_rclcpp_minimal_publisher
