running egg_info
writing ../../build/unity/unity.egg-info/PKG-INFO
writing dependency_links to ../../build/unity/unity.egg-info/dependency_links.txt
writing entry points to ../../build/unity/unity.egg-info/entry_points.txt
writing requirements to ../../build/unity/unity.egg-info/requires.txt
writing top-level names to ../../build/unity/unity.egg-info/top_level.txt
reading manifest file '../../build/unity/unity.egg-info/SOURCES.txt'
adding license file 'LICENSE'
writing manifest file '../../build/unity/unity.egg-info/SOURCES.txt'
running build
running build_py
running install
running install_lib
running install_data
running install_egg_info
removing '/home/jared/ros2_ws/install/unity/lib/python3.10/site-packages/unity-0.0.0-py3.10.egg-info' (and everything under it)
Copying ../../build/unity/unity.egg-info to /home/jared/ros2_ws/install/unity/lib/python3.10/site-packages/unity-0.0.0-py3.10.egg-info
running install_scripts
Installing move_publisher script to /home/jared/ros2_ws/install/unity/lib/unity
writing list of installed files to '/home/jared/ros2_ws/build/unity/install.log'
