Determining if the function sgemm_ exists failed with the following output:
Change Dir: /home/jared/ros2_ws/build/slam/CMakeFiles/CMakeTmp

Run Build Command(s):/usr/bin/gmake -f Makefile cmTC_22c1e/fast && /usr/bin/gmake  -f CMakeFiles/cmTC_22c1e.dir/build.make CMakeFiles/cmTC_22c1e.dir/build
gmake[1]: Entering directory '/home/jared/ros2_ws/build/slam/CMakeFiles/CMakeTmp'
Building C object CMakeFiles/cmTC_22c1e.dir/CheckFunctionExists.c.o
/usr/bin/cc   -DCHECK_FUNCTION_EXISTS=sgemm_ -o CMakeFiles/cmTC_22c1e.dir/CheckFunctionExists.c.o -c /usr/share/cmake-3.22/Modules/CheckFunctionExists.c
Linking C executable cmTC_22c1e
/usr/bin/cmake -E cmake_link_script CMakeFiles/cmTC_22c1e.dir/link.txt --verbose=1
/usr/bin/cc  -DCHECK_FUNCTION_EXISTS=sgemm_ CMakeFiles/cmTC_22c1e.dir/CheckFunctionExists.c.o -o cmTC_22c1e 
/usr/bin/ld: CMakeFiles/cmTC_22c1e.dir/CheckFunctionExists.c.o: in function `main':
CheckFunctionExists.c:(.text+0x14): undefined reference to `sgemm_'
collect2: error: ld returned 1 exit status
gmake[1]: *** [CMakeFiles/cmTC_22c1e.dir/build.make:99: cmTC_22c1e] Error 1
gmake[1]: Leaving directory '/home/jared/ros2_ws/build/slam/CMakeFiles/CMakeTmp'
gmake: *** [Makefile:127: cmTC_22c1e/fast] Error 2



Determining if the function cheev_ exists failed with the following output:
Change Dir: /home/jared/ros2_ws/build/slam/CMakeFiles/CMakeTmp

Run Build Command(s):/usr/bin/gmake -f Makefile cmTC_2dadc/fast && /usr/bin/gmake  -f CMakeFiles/cmTC_2dadc.dir/build.make CMakeFiles/cmTC_2dadc.dir/build
gmake[1]: Entering directory '/home/jared/ros2_ws/build/slam/CMakeFiles/CMakeTmp'
Building C object CMakeFiles/cmTC_2dadc.dir/CheckFunctionExists.c.o
/usr/bin/cc   -DCHECK_FUNCTION_EXISTS=cheev_ -o CMakeFiles/cmTC_2dadc.dir/CheckFunctionExists.c.o -c /usr/share/cmake-3.22/Modules/CheckFunctionExists.c
Linking C executable cmTC_2dadc
/usr/bin/cmake -E cmake_link_script CMakeFiles/cmTC_2dadc.dir/link.txt --verbose=1
/usr/bin/cc  -DCHECK_FUNCTION_EXISTS=cheev_ CMakeFiles/cmTC_2dadc.dir/CheckFunctionExists.c.o -o cmTC_2dadc  /usr/lib/x86_64-linux-gnu/libblas.so /usr/lib/x86_64-linux-gnu/libf77blas.so /usr/lib/x86_64-linux-gnu/libatlas.so -lm -ldl 
/usr/bin/ld: CMakeFiles/cmTC_2dadc.dir/CheckFunctionExists.c.o: in function `main':
CheckFunctionExists.c:(.text+0x14): undefined reference to `cheev_'
collect2: error: ld returned 1 exit status
gmake[1]: *** [CMakeFiles/cmTC_2dadc.dir/build.make:102: cmTC_2dadc] Error 1
gmake[1]: Leaving directory '/home/jared/ros2_ws/build/slam/CMakeFiles/CMakeTmp'
gmake: *** [Makefile:127: cmTC_2dadc/fast] Error 2



Determining if the function cheev_ exists failed with the following output:
Change Dir: /home/jared/ros2_ws/build/slam/CMakeFiles/CMakeTmp

Run Build Command(s):/usr/bin/gmake -f Makefile cmTC_6a55e/fast && /usr/bin/gmake  -f CMakeFiles/cmTC_6a55e.dir/build.make CMakeFiles/cmTC_6a55e.dir/build
gmake[1]: Entering directory '/home/jared/ros2_ws/build/slam/CMakeFiles/CMakeTmp'
Building C object CMakeFiles/cmTC_6a55e.dir/CheckFunctionExists.c.o
/usr/bin/cc   -DCHECK_FUNCTION_EXISTS=cheev_ -o CMakeFiles/cmTC_6a55e.dir/CheckFunctionExists.c.o -c /usr/share/cmake-3.22/Modules/CheckFunctionExists.c
Linking C executable cmTC_6a55e
/usr/bin/cmake -E cmake_link_script CMakeFiles/cmTC_6a55e.dir/link.txt --verbose=1
/usr/bin/cc  -DCHECK_FUNCTION_EXISTS=cheev_ CMakeFiles/cmTC_6a55e.dir/CheckFunctionExists.c.o -o cmTC_6a55e  /usr/lib/x86_64-linux-gnu/liblapack.so /usr/lib/x86_64-linux-gnu/libblas.so /usr/lib/x86_64-linux-gnu/libf77blas.so /usr/lib/x86_64-linux-gnu/libatlas.so -fortranlibs 
cc: error: unrecognized command-line option ‘-fortranlibs’
gmake[1]: *** [CMakeFiles/cmTC_6a55e.dir/build.make:103: cmTC_6a55e] Error 1
gmake[1]: Leaving directory '/home/jared/ros2_ws/build/slam/CMakeFiles/CMakeTmp'
gmake: *** [Makefile:127: cmTC_6a55e/fast] Error 2



