[1.668s] Invoking command in '/home/jared/ros2_ws/src/my_package': PYTHONPATH=/home/jared/ros2_ws/build/my_package/prefix_override:/home/jared/ros2_ws/install/my_package/lib/python3.10/site-packages:${PYTHONPATH} /usr/bin/python3 -W ignore:setup.py install is deprecated setup.py egg_info --egg-base ../../build/my_package build --build-base /home/jared/ros2_ws/build/my_package/build install --record /home/jared/ros2_ws/build/my_package/install.log --single-version-externally-managed install_data
[1.837s] running egg_info
[1.837s] creating ../../build/my_package/my_package.egg-info
[1.838s] writing ../../build/my_package/my_package.egg-info/PKG-INFO
[1.838s] writing dependency_links to ../../build/my_package/my_package.egg-info/dependency_links.txt
[1.838s] writing entry points to ../../build/my_package/my_package.egg-info/entry_points.txt
[1.838s] writing requirements to ../../build/my_package/my_package.egg-info/requires.txt
[1.838s] writing top-level names to ../../build/my_package/my_package.egg-info/top_level.txt
[1.838s] writing manifest file '../../build/my_package/my_package.egg-info/SOURCES.txt'
[1.839s] reading manifest file '../../build/my_package/my_package.egg-info/SOURCES.txt'
[1.839s] adding license file 'LICENSE'
[1.840s] writing manifest file '../../build/my_package/my_package.egg-info/SOURCES.txt'
[1.840s] running build
[1.840s] running build_py
[1.840s] creating /home/jared/ros2_ws/build/my_package/build
[1.840s] creating /home/jared/ros2_ws/build/my_package/build/lib
[1.840s] creating /home/jared/ros2_ws/build/my_package/build/lib/my_package
[1.840s] copying my_package/__init__.py -> /home/jared/ros2_ws/build/my_package/build/lib/my_package
[1.840s] copying my_package/my_node.py -> /home/jared/ros2_ws/build/my_package/build/lib/my_package
[1.840s] running install
[1.840s] running install_lib
[1.841s] creating /home/jared/ros2_ws/install/my_package/lib/python3.10/site-packages/my_package
[1.841s] copying /home/jared/ros2_ws/build/my_package/build/lib/my_package/__init__.py -> /home/jared/ros2_ws/install/my_package/lib/python3.10/site-packages/my_package
[1.841s] copying /home/jared/ros2_ws/build/my_package/build/lib/my_package/my_node.py -> /home/jared/ros2_ws/install/my_package/lib/python3.10/site-packages/my_package
[1.842s] byte-compiling /home/jared/ros2_ws/install/my_package/lib/python3.10/site-packages/my_package/__init__.py to __init__.cpython-310.pyc
[1.842s] byte-compiling /home/jared/ros2_ws/install/my_package/lib/python3.10/site-packages/my_package/my_node.py to my_node.cpython-310.pyc
[1.842s] running install_data
[1.842s] creating /home/jared/ros2_ws/install/my_package/share/ament_index
[1.842s] creating /home/jared/ros2_ws/install/my_package/share/ament_index/resource_index
[1.842s] creating /home/jared/ros2_ws/install/my_package/share/ament_index/resource_index/packages
[1.842s] copying resource/my_package -> /home/jared/ros2_ws/install/my_package/share/ament_index/resource_index/packages
[1.842s] copying package.xml -> /home/jared/ros2_ws/install/my_package/share/my_package
[1.843s] running install_egg_info
[1.844s] Copying ../../build/my_package/my_package.egg-info to /home/jared/ros2_ws/install/my_package/lib/python3.10/site-packages/my_package-0.0.0-py3.10.egg-info
[1.844s] running install_scripts
[1.860s] Installing my_node script to /home/jared/ros2_ws/install/my_package/lib/my_package
[1.861s] writing list of installed files to '/home/jared/ros2_ws/build/my_package/install.log'
[1.883s] Invoked command in '/home/jared/ros2_ws/src/my_package' returned '0': PYTHONPATH=/home/jared/ros2_ws/build/my_package/prefix_override:/home/jared/ros2_ws/install/my_package/lib/python3.10/site-packages:${PYTHONPATH} /usr/bin/python3 -W ignore:setup.py install is deprecated setup.py egg_info --egg-base ../../build/my_package build --build-base /home/jared/ros2_ws/build/my_package/build install --record /home/jared/ros2_ws/build/my_package/install.log --single-version-externally-managed install_data
