running develop
running egg_info
writing unity.egg-info/PKG-INFO
writing dependency_links to unity.egg-info/dependency_links.txt
writing entry points to unity.egg-info/entry_points.txt
writing requirements to unity.egg-info/requires.txt
writing top-level names to unity.egg-info/top_level.txt
reading manifest file 'unity.egg-info/SOURCES.txt'
writing manifest file 'unity.egg-info/SOURCES.txt'
running build_ext
Creating /home/jared/ros2_ws/install/unity/lib/python3.10/site-packages/unity.egg-link (link to .)
Installing differential_odom script to /home/jared/ros2_ws/install/unity/lib/unity
Installing drive_publisher script to /home/jared/ros2_ws/install/unity/lib/unity
Installing image_subscriber script to /home/jared/ros2_ws/install/unity/lib/unity
Installing imu_odometry script to /home/jared/ros2_ws/install/unity/lib/unity
Installing mask_subscriber script to /home/jared/ros2_ws/install/unity/lib/unity
Installing move_publisher script to /home/jared/ros2_ws/install/unity/lib/unity
Installing pointcloud_to_laser script to /home/jared/ros2_ws/install/unity/lib/unity

Installed /home/jared/ros2_ws/build/unity
running symlink_data
