[7.950s] Invoking command in '/home/jared/ros2_ws/build/examples_rclpy_minimal_client': PYTHONPATH=/home/jared/ros2_ws/build/examples_rclpy_minimal_client/prefix_override:/home/jared/ros2_ws/install/examples_rclpy_minimal_client/lib/python3.10/site-packages:${PYTHONPATH} /usr/bin/python3 -W ignore:setup.py install is deprecated setup.py develop --editable --build-directory /home/jared/ros2_ws/build/examples_rclpy_minimal_client/build --no-deps symlink_data
[16.052s] running develop
[16.052s] running egg_info
[16.052s] creating examples_rclpy_minimal_client.egg-info
[16.052s] writing examples_rclpy_minimal_client.egg-info/PKG-INFO
[16.052s] writing dependency_links to examples_rclpy_minimal_client.egg-info/dependency_links.txt
[16.052s] writing entry points to examples_rclpy_minimal_client.egg-info/entry_points.txt
[16.052s] writing requirements to examples_rclpy_minimal_client.egg-info/requires.txt
[16.052s] writing top-level names to examples_rclpy_minimal_client.egg-info/top_level.txt
[16.052s] writing manifest file 'examples_rclpy_minimal_client.egg-info/SOURCES.txt'
[16.053s] reading manifest file 'examples_rclpy_minimal_client.egg-info/SOURCES.txt'
[16.053s] writing manifest file 'examples_rclpy_minimal_client.egg-info/SOURCES.txt'
[16.053s] running build_ext
[16.053s] Creating /home/jared/ros2_ws/install/examples_rclpy_minimal_client/lib/python3.10/site-packages/examples-rclpy-minimal-client.egg-link (link to .)
[16.053s] Installing client script to /home/jared/ros2_ws/install/examples_rclpy_minimal_client/lib/examples_rclpy_minimal_client
[16.053s] Installing client_async script to /home/jared/ros2_ws/install/examples_rclpy_minimal_client/lib/examples_rclpy_minimal_client
[16.053s] Installing client_async_callback script to /home/jared/ros2_ws/install/examples_rclpy_minimal_client/lib/examples_rclpy_minimal_client
[16.053s] Installing client_async_member_function script to /home/jared/ros2_ws/install/examples_rclpy_minimal_client/lib/examples_rclpy_minimal_client
[16.053s] 
[16.053s] Installed /home/jared/ros2_ws/build/examples_rclpy_minimal_client
[16.053s] running symlink_data
[16.053s] creating /home/jared/ros2_ws/install/examples_rclpy_minimal_client/share/ament_index
[16.053s] creating /home/jared/ros2_ws/install/examples_rclpy_minimal_client/share/ament_index/resource_index
[16.054s] creating /home/jared/ros2_ws/install/examples_rclpy_minimal_client/share/ament_index/resource_index/packages
[16.054s] symbolically linking /home/jared/ros2_ws/build/examples_rclpy_minimal_client/resource/examples_rclpy_minimal_client -> /home/jared/ros2_ws/install/examples_rclpy_minimal_client/share/ament_index/resource_index/packages
[16.054s] symbolically linking /home/jared/ros2_ws/build/examples_rclpy_minimal_client/package.xml -> /home/jared/ros2_ws/install/examples_rclpy_minimal_client/share/examples_rclpy_minimal_client
[16.072s] /usr/lib/python3/dist-packages/setuptools/command/easy_install.py:158: EasyInstallDeprecationWarning: easy_install command is deprecated. Use build and pip and other standards-based tools.
[16.072s]   warnings.warn(
[16.099s] Invoked command in '/home/jared/ros2_ws/build/examples_rclpy_minimal_client' returned '0': PYTHONPATH=/home/jared/ros2_ws/build/examples_rclpy_minimal_client/prefix_override:/home/jared/ros2_ws/install/examples_rclpy_minimal_client/lib/python3.10/site-packages:${PYTHONPATH} /usr/bin/python3 -W ignore:setup.py install is deprecated setup.py develop --editable --build-directory /home/jared/ros2_ws/build/examples_rclpy_minimal_client/build --no-deps symlink_data
