[1.928s] Invoking command in '/home/jared/ros2_ws/build/examples_rclpy_minimal_action_client': PYTHONPATH=/home/jared/ros2_ws/build/examples_rclpy_minimal_action_client/prefix_override:/home/jared/ros2_ws/install/examples_rclpy_minimal_action_client/lib/python3.10/site-packages:${PYTHONPATH} /usr/bin/python3 -W ignore:setup.py install is deprecated setup.py develop --editable --build-directory /home/jared/ros2_ws/build/examples_rclpy_minimal_action_client/build --no-deps symlink_data --force
[2.120s] running develop
[2.120s] /usr/lib/python3/dist-packages/setuptools/command/easy_install.py:158: EasyInstallDeprecationWarning: easy_install command is deprecated. Use build and pip and other standards-based tools.
[2.120s]   warnings.warn(
[2.240s] running egg_info
[2.240s] writing examples_rclpy_minimal_action_client.egg-info/PKG-INFO
[2.241s] writing dependency_links to examples_rclpy_minimal_action_client.egg-info/dependency_links.txt
[2.241s] writing entry points to examples_rclpy_minimal_action_client.egg-info/entry_points.txt
[2.241s] writing requirements to examples_rclpy_minimal_action_client.egg-info/requires.txt
[2.241s] writing top-level names to examples_rclpy_minimal_action_client.egg-info/top_level.txt
[2.242s] reading manifest file 'examples_rclpy_minimal_action_client.egg-info/SOURCES.txt'
[2.243s] writing manifest file 'examples_rclpy_minimal_action_client.egg-info/SOURCES.txt'
[2.243s] running build_ext
[2.244s] Creating /home/jared/ros2_ws/install/examples_rclpy_minimal_action_client/lib/python3.10/site-packages/examples-rclpy-minimal-action-client.egg-link (link to .)
[2.244s] Installing client script to /home/jared/ros2_ws/install/examples_rclpy_minimal_action_client/lib/examples_rclpy_minimal_action_client
[2.244s] Installing client_asyncio script to /home/jared/ros2_ws/install/examples_rclpy_minimal_action_client/lib/examples_rclpy_minimal_action_client
[2.244s] Installing client_cancel script to /home/jared/ros2_ws/install/examples_rclpy_minimal_action_client/lib/examples_rclpy_minimal_action_client
[2.244s] Installing client_not_composable script to /home/jared/ros2_ws/install/examples_rclpy_minimal_action_client/lib/examples_rclpy_minimal_action_client
[2.245s] 
[2.245s] Installed /home/jared/ros2_ws/build/examples_rclpy_minimal_action_client
[2.245s] running symlink_data
[2.245s] symbolically linking /home/jared/ros2_ws/build/examples_rclpy_minimal_action_client/resource/examples_rclpy_minimal_action_client -> /home/jared/ros2_ws/install/examples_rclpy_minimal_action_client/share/ament_index/resource_index/packages
[2.245s] symbolically linking /home/jared/ros2_ws/build/examples_rclpy_minimal_action_client/package.xml -> /home/jared/ros2_ws/install/examples_rclpy_minimal_action_client/share/examples_rclpy_minimal_action_client
[2.852s] Invoked command in '/home/jared/ros2_ws/build/examples_rclpy_minimal_action_client' returned '0': PYTHONPATH=/home/jared/ros2_ws/build/examples_rclpy_minimal_action_client/prefix_override:/home/jared/ros2_ws/install/examples_rclpy_minimal_action_client/lib/python3.10/site-packages:${PYTHONPATH} /usr/bin/python3 -W ignore:setup.py install is deprecated setup.py develop --editable --build-directory /home/jared/ros2_ws/build/examples_rclpy_minimal_action_client/build --no-deps symlink_data --force
