[0.048s] Invoking command in '/home/jared/ros2_ws/build/examples_rclcpp_wait_set': CMAKE_PREFIX_PATH=${CMAKE_PREFIX_PATH}:/home/jared/ros2_ws/install/unity_robotics_demo:/home/jared/ros2_ws/install/unity:/home/jared/ros2_ws/install/ros_tcp_endpoint:/home/jared/ros2_ws/install/my_package:/home/jared/ros2_ws/install/launch_testing_examples:/home/jared/ros2_ws/install/examples_rclpy_pointcloud_publisher:/home/jared/ros2_ws/install/examples_rclpy_minimal_subscriber:/home/jared/ros2_ws/install/examples_rclpy_minimal_service:/home/jared/ros2_ws/install/examples_rclpy_minimal_publisher:/home/jared/ros2_ws/install/examples_rclpy_minimal_client:/home/jared/ros2_ws/install/examples_rclpy_minimal_action_server:/home/jared/ros2_ws/install/examples_rclpy_minimal_action_client:/home/jared/ros2_ws/install/examples_rclpy_guard_conditions:/home/jared/ros2_ws/install/examples_rclpy_executors:/opt/ros/humble /usr/bin/cmake /home/jared/ros2_ws/src/examples/rclcpp/wait_set -DAMENT_CMAKE_SYMLINK_INSTALL=1 -DCMAKE_INSTALL_PREFIX=/home/jared/ros2_ws/install/examples_rclcpp_wait_set
[1.137s] -- Found ament_cmake: 1.3.9 (/opt/ros/humble/share/ament_cmake/cmake)
[1.137s] -- Override CMake install command with custom implementation using symlinks instead of copying resources
[1.137s] -- Found example_interfaces: 0.9.3 (/opt/ros/humble/share/example_interfaces/cmake)
[1.137s] -- Found rosidl_generator_c: 3.1.5 (/opt/ros/humble/share/rosidl_generator_c/cmake)
[1.137s] -- Found rosidl_adapter: 3.1.5 (/opt/ros/humble/share/rosidl_adapter/cmake)
[1.137s] -- Found rosidl_generator_cpp: 3.1.5 (/opt/ros/humble/share/rosidl_generator_cpp/cmake)
[1.137s] -- Using all available rosidl_typesupport_c: rosidl_typesupport_fastrtps_c;rosidl_typesupport_introspection_c
[1.137s] -- Using all available rosidl_typesupport_cpp: rosidl_typesupport_fastrtps_cpp;rosidl_typesupport_introspection_cpp
[1.137s] -- Found rclcpp: 16.0.9 (/opt/ros/humble/share/rclcpp/cmake)
[1.137s] -- Found rmw_implementation_cmake: 6.1.2 (/opt/ros/humble/share/rmw_implementation_cmake/cmake)
[1.138s] -- Found rmw_fastrtps_cpp: 6.2.6 (/opt/ros/humble/share/rmw_fastrtps_cpp/cmake)
[1.138s] -- Using RMW implementation 'rmw_fastrtps_cpp' as default
[1.138s] -- Found rclcpp_components: 16.0.9 (/opt/ros/humble/share/rclcpp_components/cmake)
[1.138s] -- Found ament_lint_auto: 0.12.11 (/opt/ros/humble/share/ament_lint_auto/cmake)
[1.138s] -- Added test 'copyright' to check source files copyright and LICENSE
[1.138s] -- Added test 'cppcheck' to perform static code analysis on C / C++ code
[1.138s] -- Configured cppcheck include dirs: /home/jared/ros2_ws/src/examples/rclcpp/wait_set/include
[1.138s] -- Configured cppcheck exclude dirs and/or files: 
[1.138s] -- Added test 'cpplint' to check C / C++ code against the Google style
[1.138s] -- Configured cpplint exclude dirs and/or files: 
[1.138s] -- Added test 'lint_cmake' to check CMake code style
[1.138s] -- Added test 'uncrustify' to check C / C++ code style
[1.138s] -- Configured uncrustify additional arguments: 
[1.138s] -- Added test 'xmllint' to check XML markup files
[1.139s] -- Configuring done
[1.139s] -- Generating done
[1.139s] -- Build files have been written to: /home/jared/ros2_ws/build/examples_rclcpp_wait_set
[1.151s] Invoked command in '/home/jared/ros2_ws/build/examples_rclcpp_wait_set' returned '0': CMAKE_PREFIX_PATH=${CMAKE_PREFIX_PATH}:/home/jared/ros2_ws/install/unity_robotics_demo:/home/jared/ros2_ws/install/unity:/home/jared/ros2_ws/install/ros_tcp_endpoint:/home/jared/ros2_ws/install/my_package:/home/jared/ros2_ws/install/launch_testing_examples:/home/jared/ros2_ws/install/examples_rclpy_pointcloud_publisher:/home/jared/ros2_ws/install/examples_rclpy_minimal_subscriber:/home/jared/ros2_ws/install/examples_rclpy_minimal_service:/home/jared/ros2_ws/install/examples_rclpy_minimal_publisher:/home/jared/ros2_ws/install/examples_rclpy_minimal_client:/home/jared/ros2_ws/install/examples_rclpy_minimal_action_server:/home/jared/ros2_ws/install/examples_rclpy_minimal_action_client:/home/jared/ros2_ws/install/examples_rclpy_guard_conditions:/home/jared/ros2_ws/install/examples_rclpy_executors:/opt/ros/humble /usr/bin/cmake /home/jared/ros2_ws/src/examples/rclcpp/wait_set -DAMENT_CMAKE_SYMLINK_INSTALL=1 -DCMAKE_INSTALL_PREFIX=/home/jared/ros2_ws/install/examples_rclcpp_wait_set
[1.151s] Invoking command in '/home/jared/ros2_ws/build/examples_rclcpp_wait_set': CMAKE_PREFIX_PATH=${CMAKE_PREFIX_PATH}:/home/jared/ros2_ws/install/unity_robotics_demo:/home/jared/ros2_ws/install/unity:/home/jared/ros2_ws/install/ros_tcp_endpoint:/home/jared/ros2_ws/install/my_package:/home/jared/ros2_ws/install/launch_testing_examples:/home/jared/ros2_ws/install/examples_rclpy_pointcloud_publisher:/home/jared/ros2_ws/install/examples_rclpy_minimal_subscriber:/home/jared/ros2_ws/install/examples_rclpy_minimal_service:/home/jared/ros2_ws/install/examples_rclpy_minimal_publisher:/home/jared/ros2_ws/install/examples_rclpy_minimal_client:/home/jared/ros2_ws/install/examples_rclpy_minimal_action_server:/home/jared/ros2_ws/install/examples_rclpy_minimal_action_client:/home/jared/ros2_ws/install/examples_rclpy_guard_conditions:/home/jared/ros2_ws/install/examples_rclpy_executors:/opt/ros/humble /usr/bin/cmake --build /home/jared/ros2_ws/build/examples_rclcpp_wait_set -- -j16 -l16
[1.221s] [35m[1mConsolidate compiler generated dependencies of target talker[0m
[1.221s] [35m[1mConsolidate compiler generated dependencies of target listener[0m
[1.221s] [35m[1mConsolidate compiler generated dependencies of target wait_set[0m
[1.221s] [35m[1mConsolidate compiler generated dependencies of target wait_set_talker[0m
[1.221s] [35m[1mConsolidate compiler generated dependencies of target static_wait_set[0m
[1.221s] [35m[1mConsolidate compiler generated dependencies of target wait_set_listener[0m
[1.234s] [  8%] Built target talker
[1.246s] [ 16%] Built target listener
[1.246s] [ 25%] Built target wait_set
[1.252s] [ 37%] Built target wait_set_talker
[1.252s] [ 41%] Built target wait_set_listener
[1.254s] [ 50%] Built target static_wait_set
[1.274s] [35m[1mConsolidate compiler generated dependencies of target executor_random_order[0m
[1.280s] [35m[1mConsolidate compiler generated dependencies of target wait_set_topics_and_timer[0m
[1.281s] [35m[1mConsolidate compiler generated dependencies of target thread_safe_wait_set[0m
[1.294s] [35m[1mConsolidate compiler generated dependencies of target wait_set_composed[0m
[1.298s] [35m[1mConsolidate compiler generated dependencies of target wait_set_random_order[0m
[1.314s] [35m[1mConsolidate compiler generated dependencies of target wait_set_topics_with_different_rates[0m
[1.314s] [ 58%] Built target executor_random_order
[1.314s] [ 66%] Built target wait_set_topics_and_timer
[1.314s] [ 75%] Built target thread_safe_wait_set
[1.320s] [ 83%] Built target wait_set_composed
[1.331s] [ 95%] Built target wait_set_topics_with_different_rates
[1.331s] [100%] Built target wait_set_random_order
[1.350s] Invoked command in '/home/jared/ros2_ws/build/examples_rclcpp_wait_set' returned '0': CMAKE_PREFIX_PATH=${CMAKE_PREFIX_PATH}:/home/jared/ros2_ws/install/unity_robotics_demo:/home/jared/ros2_ws/install/unity:/home/jared/ros2_ws/install/ros_tcp_endpoint:/home/jared/ros2_ws/install/my_package:/home/jared/ros2_ws/install/launch_testing_examples:/home/jared/ros2_ws/install/examples_rclpy_pointcloud_publisher:/home/jared/ros2_ws/install/examples_rclpy_minimal_subscriber:/home/jared/ros2_ws/install/examples_rclpy_minimal_service:/home/jared/ros2_ws/install/examples_rclpy_minimal_publisher:/home/jared/ros2_ws/install/examples_rclpy_minimal_client:/home/jared/ros2_ws/install/examples_rclpy_minimal_action_server:/home/jared/ros2_ws/install/examples_rclpy_minimal_action_client:/home/jared/ros2_ws/install/examples_rclpy_guard_conditions:/home/jared/ros2_ws/install/examples_rclpy_executors:/opt/ros/humble /usr/bin/cmake --build /home/jared/ros2_ws/build/examples_rclcpp_wait_set -- -j16 -l16
[1.427s] Invoking command in '/home/jared/ros2_ws/build/examples_rclcpp_wait_set': CMAKE_PREFIX_PATH=${CMAKE_PREFIX_PATH}:/home/jared/ros2_ws/install/unity_robotics_demo:/home/jared/ros2_ws/install/unity:/home/jared/ros2_ws/install/ros_tcp_endpoint:/home/jared/ros2_ws/install/my_package:/home/jared/ros2_ws/install/launch_testing_examples:/home/jared/ros2_ws/install/examples_rclpy_pointcloud_publisher:/home/jared/ros2_ws/install/examples_rclpy_minimal_subscriber:/home/jared/ros2_ws/install/examples_rclpy_minimal_service:/home/jared/ros2_ws/install/examples_rclpy_minimal_publisher:/home/jared/ros2_ws/install/examples_rclpy_minimal_client:/home/jared/ros2_ws/install/examples_rclpy_minimal_action_server:/home/jared/ros2_ws/install/examples_rclpy_minimal_action_client:/home/jared/ros2_ws/install/examples_rclpy_guard_conditions:/home/jared/ros2_ws/install/examples_rclpy_executors:/opt/ros/humble /usr/bin/cmake --install /home/jared/ros2_ws/build/examples_rclcpp_wait_set
[1.442s] -- Install configuration: ""
[1.442s] -- Execute custom install script
[1.442s] -- Up-to-date symlink: /home/jared/ros2_ws/install/examples_rclcpp_wait_set/lib/examples_rclcpp_wait_set/wait_set_talker
[1.442s] -- Up-to-date symlink: /home/jared/ros2_ws/install/examples_rclcpp_wait_set/lib/examples_rclcpp_wait_set/wait_set_listener
[1.443s] -- Up-to-date symlink: /home/jared/ros2_ws/install/examples_rclcpp_wait_set/lib/libtalker.so
[1.443s] -- Up-to-date symlink: /home/jared/ros2_ws/install/examples_rclcpp_wait_set/lib/liblistener.so
[1.443s] -- Up-to-date symlink: /home/jared/ros2_ws/install/examples_rclcpp_wait_set/lib/examples_rclcpp_wait_set/wait_set
[1.443s] -- Up-to-date symlink: /home/jared/ros2_ws/install/examples_rclcpp_wait_set/lib/examples_rclcpp_wait_set/static_wait_set
[1.443s] -- Up-to-date symlink: /home/jared/ros2_ws/install/examples_rclcpp_wait_set/lib/examples_rclcpp_wait_set/thread_safe_wait_set
[1.443s] -- Up-to-date symlink: /home/jared/ros2_ws/install/examples_rclcpp_wait_set/lib/examples_rclcpp_wait_set/wait_set_topics_and_timer
[1.443s] -- Up-to-date symlink: /home/jared/ros2_ws/install/examples_rclcpp_wait_set/lib/examples_rclcpp_wait_set/wait_set_random_order
[1.443s] -- Up-to-date symlink: /home/jared/ros2_ws/install/examples_rclcpp_wait_set/lib/examples_rclcpp_wait_set/executor_random_order
[1.443s] -- Up-to-date symlink: /home/jared/ros2_ws/install/examples_rclcpp_wait_set/lib/examples_rclcpp_wait_set/wait_set_topics_with_different_rates
[1.443s] -- Up-to-date symlink: /home/jared/ros2_ws/install/examples_rclcpp_wait_set/lib/examples_rclcpp_wait_set/wait_set_composed
[1.444s] -- Up-to-date symlink: /home/jared/ros2_ws/install/examples_rclcpp_wait_set/share/ament_index/resource_index/package_run_dependencies/examples_rclcpp_wait_set
[1.444s] -- Up-to-date symlink: /home/jared/ros2_ws/install/examples_rclcpp_wait_set/share/ament_index/resource_index/parent_prefix_path/examples_rclcpp_wait_set
[1.444s] -- Up-to-date symlink: /home/jared/ros2_ws/install/examples_rclcpp_wait_set/share/examples_rclcpp_wait_set/environment/ament_prefix_path.sh
[1.444s] -- Up-to-date symlink: /home/jared/ros2_ws/install/examples_rclcpp_wait_set/share/examples_rclcpp_wait_set/environment/ament_prefix_path.dsv
[1.444s] -- Up-to-date symlink: /home/jared/ros2_ws/install/examples_rclcpp_wait_set/share/examples_rclcpp_wait_set/environment/path.sh
[1.444s] -- Up-to-date symlink: /home/jared/ros2_ws/install/examples_rclcpp_wait_set/share/examples_rclcpp_wait_set/environment/path.dsv
[1.444s] -- Up-to-date symlink: /home/jared/ros2_ws/install/examples_rclcpp_wait_set/share/examples_rclcpp_wait_set/local_setup.bash
[1.444s] -- Up-to-date symlink: /home/jared/ros2_ws/install/examples_rclcpp_wait_set/share/examples_rclcpp_wait_set/local_setup.sh
[1.444s] -- Up-to-date symlink: /home/jared/ros2_ws/install/examples_rclcpp_wait_set/share/examples_rclcpp_wait_set/local_setup.zsh
[1.444s] -- Up-to-date symlink: /home/jared/ros2_ws/install/examples_rclcpp_wait_set/share/examples_rclcpp_wait_set/local_setup.dsv
[1.445s] -- Symlinking: /home/jared/ros2_ws/install/examples_rclcpp_wait_set/share/examples_rclcpp_wait_set/package.dsv
[1.448s] -- Up-to-date symlink: /home/jared/ros2_ws/install/examples_rclcpp_wait_set/share/ament_index/resource_index/packages/examples_rclcpp_wait_set
[1.448s] -- Up-to-date symlink: /home/jared/ros2_ws/install/examples_rclcpp_wait_set/share/ament_index/resource_index/rclcpp_components/examples_rclcpp_wait_set
[1.449s] -- Up-to-date symlink: /home/jared/ros2_ws/install/examples_rclcpp_wait_set/share/examples_rclcpp_wait_set/cmake/examples_rclcpp_wait_setConfig.cmake
[1.449s] -- Up-to-date symlink: /home/jared/ros2_ws/install/examples_rclcpp_wait_set/share/examples_rclcpp_wait_set/cmake/examples_rclcpp_wait_setConfig-version.cmake
[1.449s] -- Up-to-date symlink: /home/jared/ros2_ws/install/examples_rclcpp_wait_set/share/examples_rclcpp_wait_set/package.xml
[1.525s] Invoked command in '/home/jared/ros2_ws/build/examples_rclcpp_wait_set' returned '0': CMAKE_PREFIX_PATH=${CMAKE_PREFIX_PATH}:/home/jared/ros2_ws/install/unity_robotics_demo:/home/jared/ros2_ws/install/unity:/home/jared/ros2_ws/install/ros_tcp_endpoint:/home/jared/ros2_ws/install/my_package:/home/jared/ros2_ws/install/launch_testing_examples:/home/jared/ros2_ws/install/examples_rclpy_pointcloud_publisher:/home/jared/ros2_ws/install/examples_rclpy_minimal_subscriber:/home/jared/ros2_ws/install/examples_rclpy_minimal_service:/home/jared/ros2_ws/install/examples_rclpy_minimal_publisher:/home/jared/ros2_ws/install/examples_rclpy_minimal_client:/home/jared/ros2_ws/install/examples_rclpy_minimal_action_server:/home/jared/ros2_ws/install/examples_rclpy_minimal_action_client:/home/jared/ros2_ws/install/examples_rclpy_guard_conditions:/home/jared/ros2_ws/install/examples_rclpy_executors:/opt/ros/humble /usr/bin/cmake --install /home/jared/ros2_ws/build/examples_rclcpp_wait_set
