-- The C compiler identification is GNU 11.4.0
-- The CXX compiler identification is GNU 11.4.0
-- Detecting C compiler ABI info
-- Detecting C compiler ABI info - done
-- Check for working C compiler: /usr/bin/cc - skipped
-- Detecting C compile features
-- Detecting C compile features - done
-- Detecting CXX compiler ABI info
-- Detecting CXX compiler ABI info - done
-- Check for working CXX compiler: /usr/bin/c++ - skipped
-- Detecting CXX compile features
-- Detecting CXX compile features - done
-- Found ament_cmake: 1.3.9 (/opt/ros/humble/share/ament_cmake/cmake)
-- Found Python3: /usr/bin/python3 (found version "3.10.12") found components: Interpreter 
-- Found rclcpp: 16.0.9 (/opt/ros/humble/share/rclcpp/cmake)
-- Found rosidl_generator_c: 3.1.5 (/opt/ros/humble/share/rosidl_generator_c/cmake)
-- Found rosidl_adapter: 3.1.5 (/opt/ros/humble/share/rosidl_adapter/cmake)
-- Found rosidl_generator_cpp: 3.1.5 (/opt/ros/humble/share/rosidl_generator_cpp/cmake)
-- Using all available rosidl_typesupport_c: rosidl_typesupport_fastrtps_c;rosidl_typesupport_introspection_c
-- Using all available rosidl_typesupport_cpp: rosidl_typesupport_fastrtps_cpp;rosidl_typesupport_introspection_cpp
-- Found rmw_implementation_cmake: 6.1.2 (/opt/ros/humble/share/rmw_implementation_cmake/cmake)
-- Found rmw_cyclonedds_cpp: 1.3.4 (/opt/ros/humble/share/rmw_cyclonedds_cpp/cmake)
-- Using RMW implementation 'rmw_cyclonedds_cpp' as default
-- Looking for pthread.h
-- Looking for pthread.h - found
-- Performing Test CMAKE_HAVE_LIBC_PTHREAD
-- Performing Test CMAKE_HAVE_LIBC_PTHREAD - Success
-- Found Threads: TRUE  
-- Found AMD headers in: /usr/include/suitesparse
-- Found AMD library: /usr/lib/x86_64-linux-gnu/libamd.so
-- Found CAMD headers in: /usr/include/suitesparse
-- Found CAMD library: /usr/lib/x86_64-linux-gnu/libcamd.so
-- Found CCOLAMD headers in: /usr/include/suitesparse
-- Found CCOLAMD library: /usr/lib/x86_64-linux-gnu/libccolamd.so
-- Found CHOLMOD headers in: /usr/include/suitesparse
-- Found CHOLMOD library: /usr/lib/x86_64-linux-gnu/libcholmod.so
-- Found COLAMD headers in: /usr/include/suitesparse
-- Found COLAMD library: /usr/lib/x86_64-linux-gnu/libcolamd.so
-- Found SPQR headers in: /usr/include/suitesparse
-- Found SPQR library: /usr/lib/x86_64-linux-gnu/libspqr.so
-- Found Config headers in: /usr/include/suitesparse
-- Found Config library: /usr/lib/x86_64-linux-gnu/libsuitesparseconfig.so
-- Found Intel Thread Building Blocks (TBB) library (2021.5 / ) include location: . Assuming SuiteSparseQR was compiled with TBB.
-- Looking for shm_open in rt
-- Looking for shm_open in rt - found
-- Adding librt to SuiteSparse_config libraries (required on Linux & Unix [not OSX] if SuiteSparse is compiled with timing).
-- Could NOT find METIS (missing: METIS_INCLUDE_DIR METIS_LIBRARY) 
-- Found SuiteSparse: /usr/include/suitesparse (found suitable version "5.10.1", minimum required is "5.10.1") found components: AMD CAMD CCOLAMD CHOLMOD COLAMD SPQR Config 
-- Found required Ceres dependency: Eigen version 3.4.0 in /usr/share/eigen3/cmake
-- Found required Ceres dependency: glog
-- Found required Ceres dependency: gflags
-- Found Ceres version: 2.2.0 installed in: /usr/local with components: [EigenSparse, SparseLinearAlgebraLibrary, LAPACK, SuiteSparse, SchurSpecializations]
-- Configuring done
-- Generating done
-- Build files have been written to: /home/jared/ros2_ws/build/slam
[ 50%] [32mBuilding CXX object CMakeFiles/slam.dir/src/slam.cpp.o[0m
In file included from [01m[K/opt/ros/humble/include/rclcpp/rclcpp/logging.hpp:24[m[K,
                 from [01m[K/opt/ros/humble/include/rclcpp/rclcpp/client.hpp:40[m[K,
                 from [01m[K/opt/ros/humble/include/rclcpp/rclcpp/callback_group.hpp:24[m[K,
                 from [01m[K/opt/ros/humble/include/rclcpp/rclcpp/any_executable.hpp:20[m[K,
                 from [01m[K/opt/ros/humble/include/rclcpp/rclcpp/memory_strategy.hpp:25[m[K,
                 from [01m[K/opt/ros/humble/include/rclcpp/rclcpp/memory_strategies.hpp:18[m[K,
                 from [01m[K/opt/ros/humble/include/rclcpp/rclcpp/executor_options.hpp:20[m[K,
                 from [01m[K/opt/ros/humble/include/rclcpp/rclcpp/executor.hpp:37[m[K,
                 from [01m[K/opt/ros/humble/include/rclcpp/rclcpp/executors/multi_threaded_executor.hpp:25[m[K,
                 from [01m[K/opt/ros/humble/include/rclcpp/rclcpp/executors.hpp:21[m[K,
                 from [01m[K/opt/ros/humble/include/rclcpp/rclcpp/rclcpp.hpp:155[m[K,
                 from [01m[K/home/jared/ros2_ws/src/slam/src/slam.cpp:1[m[K:
[01m[K/home/jared/ros2_ws/src/slam/src/slam.cpp:[m[K In constructor ‘[01m[KSlamNode::SlamNode()[m[K’:
[01m[K/home/jared/ros2_ws/src/slam/src/slam.cpp:82:45:[m[K [01;35m[Kwarning: [m[Kformat ‘[01m[K%d[m[K’ expects argument of type ‘[01m[Kint[m[K’, but argument 5 has type ‘[01m[Ksize_t[m[K’ {aka ‘[01m[Klong unsigned int[m[K’} [[01;35m[K]8;;https://gcc.gnu.org/onlinedocs/gcc/Warning-Options.html#index-Wformat=-Wformat=]8;;[m[K]
   82 |             RCLCPP_INFO(this->get_logger(), [01;35m[K"Pose %d: (%f, %f, %f)"[m[K, [32m[Ki[m[K, poses[i].x, poses[i].y, poses[i].theta);
      |                                             [01;35m[K^~~~~~~~~~~~~~~~~~~~~~~[m[K  [32m[K~[m[K
      |                                                                      [32m[K|[m[K
      |                                                                      [32m[Ksize_t {aka long unsigned int}[m[K
[01m[K/home/jared/ros2_ws/src/slam/src/slam.cpp:82:52:[m[K [01;36m[Knote: [m[Kformat string is defined here
   82 |             RCLCPP_INFO(this->get_logger(), "Pose [01;36m[K%d[m[K: (%f, %f, %f)", i, poses[i].x, poses[i].y, poses[i].theta);
      |                                                   [01;36m[K~^[m[K
      |                                                    [01;36m[K|[m[K
      |                                                    [01;36m[Kint[m[K
      |                                                   [32m[K%ld[m[K
[100%] [32m[1mLinking CXX executable slam[0m
[100%] Built target slam
-- Install configuration: ""
-- Installing: /home/jared/ros2_ws/install/slam/lib/slam/slam
-- Set runtime path of "/home/jared/ros2_ws/install/slam/lib/slam/slam" to ""
-- Installing: /home/jared/ros2_ws/install/slam/share/ament_index/resource_index/package_run_dependencies/slam
-- Installing: /home/jared/ros2_ws/install/slam/share/ament_index/resource_index/parent_prefix_path/slam
-- Installing: /home/jared/ros2_ws/install/slam/share/slam/environment/ament_prefix_path.sh
-- Installing: /home/jared/ros2_ws/install/slam/share/slam/environment/ament_prefix_path.dsv
-- Installing: /home/jared/ros2_ws/install/slam/share/slam/environment/path.sh
-- Installing: /home/jared/ros2_ws/install/slam/share/slam/environment/path.dsv
-- Installing: /home/jared/ros2_ws/install/slam/share/slam/local_setup.bash
-- Installing: /home/jared/ros2_ws/install/slam/share/slam/local_setup.sh
-- Installing: /home/jared/ros2_ws/install/slam/share/slam/local_setup.zsh
-- Installing: /home/jared/ros2_ws/install/slam/share/slam/local_setup.dsv
-- Installing: /home/jared/ros2_ws/install/slam/share/slam/package.dsv
-- Installing: /home/jared/ros2_ws/install/slam/share/ament_index/resource_index/packages/slam
-- Installing: /home/jared/ros2_ws/install/slam/share/slam/cmake/slamConfig.cmake
-- Installing: /home/jared/ros2_ws/install/slam/share/slam/cmake/slamConfig-version.cmake
-- Installing: /home/jared/ros2_ws/install/slam/share/slam/package.xml
