[0.009s] Invoking command in '/home/jared/ros2_ws/build/slam': CMAKE_PREFIX_PATH=/opt/ros/humble /usr/bin/cmake /home/jared/ros2_ws/src/slam -DCMAKE_INSTALL_PREFIX=/home/jared/ros2_ws/install/slam
[0.059s] -- The C compiler identification is GNU 11.4.0
[0.104s] -- The CXX compiler identification is GNU 11.4.0
[0.112s] -- Detecting C compiler ABI info
[0.173s] -- Detecting C compiler ABI info - done
[0.178s] -- Check for working C compiler: /usr/bin/cc - skipped
[0.178s] -- Detecting C compile features
[0.178s] -- Detecting C compile features - done
[0.181s] -- Detecting CXX compiler ABI info
[0.245s] -- Detecting CXX compiler ABI info - done
[0.250s] -- Check for working CXX compiler: /usr/bin/c++ - skipped
[0.250s] -- Detecting CXX compile features
[0.251s] -- Detecting CXX compile features - done
[0.253s] -- Found ament_cmake: 1.3.9 (/opt/ros/humble/share/ament_cmake/cmake)
[0.365s] -- Found Python3: /usr/bin/python3 (found version "3.10.12") found components: Interpreter 
[0.452s] -- Found rclcpp: 16.0.9 (/opt/ros/humble/share/rclcpp/cmake)
[0.494s] -- Found rosidl_generator_c: 3.1.5 (/opt/ros/humble/share/rosidl_generator_c/cmake)
[0.499s] -- Found rosidl_adapter: 3.1.5 (/opt/ros/humble/share/rosidl_adapter/cmake)
[0.509s] -- Found rosidl_generator_cpp: 3.1.5 (/opt/ros/humble/share/rosidl_generator_cpp/cmake)
[0.528s] -- Using all available rosidl_typesupport_c: rosidl_typesupport_fastrtps_c;rosidl_typesupport_introspection_c
[0.550s] -- Using all available rosidl_typesupport_cpp: rosidl_typesupport_fastrtps_cpp;rosidl_typesupport_introspection_cpp
[0.608s] -- Found rmw_implementation_cmake: 6.1.2 (/opt/ros/humble/share/rmw_implementation_cmake/cmake)
[0.611s] -- Found rmw_cyclonedds_cpp: 1.3.4 (/opt/ros/humble/share/rmw_cyclonedds_cpp/cmake)
[0.641s] -- Using RMW implementation 'rmw_cyclonedds_cpp' as default
[0.650s] -- Looking for pthread.h
[0.716s] -- Looking for pthread.h - found
[0.717s] -- Performing Test CMAKE_HAVE_LIBC_PTHREAD
[0.781s] -- Performing Test CMAKE_HAVE_LIBC_PTHREAD - Success
[0.782s] -- Found Threads: TRUE  
[1.301s] -- Found AMD headers in: /usr/include/suitesparse
[1.302s] -- Found AMD library: /usr/lib/x86_64-linux-gnu/libamd.so
[1.302s] -- Found CAMD headers in: /usr/include/suitesparse
[1.303s] -- Found CAMD library: /usr/lib/x86_64-linux-gnu/libcamd.so
[1.304s] -- Found CCOLAMD headers in: /usr/include/suitesparse
[1.305s] -- Found CCOLAMD library: /usr/lib/x86_64-linux-gnu/libccolamd.so
[1.305s] -- Found CHOLMOD headers in: /usr/include/suitesparse
[1.305s] -- Found CHOLMOD library: /usr/lib/x86_64-linux-gnu/libcholmod.so
[1.306s] -- Found COLAMD headers in: /usr/include/suitesparse
[1.306s] -- Found COLAMD library: /usr/lib/x86_64-linux-gnu/libcolamd.so
[1.306s] -- Found SPQR headers in: /usr/include/suitesparse
[1.307s] -- Found SPQR library: /usr/lib/x86_64-linux-gnu/libspqr.so
[1.307s] -- Found Config headers in: /usr/include/suitesparse
[1.308s] -- Found Config library: /usr/lib/x86_64-linux-gnu/libsuitesparseconfig.so
[1.311s] -- Found Intel Thread Building Blocks (TBB) library (2021.5 / ) include location: . Assuming SuiteSparseQR was compiled with TBB.
[1.311s] -- Looking for shm_open in rt
[1.372s] -- Looking for shm_open in rt - found
[1.372s] -- Adding librt to SuiteSparse_config libraries (required on Linux & Unix [not OSX] if SuiteSparse is compiled with timing).
[1.377s] -- Could NOT find METIS (missing: METIS_INCLUDE_DIR METIS_LIBRARY) 
[1.378s] -- Found SuiteSparse: /usr/include/suitesparse (found suitable version "5.10.1", minimum required is "5.10.1") found components: AMD CAMD CCOLAMD CHOLMOD COLAMD SPQR Config 
[1.380s] -- Found required Ceres dependency: Eigen version 3.4.0 in /usr/share/eigen3/cmake
[1.386s] -- Found required Ceres dependency: glog
[1.387s] -- Found required Ceres dependency: gflags
[1.387s] -- Found Ceres version: 2.2.0 installed in: /usr/local with components: [EigenSparse, SparseLinearAlgebraLibrary, LAPACK, SuiteSparse, SchurSpecializations]
[1.439s] -- Configuring done
[1.449s] -- Generating done
[1.450s] -- Build files have been written to: /home/jared/ros2_ws/build/slam
[1.463s] Invoked command in '/home/jared/ros2_ws/build/slam' returned '0': CMAKE_PREFIX_PATH=/opt/ros/humble /usr/bin/cmake /home/jared/ros2_ws/src/slam -DCMAKE_INSTALL_PREFIX=/home/jared/ros2_ws/install/slam
[1.465s] Invoking command in '/home/jared/ros2_ws/build/slam': CMAKE_PREFIX_PATH=/opt/ros/humble /usr/bin/cmake --build /home/jared/ros2_ws/build/slam -- -j16 -l16
[1.511s] [ 50%] [32mBuilding CXX object CMakeFiles/slam.dir/src/slam.cpp.o[0m
[3.684s] In file included from [01m[K/opt/ros/humble/include/rclcpp/rclcpp/logging.hpp:24[m[K,
[3.684s]                  from [01m[K/opt/ros/humble/include/rclcpp/rclcpp/client.hpp:40[m[K,
[3.684s]                  from [01m[K/opt/ros/humble/include/rclcpp/rclcpp/callback_group.hpp:24[m[K,
[3.684s]                  from [01m[K/opt/ros/humble/include/rclcpp/rclcpp/any_executable.hpp:20[m[K,
[3.684s]                  from [01m[K/opt/ros/humble/include/rclcpp/rclcpp/memory_strategy.hpp:25[m[K,
[3.684s]                  from [01m[K/opt/ros/humble/include/rclcpp/rclcpp/memory_strategies.hpp:18[m[K,
[3.684s]                  from [01m[K/opt/ros/humble/include/rclcpp/rclcpp/executor_options.hpp:20[m[K,
[3.684s]                  from [01m[K/opt/ros/humble/include/rclcpp/rclcpp/executor.hpp:37[m[K,
[3.684s]                  from [01m[K/opt/ros/humble/include/rclcpp/rclcpp/executors/multi_threaded_executor.hpp:25[m[K,
[3.684s]                  from [01m[K/opt/ros/humble/include/rclcpp/rclcpp/executors.hpp:21[m[K,
[3.684s]                  from [01m[K/opt/ros/humble/include/rclcpp/rclcpp/rclcpp.hpp:155[m[K,
[3.684s]                  from [01m[K/home/jared/ros2_ws/src/slam/src/slam.cpp:1[m[K:
[3.684s] [01m[K/home/jared/ros2_ws/src/slam/src/slam.cpp:[m[K In constructor ‘[01m[KSlamNode::SlamNode()[m[K’:
[3.685s] [01m[K/home/jared/ros2_ws/src/slam/src/slam.cpp:82:45:[m[K [01;35m[Kwarning: [m[Kformat ‘[01m[K%d[m[K’ expects argument of type ‘[01m[Kint[m[K’, but argument 5 has type ‘[01m[Ksize_t[m[K’ {aka ‘[01m[Klong unsigned int[m[K’} [[01;35m[K]8;;https://gcc.gnu.org/onlinedocs/gcc/Warning-Options.html#index-Wformat=-Wformat=]8;;[m[K]
[3.685s]    82 |             RCLCPP_INFO(this->get_logger(), [01;35m[K"Pose %d: (%f, %f, %f)"[m[K, [32m[Ki[m[K, poses[i].x, poses[i].y, poses[i].theta);
[3.685s]       |                                             [01;35m[K^~~~~~~~~~~~~~~~~~~~~~~[m[K  [32m[K~[m[K
[3.685s]       |                                                                      [32m[K|[m[K
[3.685s]       |                                                                      [32m[Ksize_t {aka long unsigned int}[m[K
[3.685s] [01m[K/home/jared/ros2_ws/src/slam/src/slam.cpp:82:52:[m[K [01;36m[Knote: [m[Kformat string is defined here
[3.685s]    82 |             RCLCPP_INFO(this->get_logger(), "Pose [01;36m[K%d[m[K: (%f, %f, %f)", i, poses[i].x, poses[i].y, poses[i].theta);
[3.685s]       |                                                   [01;36m[K~^[m[K
[3.685s]       |                                                    [01;36m[K|[m[K
[3.685s]       |                                                    [01;36m[Kint[m[K
[3.685s]       |                                                   [32m[K%ld[m[K
[4.399s] [100%] [32m[1mLinking CXX executable slam[0m
[4.777s] [100%] Built target slam
[4.787s] Invoked command in '/home/jared/ros2_ws/build/slam' returned '0': CMAKE_PREFIX_PATH=/opt/ros/humble /usr/bin/cmake --build /home/jared/ros2_ws/build/slam -- -j16 -l16
[4.822s] Invoking command in '/home/jared/ros2_ws/build/slam': CMAKE_PREFIX_PATH=/opt/ros/humble /usr/bin/cmake --install /home/jared/ros2_ws/build/slam
[4.831s] -- Install configuration: ""
[4.831s] -- Installing: /home/jared/ros2_ws/install/slam/lib/slam/slam
[4.842s] -- Set runtime path of "/home/jared/ros2_ws/install/slam/lib/slam/slam" to ""
[4.842s] -- Installing: /home/jared/ros2_ws/install/slam/share/ament_index/resource_index/package_run_dependencies/slam
[4.842s] -- Installing: /home/jared/ros2_ws/install/slam/share/ament_index/resource_index/parent_prefix_path/slam
[4.842s] -- Installing: /home/jared/ros2_ws/install/slam/share/slam/environment/ament_prefix_path.sh
[4.842s] -- Installing: /home/jared/ros2_ws/install/slam/share/slam/environment/ament_prefix_path.dsv
[4.842s] -- Installing: /home/jared/ros2_ws/install/slam/share/slam/environment/path.sh
[4.842s] -- Installing: /home/jared/ros2_ws/install/slam/share/slam/environment/path.dsv
[4.843s] -- Installing: /home/jared/ros2_ws/install/slam/share/slam/local_setup.bash
[4.843s] -- Installing: /home/jared/ros2_ws/install/slam/share/slam/local_setup.sh
[4.843s] -- Installing: /home/jared/ros2_ws/install/slam/share/slam/local_setup.zsh
[4.843s] -- Installing: /home/jared/ros2_ws/install/slam/share/slam/local_setup.dsv
[4.843s] -- Installing: /home/jared/ros2_ws/install/slam/share/slam/package.dsv
[4.843s] -- Installing: /home/jared/ros2_ws/install/slam/share/ament_index/resource_index/packages/slam
[4.844s] -- Installing: /home/jared/ros2_ws/install/slam/share/slam/cmake/slamConfig.cmake
[4.844s] -- Installing: /home/jared/ros2_ws/install/slam/share/slam/cmake/slamConfig-version.cmake
[4.844s] -- Installing: /home/jared/ros2_ws/install/slam/share/slam/package.xml
[4.847s] Invoked command in '/home/jared/ros2_ws/build/slam' returned '0': CMAKE_PREFIX_PATH=/opt/ros/humble /usr/bin/cmake --install /home/jared/ros2_ws/build/slam
