[1.413s] Invoking command in '/home/jared/ros2_ws/build/unity_robotics_demo': PYTHONPATH=/home/jared/ros2_ws/build/unity_robotics_demo/prefix_override:/home/jared/ros2_ws/install/unity_robotics_demo/lib/python3.10/site-packages:${PYTHONPATH} /usr/bin/python3 -W ignore:setup.py install is deprecated setup.py develop --editable --build-directory /home/jared/ros2_ws/build/unity_robotics_demo/build --no-deps symlink_data --force
[1.619s] /usr/lib/python3/dist-packages/setuptools/dist.py:723: UserWarning: Usage of dash-separated 'script-dir' will not be supported in future versions. Please use the underscore name 'script_dir' instead
[1.619s]   warnings.warn(
[1.664s] running develop
[1.664s] /usr/lib/python3/dist-packages/setuptools/command/easy_install.py:158: EasyInstallDeprecationWarning: easy_install command is deprecated. Use build and pip and other standards-based tools.
[1.664s]   warnings.warn(
[1.807s] running egg_info
[1.807s] writing unity_robotics_demo.egg-info/PKG-INFO
[1.807s] writing dependency_links to unity_robotics_demo.egg-info/dependency_links.txt
[1.808s] writing entry points to unity_robotics_demo.egg-info/entry_points.txt
[1.808s] writing requirements to unity_robotics_demo.egg-info/requires.txt
[1.808s] writing top-level names to unity_robotics_demo.egg-info/top_level.txt
[1.809s] reading manifest file 'unity_robotics_demo.egg-info/SOURCES.txt'
[1.810s] writing manifest file 'unity_robotics_demo.egg-info/SOURCES.txt'
[1.811s] running build_ext
[1.811s] Creating /home/jared/ros2_ws/install/unity_robotics_demo/lib/python3.10/site-packages/unity-robotics-demo.egg-link (link to .)
[1.812s] Installing color_publisher script to /home/jared/ros2_ws/install/unity_robotics_demo/lib/unity_robotics_demo
[1.812s] Installing position_service script to /home/jared/ros2_ws/install/unity_robotics_demo/lib/unity_robotics_demo
[1.812s] 
[1.813s] Installed /home/jared/ros2_ws/build/unity_robotics_demo
[1.813s] running symlink_data
[1.814s] symbolically linking /home/jared/ros2_ws/build/unity_robotics_demo/resource/unity_robotics_demo -> /home/jared/ros2_ws/install/unity_robotics_demo/share/ament_index/resource_index/packages
[1.814s] symbolically linking /home/jared/ros2_ws/build/unity_robotics_demo/package.xml -> /home/jared/ros2_ws/install/unity_robotics_demo/share/unity_robotics_demo
[1.836s] Invoked command in '/home/jared/ros2_ws/build/unity_robotics_demo' returned '0': PYTHONPATH=/home/jared/ros2_ws/build/unity_robotics_demo/prefix_override:/home/jared/ros2_ws/install/unity_robotics_demo/lib/python3.10/site-packages:${PYTHONPATH} /usr/bin/python3 -W ignore:setup.py install is deprecated setup.py develop --editable --build-directory /home/jared/ros2_ws/build/unity_robotics_demo/build --no-deps symlink_data --force
