[1.613s] Invoking command in '/home/jared/ros2_ws/build/examples_rclpy_guard_conditions': PYTHONPATH=/home/jared/ros2_ws/build/examples_rclpy_guard_conditions/prefix_override:/home/jared/ros2_ws/install/examples_rclpy_guard_conditions/lib/python3.10/site-packages:${PYTHONPATH} /usr/bin/python3 -W ignore:setup.py install is deprecated setup.py develop --editable --build-directory /home/jared/ros2_ws/build/examples_rclpy_guard_conditions/build --no-deps symlink_data
[2.282s] running develop
[2.282s] /usr/lib/python3/dist-packages/setuptools/command/easy_install.py:158: EasyInstallDeprecationWarning: easy_install command is deprecated. Use build and pip and other standards-based tools.
[2.282s]   warnings.warn(
[3.003s] running egg_info
[3.003s] creating examples_rclpy_guard_conditions.egg-info
[3.003s] writing examples_rclpy_guard_conditions.egg-info/PKG-INFO
[3.004s] writing dependency_links to examples_rclpy_guard_conditions.egg-info/dependency_links.txt
[3.004s] writing entry points to examples_rclpy_guard_conditions.egg-info/entry_points.txt
[3.004s] writing requirements to examples_rclpy_guard_conditions.egg-info/requires.txt
[3.004s] writing top-level names to examples_rclpy_guard_conditions.egg-info/top_level.txt
[3.005s] writing manifest file 'examples_rclpy_guard_conditions.egg-info/SOURCES.txt'
[3.016s] reading manifest file 'examples_rclpy_guard_conditions.egg-info/SOURCES.txt'
[3.016s] writing manifest file 'examples_rclpy_guard_conditions.egg-info/SOURCES.txt'
[3.018s] running build_ext
[3.019s] Creating /home/jared/ros2_ws/install/examples_rclpy_guard_conditions/lib/python3.10/site-packages/examples-rclpy-guard-conditions.egg-link (link to .)
[3.020s] Installing trigger_guard_condition script to /home/jared/ros2_ws/install/examples_rclpy_guard_conditions/lib/examples_rclpy_guard_conditions
[3.020s] 
[3.020s] Installed /home/jared/ros2_ws/build/examples_rclpy_guard_conditions
[3.020s] running symlink_data
[3.020s] creating /home/jared/ros2_ws/install/examples_rclpy_guard_conditions/share/ament_index
[3.020s] creating /home/jared/ros2_ws/install/examples_rclpy_guard_conditions/share/ament_index/resource_index
[3.020s] creating /home/jared/ros2_ws/install/examples_rclpy_guard_conditions/share/ament_index/resource_index/packages
[3.020s] symbolically linking /home/jared/ros2_ws/build/examples_rclpy_guard_conditions/resource/examples_rclpy_guard_conditions -> /home/jared/ros2_ws/install/examples_rclpy_guard_conditions/share/ament_index/resource_index/packages
[3.021s] symbolically linking /home/jared/ros2_ws/build/examples_rclpy_guard_conditions/package.xml -> /home/jared/ros2_ws/install/examples_rclpy_guard_conditions/share/examples_rclpy_guard_conditions
[3.480s] Invoked command in '/home/jared/ros2_ws/build/examples_rclpy_guard_conditions' returned '0': PYTHONPATH=/home/jared/ros2_ws/build/examples_rclpy_guard_conditions/prefix_override:/home/jared/ros2_ws/install/examples_rclpy_guard_conditions/lib/python3.10/site-packages:${PYTHONPATH} /usr/bin/python3 -W ignore:setup.py install is deprecated setup.py develop --editable --build-directory /home/jared/ros2_ws/build/examples_rclpy_guard_conditions/build --no-deps symlink_data
