[2.504s] Invoking command in '/home/jared/ros2_ws/build/examples_rclpy_minimal_service': PYTHONPATH=/home/jared/ros2_ws/build/examples_rclpy_minimal_service/prefix_override:/home/jared/ros2_ws/install/examples_rclpy_minimal_service/lib/python3.10/site-packages:${PYTHONPATH} /usr/bin/python3 -W ignore:setup.py install is deprecated setup.py develop --editable --build-directory /home/jared/ros2_ws/build/examples_rclpy_minimal_service/build --no-deps symlink_data --force
[2.875s] running develop
[2.876s] /usr/lib/python3/dist-packages/setuptools/command/easy_install.py:158: EasyInstallDeprecationWarning: easy_install command is deprecated. Use build and pip and other standards-based tools.
[2.876s]   warnings.warn(
[3.118s] running egg_info
[3.119s] writing examples_rclpy_minimal_service.egg-info/PKG-INFO
[3.119s] writing dependency_links to examples_rclpy_minimal_service.egg-info/dependency_links.txt
[3.119s] writing entry points to examples_rclpy_minimal_service.egg-info/entry_points.txt
[3.119s] writing requirements to examples_rclpy_minimal_service.egg-info/requires.txt
[3.119s] writing top-level names to examples_rclpy_minimal_service.egg-info/top_level.txt
[3.125s] reading manifest file 'examples_rclpy_minimal_service.egg-info/SOURCES.txt'
[3.126s] writing manifest file 'examples_rclpy_minimal_service.egg-info/SOURCES.txt'
[3.128s] running build_ext
[3.128s] Creating /home/jared/ros2_ws/install/examples_rclpy_minimal_service/lib/python3.10/site-packages/examples-rclpy-minimal-service.egg-link (link to .)
[3.129s] Installing service script to /home/jared/ros2_ws/install/examples_rclpy_minimal_service/lib/examples_rclpy_minimal_service
[3.129s] Installing service_member_function script to /home/jared/ros2_ws/install/examples_rclpy_minimal_service/lib/examples_rclpy_minimal_service
[3.130s] 
[3.130s] Installed /home/jared/ros2_ws/build/examples_rclpy_minimal_service
[3.130s] running symlink_data
[3.130s] symbolically linking /home/jared/ros2_ws/build/examples_rclpy_minimal_service/resource/examples_rclpy_minimal_service -> /home/jared/ros2_ws/install/examples_rclpy_minimal_service/share/ament_index/resource_index/packages
[3.130s] symbolically linking /home/jared/ros2_ws/build/examples_rclpy_minimal_service/package.xml -> /home/jared/ros2_ws/install/examples_rclpy_minimal_service/share/examples_rclpy_minimal_service
[3.186s] Invoked command in '/home/jared/ros2_ws/build/examples_rclpy_minimal_service' returned '0': PYTHONPATH=/home/jared/ros2_ws/build/examples_rclpy_minimal_service/prefix_override:/home/jared/ros2_ws/install/examples_rclpy_minimal_service/lib/python3.10/site-packages:${PYTHONPATH} /usr/bin/python3 -W ignore:setup.py install is deprecated setup.py develop --editable --build-directory /home/jared/ros2_ws/build/examples_rclpy_minimal_service/build --no-deps symlink_data --force
