[0.038s] Invoking command in '/home/jared/ros2_ws/build/examples_rclcpp_cbg_executor': CMAKE_PREFIX_PATH=/opt/ros/humble /usr/bin/cmake /home/jared/ros2_ws/src/examples/rclcpp/executors/cbg_executor -DCMAKE_INSTALL_PREFIX=/home/jared/ros2_ws/install/examples_rclcpp_cbg_executor
[0.991s] -- Found ament_cmake: 1.3.9 (/opt/ros/humble/share/ament_cmake/cmake)
[0.991s] -- Override CMake install command with custom implementation using symlinks instead of copying resources
[0.991s] -- Found rclcpp: 16.0.9 (/opt/ros/humble/share/rclcpp/cmake)
[0.991s] -- Found rosidl_generator_c: 3.1.5 (/opt/ros/humble/share/rosidl_generator_c/cmake)
[0.991s] -- Found rosidl_adapter: 3.1.5 (/opt/ros/humble/share/rosidl_adapter/cmake)
[0.991s] -- Found rosidl_generator_cpp: 3.1.5 (/opt/ros/humble/share/rosidl_generator_cpp/cmake)
[0.991s] -- Using all available rosidl_typesupport_c: rosidl_typesupport_fastrtps_c;rosidl_typesupport_introspection_c
[0.991s] -- Using all available rosidl_typesupport_cpp: rosidl_typesupport_fastrtps_cpp;rosidl_typesupport_introspection_cpp
[0.991s] -- Found rmw_implementation_cmake: 6.1.2 (/opt/ros/humble/share/rmw_implementation_cmake/cmake)
[0.991s] -- Found rmw_fastrtps_cpp: 6.2.6 (/opt/ros/humble/share/rmw_fastrtps_cpp/cmake)
[0.991s] -- Using RMW implementation 'rmw_fastrtps_cpp' as default
[0.991s] -- Found ament_lint_auto: 0.12.11 (/opt/ros/humble/share/ament_lint_auto/cmake)
[0.991s] -- Added test 'copyright' to check source files copyright and LICENSE
[0.992s] -- Added test 'cppcheck' to perform static code analysis on C / C++ code
[0.992s] -- Configured cppcheck include dirs: /home/jared/ros2_ws/src/examples/rclcpp/executors/cbg_executor/include
[0.992s] -- Configured cppcheck exclude dirs and/or files: 
[0.992s] -- Added test 'cpplint' to check C / C++ code against the Google style
[0.992s] -- Configured cpplint exclude dirs and/or files: 
[0.992s] -- Added test 'lint_cmake' to check CMake code style
[0.992s] -- Added test 'uncrustify' to check C / C++ code style
[0.992s] -- Configured uncrustify additional arguments: 
[0.992s] -- Added test 'xmllint' to check XML markup files
[0.992s] -- Configuring done
[0.992s] -- Generating done
[0.992s] -- Build files have been written to: /home/jared/ros2_ws/build/examples_rclcpp_cbg_executor
[1.030s] Invoked command in '/home/jared/ros2_ws/build/examples_rclcpp_cbg_executor' returned '0': CMAKE_PREFIX_PATH=/opt/ros/humble /usr/bin/cmake /home/jared/ros2_ws/src/examples/rclcpp/executors/cbg_executor -DCMAKE_INSTALL_PREFIX=/home/jared/ros2_ws/install/examples_rclcpp_cbg_executor
[1.030s] Invoking command in '/home/jared/ros2_ws/build/examples_rclcpp_cbg_executor': CMAKE_PREFIX_PATH=/opt/ros/humble /usr/bin/cmake --build /home/jared/ros2_ws/build/examples_rclcpp_cbg_executor -- -j16 -l16
[1.047s] [35m[1mConsolidate compiler generated dependencies of target ping[0m
[1.069s] [35m[1mConsolidate compiler generated dependencies of target ping_pong[0m
[1.071s] [35m[1mConsolidate compiler generated dependencies of target pong[0m
[1.117s] [ 40%] Built target ping_pong
[1.119s] [ 70%] Built target pong
[1.121s] [100%] Built target ping
[1.165s] Invoked command in '/home/jared/ros2_ws/build/examples_rclcpp_cbg_executor' returned '0': CMAKE_PREFIX_PATH=/opt/ros/humble /usr/bin/cmake --build /home/jared/ros2_ws/build/examples_rclcpp_cbg_executor -- -j16 -l16
[1.233s] Invoking command in '/home/jared/ros2_ws/build/examples_rclcpp_cbg_executor': CMAKE_PREFIX_PATH=/opt/ros/humble /usr/bin/cmake --install /home/jared/ros2_ws/build/examples_rclcpp_cbg_executor
[1.251s] -- Install configuration: ""
[1.255s] -- Execute custom install script
[1.255s] -- Up-to-date symlink: /home/jared/ros2_ws/install/examples_rclcpp_cbg_executor/lib/examples_rclcpp_cbg_executor/ping
[1.255s] -- Up-to-date symlink: /home/jared/ros2_ws/install/examples_rclcpp_cbg_executor/lib/examples_rclcpp_cbg_executor/pong
[1.255s] -- Up-to-date symlink: /home/jared/ros2_ws/install/examples_rclcpp_cbg_executor/lib/examples_rclcpp_cbg_executor/ping_pong
[1.257s] -- Up-to-date symlink: /home/jared/ros2_ws/install/examples_rclcpp_cbg_executor/include/examples_rclcpp_cbg_executor/ping_node.hpp
[1.257s] -- Up-to-date symlink: /home/jared/ros2_ws/install/examples_rclcpp_cbg_executor/include/examples_rclcpp_cbg_executor/pong_node.hpp
[1.257s] -- Up-to-date symlink: /home/jared/ros2_ws/install/examples_rclcpp_cbg_executor/share/ament_index/resource_index/package_run_dependencies/examples_rclcpp_cbg_executor
[1.258s] -- Up-to-date symlink: /home/jared/ros2_ws/install/examples_rclcpp_cbg_executor/share/ament_index/resource_index/parent_prefix_path/examples_rclcpp_cbg_executor
[1.258s] -- Up-to-date symlink: /home/jared/ros2_ws/install/examples_rclcpp_cbg_executor/share/examples_rclcpp_cbg_executor/environment/ament_prefix_path.sh
[1.258s] -- Up-to-date symlink: /home/jared/ros2_ws/install/examples_rclcpp_cbg_executor/share/examples_rclcpp_cbg_executor/environment/ament_prefix_path.dsv
[1.258s] -- Up-to-date symlink: /home/jared/ros2_ws/install/examples_rclcpp_cbg_executor/share/examples_rclcpp_cbg_executor/environment/path.sh
[1.258s] -- Up-to-date symlink: /home/jared/ros2_ws/install/examples_rclcpp_cbg_executor/share/examples_rclcpp_cbg_executor/environment/path.dsv
[1.258s] -- Up-to-date symlink: /home/jared/ros2_ws/install/examples_rclcpp_cbg_executor/share/examples_rclcpp_cbg_executor/local_setup.bash
[1.258s] -- Up-to-date symlink: /home/jared/ros2_ws/install/examples_rclcpp_cbg_executor/share/examples_rclcpp_cbg_executor/local_setup.sh
[1.259s] -- Up-to-date symlink: /home/jared/ros2_ws/install/examples_rclcpp_cbg_executor/share/examples_rclcpp_cbg_executor/local_setup.zsh
[1.259s] -- Up-to-date symlink: /home/jared/ros2_ws/install/examples_rclcpp_cbg_executor/share/examples_rclcpp_cbg_executor/local_setup.dsv
[1.259s] -- Symlinking: /home/jared/ros2_ws/install/examples_rclcpp_cbg_executor/share/examples_rclcpp_cbg_executor/package.dsv
[1.260s] -- Up-to-date symlink: /home/jared/ros2_ws/install/examples_rclcpp_cbg_executor/share/ament_index/resource_index/packages/examples_rclcpp_cbg_executor
[1.261s] -- Up-to-date symlink: /home/jared/ros2_ws/install/examples_rclcpp_cbg_executor/share/examples_rclcpp_cbg_executor/cmake/ament_cmake_export_dependencies-extras.cmake
[1.261s] -- Up-to-date symlink: /home/jared/ros2_ws/install/examples_rclcpp_cbg_executor/share/examples_rclcpp_cbg_executor/cmake/examples_rclcpp_cbg_executorConfig.cmake
[1.261s] -- Up-to-date symlink: /home/jared/ros2_ws/install/examples_rclcpp_cbg_executor/share/examples_rclcpp_cbg_executor/cmake/examples_rclcpp_cbg_executorConfig-version.cmake
[1.261s] -- Up-to-date symlink: /home/jared/ros2_ws/install/examples_rclcpp_cbg_executor/share/examples_rclcpp_cbg_executor/package.xml
[1.303s] Invoked command in '/home/jared/ros2_ws/build/examples_rclcpp_cbg_executor' returned '0': CMAKE_PREFIX_PATH=/opt/ros/humble /usr/bin/cmake --install /home/jared/ros2_ws/build/examples_rclcpp_cbg_executor
