[0.037s] Invoking command in '/home/jared/ros2_ws/build/examples_rclcpp_minimal_client': CMAKE_PREFIX_PATH=/opt/ros/humble /usr/bin/cmake /home/jared/ros2_ws/src/examples/rclcpp/services/minimal_client -DCMAKE_INSTALL_PREFIX=/home/jared/ros2_ws/install/examples_rclcpp_minimal_client
[0.986s] -- Found ament_cmake: 1.3.9 (/opt/ros/humble/share/ament_cmake/cmake)
[0.986s] -- Override CMake install command with custom implementation using symlinks instead of copying resources
[0.986s] -- Found example_interfaces: 0.9.3 (/opt/ros/humble/share/example_interfaces/cmake)
[0.986s] -- Found rosidl_generator_c: 3.1.5 (/opt/ros/humble/share/rosidl_generator_c/cmake)
[0.986s] -- Found rosidl_adapter: 3.1.5 (/opt/ros/humble/share/rosidl_adapter/cmake)
[0.987s] -- Found rosidl_generator_cpp: 3.1.5 (/opt/ros/humble/share/rosidl_generator_cpp/cmake)
[0.987s] -- Using all available rosidl_typesupport_c: rosidl_typesupport_fastrtps_c;rosidl_typesupport_introspection_c
[0.987s] -- Using all available rosidl_typesupport_cpp: rosidl_typesupport_fastrtps_cpp;rosidl_typesupport_introspection_cpp
[0.987s] -- Found rclcpp: 16.0.9 (/opt/ros/humble/share/rclcpp/cmake)
[0.987s] -- Found rmw_implementation_cmake: 6.1.2 (/opt/ros/humble/share/rmw_implementation_cmake/cmake)
[0.987s] -- Found rmw_fastrtps_cpp: 6.2.6 (/opt/ros/humble/share/rmw_fastrtps_cpp/cmake)
[0.987s] -- Using RMW implementation 'rmw_fastrtps_cpp' as default
[0.987s] -- Found ament_lint_auto: 0.12.11 (/opt/ros/humble/share/ament_lint_auto/cmake)
[0.987s] -- Added test 'copyright' to check source files copyright and LICENSE
[0.987s] -- Added test 'cppcheck' to perform static code analysis on C / C++ code
[0.987s] -- Configured cppcheck include dirs: 
[0.987s] -- Configured cppcheck exclude dirs and/or files: 
[0.987s] -- Added test 'cpplint' to check C / C++ code against the Google style
[0.987s] -- Configured cpplint exclude dirs and/or files: 
[0.987s] -- Added test 'lint_cmake' to check CMake code style
[0.988s] -- Added test 'uncrustify' to check C / C++ code style
[0.988s] -- Configured uncrustify additional arguments: 
[0.988s] -- Added test 'xmllint' to check XML markup files
[0.988s] -- Configuring done
[0.989s] -- Generating done
[0.989s] -- Build files have been written to: /home/jared/ros2_ws/build/examples_rclcpp_minimal_client
[1.027s] Invoked command in '/home/jared/ros2_ws/build/examples_rclcpp_minimal_client' returned '0': CMAKE_PREFIX_PATH=/opt/ros/humble /usr/bin/cmake /home/jared/ros2_ws/src/examples/rclcpp/services/minimal_client -DCMAKE_INSTALL_PREFIX=/home/jared/ros2_ws/install/examples_rclcpp_minimal_client
[1.027s] Invoking command in '/home/jared/ros2_ws/build/examples_rclcpp_minimal_client': CMAKE_PREFIX_PATH=/opt/ros/humble /usr/bin/cmake --build /home/jared/ros2_ws/build/examples_rclcpp_minimal_client -- -j16 -l16
[1.073s] [35m[1mConsolidate compiler generated dependencies of target client_main[0m
[1.121s] [100%] Built target client_main
[1.157s] Invoked command in '/home/jared/ros2_ws/build/examples_rclcpp_minimal_client' returned '0': CMAKE_PREFIX_PATH=/opt/ros/humble /usr/bin/cmake --build /home/jared/ros2_ws/build/examples_rclcpp_minimal_client -- -j16 -l16
[1.217s] Invoking command in '/home/jared/ros2_ws/build/examples_rclcpp_minimal_client': CMAKE_PREFIX_PATH=/opt/ros/humble /usr/bin/cmake --install /home/jared/ros2_ws/build/examples_rclcpp_minimal_client
[1.231s] -- Install configuration: ""
[1.232s] -- Execute custom install script
[1.232s] -- Up-to-date symlink: /home/jared/ros2_ws/install/examples_rclcpp_minimal_client/lib/examples_rclcpp_minimal_client/client_main
[1.232s] -- Up-to-date symlink: /home/jared/ros2_ws/install/examples_rclcpp_minimal_client/share/ament_index/resource_index/package_run_dependencies/examples_rclcpp_minimal_client
[1.232s] -- Up-to-date symlink: /home/jared/ros2_ws/install/examples_rclcpp_minimal_client/share/ament_index/resource_index/parent_prefix_path/examples_rclcpp_minimal_client
[1.232s] -- Up-to-date symlink: /home/jared/ros2_ws/install/examples_rclcpp_minimal_client/share/examples_rclcpp_minimal_client/environment/ament_prefix_path.sh
[1.232s] -- Up-to-date symlink: /home/jared/ros2_ws/install/examples_rclcpp_minimal_client/share/examples_rclcpp_minimal_client/environment/ament_prefix_path.dsv
[1.232s] -- Up-to-date symlink: /home/jared/ros2_ws/install/examples_rclcpp_minimal_client/share/examples_rclcpp_minimal_client/environment/path.sh
[1.232s] -- Up-to-date symlink: /home/jared/ros2_ws/install/examples_rclcpp_minimal_client/share/examples_rclcpp_minimal_client/environment/path.dsv
[1.232s] -- Up-to-date symlink: /home/jared/ros2_ws/install/examples_rclcpp_minimal_client/share/examples_rclcpp_minimal_client/local_setup.bash
[1.232s] -- Up-to-date symlink: /home/jared/ros2_ws/install/examples_rclcpp_minimal_client/share/examples_rclcpp_minimal_client/local_setup.sh
[1.232s] -- Up-to-date symlink: /home/jared/ros2_ws/install/examples_rclcpp_minimal_client/share/examples_rclcpp_minimal_client/local_setup.zsh
[1.233s] -- Up-to-date symlink: /home/jared/ros2_ws/install/examples_rclcpp_minimal_client/share/examples_rclcpp_minimal_client/local_setup.dsv
[1.233s] -- Symlinking: /home/jared/ros2_ws/install/examples_rclcpp_minimal_client/share/examples_rclcpp_minimal_client/package.dsv
[1.247s] -- Up-to-date symlink: /home/jared/ros2_ws/install/examples_rclcpp_minimal_client/share/ament_index/resource_index/packages/examples_rclcpp_minimal_client
[1.247s] -- Up-to-date symlink: /home/jared/ros2_ws/install/examples_rclcpp_minimal_client/share/examples_rclcpp_minimal_client/cmake/examples_rclcpp_minimal_clientConfig.cmake
[1.247s] -- Up-to-date symlink: /home/jared/ros2_ws/install/examples_rclcpp_minimal_client/share/examples_rclcpp_minimal_client/cmake/examples_rclcpp_minimal_clientConfig-version.cmake
[1.249s] -- Up-to-date symlink: /home/jared/ros2_ws/install/examples_rclcpp_minimal_client/share/examples_rclcpp_minimal_client/package.xml
[1.274s] Invoked command in '/home/jared/ros2_ws/build/examples_rclcpp_minimal_client' returned '0': CMAKE_PREFIX_PATH=/opt/ros/humble /usr/bin/cmake --install /home/jared/ros2_ws/build/examples_rclcpp_minimal_client
