[2.798s] Invoking command in '/home/jared/ros2_ws/src/examples/rclpy/actions/minimal_action_server': PYTHONPATH=/home/jared/ros2_ws/build/examples_rclpy_minimal_action_server/prefix_override:/home/jared/ros2_ws/install/examples_rclpy_minimal_action_server/lib/python3.10/site-packages:${PYTHONPATH} /usr/bin/python3 -W ignore:setup.py install is deprecated setup.py egg_info --egg-base ../../../../../build/examples_rclpy_minimal_action_server build --build-base /home/jared/ros2_ws/build/examples_rclpy_minimal_action_server/build install --record /home/jared/ros2_ws/build/examples_rclpy_minimal_action_server/install.log --single-version-externally-managed install_data
[3.041s] running egg_info
[3.041s] writing ../../../../../build/examples_rclpy_minimal_action_server/examples_rclpy_minimal_action_server.egg-info/PKG-INFO
[3.041s] writing dependency_links to ../../../../../build/examples_rclpy_minimal_action_server/examples_rclpy_minimal_action_server.egg-info/dependency_links.txt
[3.041s] writing entry points to ../../../../../build/examples_rclpy_minimal_action_server/examples_rclpy_minimal_action_server.egg-info/entry_points.txt
[3.041s] writing requirements to ../../../../../build/examples_rclpy_minimal_action_server/examples_rclpy_minimal_action_server.egg-info/requires.txt
[3.041s] writing top-level names to ../../../../../build/examples_rclpy_minimal_action_server/examples_rclpy_minimal_action_server.egg-info/top_level.txt
[3.041s] reading manifest file '../../../../../build/examples_rclpy_minimal_action_server/examples_rclpy_minimal_action_server.egg-info/SOURCES.txt'
[3.041s] writing manifest file '../../../../../build/examples_rclpy_minimal_action_server/examples_rclpy_minimal_action_server.egg-info/SOURCES.txt'
[3.041s] running build
[3.041s] running build_py
[3.041s] running install
[3.042s] running install_lib
[3.042s] running install_data
[3.042s] running install_egg_info
[3.042s] removing '/home/jared/ros2_ws/install/examples_rclpy_minimal_action_server/lib/python3.10/site-packages/examples_rclpy_minimal_action_server-0.15.1-py3.10.egg-info' (and everything under it)
[3.042s] Copying ../../../../../build/examples_rclpy_minimal_action_server/examples_rclpy_minimal_action_server.egg-info to /home/jared/ros2_ws/install/examples_rclpy_minimal_action_server/lib/python3.10/site-packages/examples_rclpy_minimal_action_server-0.15.1-py3.10.egg-info
[3.042s] running install_scripts
[3.042s] Installing server script to /home/jared/ros2_ws/install/examples_rclpy_minimal_action_server/lib/examples_rclpy_minimal_action_server
[3.042s] Installing server_defer script to /home/jared/ros2_ws/install/examples_rclpy_minimal_action_server/lib/examples_rclpy_minimal_action_server
[3.042s] Installing server_not_composable script to /home/jared/ros2_ws/install/examples_rclpy_minimal_action_server/lib/examples_rclpy_minimal_action_server
[3.042s] Installing server_queue_goals script to /home/jared/ros2_ws/install/examples_rclpy_minimal_action_server/lib/examples_rclpy_minimal_action_server
[3.042s] Installing server_single_goal script to /home/jared/ros2_ws/install/examples_rclpy_minimal_action_server/lib/examples_rclpy_minimal_action_server
[3.042s] writing list of installed files to '/home/jared/ros2_ws/build/examples_rclpy_minimal_action_server/install.log'
[3.518s] Invoked command in '/home/jared/ros2_ws/src/examples/rclpy/actions/minimal_action_server' returned '0': PYTHONPATH=/home/jared/ros2_ws/build/examples_rclpy_minimal_action_server/prefix_override:/home/jared/ros2_ws/install/examples_rclpy_minimal_action_server/lib/python3.10/site-packages:${PYTHONPATH} /usr/bin/python3 -W ignore:setup.py install is deprecated setup.py egg_info --egg-base ../../../../../build/examples_rclpy_minimal_action_server build --build-base /home/jared/ros2_ws/build/examples_rclpy_minimal_action_server/build install --record /home/jared/ros2_ws/build/examples_rclpy_minimal_action_server/install.log --single-version-externally-managed install_data
