[0.037s] Invoking command in '/home/jared/ros2_ws/build/examples_rclcpp_minimal_action_server': CMAKE_PREFIX_PATH=/opt/ros/humble /usr/bin/cmake /home/jared/ros2_ws/src/examples/rclcpp/actions/minimal_action_server -DAMENT_CMAKE_SYMLINK_INSTALL=1 -DCMAKE_INSTALL_PREFIX=/home/jared/ros2_ws/install/examples_rclcpp_minimal_action_server
[1.183s] -- The C compiler identification is GNU 11.4.0
[1.183s] -- The CXX compiler identification is GNU 11.4.0
[1.183s] -- Detecting C compiler ABI info
[1.183s] -- Detecting C compiler ABI info - done
[1.183s] -- Check for working C compiler: /usr/bin/cc - skipped
[1.183s] -- Detecting C compile features
[1.183s] -- Detecting C compile features - done
[1.183s] -- Detecting CXX compiler ABI info
[1.183s] -- Detecting CXX compiler ABI info - done
[1.183s] -- Check for working CXX compiler: /usr/bin/c++ - skipped
[1.183s] -- Detecting CXX compile features
[1.184s] -- Detecting CXX compile features - done
[1.184s] -- Found ament_cmake: 1.3.9 (/opt/ros/humble/share/ament_cmake/cmake)
[1.184s] -- Found Python3: /usr/bin/python3 (found version "3.10.12") found components: Interpreter 
[1.184s] -- Override CMake install command with custom implementation using symlinks instead of copying resources
[1.184s] -- Found example_interfaces: 0.9.3 (/opt/ros/humble/share/example_interfaces/cmake)
[1.184s] -- Found rosidl_generator_c: 3.1.5 (/opt/ros/humble/share/rosidl_generator_c/cmake)
[1.184s] -- Found rosidl_adapter: 3.1.5 (/opt/ros/humble/share/rosidl_adapter/cmake)
[1.184s] -- Found rosidl_generator_cpp: 3.1.5 (/opt/ros/humble/share/rosidl_generator_cpp/cmake)
[1.184s] -- Using all available rosidl_typesupport_c: rosidl_typesupport_fastrtps_c;rosidl_typesupport_introspection_c
[1.184s] -- Using all available rosidl_typesupport_cpp: rosidl_typesupport_fastrtps_cpp;rosidl_typesupport_introspection_cpp
[1.184s] -- Found rclcpp: 16.0.9 (/opt/ros/humble/share/rclcpp/cmake)
[1.184s] -- Found rmw_implementation_cmake: 6.1.2 (/opt/ros/humble/share/rmw_implementation_cmake/cmake)
[1.184s] -- Found rmw_fastrtps_cpp: 6.2.6 (/opt/ros/humble/share/rmw_fastrtps_cpp/cmake)
[1.184s] -- Found OpenSSL: /usr/lib/x86_64-linux-gnu/libcrypto.so (found version "3.0.2")  
[1.184s] -- Found FastRTPS: /opt/ros/humble/include  
[1.185s] -- Using RMW implementation 'rmw_fastrtps_cpp' as default
[1.185s] -- Looking for pthread.h
[1.207s] -- Looking for pthread.h - found
[1.207s] -- Performing Test CMAKE_HAVE_LIBC_PTHREAD
[1.305s] -- Performing Test CMAKE_HAVE_LIBC_PTHREAD - Success
[1.306s] -- Found Threads: TRUE  
[1.547s] -- Found rclcpp_action: 16.0.9 (/opt/ros/humble/share/rclcpp_action/cmake)
[1.596s] -- Found ament_lint_auto: 0.12.11 (/opt/ros/humble/share/ament_lint_auto/cmake)
[1.705s] -- Added test 'copyright' to check source files copyright and LICENSE
[1.705s] -- Added test 'cppcheck' to perform static code analysis on C / C++ code
[1.705s] -- Configured cppcheck include dirs: 
[1.705s] -- Configured cppcheck exclude dirs and/or files: 
[1.707s] -- Added test 'cpplint' to check C / C++ code against the Google style
[1.707s] -- Configured cpplint exclude dirs and/or files: 
[1.707s] -- Added test 'lint_cmake' to check CMake code style
[1.711s] -- Added test 'uncrustify' to check C / C++ code style
[1.722s] -- Configured uncrustify additional arguments: 
[1.722s] -- Added test 'xmllint' to check XML markup files
[1.723s] -- Configuring done
[1.748s] -- Generating done
[1.750s] -- Build files have been written to: /home/jared/ros2_ws/build/examples_rclcpp_minimal_action_server
[1.814s] Invoked command in '/home/jared/ros2_ws/build/examples_rclcpp_minimal_action_server' returned '0': CMAKE_PREFIX_PATH=/opt/ros/humble /usr/bin/cmake /home/jared/ros2_ws/src/examples/rclcpp/actions/minimal_action_server -DAMENT_CMAKE_SYMLINK_INSTALL=1 -DCMAKE_INSTALL_PREFIX=/home/jared/ros2_ws/install/examples_rclcpp_minimal_action_server
[1.816s] Invoking command in '/home/jared/ros2_ws/build/examples_rclcpp_minimal_action_server': CMAKE_PREFIX_PATH=/opt/ros/humble /usr/bin/cmake --build /home/jared/ros2_ws/build/examples_rclcpp_minimal_action_server -- -j16 -l16
[5.537s] [ 25%] [32mBuilding CXX object CMakeFiles/action_server_not_composable.dir/not_composable.cpp.o[0m
[5.537s] [ 50%] [32mBuilding CXX object CMakeFiles/action_server_member_functions.dir/member_functions.cpp.o[0m
[18.856s] [ 75%] [32m[1mLinking CXX executable action_server_member_functions[0m
[19.280s] [ 75%] Built target action_server_member_functions
[21.681s] [100%] [32m[1mLinking CXX executable action_server_not_composable[0m
[22.082s] [100%] Built target action_server_not_composable
[22.135s] Invoked command in '/home/jared/ros2_ws/build/examples_rclcpp_minimal_action_server' returned '0': CMAKE_PREFIX_PATH=/opt/ros/humble /usr/bin/cmake --build /home/jared/ros2_ws/build/examples_rclcpp_minimal_action_server -- -j16 -l16
[22.535s] Invoking command in '/home/jared/ros2_ws/build/examples_rclcpp_minimal_action_server': CMAKE_PREFIX_PATH=/opt/ros/humble /usr/bin/cmake --install /home/jared/ros2_ws/build/examples_rclcpp_minimal_action_server
[22.555s] -- Install configuration: ""
[22.556s] -- Execute custom install script
[22.556s] -- Symlinking: /home/jared/ros2_ws/install/examples_rclcpp_minimal_action_server/lib/examples_rclcpp_minimal_action_server/action_server_not_composable
[22.603s] -- Symlinking: /home/jared/ros2_ws/install/examples_rclcpp_minimal_action_server/lib/examples_rclcpp_minimal_action_server/action_server_member_functions
[22.652s] -- Symlinking: /home/jared/ros2_ws/install/examples_rclcpp_minimal_action_server/share/ament_index/resource_index/package_run_dependencies/examples_rclcpp_minimal_action_server
[22.676s] -- Symlinking: /home/jared/ros2_ws/install/examples_rclcpp_minimal_action_server/share/ament_index/resource_index/parent_prefix_path/examples_rclcpp_minimal_action_server
[22.716s] -- Symlinking: /home/jared/ros2_ws/install/examples_rclcpp_minimal_action_server/share/examples_rclcpp_minimal_action_server/environment/ament_prefix_path.sh
[22.751s] -- Symlinking: /home/jared/ros2_ws/install/examples_rclcpp_minimal_action_server/share/examples_rclcpp_minimal_action_server/environment/ament_prefix_path.dsv
[22.804s] -- Symlinking: /home/jared/ros2_ws/install/examples_rclcpp_minimal_action_server/share/examples_rclcpp_minimal_action_server/environment/path.sh
[22.832s] -- Symlinking: /home/jared/ros2_ws/install/examples_rclcpp_minimal_action_server/share/examples_rclcpp_minimal_action_server/environment/path.dsv
[22.855s] -- Symlinking: /home/jared/ros2_ws/install/examples_rclcpp_minimal_action_server/share/examples_rclcpp_minimal_action_server/local_setup.bash
[22.891s] -- Symlinking: /home/jared/ros2_ws/install/examples_rclcpp_minimal_action_server/share/examples_rclcpp_minimal_action_server/local_setup.sh
[22.929s] -- Symlinking: /home/jared/ros2_ws/install/examples_rclcpp_minimal_action_server/share/examples_rclcpp_minimal_action_server/local_setup.zsh
[22.973s] -- Symlinking: /home/jared/ros2_ws/install/examples_rclcpp_minimal_action_server/share/examples_rclcpp_minimal_action_server/local_setup.dsv
[23.005s] -- Symlinking: /home/jared/ros2_ws/install/examples_rclcpp_minimal_action_server/share/examples_rclcpp_minimal_action_server/package.dsv
[23.059s] -- Symlinking: /home/jared/ros2_ws/install/examples_rclcpp_minimal_action_server/share/ament_index/resource_index/packages/examples_rclcpp_minimal_action_server
[23.093s] -- Symlinking: /home/jared/ros2_ws/install/examples_rclcpp_minimal_action_server/share/examples_rclcpp_minimal_action_server/cmake/examples_rclcpp_minimal_action_serverConfig.cmake
[23.147s] -- Symlinking: /home/jared/ros2_ws/install/examples_rclcpp_minimal_action_server/share/examples_rclcpp_minimal_action_server/cmake/examples_rclcpp_minimal_action_serverConfig-version.cmake
[23.176s] -- Symlinking: /home/jared/ros2_ws/install/examples_rclcpp_minimal_action_server/share/examples_rclcpp_minimal_action_server/package.xml
[23.249s] Invoked command in '/home/jared/ros2_ws/build/examples_rclcpp_minimal_action_server' returned '0': CMAKE_PREFIX_PATH=/opt/ros/humble /usr/bin/cmake --install /home/jared/ros2_ws/build/examples_rclcpp_minimal_action_server
