[0.041s] Invoking command in '/home/jared/ros2_ws/build/examples_rclcpp_async_client': CMAKE_PREFIX_PATH=/opt/ros/humble /usr/bin/cmake /home/jared/ros2_ws/src/examples/rclcpp/services/async_client -DAMENT_CMAKE_SYMLINK_INSTALL=1 -DCMAKE_INSTALL_PREFIX=/home/jared/ros2_ws/install/examples_rclcpp_async_client
[0.997s] -- Found ament_cmake: 1.3.9 (/opt/ros/humble/share/ament_cmake/cmake)
[0.998s] -- Override CMake install command with custom implementation using symlinks instead of copying resources
[0.998s] -- Found example_interfaces: 0.9.3 (/opt/ros/humble/share/example_interfaces/cmake)
[0.998s] -- Found rosidl_generator_c: 3.1.5 (/opt/ros/humble/share/rosidl_generator_c/cmake)
[0.998s] -- Found rosidl_adapter: 3.1.5 (/opt/ros/humble/share/rosidl_adapter/cmake)
[0.999s] -- Found rosidl_generator_cpp: 3.1.5 (/opt/ros/humble/share/rosidl_generator_cpp/cmake)
[0.999s] -- Using all available rosidl_typesupport_c: rosidl_typesupport_fastrtps_c;rosidl_typesupport_introspection_c
[1.000s] -- Using all available rosidl_typesupport_cpp: rosidl_typesupport_fastrtps_cpp;rosidl_typesupport_introspection_cpp
[1.000s] -- Found rclcpp: 16.0.9 (/opt/ros/humble/share/rclcpp/cmake)
[1.000s] -- Found rmw_implementation_cmake: 6.1.2 (/opt/ros/humble/share/rmw_implementation_cmake/cmake)
[1.001s] -- Found rmw_fastrtps_cpp: 6.2.6 (/opt/ros/humble/share/rmw_fastrtps_cpp/cmake)
[1.001s] -- Using RMW implementation 'rmw_fastrtps_cpp' as default
[1.002s] -- Found ament_lint_auto: 0.12.11 (/opt/ros/humble/share/ament_lint_auto/cmake)
[1.002s] -- Added test 'copyright' to check source files copyright and LICENSE
[1.003s] -- Added test 'cppcheck' to perform static code analysis on C / C++ code
[1.003s] -- Configured cppcheck include dirs: 
[1.004s] -- Configured cppcheck exclude dirs and/or files: 
[1.004s] -- Added test 'cpplint' to check C / C++ code against the Google style
[1.004s] -- Configured cpplint exclude dirs and/or files: 
[1.004s] -- Added test 'lint_cmake' to check CMake code style
[1.004s] -- Added test 'uncrustify' to check C / C++ code style
[1.004s] -- Configured uncrustify additional arguments: 
[1.004s] -- Added test 'xmllint' to check XML markup files
[1.005s] -- Configuring done
[1.005s] -- Generating done
[1.005s] -- Build files have been written to: /home/jared/ros2_ws/build/examples_rclcpp_async_client
[1.066s] Invoked command in '/home/jared/ros2_ws/build/examples_rclcpp_async_client' returned '0': CMAKE_PREFIX_PATH=/opt/ros/humble /usr/bin/cmake /home/jared/ros2_ws/src/examples/rclcpp/services/async_client -DAMENT_CMAKE_SYMLINK_INSTALL=1 -DCMAKE_INSTALL_PREFIX=/home/jared/ros2_ws/install/examples_rclcpp_async_client
[1.066s] Invoking command in '/home/jared/ros2_ws/build/examples_rclcpp_async_client': CMAKE_PREFIX_PATH=/opt/ros/humble /usr/bin/cmake --build /home/jared/ros2_ws/build/examples_rclcpp_async_client -- -j16 -l16
[1.075s] [35m[1mConsolidate compiler generated dependencies of target client_main[0m
[1.083s] [100%] Built target client_main
[1.119s] Invoked command in '/home/jared/ros2_ws/build/examples_rclcpp_async_client' returned '0': CMAKE_PREFIX_PATH=/opt/ros/humble /usr/bin/cmake --build /home/jared/ros2_ws/build/examples_rclcpp_async_client -- -j16 -l16
[1.212s] Invoking command in '/home/jared/ros2_ws/build/examples_rclcpp_async_client': CMAKE_PREFIX_PATH=/opt/ros/humble /usr/bin/cmake --install /home/jared/ros2_ws/build/examples_rclcpp_async_client
[1.224s] -- Install configuration: ""
[1.224s] -- Execute custom install script
[1.225s] -- Up-to-date symlink: /home/jared/ros2_ws/install/examples_rclcpp_async_client/lib/examples_rclcpp_async_client/client_main
[1.229s] -- Up-to-date symlink: /home/jared/ros2_ws/install/examples_rclcpp_async_client/share/ament_index/resource_index/package_run_dependencies/examples_rclcpp_async_client
[1.230s] -- Up-to-date symlink: /home/jared/ros2_ws/install/examples_rclcpp_async_client/share/ament_index/resource_index/parent_prefix_path/examples_rclcpp_async_client
[1.230s] -- Up-to-date symlink: /home/jared/ros2_ws/install/examples_rclcpp_async_client/share/examples_rclcpp_async_client/environment/ament_prefix_path.sh
[1.230s] -- Up-to-date symlink: /home/jared/ros2_ws/install/examples_rclcpp_async_client/share/examples_rclcpp_async_client/environment/ament_prefix_path.dsv
[1.230s] -- Up-to-date symlink: /home/jared/ros2_ws/install/examples_rclcpp_async_client/share/examples_rclcpp_async_client/environment/path.sh
[1.230s] -- Up-to-date symlink: /home/jared/ros2_ws/install/examples_rclcpp_async_client/share/examples_rclcpp_async_client/environment/path.dsv
[1.230s] -- Up-to-date symlink: /home/jared/ros2_ws/install/examples_rclcpp_async_client/share/examples_rclcpp_async_client/local_setup.bash
[1.230s] -- Up-to-date symlink: /home/jared/ros2_ws/install/examples_rclcpp_async_client/share/examples_rclcpp_async_client/local_setup.sh
[1.230s] -- Up-to-date symlink: /home/jared/ros2_ws/install/examples_rclcpp_async_client/share/examples_rclcpp_async_client/local_setup.zsh
[1.230s] -- Up-to-date symlink: /home/jared/ros2_ws/install/examples_rclcpp_async_client/share/examples_rclcpp_async_client/local_setup.dsv
[1.231s] -- Symlinking: /home/jared/ros2_ws/install/examples_rclcpp_async_client/share/examples_rclcpp_async_client/package.dsv
[1.252s] -- Up-to-date symlink: /home/jared/ros2_ws/install/examples_rclcpp_async_client/share/ament_index/resource_index/packages/examples_rclcpp_async_client
[1.252s] -- Up-to-date symlink: /home/jared/ros2_ws/install/examples_rclcpp_async_client/share/examples_rclcpp_async_client/cmake/examples_rclcpp_async_clientConfig.cmake
[1.252s] -- Up-to-date symlink: /home/jared/ros2_ws/install/examples_rclcpp_async_client/share/examples_rclcpp_async_client/cmake/examples_rclcpp_async_clientConfig-version.cmake
[1.255s] -- Up-to-date symlink: /home/jared/ros2_ws/install/examples_rclcpp_async_client/share/examples_rclcpp_async_client/package.xml
[1.272s] Invoked command in '/home/jared/ros2_ws/build/examples_rclcpp_async_client' returned '0': CMAKE_PREFIX_PATH=/opt/ros/humble /usr/bin/cmake --install /home/jared/ros2_ws/build/examples_rclcpp_async_client
