[0.038s] Invoking command in '/home/jared/ros2_ws/build/examples_rclcpp_minimal_publisher': CMAKE_PREFIX_PATH=/opt/ros/humble /usr/bin/cmake /home/jared/ros2_ws/src/examples/rclcpp/topics/minimal_publisher -DAMENT_CMAKE_SYMLINK_INSTALL=1 -DCMAKE_INSTALL_PREFIX=/home/jared/ros2_ws/install/examples_rclcpp_minimal_publisher
[1.183s] -- The C compiler identification is GNU 11.4.0
[1.183s] -- The CXX compiler identification is GNU 11.4.0
[1.183s] -- Detecting C compiler ABI info
[1.184s] -- Detecting C compiler ABI info - done
[1.184s] -- Check for working C compiler: /usr/bin/cc - skipped
[1.184s] -- Detecting C compile features
[1.184s] -- Detecting C compile features - done
[1.184s] -- Detecting CXX compiler ABI info
[1.184s] -- Detecting CXX compiler ABI info - done
[1.184s] -- Check for working CXX compiler: /usr/bin/c++ - skipped
[1.184s] -- Detecting CXX compile features
[1.184s] -- Detecting CXX compile features - done
[1.184s] -- Found ament_cmake: 1.3.9 (/opt/ros/humble/share/ament_cmake/cmake)
[1.184s] -- Found Python3: /usr/bin/python3 (found version "3.10.12") found components: Interpreter 
[1.184s] -- Override CMake install command with custom implementation using symlinks instead of copying resources
[1.184s] -- Found rclcpp: 16.0.9 (/opt/ros/humble/share/rclcpp/cmake)
[1.184s] -- Found rosidl_generator_c: 3.1.5 (/opt/ros/humble/share/rosidl_generator_c/cmake)
[1.184s] -- Found rosidl_adapter: 3.1.5 (/opt/ros/humble/share/rosidl_adapter/cmake)
[1.184s] -- Found rosidl_generator_cpp: 3.1.5 (/opt/ros/humble/share/rosidl_generator_cpp/cmake)
[1.185s] -- Using all available rosidl_typesupport_c: rosidl_typesupport_fastrtps_c;rosidl_typesupport_introspection_c
[1.185s] -- Using all available rosidl_typesupport_cpp: rosidl_typesupport_fastrtps_cpp;rosidl_typesupport_introspection_cpp
[1.185s] -- Found rmw_implementation_cmake: 6.1.2 (/opt/ros/humble/share/rmw_implementation_cmake/cmake)
[1.185s] -- Found rmw_fastrtps_cpp: 6.2.6 (/opt/ros/humble/share/rmw_fastrtps_cpp/cmake)
[1.185s] -- Found OpenSSL: /usr/lib/x86_64-linux-gnu/libcrypto.so (found version "3.0.2")  
[1.185s] -- Found FastRTPS: /opt/ros/humble/include  
[1.185s] -- Using RMW implementation 'rmw_fastrtps_cpp' as default
[1.185s] -- Looking for pthread.h
[1.185s] -- Looking for pthread.h - found
[1.185s] -- Performing Test CMAKE_HAVE_LIBC_PTHREAD
[1.185s] -- Performing Test CMAKE_HAVE_LIBC_PTHREAD - Success
[1.185s] -- Found Threads: TRUE  
[1.258s] -- Found ament_lint_auto: 0.12.11 (/opt/ros/humble/share/ament_lint_auto/cmake)
[1.371s] -- Added test 'copyright' to check source files copyright and LICENSE
[1.373s] -- Added test 'cppcheck' to perform static code analysis on C / C++ code
[1.373s] -- Configured cppcheck include dirs: 
[1.373s] -- Configured cppcheck exclude dirs and/or files: 
[1.374s] -- Added test 'cpplint' to check C / C++ code against the Google style
[1.374s] -- Configured cpplint exclude dirs and/or files: 
[1.375s] -- Added test 'lint_cmake' to check CMake code style
[1.376s] -- Added test 'uncrustify' to check C / C++ code style
[1.376s] -- Configured uncrustify additional arguments: 
[1.376s] -- Added test 'xmllint' to check XML markup files
[1.378s] -- Configuring done
[1.403s] -- Generating done
[1.405s] -- Build files have been written to: /home/jared/ros2_ws/build/examples_rclcpp_minimal_publisher
[1.424s] Invoked command in '/home/jared/ros2_ws/build/examples_rclcpp_minimal_publisher' returned '0': CMAKE_PREFIX_PATH=/opt/ros/humble /usr/bin/cmake /home/jared/ros2_ws/src/examples/rclcpp/topics/minimal_publisher -DAMENT_CMAKE_SYMLINK_INSTALL=1 -DCMAKE_INSTALL_PREFIX=/home/jared/ros2_ws/install/examples_rclcpp_minimal_publisher
[1.427s] Invoking command in '/home/jared/ros2_ws/build/examples_rclcpp_minimal_publisher': CMAKE_PREFIX_PATH=/opt/ros/humble /usr/bin/cmake --build /home/jared/ros2_ws/build/examples_rclcpp_minimal_publisher -- -j16 -l16
[1.496s] [  8%] [32mBuilding CXX object CMakeFiles/publisher_lambda.dir/lambda.cpp.o[0m
[1.502s] [ 16%] [32mBuilding CXX object CMakeFiles/publisher_wait_for_all_acked.dir/member_function_with_wait_for_all_acked.cpp.o[0m
[1.514s] [ 25%] [32mBuilding CXX object CMakeFiles/publisher_member_function_with_unique_network_flow_endpoints.dir/member_function_with_unique_network_flow_endpoints.cpp.o[0m
[1.521s] [ 33%] [32mBuilding CXX object CMakeFiles/publisher_member_function_with_type_adapter.dir/member_function_with_type_adapter.cpp.o[0m
[1.544s] [ 41%] [32mBuilding CXX object CMakeFiles/publisher_member_function.dir/member_function.cpp.o[0m
[1.576s] [ 50%] [32mBuilding CXX object CMakeFiles/publisher_not_composable.dir/not_composable.cpp.o[0m
[10.749s] [ 58%] [32m[1mLinking CXX executable publisher_wait_for_all_acked[0m
[11.298s] [ 58%] Built target publisher_wait_for_all_acked
[15.858s] [ 66%] [32m[1mLinking CXX executable publisher_member_function[0m
[16.539s] [ 66%] Built target publisher_member_function
[17.349s] [ 75%] [32m[1mLinking CXX executable publisher_member_function_with_type_adapter[0m
[17.725s] [ 75%] Built target publisher_member_function_with_type_adapter
[20.366s] [ 83%] [32m[1mLinking CXX executable publisher_not_composable[0m
[20.800s] [ 83%] Built target publisher_not_composable
[20.906s] [ 91%] [32m[1mLinking CXX executable publisher_member_function_with_unique_network_flow_endpoints[0m
[21.602s] [100%] [32m[1mLinking CXX executable publisher_lambda[0m
[21.642s] [100%] Built target publisher_member_function_with_unique_network_flow_endpoints
[22.198s] [100%] Built target publisher_lambda
[22.255s] Invoked command in '/home/jared/ros2_ws/build/examples_rclcpp_minimal_publisher' returned '0': CMAKE_PREFIX_PATH=/opt/ros/humble /usr/bin/cmake --build /home/jared/ros2_ws/build/examples_rclcpp_minimal_publisher -- -j16 -l16
[22.645s] Invoking command in '/home/jared/ros2_ws/build/examples_rclcpp_minimal_publisher': CMAKE_PREFIX_PATH=/opt/ros/humble /usr/bin/cmake --install /home/jared/ros2_ws/build/examples_rclcpp_minimal_publisher
[22.670s] -- Install configuration: ""
[22.670s] -- Execute custom install script
[22.671s] -- Symlinking: /home/jared/ros2_ws/install/examples_rclcpp_minimal_publisher/lib/examples_rclcpp_minimal_publisher/publisher_lambda
[22.704s] -- Symlinking: /home/jared/ros2_ws/install/examples_rclcpp_minimal_publisher/lib/examples_rclcpp_minimal_publisher/publisher_member_function
[22.743s] -- Symlinking: /home/jared/ros2_ws/install/examples_rclcpp_minimal_publisher/lib/examples_rclcpp_minimal_publisher/publisher_member_function_with_type_adapter
[22.784s] -- Symlinking: /home/jared/ros2_ws/install/examples_rclcpp_minimal_publisher/lib/examples_rclcpp_minimal_publisher/publisher_member_function_with_unique_network_flow_endpoints
[22.823s] -- Symlinking: /home/jared/ros2_ws/install/examples_rclcpp_minimal_publisher/lib/examples_rclcpp_minimal_publisher/publisher_wait_for_all_acked
[22.857s] -- Symlinking: /home/jared/ros2_ws/install/examples_rclcpp_minimal_publisher/lib/examples_rclcpp_minimal_publisher/publisher_not_composable
[22.882s] -- Symlinking: /home/jared/ros2_ws/install/examples_rclcpp_minimal_publisher/share/ament_index/resource_index/package_run_dependencies/examples_rclcpp_minimal_publisher
[22.938s] -- Symlinking: /home/jared/ros2_ws/install/examples_rclcpp_minimal_publisher/share/ament_index/resource_index/parent_prefix_path/examples_rclcpp_minimal_publisher
[22.968s] -- Symlinking: /home/jared/ros2_ws/install/examples_rclcpp_minimal_publisher/share/examples_rclcpp_minimal_publisher/environment/ament_prefix_path.sh
[23.001s] -- Symlinking: /home/jared/ros2_ws/install/examples_rclcpp_minimal_publisher/share/examples_rclcpp_minimal_publisher/environment/ament_prefix_path.dsv
[23.030s] -- Symlinking: /home/jared/ros2_ws/install/examples_rclcpp_minimal_publisher/share/examples_rclcpp_minimal_publisher/environment/path.sh
[23.070s] -- Symlinking: /home/jared/ros2_ws/install/examples_rclcpp_minimal_publisher/share/examples_rclcpp_minimal_publisher/environment/path.dsv
[23.143s] -- Symlinking: /home/jared/ros2_ws/install/examples_rclcpp_minimal_publisher/share/examples_rclcpp_minimal_publisher/local_setup.bash
[23.192s] -- Symlinking: /home/jared/ros2_ws/install/examples_rclcpp_minimal_publisher/share/examples_rclcpp_minimal_publisher/local_setup.sh
[23.244s] -- Symlinking: /home/jared/ros2_ws/install/examples_rclcpp_minimal_publisher/share/examples_rclcpp_minimal_publisher/local_setup.zsh
[23.264s] -- Symlinking: /home/jared/ros2_ws/install/examples_rclcpp_minimal_publisher/share/examples_rclcpp_minimal_publisher/local_setup.dsv
[23.297s] -- Symlinking: /home/jared/ros2_ws/install/examples_rclcpp_minimal_publisher/share/examples_rclcpp_minimal_publisher/package.dsv
[23.331s] -- Symlinking: /home/jared/ros2_ws/install/examples_rclcpp_minimal_publisher/share/ament_index/resource_index/packages/examples_rclcpp_minimal_publisher
[23.373s] -- Symlinking: /home/jared/ros2_ws/install/examples_rclcpp_minimal_publisher/share/examples_rclcpp_minimal_publisher/cmake/examples_rclcpp_minimal_publisherConfig.cmake
[23.387s] -- Symlinking: /home/jared/ros2_ws/install/examples_rclcpp_minimal_publisher/share/examples_rclcpp_minimal_publisher/cmake/examples_rclcpp_minimal_publisherConfig-version.cmake
[23.399s] -- Symlinking: /home/jared/ros2_ws/install/examples_rclcpp_minimal_publisher/share/examples_rclcpp_minimal_publisher/package.xml
[23.444s] Invoked command in '/home/jared/ros2_ws/build/examples_rclcpp_minimal_publisher' returned '0': CMAKE_PREFIX_PATH=/opt/ros/humble /usr/bin/cmake --install /home/jared/ros2_ws/build/examples_rclcpp_minimal_publisher
