[2.104s] Invoking command in '/home/jared/ros2_ws/build/unity': PYTHONPATH=/home/jared/ros2_ws/build/unity/prefix_override:/home/jared/ros2_ws/install/unity/lib/python3.10/site-packages:${PYTHONPATH} /usr/bin/python3 -W ignore:setup.py install is deprecated setup.py develop --uninstall --editable --build-directory /home/jared/ros2_ws/build/unity/build
[2.466s] running develop
[2.467s] /usr/lib/python3/dist-packages/setuptools/command/easy_install.py:158: EasyInstallDeprecationWarning: easy_install command is deprecated. Use build and pip and other standards-based tools.
[2.467s]   warnings.warn(
[2.691s] Removing /home/jared/ros2_ws/install/unity/lib/python3.10/site-packages/unity.egg-link (link to .)
[2.823s] Invoked command in '/home/jared/ros2_ws/build/unity' returned '0': PYTHONPATH=/home/jared/ros2_ws/build/unity/prefix_override:/home/jared/ros2_ws/install/unity/lib/python3.10/site-packages:${PYTHONPATH} /usr/bin/python3 -W ignore:setup.py install is deprecated setup.py develop --uninstall --editable --build-directory /home/jared/ros2_ws/build/unity/build
[2.824s] Invoking command in '/home/jared/ros2_ws/src/unity': PYTHONPATH=/home/jared/ros2_ws/build/unity/prefix_override:/home/jared/ros2_ws/install/unity/lib/python3.10/site-packages:${PYTHONPATH} /usr/bin/python3 -W ignore:setup.py install is deprecated setup.py egg_info --egg-base ../../build/unity build --build-base /home/jared/ros2_ws/build/unity/build install --record /home/jared/ros2_ws/build/unity/install.log --single-version-externally-managed install_data --force
[3.077s] running egg_info
[3.077s] writing ../../build/unity/unity.egg-info/PKG-INFO
[3.078s] writing dependency_links to ../../build/unity/unity.egg-info/dependency_links.txt
[3.078s] writing entry points to ../../build/unity/unity.egg-info/entry_points.txt
[3.080s] writing requirements to ../../build/unity/unity.egg-info/requires.txt
[3.080s] writing top-level names to ../../build/unity/unity.egg-info/top_level.txt
[3.081s] reading manifest file '../../build/unity/unity.egg-info/SOURCES.txt'
[3.081s] adding license file 'LICENSE'
[3.090s] writing manifest file '../../build/unity/unity.egg-info/SOURCES.txt'
[3.090s] running build
[3.090s] running build_py
[3.090s] copying unity/differential_odom.py -> /home/jared/ros2_ws/build/unity/build/lib/unity
[3.090s] copying unity/pointcloud_to_laser.py -> /home/jared/ros2_ws/build/unity/build/lib/unity
[3.091s] copying unity/imu_odometry.py -> /home/jared/ros2_ws/build/unity/build/lib/unity
[3.091s] running install
[3.091s] running install_lib
[3.091s] creating /home/jared/ros2_ws/install/unity/lib/python3.10/site-packages/unity
[3.091s] copying /home/jared/ros2_ws/build/unity/build/lib/unity/__init__.py -> /home/jared/ros2_ws/install/unity/lib/python3.10/site-packages/unity
[3.091s] copying /home/jared/ros2_ws/build/unity/build/lib/unity/drive_publisher.py -> /home/jared/ros2_ws/install/unity/lib/python3.10/site-packages/unity
[3.091s] copying /home/jared/ros2_ws/build/unity/build/lib/unity/differential_odom.py -> /home/jared/ros2_ws/install/unity/lib/python3.10/site-packages/unity
[3.091s] copying /home/jared/ros2_ws/build/unity/build/lib/unity/calibration.py -> /home/jared/ros2_ws/install/unity/lib/python3.10/site-packages/unity
[3.091s] copying /home/jared/ros2_ws/build/unity/build/lib/unity/mask_subscriber.py -> /home/jared/ros2_ws/install/unity/lib/python3.10/site-packages/unity
[3.091s] copying /home/jared/ros2_ws/build/unity/build/lib/unity/pointcloud_to_laser.py -> /home/jared/ros2_ws/install/unity/lib/python3.10/site-packages/unity
[3.091s] copying /home/jared/ros2_ws/build/unity/build/lib/unity/move_publisher.py -> /home/jared/ros2_ws/install/unity/lib/python3.10/site-packages/unity
[3.091s] copying /home/jared/ros2_ws/build/unity/build/lib/unity/image_subscriber.py -> /home/jared/ros2_ws/install/unity/lib/python3.10/site-packages/unity
[3.091s] copying /home/jared/ros2_ws/build/unity/build/lib/unity/imu_odometry.py -> /home/jared/ros2_ws/install/unity/lib/python3.10/site-packages/unity
[3.091s] byte-compiling /home/jared/ros2_ws/install/unity/lib/python3.10/site-packages/unity/__init__.py to __init__.cpython-310.pyc
[3.092s] byte-compiling /home/jared/ros2_ws/install/unity/lib/python3.10/site-packages/unity/drive_publisher.py to drive_publisher.cpython-310.pyc
[3.092s] byte-compiling /home/jared/ros2_ws/install/unity/lib/python3.10/site-packages/unity/differential_odom.py to differential_odom.cpython-310.pyc
[3.092s] byte-compiling /home/jared/ros2_ws/install/unity/lib/python3.10/site-packages/unity/calibration.py to calibration.cpython-310.pyc
[3.092s] byte-compiling /home/jared/ros2_ws/install/unity/lib/python3.10/site-packages/unity/mask_subscriber.py to mask_subscriber.cpython-310.pyc
[3.092s] byte-compiling /home/jared/ros2_ws/install/unity/lib/python3.10/site-packages/unity/pointcloud_to_laser.py to pointcloud_to_laser.cpython-310.pyc
[3.092s] byte-compiling /home/jared/ros2_ws/install/unity/lib/python3.10/site-packages/unity/move_publisher.py to move_publisher.cpython-310.pyc
[3.092s] byte-compiling /home/jared/ros2_ws/install/unity/lib/python3.10/site-packages/unity/image_subscriber.py to image_subscriber.cpython-310.pyc
[3.093s] byte-compiling /home/jared/ros2_ws/install/unity/lib/python3.10/site-packages/unity/imu_odometry.py to imu_odometry.cpython-310.pyc
[3.094s] running install_data
[3.094s] copying resource/unity -> /home/jared/ros2_ws/install/unity/share/ament_index/resource_index/packages
[3.094s] copying package.xml -> /home/jared/ros2_ws/install/unity/share/unity
[3.094s] copying launch/slam_toolbox_launch.py -> /home/jared/ros2_ws/install/unity/share/unity/launch
[3.095s] copying launch/ekf_localization_launch.py -> /home/jared/ros2_ws/install/unity/share/unity/launch
[3.095s] copying config/ekf.yaml -> /home/jared/ros2_ws/install/unity/share/unity/config
[3.095s] copying config/slam_toolbox_params.yaml -> /home/jared/ros2_ws/install/unity/share/unity/config
[3.095s] running install_egg_info
[3.098s] Copying ../../build/unity/unity.egg-info to /home/jared/ros2_ws/install/unity/lib/python3.10/site-packages/unity-0.0.0-py3.10.egg-info
[3.099s] running install_scripts
[3.125s] Installing drive_publisher script to /home/jared/ros2_ws/install/unity/lib/unity
[3.126s] Installing image_subscriber script to /home/jared/ros2_ws/install/unity/lib/unity
[3.126s] Installing imu_odometry script to /home/jared/ros2_ws/install/unity/lib/unity
[3.126s] Installing mask_subscriber script to /home/jared/ros2_ws/install/unity/lib/unity
[3.126s] Installing move_publisher script to /home/jared/ros2_ws/install/unity/lib/unity
[3.128s] writing list of installed files to '/home/jared/ros2_ws/build/unity/install.log'
[3.207s] Invoked command in '/home/jared/ros2_ws/src/unity' returned '0': PYTHONPATH=/home/jared/ros2_ws/build/unity/prefix_override:/home/jared/ros2_ws/install/unity/lib/python3.10/site-packages:${PYTHONPATH} /usr/bin/python3 -W ignore:setup.py install is deprecated setup.py egg_info --egg-base ../../build/unity build --build-base /home/jared/ros2_ws/build/unity/build install --record /home/jared/ros2_ws/build/unity/install.log --single-version-externally-managed install_data --force
