[0.062s] Invoking command in '/home/jared/ros2_ws/build/examples_rclcpp_cbg_executor': CMAKE_PREFIX_PATH=${CMAKE_PREFIX_PATH}:/home/jared/ros2_ws/install/unity_robotics_demo:/home/jared/ros2_ws/install/unity:/home/jared/ros2_ws/install/ros_tcp_endpoint:/home/jared/ros2_ws/install/my_package:/home/jared/ros2_ws/install/launch_testing_examples:/home/jared/ros2_ws/install/examples_rclpy_pointcloud_publisher:/home/jared/ros2_ws/install/examples_rclpy_minimal_subscriber:/home/jared/ros2_ws/install/examples_rclpy_minimal_service:/home/jared/ros2_ws/install/examples_rclpy_minimal_publisher:/home/jared/ros2_ws/install/examples_rclpy_minimal_client:/home/jared/ros2_ws/install/examples_rclpy_minimal_action_server:/home/jared/ros2_ws/install/examples_rclpy_minimal_action_client:/home/jared/ros2_ws/install/examples_rclpy_guard_conditions:/home/jared/ros2_ws/install/examples_rclpy_executors:/opt/ros/humble /usr/bin/cmake --build /home/jared/ros2_ws/build/examples_rclcpp_cbg_executor -- -j16 -l16
[0.944s] [ 30%] Built target ping
[0.945s] [ 60%] Built target pong
[0.946s] [100%] Built target ping_pong
[0.962s] Invoked command in '/home/jared/ros2_ws/build/examples_rclcpp_cbg_executor' returned '0': CMAKE_PREFIX_PATH=${CMAKE_PREFIX_PATH}:/home/jared/ros2_ws/install/unity_robotics_demo:/home/jared/ros2_ws/install/unity:/home/jared/ros2_ws/install/ros_tcp_endpoint:/home/jared/ros2_ws/install/my_package:/home/jared/ros2_ws/install/launch_testing_examples:/home/jared/ros2_ws/install/examples_rclpy_pointcloud_publisher:/home/jared/ros2_ws/install/examples_rclpy_minimal_subscriber:/home/jared/ros2_ws/install/examples_rclpy_minimal_service:/home/jared/ros2_ws/install/examples_rclpy_minimal_publisher:/home/jared/ros2_ws/install/examples_rclpy_minimal_client:/home/jared/ros2_ws/install/examples_rclpy_minimal_action_server:/home/jared/ros2_ws/install/examples_rclpy_minimal_action_client:/home/jared/ros2_ws/install/examples_rclpy_guard_conditions:/home/jared/ros2_ws/install/examples_rclpy_executors:/opt/ros/humble /usr/bin/cmake --build /home/jared/ros2_ws/build/examples_rclcpp_cbg_executor -- -j16 -l16
[1.005s] Invoking command in '/home/jared/ros2_ws/build/examples_rclcpp_cbg_executor': CMAKE_PREFIX_PATH=${CMAKE_PREFIX_PATH}:/home/jared/ros2_ws/install/unity_robotics_demo:/home/jared/ros2_ws/install/unity:/home/jared/ros2_ws/install/ros_tcp_endpoint:/home/jared/ros2_ws/install/my_package:/home/jared/ros2_ws/install/launch_testing_examples:/home/jared/ros2_ws/install/examples_rclpy_pointcloud_publisher:/home/jared/ros2_ws/install/examples_rclpy_minimal_subscriber:/home/jared/ros2_ws/install/examples_rclpy_minimal_service:/home/jared/ros2_ws/install/examples_rclpy_minimal_publisher:/home/jared/ros2_ws/install/examples_rclpy_minimal_client:/home/jared/ros2_ws/install/examples_rclpy_minimal_action_server:/home/jared/ros2_ws/install/examples_rclpy_minimal_action_client:/home/jared/ros2_ws/install/examples_rclpy_guard_conditions:/home/jared/ros2_ws/install/examples_rclpy_executors:/opt/ros/humble /usr/bin/cmake --install /home/jared/ros2_ws/build/examples_rclcpp_cbg_executor
[1.031s] -- Install configuration: ""
[1.032s] -- Execute custom install script
[1.033s] -- Up-to-date symlink: /home/jared/ros2_ws/install/examples_rclcpp_cbg_executor/lib/examples_rclcpp_cbg_executor/ping
[1.034s] -- Up-to-date symlink: /home/jared/ros2_ws/install/examples_rclcpp_cbg_executor/lib/examples_rclcpp_cbg_executor/pong
[1.034s] -- Up-to-date symlink: /home/jared/ros2_ws/install/examples_rclcpp_cbg_executor/lib/examples_rclcpp_cbg_executor/ping_pong
[1.034s] -- Up-to-date symlink: /home/jared/ros2_ws/install/examples_rclcpp_cbg_executor/include/examples_rclcpp_cbg_executor/ping_node.hpp
[1.034s] -- Up-to-date symlink: /home/jared/ros2_ws/install/examples_rclcpp_cbg_executor/include/examples_rclcpp_cbg_executor/pong_node.hpp
[1.035s] -- Up-to-date symlink: /home/jared/ros2_ws/install/examples_rclcpp_cbg_executor/share/ament_index/resource_index/package_run_dependencies/examples_rclcpp_cbg_executor
[1.035s] -- Up-to-date symlink: /home/jared/ros2_ws/install/examples_rclcpp_cbg_executor/share/ament_index/resource_index/parent_prefix_path/examples_rclcpp_cbg_executor
[1.035s] -- Up-to-date symlink: /home/jared/ros2_ws/install/examples_rclcpp_cbg_executor/share/examples_rclcpp_cbg_executor/environment/ament_prefix_path.sh
[1.035s] -- Up-to-date symlink: /home/jared/ros2_ws/install/examples_rclcpp_cbg_executor/share/examples_rclcpp_cbg_executor/environment/ament_prefix_path.dsv
[1.036s] -- Up-to-date symlink: /home/jared/ros2_ws/install/examples_rclcpp_cbg_executor/share/examples_rclcpp_cbg_executor/environment/path.sh
[1.036s] -- Up-to-date symlink: /home/jared/ros2_ws/install/examples_rclcpp_cbg_executor/share/examples_rclcpp_cbg_executor/environment/path.dsv
[1.037s] -- Up-to-date symlink: /home/jared/ros2_ws/install/examples_rclcpp_cbg_executor/share/examples_rclcpp_cbg_executor/local_setup.bash
[1.037s] -- Up-to-date symlink: /home/jared/ros2_ws/install/examples_rclcpp_cbg_executor/share/examples_rclcpp_cbg_executor/local_setup.sh
[1.037s] -- Up-to-date symlink: /home/jared/ros2_ws/install/examples_rclcpp_cbg_executor/share/examples_rclcpp_cbg_executor/local_setup.zsh
[1.037s] -- Up-to-date symlink: /home/jared/ros2_ws/install/examples_rclcpp_cbg_executor/share/examples_rclcpp_cbg_executor/local_setup.dsv
[1.037s] -- Symlinking: /home/jared/ros2_ws/install/examples_rclcpp_cbg_executor/share/examples_rclcpp_cbg_executor/package.dsv
[1.044s] -- Up-to-date symlink: /home/jared/ros2_ws/install/examples_rclcpp_cbg_executor/share/ament_index/resource_index/packages/examples_rclcpp_cbg_executor
[1.044s] -- Up-to-date symlink: /home/jared/ros2_ws/install/examples_rclcpp_cbg_executor/share/examples_rclcpp_cbg_executor/cmake/ament_cmake_export_dependencies-extras.cmake
[1.044s] -- Up-to-date symlink: /home/jared/ros2_ws/install/examples_rclcpp_cbg_executor/share/examples_rclcpp_cbg_executor/cmake/examples_rclcpp_cbg_executorConfig.cmake
[1.045s] -- Up-to-date symlink: /home/jared/ros2_ws/install/examples_rclcpp_cbg_executor/share/examples_rclcpp_cbg_executor/cmake/examples_rclcpp_cbg_executorConfig-version.cmake
[1.046s] -- Up-to-date symlink: /home/jared/ros2_ws/install/examples_rclcpp_cbg_executor/share/examples_rclcpp_cbg_executor/package.xml
[1.077s] Invoked command in '/home/jared/ros2_ws/build/examples_rclcpp_cbg_executor' returned '0': CMAKE_PREFIX_PATH=${CMAKE_PREFIX_PATH}:/home/jared/ros2_ws/install/unity_robotics_demo:/home/jared/ros2_ws/install/unity:/home/jared/ros2_ws/install/ros_tcp_endpoint:/home/jared/ros2_ws/install/my_package:/home/jared/ros2_ws/install/launch_testing_examples:/home/jared/ros2_ws/install/examples_rclpy_pointcloud_publisher:/home/jared/ros2_ws/install/examples_rclpy_minimal_subscriber:/home/jared/ros2_ws/install/examples_rclpy_minimal_service:/home/jared/ros2_ws/install/examples_rclpy_minimal_publisher:/home/jared/ros2_ws/install/examples_rclpy_minimal_client:/home/jared/ros2_ws/install/examples_rclpy_minimal_action_server:/home/jared/ros2_ws/install/examples_rclpy_minimal_action_client:/home/jared/ros2_ws/install/examples_rclpy_guard_conditions:/home/jared/ros2_ws/install/examples_rclpy_executors:/opt/ros/humble /usr/bin/cmake --install /home/jared/ros2_ws/build/examples_rclcpp_cbg_executor
