[1.865s] Invoking command in '/home/jared/ros2_ws/build/examples_rclpy_minimal_service': PYTHONPATH=/home/jared/ros2_ws/build/examples_rclpy_minimal_service/prefix_override:/home/jared/ros2_ws/install/examples_rclpy_minimal_service/lib/python3.10/site-packages:${PYTHONPATH} /usr/bin/python3 -W ignore:setup.py install is deprecated setup.py develop --uninstall --editable --build-directory /home/jared/ros2_ws/build/examples_rclpy_minimal_service/build
[2.053s] running develop
[2.054s] /usr/lib/python3/dist-packages/setuptools/command/easy_install.py:158: EasyInstallDeprecationWarning: easy_install command is deprecated. Use build and pip and other standards-based tools.
[2.054s]   warnings.warn(
[2.183s] Removing /home/jared/ros2_ws/install/examples_rclpy_minimal_service/lib/python3.10/site-packages/examples-rclpy-minimal-service.egg-link (link to .)
[2.205s] Invoked command in '/home/jared/ros2_ws/build/examples_rclpy_minimal_service' returned '0': PYTHONPATH=/home/jared/ros2_ws/build/examples_rclpy_minimal_service/prefix_override:/home/jared/ros2_ws/install/examples_rclpy_minimal_service/lib/python3.10/site-packages:${PYTHONPATH} /usr/bin/python3 -W ignore:setup.py install is deprecated setup.py develop --uninstall --editable --build-directory /home/jared/ros2_ws/build/examples_rclpy_minimal_service/build
[2.206s] Invoking command in '/home/jared/ros2_ws/src/examples/rclpy/services/minimal_service': PYTHONPATH=/home/jared/ros2_ws/build/examples_rclpy_minimal_service/prefix_override:/home/jared/ros2_ws/install/examples_rclpy_minimal_service/lib/python3.10/site-packages:${PYTHONPATH} /usr/bin/python3 -W ignore:setup.py install is deprecated setup.py egg_info --egg-base ../../../../../build/examples_rclpy_minimal_service build --build-base /home/jared/ros2_ws/build/examples_rclpy_minimal_service/build install --record /home/jared/ros2_ws/build/examples_rclpy_minimal_service/install.log --single-version-externally-managed install_data --force
[2.375s] running egg_info
[2.375s] writing ../../../../../build/examples_rclpy_minimal_service/examples_rclpy_minimal_service.egg-info/PKG-INFO
[2.375s] writing dependency_links to ../../../../../build/examples_rclpy_minimal_service/examples_rclpy_minimal_service.egg-info/dependency_links.txt
[2.375s] writing entry points to ../../../../../build/examples_rclpy_minimal_service/examples_rclpy_minimal_service.egg-info/entry_points.txt
[2.375s] writing requirements to ../../../../../build/examples_rclpy_minimal_service/examples_rclpy_minimal_service.egg-info/requires.txt
[2.376s] writing top-level names to ../../../../../build/examples_rclpy_minimal_service/examples_rclpy_minimal_service.egg-info/top_level.txt
[2.377s] reading manifest file '../../../../../build/examples_rclpy_minimal_service/examples_rclpy_minimal_service.egg-info/SOURCES.txt'
[2.377s] writing manifest file '../../../../../build/examples_rclpy_minimal_service/examples_rclpy_minimal_service.egg-info/SOURCES.txt'
[2.377s] running build
[2.377s] running build_py
[2.377s] creating /home/jared/ros2_ws/build/examples_rclpy_minimal_service/build
[2.377s] creating /home/jared/ros2_ws/build/examples_rclpy_minimal_service/build/lib
[2.378s] creating /home/jared/ros2_ws/build/examples_rclpy_minimal_service/build/lib/examples_rclpy_minimal_service
[2.378s] copying examples_rclpy_minimal_service/__init__.py -> /home/jared/ros2_ws/build/examples_rclpy_minimal_service/build/lib/examples_rclpy_minimal_service
[2.378s] copying examples_rclpy_minimal_service/service_member_function.py -> /home/jared/ros2_ws/build/examples_rclpy_minimal_service/build/lib/examples_rclpy_minimal_service
[2.378s] copying examples_rclpy_minimal_service/service.py -> /home/jared/ros2_ws/build/examples_rclpy_minimal_service/build/lib/examples_rclpy_minimal_service
[2.378s] running install
[2.378s] running install_lib
[2.379s] creating /home/jared/ros2_ws/install/examples_rclpy_minimal_service/lib/python3.10/site-packages/examples_rclpy_minimal_service
[2.379s] copying /home/jared/ros2_ws/build/examples_rclpy_minimal_service/build/lib/examples_rclpy_minimal_service/__init__.py -> /home/jared/ros2_ws/install/examples_rclpy_minimal_service/lib/python3.10/site-packages/examples_rclpy_minimal_service
[2.379s] copying /home/jared/ros2_ws/build/examples_rclpy_minimal_service/build/lib/examples_rclpy_minimal_service/service_member_function.py -> /home/jared/ros2_ws/install/examples_rclpy_minimal_service/lib/python3.10/site-packages/examples_rclpy_minimal_service
[2.379s] copying /home/jared/ros2_ws/build/examples_rclpy_minimal_service/build/lib/examples_rclpy_minimal_service/service.py -> /home/jared/ros2_ws/install/examples_rclpy_minimal_service/lib/python3.10/site-packages/examples_rclpy_minimal_service
[2.379s] byte-compiling /home/jared/ros2_ws/install/examples_rclpy_minimal_service/lib/python3.10/site-packages/examples_rclpy_minimal_service/__init__.py to __init__.cpython-310.pyc
[2.379s] byte-compiling /home/jared/ros2_ws/install/examples_rclpy_minimal_service/lib/python3.10/site-packages/examples_rclpy_minimal_service/service_member_function.py to service_member_function.cpython-310.pyc
[2.380s] byte-compiling /home/jared/ros2_ws/install/examples_rclpy_minimal_service/lib/python3.10/site-packages/examples_rclpy_minimal_service/service.py to service.cpython-310.pyc
[2.380s] running install_data
[2.380s] copying resource/examples_rclpy_minimal_service -> /home/jared/ros2_ws/install/examples_rclpy_minimal_service/share/ament_index/resource_index/packages
[2.380s] copying package.xml -> /home/jared/ros2_ws/install/examples_rclpy_minimal_service/share/examples_rclpy_minimal_service
[2.380s] running install_egg_info
[2.381s] Copying ../../../../../build/examples_rclpy_minimal_service/examples_rclpy_minimal_service.egg-info to /home/jared/ros2_ws/install/examples_rclpy_minimal_service/lib/python3.10/site-packages/examples_rclpy_minimal_service-0.15.1-py3.10.egg-info
[2.382s] running install_scripts
[2.396s] Installing service script to /home/jared/ros2_ws/install/examples_rclpy_minimal_service/lib/examples_rclpy_minimal_service
[2.396s] Installing service_member_function script to /home/jared/ros2_ws/install/examples_rclpy_minimal_service/lib/examples_rclpy_minimal_service
[2.396s] writing list of installed files to '/home/jared/ros2_ws/build/examples_rclpy_minimal_service/install.log'
[2.415s] Invoked command in '/home/jared/ros2_ws/src/examples/rclpy/services/minimal_service' returned '0': PYTHONPATH=/home/jared/ros2_ws/build/examples_rclpy_minimal_service/prefix_override:/home/jared/ros2_ws/install/examples_rclpy_minimal_service/lib/python3.10/site-packages:${PYTHONPATH} /usr/bin/python3 -W ignore:setup.py install is deprecated setup.py egg_info --egg-base ../../../../../build/examples_rclpy_minimal_service build --build-base /home/jared/ros2_ws/build/examples_rclpy_minimal_service/build install --record /home/jared/ros2_ws/build/examples_rclpy_minimal_service/install.log --single-version-externally-managed install_data --force
