[0.883s] Invoking command in '/home/jared/ros2_ws/build/unity': PYTHONPATH=/home/jared/ros2_ws/build/unity/prefix_override:/home/jared/ros2_ws/install/unity/lib/python3.10/site-packages:${PYTHONPATH} /usr/bin/python3 -W ignore:setup.py install is deprecated setup.py develop --editable --build-directory /home/jared/ros2_ws/build/unity/build --no-deps symlink_data --force
[1.166s] running develop
[1.166s] /usr/lib/python3/dist-packages/setuptools/command/easy_install.py:158: EasyInstallDeprecationWarning: easy_install command is deprecated. Use build and pip and other standards-based tools.
[1.166s]   warnings.warn(
[1.317s] running egg_info
[1.318s] writing unity.egg-info/PKG-INFO
[1.318s] writing dependency_links to unity.egg-info/dependency_links.txt
[1.318s] writing entry points to unity.egg-info/entry_points.txt
[1.318s] writing requirements to unity.egg-info/requires.txt
[1.318s] writing top-level names to unity.egg-info/top_level.txt
[1.320s] reading manifest file 'unity.egg-info/SOURCES.txt'
[1.320s] writing manifest file 'unity.egg-info/SOURCES.txt'
[1.321s] running build_ext
[1.322s] Creating /home/jared/ros2_ws/install/unity/lib/python3.10/site-packages/unity.egg-link (link to .)
[1.322s] Installing drive_publisher script to /home/jared/ros2_ws/install/unity/lib/unity
[1.322s] Installing image_subscriber script to /home/jared/ros2_ws/install/unity/lib/unity
[1.323s] Installing mask_subscriber script to /home/jared/ros2_ws/install/unity/lib/unity
[1.323s] Installing move_publisher script to /home/jared/ros2_ws/install/unity/lib/unity
[1.323s] 
[1.323s] Installed /home/jared/ros2_ws/build/unity
[1.323s] running symlink_data
[1.323s] symbolically linking /home/jared/ros2_ws/build/unity/resource/unity -> /home/jared/ros2_ws/install/unity/share/ament_index/resource_index/packages
[1.323s] symbolically linking /home/jared/ros2_ws/build/unity/package.xml -> /home/jared/ros2_ws/install/unity/share/unity
[1.354s] Invoked command in '/home/jared/ros2_ws/build/unity' returned '0': PYTHONPATH=/home/jared/ros2_ws/build/unity/prefix_override:/home/jared/ros2_ws/install/unity/lib/python3.10/site-packages:${PYTHONPATH} /usr/bin/python3 -W ignore:setup.py install is deprecated setup.py develop --editable --build-directory /home/jared/ros2_ws/build/unity/build --no-deps symlink_data --force
