[2.502s] Invoking command in '/home/jared/ros2_ws/build/examples_rclpy_executors': PYTHONPATH=/home/jared/ros2_ws/build/examples_rclpy_executors/prefix_override:/home/jared/ros2_ws/install/examples_rclpy_executors/lib/python3.10/site-packages:${PYTHONPATH} /usr/bin/python3 -W ignore:setup.py install is deprecated setup.py develop --editable --build-directory /home/jared/ros2_ws/build/examples_rclpy_executors/build --no-deps symlink_data --force
[2.750s] running develop
[2.750s] /usr/lib/python3/dist-packages/setuptools/command/easy_install.py:158: EasyInstallDeprecationWarning: easy_install command is deprecated. Use build and pip and other standards-based tools.
[2.750s]   warnings.warn(
[2.931s] running egg_info
[2.931s] writing examples_rclpy_executors.egg-info/PKG-INFO
[2.931s] writing dependency_links to examples_rclpy_executors.egg-info/dependency_links.txt
[2.931s] writing entry points to examples_rclpy_executors.egg-info/entry_points.txt
[2.932s] writing requirements to examples_rclpy_executors.egg-info/requires.txt
[2.932s] writing top-level names to examples_rclpy_executors.egg-info/top_level.txt
[2.933s] reading manifest file 'examples_rclpy_executors.egg-info/SOURCES.txt'
[2.934s] writing manifest file 'examples_rclpy_executors.egg-info/SOURCES.txt'
[2.935s] running build_ext
[2.936s] Creating /home/jared/ros2_ws/install/examples_rclpy_executors/lib/python3.10/site-packages/examples-rclpy-executors.egg-link (link to .)
[2.936s] Installing callback_group script to /home/jared/ros2_ws/install/examples_rclpy_executors/lib/examples_rclpy_executors
[2.937s] Installing composed script to /home/jared/ros2_ws/install/examples_rclpy_executors/lib/examples_rclpy_executors
[2.937s] Installing custom_callback_group script to /home/jared/ros2_ws/install/examples_rclpy_executors/lib/examples_rclpy_executors
[2.937s] Installing custom_executor script to /home/jared/ros2_ws/install/examples_rclpy_executors/lib/examples_rclpy_executors
[2.937s] Installing listener script to /home/jared/ros2_ws/install/examples_rclpy_executors/lib/examples_rclpy_executors
[2.937s] Installing talker script to /home/jared/ros2_ws/install/examples_rclpy_executors/lib/examples_rclpy_executors
[2.937s] 
[2.937s] Installed /home/jared/ros2_ws/build/examples_rclpy_executors
[2.937s] running symlink_data
[2.937s] symbolically linking /home/jared/ros2_ws/build/examples_rclpy_executors/resource/examples_rclpy_executors -> /home/jared/ros2_ws/install/examples_rclpy_executors/share/ament_index/resource_index/packages
[2.938s] symbolically linking /home/jared/ros2_ws/build/examples_rclpy_executors/package.xml -> /home/jared/ros2_ws/install/examples_rclpy_executors/share/examples_rclpy_executors
[3.729s] Invoked command in '/home/jared/ros2_ws/build/examples_rclpy_executors' returned '0': PYTHONPATH=/home/jared/ros2_ws/build/examples_rclpy_executors/prefix_override:/home/jared/ros2_ws/install/examples_rclpy_executors/lib/python3.10/site-packages:${PYTHONPATH} /usr/bin/python3 -W ignore:setup.py install is deprecated setup.py develop --editable --build-directory /home/jared/ros2_ws/build/examples_rclpy_executors/build --no-deps symlink_data --force
