-- Found ament_cmake: 1.3.9 (/opt/ros/humble/share/ament_cmake/cmake)
-- Found rclcpp: 16.0.9 (/opt/ros/humble/share/rclcpp/cmake)
-- Found rosidl_generator_c: 3.1.5 (/opt/ros/humble/share/rosidl_generator_c/cmake)
-- Found rosidl_adapter: 3.1.5 (/opt/ros/humble/share/rosidl_adapter/cmake)
-- Found rosidl_generator_cpp: 3.1.5 (/opt/ros/humble/share/rosidl_generator_cpp/cmake)
-- Using all available rosidl_typesupport_c: rosidl_typesupport_fastrtps_c;rosidl_typesupport_introspection_c
-- Using all available rosidl_typesupport_cpp: rosidl_typesupport_fastrtps_cpp;rosidl_typesupport_introspection_cpp
-- Found rmw_implementation_cmake: 6.1.2 (/opt/ros/humble/share/rmw_implementation_cmake/cmake)
-- Found rmw_cyclonedds_cpp: 1.3.4 (/opt/ros/humble/share/rmw_cyclonedds_cpp/cmake)
-- Using RMW implementation 'rmw_cyclonedds_cpp' as default
-- Found sensor_msgs: 4.2.4 (/opt/ros/humble/share/sensor_msgs/cmake)
-- Found nav_msgs: 4.2.4 (/opt/ros/humble/share/nav_msgs/cmake)
-- Found AMD headers in: /usr/include/suitesparse
-- Found AMD library: /usr/lib/x86_64-linux-gnu/libamd.so
-- Found CAMD headers in: /usr/include/suitesparse
-- Found CAMD library: /usr/lib/x86_64-linux-gnu/libcamd.so
-- Found CCOLAMD headers in: /usr/include/suitesparse
-- Found CCOLAMD library: /usr/lib/x86_64-linux-gnu/libccolamd.so
-- Found CHOLMOD headers in: /usr/include/suitesparse
-- Found CHOLMOD library: /usr/lib/x86_64-linux-gnu/libcholmod.so
-- Found COLAMD headers in: /usr/include/suitesparse
-- Found COLAMD library: /usr/lib/x86_64-linux-gnu/libcolamd.so
-- Found SPQR headers in: /usr/include/suitesparse
-- Found SPQR library: /usr/lib/x86_64-linux-gnu/libspqr.so
-- Found Config headers in: /usr/include/suitesparse
-- Found Config library: /usr/lib/x86_64-linux-gnu/libsuitesparseconfig.so
-- Found Intel Thread Building Blocks (TBB) library (2021.5 / ) include location: . Assuming SuiteSparseQR was compiled with TBB.
-- Adding librt to SuiteSparse_config libraries (required on Linux & Unix [not OSX] if SuiteSparse is compiled with timing).
-- Could NOT find METIS (missing: METIS_INCLUDE_DIR METIS_LIBRARY) 
-- Found required Ceres dependency: Eigen version 3.4.0 in /usr/share/eigen3/cmake
-- Found required Ceres dependency: glog
-- Found required Ceres dependency: gflags
-- Found Ceres version: 2.2.0 installed in: /usr/local with components: [EigenSparse, SparseLinearAlgebraLibrary, LAPACK, SuiteSparse, SchurSpecializations]
-- Configuring done
-- Generating done
-- Build files have been written to: /home/jared/ros2_ws/build/slam
[35m[1mConsolidate compiler generated dependencies of target slam[0m
[ 50%] [32mBuilding CXX object CMakeFiles/slam.dir/src/slam.cpp.o[0m
[100%] [32m[1mLinking CXX executable slam[0m
[100%] Built target slam
-- Install configuration: ""
-- Installing: /home/jared/ros2_ws/install/slam/lib/slam/slam
-- Set runtime path of "/home/jared/ros2_ws/install/slam/lib/slam/slam" to ""
-- Installing: /home/jared/ros2_ws/install/slam/share/ament_index/resource_index/package_run_dependencies/slam
-- Up-to-date: /home/jared/ros2_ws/install/slam/share/ament_index/resource_index/parent_prefix_path/slam
-- Up-to-date: /home/jared/ros2_ws/install/slam/share/slam/environment/ament_prefix_path.sh
-- Installing: /home/jared/ros2_ws/install/slam/share/slam/environment/ament_prefix_path.dsv
-- Up-to-date: /home/jared/ros2_ws/install/slam/share/slam/environment/path.sh
-- Installing: /home/jared/ros2_ws/install/slam/share/slam/environment/path.dsv
-- Up-to-date: /home/jared/ros2_ws/install/slam/share/slam/local_setup.bash
-- Up-to-date: /home/jared/ros2_ws/install/slam/share/slam/local_setup.sh
-- Up-to-date: /home/jared/ros2_ws/install/slam/share/slam/local_setup.zsh
-- Installing: /home/jared/ros2_ws/install/slam/share/slam/local_setup.dsv
-- Installing: /home/jared/ros2_ws/install/slam/share/slam/package.dsv
-- Up-to-date: /home/jared/ros2_ws/install/slam/share/ament_index/resource_index/packages/slam
-- Up-to-date: /home/jared/ros2_ws/install/slam/share/slam/cmake/slamConfig.cmake
-- Up-to-date: /home/jared/ros2_ws/install/slam/share/slam/cmake/slamConfig-version.cmake
-- Installing: /home/jared/ros2_ws/install/slam/share/slam/package.xml
