[2.866s] Invoking command in '/home/jared/ros2_ws/src/examples/rclpy/guard_conditions': PYTHONPATH=/home/jared/ros2_ws/build/examples_rclpy_guard_conditions/prefix_override:/home/jared/ros2_ws/install/examples_rclpy_guard_conditions/lib/python3.10/site-packages:${PYTHONPATH} /usr/bin/python3 -W ignore:setup.py install is deprecated setup.py egg_info --egg-base ../../../../build/examples_rclpy_guard_conditions build --build-base /home/jared/ros2_ws/build/examples_rclpy_guard_conditions/build install --record /home/jared/ros2_ws/build/examples_rclpy_guard_conditions/install.log --single-version-externally-managed install_data
[3.054s] running egg_info
[3.055s] writing ../../../../build/examples_rclpy_guard_conditions/examples_rclpy_guard_conditions.egg-info/PKG-INFO
[3.055s] writing dependency_links to ../../../../build/examples_rclpy_guard_conditions/examples_rclpy_guard_conditions.egg-info/dependency_links.txt
[3.055s] writing entry points to ../../../../build/examples_rclpy_guard_conditions/examples_rclpy_guard_conditions.egg-info/entry_points.txt
[3.055s] writing requirements to ../../../../build/examples_rclpy_guard_conditions/examples_rclpy_guard_conditions.egg-info/requires.txt
[3.055s] writing top-level names to ../../../../build/examples_rclpy_guard_conditions/examples_rclpy_guard_conditions.egg-info/top_level.txt
[3.056s] reading manifest file '../../../../build/examples_rclpy_guard_conditions/examples_rclpy_guard_conditions.egg-info/SOURCES.txt'
[3.057s] writing manifest file '../../../../build/examples_rclpy_guard_conditions/examples_rclpy_guard_conditions.egg-info/SOURCES.txt'
[3.057s] running build
[3.057s] running build_py
[3.057s] running install
[3.057s] running install_lib
[3.058s] running install_data
[3.058s] running install_egg_info
[3.060s] removing '/home/jared/ros2_ws/install/examples_rclpy_guard_conditions/lib/python3.10/site-packages/examples_rclpy_guard_conditions-0.15.1-py3.10.egg-info' (and everything under it)
[3.060s] Copying ../../../../build/examples_rclpy_guard_conditions/examples_rclpy_guard_conditions.egg-info to /home/jared/ros2_ws/install/examples_rclpy_guard_conditions/lib/python3.10/site-packages/examples_rclpy_guard_conditions-0.15.1-py3.10.egg-info
[3.061s] running install_scripts
[3.077s] Installing trigger_guard_condition script to /home/jared/ros2_ws/install/examples_rclpy_guard_conditions/lib/examples_rclpy_guard_conditions
[3.077s] writing list of installed files to '/home/jared/ros2_ws/build/examples_rclpy_guard_conditions/install.log'
[3.373s] Invoked command in '/home/jared/ros2_ws/src/examples/rclpy/guard_conditions' returned '0': PYTHONPATH=/home/jared/ros2_ws/build/examples_rclpy_guard_conditions/prefix_override:/home/jared/ros2_ws/install/examples_rclpy_guard_conditions/lib/python3.10/site-packages:${PYTHONPATH} /usr/bin/python3 -W ignore:setup.py install is deprecated setup.py egg_info --egg-base ../../../../build/examples_rclpy_guard_conditions build --build-base /home/jared/ros2_ws/build/examples_rclpy_guard_conditions/build install --record /home/jared/ros2_ws/build/examples_rclpy_guard_conditions/install.log --single-version-externally-managed install_data
