[3.608s] Invoking command in '/home/jared/ros2_ws/build/examples_rclpy_minimal_action_client': PYTHONPATH=/home/jared/ros2_ws/build/examples_rclpy_minimal_action_client/prefix_override:/home/jared/ros2_ws/install/examples_rclpy_minimal_action_client/lib/python3.10/site-packages:${PYTHONPATH} /usr/bin/python3 -W ignore:setup.py install is deprecated setup.py develop --uninstall --editable --build-directory /home/jared/ros2_ws/build/examples_rclpy_minimal_action_client/build
[3.948s] running develop
[3.948s] /usr/lib/python3/dist-packages/setuptools/command/easy_install.py:158: EasyInstallDeprecationWarning: easy_install command is deprecated. Use build and pip and other standards-based tools.
[3.948s]   warnings.warn(
[4.172s] Removing /home/jared/ros2_ws/install/examples_rclpy_minimal_action_client/lib/python3.10/site-packages/examples-rclpy-minimal-action-client.egg-link (link to .)
[4.648s] Invoked command in '/home/jared/ros2_ws/build/examples_rclpy_minimal_action_client' returned '0': PYTHONPATH=/home/jared/ros2_ws/build/examples_rclpy_minimal_action_client/prefix_override:/home/jared/ros2_ws/install/examples_rclpy_minimal_action_client/lib/python3.10/site-packages:${PYTHONPATH} /usr/bin/python3 -W ignore:setup.py install is deprecated setup.py develop --uninstall --editable --build-directory /home/jared/ros2_ws/build/examples_rclpy_minimal_action_client/build
[4.654s] Invoking command in '/home/jared/ros2_ws/src/examples/rclpy/actions/minimal_action_client': PYTHONPATH=/home/jared/ros2_ws/build/examples_rclpy_minimal_action_client/prefix_override:/home/jared/ros2_ws/install/examples_rclpy_minimal_action_client/lib/python3.10/site-packages:${PYTHONPATH} /usr/bin/python3 -W ignore:setup.py install is deprecated setup.py egg_info --egg-base ../../../../../build/examples_rclpy_minimal_action_client build --build-base /home/jared/ros2_ws/build/examples_rclpy_minimal_action_client/build install --record /home/jared/ros2_ws/build/examples_rclpy_minimal_action_client/install.log --single-version-externally-managed install_data --force
[4.973s] running egg_info
[4.974s] writing ../../../../../build/examples_rclpy_minimal_action_client/examples_rclpy_minimal_action_client.egg-info/PKG-INFO
[4.974s] writing dependency_links to ../../../../../build/examples_rclpy_minimal_action_client/examples_rclpy_minimal_action_client.egg-info/dependency_links.txt
[4.974s] writing entry points to ../../../../../build/examples_rclpy_minimal_action_client/examples_rclpy_minimal_action_client.egg-info/entry_points.txt
[4.974s] writing requirements to ../../../../../build/examples_rclpy_minimal_action_client/examples_rclpy_minimal_action_client.egg-info/requires.txt
[4.974s] writing top-level names to ../../../../../build/examples_rclpy_minimal_action_client/examples_rclpy_minimal_action_client.egg-info/top_level.txt
[4.976s] reading manifest file '../../../../../build/examples_rclpy_minimal_action_client/examples_rclpy_minimal_action_client.egg-info/SOURCES.txt'
[4.981s] writing manifest file '../../../../../build/examples_rclpy_minimal_action_client/examples_rclpy_minimal_action_client.egg-info/SOURCES.txt'
[4.981s] running build
[4.981s] running build_py
[4.981s] running install
[4.982s] running install_lib
[4.982s] creating /home/jared/ros2_ws/install/examples_rclpy_minimal_action_client/lib/python3.10/site-packages/examples_rclpy_minimal_action_client
[4.982s] copying /home/jared/ros2_ws/build/examples_rclpy_minimal_action_client/build/lib/examples_rclpy_minimal_action_client/client.py -> /home/jared/ros2_ws/install/examples_rclpy_minimal_action_client/lib/python3.10/site-packages/examples_rclpy_minimal_action_client
[4.982s] copying /home/jared/ros2_ws/build/examples_rclpy_minimal_action_client/build/lib/examples_rclpy_minimal_action_client/__init__.py -> /home/jared/ros2_ws/install/examples_rclpy_minimal_action_client/lib/python3.10/site-packages/examples_rclpy_minimal_action_client
[4.982s] copying /home/jared/ros2_ws/build/examples_rclpy_minimal_action_client/build/lib/examples_rclpy_minimal_action_client/client_asyncio.py -> /home/jared/ros2_ws/install/examples_rclpy_minimal_action_client/lib/python3.10/site-packages/examples_rclpy_minimal_action_client
[4.983s] copying /home/jared/ros2_ws/build/examples_rclpy_minimal_action_client/build/lib/examples_rclpy_minimal_action_client/client_not_composable.py -> /home/jared/ros2_ws/install/examples_rclpy_minimal_action_client/lib/python3.10/site-packages/examples_rclpy_minimal_action_client
[4.983s] copying /home/jared/ros2_ws/build/examples_rclpy_minimal_action_client/build/lib/examples_rclpy_minimal_action_client/client_cancel.py -> /home/jared/ros2_ws/install/examples_rclpy_minimal_action_client/lib/python3.10/site-packages/examples_rclpy_minimal_action_client
[4.984s] byte-compiling /home/jared/ros2_ws/install/examples_rclpy_minimal_action_client/lib/python3.10/site-packages/examples_rclpy_minimal_action_client/client.py to client.cpython-310.pyc
[4.985s] byte-compiling /home/jared/ros2_ws/install/examples_rclpy_minimal_action_client/lib/python3.10/site-packages/examples_rclpy_minimal_action_client/__init__.py to __init__.cpython-310.pyc
[4.985s] byte-compiling /home/jared/ros2_ws/install/examples_rclpy_minimal_action_client/lib/python3.10/site-packages/examples_rclpy_minimal_action_client/client_asyncio.py to client_asyncio.cpython-310.pyc
[4.992s] byte-compiling /home/jared/ros2_ws/install/examples_rclpy_minimal_action_client/lib/python3.10/site-packages/examples_rclpy_minimal_action_client/client_not_composable.py to client_not_composable.cpython-310.pyc
[4.992s] byte-compiling /home/jared/ros2_ws/install/examples_rclpy_minimal_action_client/lib/python3.10/site-packages/examples_rclpy_minimal_action_client/client_cancel.py to client_cancel.cpython-310.pyc
[4.992s] running install_data
[4.992s] copying resource/examples_rclpy_minimal_action_client -> /home/jared/ros2_ws/install/examples_rclpy_minimal_action_client/share/ament_index/resource_index/packages
[4.992s] copying package.xml -> /home/jared/ros2_ws/install/examples_rclpy_minimal_action_client/share/examples_rclpy_minimal_action_client
[4.992s] running install_egg_info
[4.992s] Copying ../../../../../build/examples_rclpy_minimal_action_client/examples_rclpy_minimal_action_client.egg-info to /home/jared/ros2_ws/install/examples_rclpy_minimal_action_client/lib/python3.10/site-packages/examples_rclpy_minimal_action_client-0.15.1-py3.10.egg-info
[4.997s] running install_scripts
[5.031s] Installing client script to /home/jared/ros2_ws/install/examples_rclpy_minimal_action_client/lib/examples_rclpy_minimal_action_client
[5.031s] Installing client_asyncio script to /home/jared/ros2_ws/install/examples_rclpy_minimal_action_client/lib/examples_rclpy_minimal_action_client
[5.032s] Installing client_cancel script to /home/jared/ros2_ws/install/examples_rclpy_minimal_action_client/lib/examples_rclpy_minimal_action_client
[5.032s] Installing client_not_composable script to /home/jared/ros2_ws/install/examples_rclpy_minimal_action_client/lib/examples_rclpy_minimal_action_client
[5.033s] writing list of installed files to '/home/jared/ros2_ws/build/examples_rclpy_minimal_action_client/install.log'
[5.135s] Invoked command in '/home/jared/ros2_ws/src/examples/rclpy/actions/minimal_action_client' returned '0': PYTHONPATH=/home/jared/ros2_ws/build/examples_rclpy_minimal_action_client/prefix_override:/home/jared/ros2_ws/install/examples_rclpy_minimal_action_client/lib/python3.10/site-packages:${PYTHONPATH} /usr/bin/python3 -W ignore:setup.py install is deprecated setup.py egg_info --egg-base ../../../../../build/examples_rclpy_minimal_action_client build --build-base /home/jared/ros2_ws/build/examples_rclpy_minimal_action_client/build install --record /home/jared/ros2_ws/build/examples_rclpy_minimal_action_client/install.log --single-version-externally-managed install_data --force
