[2.462s] Invoking command in '/home/jared/ros2_ws/src/examples/rclpy/executors': PYTHONPATH=/home/jared/ros2_ws/build/examples_rclpy_executors/prefix_override:/home/jared/ros2_ws/install/examples_rclpy_executors/lib/python3.10/site-packages:${PYTHONPATH} /usr/bin/python3 -W ignore:setup.py install is deprecated setup.py egg_info --egg-base ../../../../build/examples_rclpy_executors build --build-base /home/jared/ros2_ws/build/examples_rclpy_executors/build install --record /home/jared/ros2_ws/build/examples_rclpy_executors/install.log --single-version-externally-managed install_data
[2.893s] running egg_info
[2.894s] writing ../../../../build/examples_rclpy_executors/examples_rclpy_executors.egg-info/PKG-INFO
[2.894s] writing dependency_links to ../../../../build/examples_rclpy_executors/examples_rclpy_executors.egg-info/dependency_links.txt
[2.894s] writing entry points to ../../../../build/examples_rclpy_executors/examples_rclpy_executors.egg-info/entry_points.txt
[2.895s] writing requirements to ../../../../build/examples_rclpy_executors/examples_rclpy_executors.egg-info/requires.txt
[2.895s] writing top-level names to ../../../../build/examples_rclpy_executors/examples_rclpy_executors.egg-info/top_level.txt
[2.895s] reading manifest file '../../../../build/examples_rclpy_executors/examples_rclpy_executors.egg-info/SOURCES.txt'
[2.895s] writing manifest file '../../../../build/examples_rclpy_executors/examples_rclpy_executors.egg-info/SOURCES.txt'
[2.895s] running build
[2.895s] running build_py
[2.895s] running install
[2.895s] running install_lib
[2.895s] running install_data
[2.895s] running install_egg_info
[2.896s] removing '/home/jared/ros2_ws/install/examples_rclpy_executors/lib/python3.10/site-packages/examples_rclpy_executors-0.15.1-py3.10.egg-info' (and everything under it)
[2.896s] Copying ../../../../build/examples_rclpy_executors/examples_rclpy_executors.egg-info to /home/jared/ros2_ws/install/examples_rclpy_executors/lib/python3.10/site-packages/examples_rclpy_executors-0.15.1-py3.10.egg-info
[2.896s] running install_scripts
[2.896s] Installing callback_group script to /home/jared/ros2_ws/install/examples_rclpy_executors/lib/examples_rclpy_executors
[2.896s] Installing composed script to /home/jared/ros2_ws/install/examples_rclpy_executors/lib/examples_rclpy_executors
[2.896s] Installing custom_callback_group script to /home/jared/ros2_ws/install/examples_rclpy_executors/lib/examples_rclpy_executors
[2.896s] Installing custom_executor script to /home/jared/ros2_ws/install/examples_rclpy_executors/lib/examples_rclpy_executors
[2.896s] Installing listener script to /home/jared/ros2_ws/install/examples_rclpy_executors/lib/examples_rclpy_executors
[2.896s] Installing talker script to /home/jared/ros2_ws/install/examples_rclpy_executors/lib/examples_rclpy_executors
[2.896s] writing list of installed files to '/home/jared/ros2_ws/build/examples_rclpy_executors/install.log'
[3.118s] Invoked command in '/home/jared/ros2_ws/src/examples/rclpy/executors' returned '0': PYTHONPATH=/home/jared/ros2_ws/build/examples_rclpy_executors/prefix_override:/home/jared/ros2_ws/install/examples_rclpy_executors/lib/python3.10/site-packages:${PYTHONPATH} /usr/bin/python3 -W ignore:setup.py install is deprecated setup.py egg_info --egg-base ../../../../build/examples_rclpy_executors build --build-base /home/jared/ros2_ws/build/examples_rclpy_executors/build install --record /home/jared/ros2_ws/build/examples_rclpy_executors/install.log --single-version-externally-managed install_data
