[3.167s] Invoking command in '/home/jared/ros2_ws/build/examples_rclpy_minimal_action_client': PYTHONPATH=/home/jared/ros2_ws/build/examples_rclpy_minimal_action_client/prefix_override:/home/jared/ros2_ws/install/examples_rclpy_minimal_action_client/lib/python3.10/site-packages:${PYTHONPATH} /usr/bin/python3 -W ignore:setup.py install is deprecated setup.py develop --editable --build-directory /home/jared/ros2_ws/build/examples_rclpy_minimal_action_client/build --no-deps symlink_data
[4.005s] running develop
[4.006s] running egg_info
[4.006s] writing examples_rclpy_minimal_action_client.egg-info/PKG-INFO
[4.006s] writing dependency_links to examples_rclpy_minimal_action_client.egg-info/dependency_links.txt
[4.006s] writing entry points to examples_rclpy_minimal_action_client.egg-info/entry_points.txt
[4.006s] writing requirements to examples_rclpy_minimal_action_client.egg-info/requires.txt
[4.006s] writing top-level names to examples_rclpy_minimal_action_client.egg-info/top_level.txt
[4.006s] reading manifest file 'examples_rclpy_minimal_action_client.egg-info/SOURCES.txt'
[4.006s] writing manifest file 'examples_rclpy_minimal_action_client.egg-info/SOURCES.txt'
[4.006s] running build_ext
[4.006s] Creating /home/jared/ros2_ws/install/examples_rclpy_minimal_action_client/lib/python3.10/site-packages/examples-rclpy-minimal-action-client.egg-link (link to .)
[4.006s] Installing client script to /home/jared/ros2_ws/install/examples_rclpy_minimal_action_client/lib/examples_rclpy_minimal_action_client
[4.006s] Installing client_asyncio script to /home/jared/ros2_ws/install/examples_rclpy_minimal_action_client/lib/examples_rclpy_minimal_action_client
[4.006s] Installing client_cancel script to /home/jared/ros2_ws/install/examples_rclpy_minimal_action_client/lib/examples_rclpy_minimal_action_client
[4.006s] Installing client_not_composable script to /home/jared/ros2_ws/install/examples_rclpy_minimal_action_client/lib/examples_rclpy_minimal_action_client
[4.006s] 
[4.006s] Installed /home/jared/ros2_ws/build/examples_rclpy_minimal_action_client
[4.006s] running symlink_data
[4.007s] /usr/lib/python3/dist-packages/setuptools/command/easy_install.py:158: EasyInstallDeprecationWarning: easy_install command is deprecated. Use build and pip and other standards-based tools.
[4.007s]   warnings.warn(
[4.017s] Invoked command in '/home/jared/ros2_ws/build/examples_rclpy_minimal_action_client' returned '0': PYTHONPATH=/home/jared/ros2_ws/build/examples_rclpy_minimal_action_client/prefix_override:/home/jared/ros2_ws/install/examples_rclpy_minimal_action_client/lib/python3.10/site-packages:${PYTHONPATH} /usr/bin/python3 -W ignore:setup.py install is deprecated setup.py develop --editable --build-directory /home/jared/ros2_ws/build/examples_rclpy_minimal_action_client/build --no-deps symlink_data
