[1.929s] Invoking command in '/home/jared/ros2_ws/src/unity': PYTHONPATH=/home/jared/ros2_ws/build/unity/prefix_override:/home/jared/ros2_ws/install/unity/lib/python3.10/site-packages:${PYTHONPATH} /usr/bin/python3 -W ignore:setup.py install is deprecated setup.py egg_info --egg-base ../../build/unity build --build-base /home/jared/ros2_ws/build/unity/build install --record /home/jared/ros2_ws/build/unity/install.log --single-version-externally-managed install_data
[2.123s] running egg_info
[2.123s] writing ../../build/unity/unity.egg-info/PKG-INFO
[2.123s] writing dependency_links to ../../build/unity/unity.egg-info/dependency_links.txt
[2.123s] writing entry points to ../../build/unity/unity.egg-info/entry_points.txt
[2.123s] writing requirements to ../../build/unity/unity.egg-info/requires.txt
[2.123s] writing top-level names to ../../build/unity/unity.egg-info/top_level.txt
[2.125s] reading manifest file '../../build/unity/unity.egg-info/SOURCES.txt'
[2.125s] adding license file 'LICENSE'
[2.126s] writing manifest file '../../build/unity/unity.egg-info/SOURCES.txt'
[2.126s] running build
[2.126s] running build_py
[2.126s] running install
[2.126s] running install_lib
[2.127s] running install_data
[2.127s] running install_egg_info
[2.128s] removing '/home/jared/ros2_ws/install/unity/lib/python3.10/site-packages/unity-0.0.0-py3.10.egg-info' (and everything under it)
[2.129s] Copying ../../build/unity/unity.egg-info to /home/jared/ros2_ws/install/unity/lib/python3.10/site-packages/unity-0.0.0-py3.10.egg-info
[2.129s] running install_scripts
[2.145s] writing list of installed files to '/home/jared/ros2_ws/build/unity/install.log'
[2.167s] Invoked command in '/home/jared/ros2_ws/src/unity' returned '0': PYTHONPATH=/home/jared/ros2_ws/build/unity/prefix_override:/home/jared/ros2_ws/install/unity/lib/python3.10/site-packages:${PYTHONPATH} /usr/bin/python3 -W ignore:setup.py install is deprecated setup.py egg_info --egg-base ../../build/unity build --build-base /home/jared/ros2_ws/build/unity/build install --record /home/jared/ros2_ws/build/unity/install.log --single-version-externally-managed install_data
