[2.688s] Invoking command in '/home/jared/ros2_ws/build/examples_rclpy_executors': PYTHONPATH=/home/jared/ros2_ws/build/examples_rclpy_executors/prefix_override:/home/jared/ros2_ws/install/examples_rclpy_executors/lib/python3.10/site-packages:${PYTHONPATH} /usr/bin/python3 -W ignore:setup.py install is deprecated setup.py develop --uninstall --editable --build-directory /home/jared/ros2_ws/build/examples_rclpy_executors/build
[3.430s] /usr/lib/python3/dist-packages/setuptools/command/easy_install.py:158: EasyInstallDeprecationWarning: easy_install command is deprecated. Use build and pip and other standards-based tools.
[3.430s]   warnings.warn(
[3.432s] running develop
[3.432s] Removing /home/jared/ros2_ws/install/examples_rclpy_executors/lib/python3.10/site-packages/examples-rclpy-executors.egg-link (link to .)
[3.665s] Invoked command in '/home/jared/ros2_ws/build/examples_rclpy_executors' returned '0': PYTHONPATH=/home/jared/ros2_ws/build/examples_rclpy_executors/prefix_override:/home/jared/ros2_ws/install/examples_rclpy_executors/lib/python3.10/site-packages:${PYTHONPATH} /usr/bin/python3 -W ignore:setup.py install is deprecated setup.py develop --uninstall --editable --build-directory /home/jared/ros2_ws/build/examples_rclpy_executors/build
[3.666s] Invoking command in '/home/jared/ros2_ws/src/examples/rclpy/executors': PYTHONPATH=/home/jared/ros2_ws/build/examples_rclpy_executors/prefix_override:/home/jared/ros2_ws/install/examples_rclpy_executors/lib/python3.10/site-packages:${PYTHONPATH} /usr/bin/python3 -W ignore:setup.py install is deprecated setup.py egg_info --egg-base ../../../../build/examples_rclpy_executors build --build-base /home/jared/ros2_ws/build/examples_rclpy_executors/build install --record /home/jared/ros2_ws/build/examples_rclpy_executors/install.log --single-version-externally-managed install_data --force
[4.453s] running egg_info
[4.453s] writing ../../../../build/examples_rclpy_executors/examples_rclpy_executors.egg-info/PKG-INFO
[4.453s] writing dependency_links to ../../../../build/examples_rclpy_executors/examples_rclpy_executors.egg-info/dependency_links.txt
[4.454s] writing entry points to ../../../../build/examples_rclpy_executors/examples_rclpy_executors.egg-info/entry_points.txt
[4.454s] writing requirements to ../../../../build/examples_rclpy_executors/examples_rclpy_executors.egg-info/requires.txt
[4.454s] writing top-level names to ../../../../build/examples_rclpy_executors/examples_rclpy_executors.egg-info/top_level.txt
[4.454s] reading manifest file '../../../../build/examples_rclpy_executors/examples_rclpy_executors.egg-info/SOURCES.txt'
[4.454s] writing manifest file '../../../../build/examples_rclpy_executors/examples_rclpy_executors.egg-info/SOURCES.txt'
[4.454s] running build
[4.454s] running build_py
[4.455s] running install
[4.455s] running install_lib
[4.455s] creating /home/jared/ros2_ws/install/examples_rclpy_executors/lib/python3.10/site-packages/examples_rclpy_executors
[4.455s] copying /home/jared/ros2_ws/build/examples_rclpy_executors/build/lib/examples_rclpy_executors/__init__.py -> /home/jared/ros2_ws/install/examples_rclpy_executors/lib/python3.10/site-packages/examples_rclpy_executors
[4.455s] copying /home/jared/ros2_ws/build/examples_rclpy_executors/build/lib/examples_rclpy_executors/callback_group.py -> /home/jared/ros2_ws/install/examples_rclpy_executors/lib/python3.10/site-packages/examples_rclpy_executors
[4.455s] copying /home/jared/ros2_ws/build/examples_rclpy_executors/build/lib/examples_rclpy_executors/composed.py -> /home/jared/ros2_ws/install/examples_rclpy_executors/lib/python3.10/site-packages/examples_rclpy_executors
[4.455s] copying /home/jared/ros2_ws/build/examples_rclpy_executors/build/lib/examples_rclpy_executors/custom_executor.py -> /home/jared/ros2_ws/install/examples_rclpy_executors/lib/python3.10/site-packages/examples_rclpy_executors
[4.456s] copying /home/jared/ros2_ws/build/examples_rclpy_executors/build/lib/examples_rclpy_executors/listener.py -> /home/jared/ros2_ws/install/examples_rclpy_executors/lib/python3.10/site-packages/examples_rclpy_executors
[4.456s] copying /home/jared/ros2_ws/build/examples_rclpy_executors/build/lib/examples_rclpy_executors/custom_callback_group.py -> /home/jared/ros2_ws/install/examples_rclpy_executors/lib/python3.10/site-packages/examples_rclpy_executors
[4.456s] copying /home/jared/ros2_ws/build/examples_rclpy_executors/build/lib/examples_rclpy_executors/talker.py -> /home/jared/ros2_ws/install/examples_rclpy_executors/lib/python3.10/site-packages/examples_rclpy_executors
[4.456s] byte-compiling /home/jared/ros2_ws/install/examples_rclpy_executors/lib/python3.10/site-packages/examples_rclpy_executors/__init__.py to __init__.cpython-310.pyc
[4.456s] byte-compiling /home/jared/ros2_ws/install/examples_rclpy_executors/lib/python3.10/site-packages/examples_rclpy_executors/callback_group.py to callback_group.cpython-310.pyc
[4.456s] byte-compiling /home/jared/ros2_ws/install/examples_rclpy_executors/lib/python3.10/site-packages/examples_rclpy_executors/composed.py to composed.cpython-310.pyc
[4.456s] byte-compiling /home/jared/ros2_ws/install/examples_rclpy_executors/lib/python3.10/site-packages/examples_rclpy_executors/custom_executor.py to custom_executor.cpython-310.pyc
[4.456s] byte-compiling /home/jared/ros2_ws/install/examples_rclpy_executors/lib/python3.10/site-packages/examples_rclpy_executors/listener.py to listener.cpython-310.pyc
[4.456s] byte-compiling /home/jared/ros2_ws/install/examples_rclpy_executors/lib/python3.10/site-packages/examples_rclpy_executors/custom_callback_group.py to custom_callback_group.cpython-310.pyc
[4.457s] byte-compiling /home/jared/ros2_ws/install/examples_rclpy_executors/lib/python3.10/site-packages/examples_rclpy_executors/talker.py to talker.cpython-310.pyc
[4.457s] running install_data
[4.457s] copying resource/examples_rclpy_executors -> /home/jared/ros2_ws/install/examples_rclpy_executors/share/ament_index/resource_index/packages
[4.457s] copying package.xml -> /home/jared/ros2_ws/install/examples_rclpy_executors/share/examples_rclpy_executors
[4.457s] running install_egg_info
[4.457s] Copying ../../../../build/examples_rclpy_executors/examples_rclpy_executors.egg-info to /home/jared/ros2_ws/install/examples_rclpy_executors/lib/python3.10/site-packages/examples_rclpy_executors-0.15.1-py3.10.egg-info
[4.457s] running install_scripts
[4.457s] Installing callback_group script to /home/jared/ros2_ws/install/examples_rclpy_executors/lib/examples_rclpy_executors
[4.457s] Installing composed script to /home/jared/ros2_ws/install/examples_rclpy_executors/lib/examples_rclpy_executors
[4.457s] Installing custom_callback_group script to /home/jared/ros2_ws/install/examples_rclpy_executors/lib/examples_rclpy_executors
[4.458s] Installing custom_executor script to /home/jared/ros2_ws/install/examples_rclpy_executors/lib/examples_rclpy_executors
[4.458s] Installing listener script to /home/jared/ros2_ws/install/examples_rclpy_executors/lib/examples_rclpy_executors
[4.458s] Installing talker script to /home/jared/ros2_ws/install/examples_rclpy_executors/lib/examples_rclpy_executors
[4.458s] writing list of installed files to '/home/jared/ros2_ws/build/examples_rclpy_executors/install.log'
[4.475s] Invoked command in '/home/jared/ros2_ws/src/examples/rclpy/executors' returned '0': PYTHONPATH=/home/jared/ros2_ws/build/examples_rclpy_executors/prefix_override:/home/jared/ros2_ws/install/examples_rclpy_executors/lib/python3.10/site-packages:${PYTHONPATH} /usr/bin/python3 -W ignore:setup.py install is deprecated setup.py egg_info --egg-base ../../../../build/examples_rclpy_executors build --build-base /home/jared/ros2_ws/build/examples_rclpy_executors/build install --record /home/jared/ros2_ws/build/examples_rclpy_executors/install.log --single-version-externally-managed install_data --force
